#
# There is insufficient memory for the Java Runtime Environment to continue.
# Native memory allocation (malloc) failed to allocate 164816 bytes for Chunk::new
# Possible reasons:
#   The system is out of physical RAM or swap space
#   The process is running with CompressedOops enabled, and the Java Heap may be blocking the growth of the native heap
# Possible solutions:
#   Reduce memory load on the system
#   Increase physical memory or swap space
#   Check if swap backing store is full
#   Decrease Java heap size (-Xmx/-Xms)
#   Decrease number of Java threads
#   Decrease Java thread stack sizes (-Xss)
#   Set larger code cache with -XX:ReservedCodeCacheSize=
#   JVM is running with Unscaled Compressed Oops mode in which the Java heap is
#     placed in the first 4GB address space. The Java Heap base address is the
#     maximum limit for the native heap growth. Please use -XX:HeapBaseMinAddress
#     to set the Java Heap base and to place the Java Heap above 4GB virtual address.
# This output file may be truncated or incomplete.
#
#  Out of Memory Error (./src/hotspot/share/memory/arena.cpp:197), pid=6264, tid=4160
#
# JRE version: OpenJDK Runtime Environment (11.0.13) (build 11.0.13+0-b1751.21-8125866)
# Java VM: OpenJDK 64-Bit Server VM (11.0.13+0-b1751.21-8125866, mixed mode, tiered, compressed oops, g1 gc, windows-amd64)
# No core dump will be written. Minidumps are not enabled by default on client versions of Windows
#

---------------  S U M M A R Y ------------

Command Line: --add-opens=java.base/java.util=ALL-UNNAMED --add-opens=java.base/java.lang=ALL-UNNAMED --add-opens=java.base/java.lang.invoke=ALL-UNNAMED --add-opens=java.base/java.util=ALL-UNNAMED --add-opens=java.prefs/java.util.prefs=ALL-UNNAMED --add-opens=java.prefs/java.util.prefs=ALL-UNNAMED --add-opens=java.base/java.nio.charset=ALL-UNNAMED --add-opens=java.base/java.net=ALL-UNNAMED --add-opens=java.base/java.util.concurrent.atomic=ALL-UNNAMED -Xmx2048m -Dfile.encoding=UTF-8 -Duser.country=US -Duser.language=en -Duser.variant org.gradle.launcher.daemon.bootstrap.GradleDaemon 7.4

Host: Intel(R) Core(TM) i3-3240 CPU @ 3.40GHz, 4 cores, 7G,  Windows 10 , 64 bit Build 19041 (10.0.19041.2364)
Time: Wed Jan  4 11:12:07 2023 India Standard Time elapsed time: 19.134922 seconds (0d 0h 0m 19s)

---------------  T H R E A D  ---------------

Current thread (0x000001b772911800):  JavaThread "C2 CompilerThread1" daemon [_thread_in_native, id=4160, stack(0x0000004d11000000,0x0000004d11100000)]


Current CompileTask:
C2:  19135 5375 % !   4       java.util.jar.Attributes::read @ 186 (390 bytes)

Stack: [0x0000004d11000000,0x0000004d11100000]
Native frames: (J=compiled Java code, j=interpreted, Vv=VM code, C=native code)
V  [jvm.dll+0x6100fa]
V  [jvm.dll+0x747090]
V  [jvm.dll+0x7486ad]
V  [jvm.dll+0x748d83]
V  [jvm.dll+0x24ab48]
V  [jvm.dll+0xc04dc]
V  [jvm.dll+0xc0a0c]
V  [jvm.dll+0x50829e]
V  [jvm.dll+0x32b862]
V  [jvm.dll+0x32ad2a]
V  [jvm.dll+0x2032b2]
V  [jvm.dll+0x202437]
V  [jvm.dll+0x188e01]
V  [jvm.dll+0x21106b]
V  [jvm.dll+0x20f8c1]
V  [jvm.dll+0x70de0f]
V  [jvm.dll+0x706a75]
V  [jvm.dll+0x60ed66]
C  [ucrtbase.dll+0x21bb2]
C  [KERNEL32.DLL+0x17614]
C  [ntdll.dll+0x526a1]


---------------  P R O C E S S  ---------------

Threads class SMR info:
_java_thread_list=0x000001b770f572f0, length=78, elements={
0x000001b75436a000, 0x000001b76df7c800, 0x000001b76df80000, 0x000001b76e912800,
0x000001b76e913800, 0x000001b76df96800, 0x000001b76df9a800, 0x000001b76e948000,
0x000001b76e94d800, 0x000001b76ea3d000, 0x000001b76f97b800, 0x000001b76fbc7800,
0x000001b770933000, 0x000001b76fe6d000, 0x000001b76fad6800, 0x000001b77047b800,
0x000001b77047c800, 0x000001b76ee45000, 0x000001b76ee45800, 0x000001b7706b6800,
0x000001b770899800, 0x000001b770898800, 0x000001b77089e800, 0x000001b77089d800,
0x000001b77089c800, 0x000001b77089f000, 0x000001b77089a000, 0x000001b77089b000,
0x000001b77089c000, 0x000001b76fc24800, 0x000001b772911800, 0x000001b76fc21000,
0x000001b76fc22800, 0x000001b76fc29000, 0x000001b76fc28800, 0x000001b76fc26800,
0x000001b76fc23800, 0x000001b76fc2a000, 0x000001b76fc2b000, 0x000001b76fc25000,
0x000001b76fc2b800, 0x000001b76fc2c800, 0x000001b76fc2d000, 0x000001b76fc27800,
0x000001b76fc2e000, 0x000001b76fc2f000, 0x000001b775d8e800, 0x000001b775d8f800,
0x000001b775d8c800, 0x000001b775d8d000, 0x000001b775d90800, 0x000001b775d91000,
0x000001b775d92000, 0x000001b775d93000, 0x000001b775d93800, 0x000001b775d8e000,
0x000001b775d94800, 0x000001b775d99800, 0x000001b775d96000, 0x000001b775d9a000,
0x000001b775d9b000, 0x000001b775d97000, 0x000001b775d97800, 0x000001b775d98800,
0x000001b775d95800, 0x000001b7726db800, 0x000001b7726de000, 0x000001b7726d8800,
0x000001b7726df000, 0x000001b7726dd000, 0x000001b7726db000, 0x000001b7726d9000,
0x000001b7726da000, 0x000001b7726df800, 0x000001b7726e0800, 0x000001b7726e1800,
0x000001b7726dc800, 0x000001b7726e4000
}

Java Threads: ( => current thread )
  0x000001b75436a000 JavaThread "main" [_thread_blocked, id=7124, stack(0x0000004d0e800000,0x0000004d0e900000)]
  0x000001b76df7c800 JavaThread "Reference Handler" daemon [_thread_blocked, id=11796, stack(0x0000004d0ef00000,0x0000004d0f000000)]
  0x000001b76df80000 JavaThread "Finalizer" daemon [_thread_blocked, id=4064, stack(0x0000004d0f000000,0x0000004d0f100000)]
  0x000001b76e912800 JavaThread "Signal Dispatcher" daemon [_thread_blocked, id=4904, stack(0x0000004d0f100000,0x0000004d0f200000)]
  0x000001b76e913800 JavaThread "Attach Listener" daemon [_thread_blocked, id=6776, stack(0x0000004d0f200000,0x0000004d0f300000)]
  0x000001b76df96800 JavaThread "Service Thread" daemon [_thread_blocked, id=7568, stack(0x0000004d0f300000,0x0000004d0f400000)]
  0x000001b76df9a800 JavaThread "C2 CompilerThread0" daemon [_thread_in_native, id=3044, stack(0x0000004d0f400000,0x0000004d0f500000)]
  0x000001b76e948000 JavaThread "C1 CompilerThread0" daemon [_thread_blocked, id=8852, stack(0x0000004d0f500000,0x0000004d0f600000)]
  0x000001b76e94d800 JavaThread "Sweeper thread" daemon [_thread_blocked, id=1956, stack(0x0000004d0f600000,0x0000004d0f700000)]
  0x000001b76ea3d000 JavaThread "Common-Cleaner" daemon [_thread_blocked, id=11472, stack(0x0000004d0f700000,0x0000004d0f800000)]
  0x000001b76f97b800 JavaThread "Daemon health stats" [_thread_blocked, id=504, stack(0x0000004d0fc00000,0x0000004d0fd00000)]
  0x000001b76fbc7800 JavaThread "Incoming local TCP Connector on port 64878" [_thread_in_native, id=8948, stack(0x0000004d0fb00000,0x0000004d0fc00000)]
  0x000001b770933000 JavaThread "Daemon" [_thread_blocked, id=11588, stack(0x0000004d0fd00000,0x0000004d0fe00000)]
  0x000001b76fe6d000 JavaThread "Handler for socket connection from /127.0.0.1:64878 to /127.0.0.1:64879" [_thread_in_native, id=11808, stack(0x0000004d0fe00000,0x0000004d0ff00000)]
  0x000001b76fad6800 JavaThread "Daemon periodic checks" [_thread_blocked, id=4896, stack(0x0000004d0ff00000,0x0000004d10000000)]
  0x000001b77047b800 JavaThread "Cancel handler" [_thread_blocked, id=6484, stack(0x0000004d10000000,0x0000004d10100000)]
  0x000001b77047c800 JavaThread "Daemon worker" [_thread_in_vm, id=8788, stack(0x0000004d10100000,0x0000004d10200000)]
  0x000001b76ee45000 JavaThread "Asynchronous log dispatcher for DefaultDaemonConnection: socket connection from /127.0.0.1:64878 to /127.0.0.1:64879" [_thread_blocked, id=3168, stack(0x0000004d10200000,0x0000004d10300000)]
  0x000001b76ee45800 JavaThread "Stdin handler" [_thread_blocked, id=12040, stack(0x0000004d10300000,0x0000004d10400000)]
  0x000001b7706b6800 JavaThread "Daemon client event forwarder" [_thread_blocked, id=4848, stack(0x0000004d10400000,0x0000004d10500000)]
  0x000001b770899800 JavaThread "Cache worker for journal cache (C:\Users\lenovo\.gradle\caches\journal-1)" [_thread_blocked, id=2328, stack(0x0000004d10600000,0x0000004d10700000)]
  0x000001b770898800 JavaThread "File lock request listener" [_thread_in_native, id=8836, stack(0x0000004d10700000,0x0000004d10800000)]
  0x000001b77089e800 JavaThread "Cache worker for file hash cache (C:\Users\lenovo\.gradle\caches\7.4\fileHashes)" [_thread_blocked, id=4344, stack(0x0000004d10800000,0x0000004d10900000)]
  0x000001b77089d800 JavaThread "File watcher server" daemon [_thread_in_native, id=9428, stack(0x0000004d10a00000,0x0000004d10b00000)]
  0x000001b77089c800 JavaThread "File watcher consumer" daemon [_thread_blocked, id=11856, stack(0x0000004d10b00000,0x0000004d10c00000)]
  0x000001b77089f000 JavaThread "Cache worker for checksums cache (D:\AndroidStudioProjects\Figgo_Application_Customer\.gradle\7.4\checksums)" [_thread_blocked, id=11840, stack(0x0000004d10900000,0x0000004d10a00000)]
  0x000001b77089a000 JavaThread "Cache worker for cache directory md-rule (C:\Users\lenovo\.gradle\caches\7.4\md-rule)" [_thread_blocked, id=5148, stack(0x0000004d10c00000,0x0000004d10d00000)]
  0x000001b77089b000 JavaThread "Cache worker for file hash cache (D:\AndroidStudioProjects\Figgo_Application_Customer\.gradle\7.4\fileHashes)" [_thread_blocked, id=6260, stack(0x0000004d10d00000,0x0000004d10e00000)]
  0x000001b77089c000 JavaThread "Cache worker for cache directory md-supplier (C:\Users\lenovo\.gradle\caches\7.4\md-supplier)" [_thread_blocked, id=8952, stack(0x0000004d10e00000,0x0000004d10f00000)]
  0x000001b76fc24800 JavaThread "Cache worker for execution history cache (C:\Users\lenovo\.gradle\caches\7.4\executionHistory)" [_thread_blocked, id=6100, stack(0x0000004d10f00000,0x0000004d11000000)]
=>0x000001b772911800 JavaThread "C2 CompilerThread1" daemon [_thread_in_native, id=4160, stack(0x0000004d11000000,0x0000004d11100000)]
  0x000001b76fc21000 JavaThread "jar transforms" [_thread_blocked, id=12104, stack(0x0000004d11100000,0x0000004d11200000)]
  0x000001b76fc22800 JavaThread "Cache worker for file content cache (C:\Users\lenovo\.gradle\caches\7.4\fileContent)" [_thread_blocked, id=5988, stack(0x0000004d11200000,0x0000004d11300000)]
  0x000001b76fc29000 JavaThread "jar transforms Thread 2" [_thread_blocked, id=11520, stack(0x0000004d11300000,0x0000004d11400000)]
  0x000001b76fc28800 JavaThread "Cache worker for dependencies-accessors (D:\AndroidStudioProjects\Figgo_Application_Customer\.gradle\7.4\dependencies-accessors)" [_thread_blocked, id=3636, stack(0x0000004d11400000,0x0000004d11500000)]
  0x000001b76fc26800 JavaThread "jar transforms Thread 3" [_thread_blocked, id=3192, stack(0x0000004d11500000,0x0000004d11600000)]
  0x000001b76fc23800 JavaThread "Cache worker for Build Output Cleanup Cache (D:\AndroidStudioProjects\Figgo_Application_Customer\.gradle\buildOutputCleanup)" [_thread_blocked, id=784, stack(0x0000004d11600000,0x0000004d11700000)]
  0x000001b76fc2a000 JavaThread "Unconstrained build operations" [_thread_blocked, id=6472, stack(0x0000004d11700000,0x0000004d11800000)]
  0x000001b76fc2b000 JavaThread "Unconstrained build operations Thread 2" [_thread_blocked, id=10696, stack(0x0000004d11800000,0x0000004d11900000)]
  0x000001b76fc25000 JavaThread "Unconstrained build operations Thread 3" [_thread_blocked, id=6784, stack(0x0000004d11900000,0x0000004d11a00000)]
  0x000001b76fc2b800 JavaThread "Unconstrained build operations Thread 4" [_thread_blocked, id=10700, stack(0x0000004d11a00000,0x0000004d11b00000)]
  0x000001b76fc2c800 JavaThread "Unconstrained build operations Thread 5" [_thread_blocked, id=6620, stack(0x0000004d11b00000,0x0000004d11c00000)]
  0x000001b76fc2d000 JavaThread "Unconstrained build operations Thread 6" [_thread_blocked, id=5256, stack(0x0000004d11c00000,0x0000004d11d00000)]
  0x000001b76fc27800 JavaThread "Unconstrained build operations Thread 7" [_thread_blocked, id=680, stack(0x0000004d11d00000,0x0000004d11e00000)]
  0x000001b76fc2e000 JavaThread "Unconstrained build operations Thread 8" [_thread_blocked, id=792, stack(0x0000004d11e00000,0x0000004d11f00000)]
  0x000001b76fc2f000 JavaThread "Unconstrained build operations Thread 9" [_thread_blocked, id=4604, stack(0x0000004d11f00000,0x0000004d12000000)]
  0x000001b775d8e800 JavaThread "Unconstrained build operations Thread 10" [_thread_blocked, id=12080, stack(0x0000004d12000000,0x0000004d12100000)]
  0x000001b775d8f800 JavaThread "Unconstrained build operations Thread 11" [_thread_blocked, id=10936, stack(0x0000004d12100000,0x0000004d12200000)]
  0x000001b775d8c800 JavaThread "Unconstrained build operations Thread 12" [_thread_blocked, id=11568, stack(0x0000004d12200000,0x0000004d12300000)]
  0x000001b775d8d000 JavaThread "Unconstrained build operations Thread 13" [_thread_blocked, id=11336, stack(0x0000004d12300000,0x0000004d12400000)]
  0x000001b775d90800 JavaThread "Unconstrained build operations Thread 14" [_thread_blocked, id=1412, stack(0x0000004d12400000,0x0000004d12500000)]
  0x000001b775d91000 JavaThread "Unconstrained build operations Thread 15" [_thread_blocked, id=3400, stack(0x0000004d12500000,0x0000004d12600000)]
  0x000001b775d92000 JavaThread "Unconstrained build operations Thread 16" [_thread_blocked, id=11544, stack(0x0000004d12600000,0x0000004d12700000)]
  0x000001b775d93000 JavaThread "Unconstrained build operations Thread 17" [_thread_blocked, id=2788, stack(0x0000004d12700000,0x0000004d12800000)]
  0x000001b775d93800 JavaThread "Unconstrained build operations Thread 18" [_thread_blocked, id=11240, stack(0x0000004d12800000,0x0000004d12900000)]
  0x000001b775d8e000 JavaThread "Unconstrained build operations Thread 19" [_thread_blocked, id=7628, stack(0x0000004d12900000,0x0000004d12a00000)]
  0x000001b775d94800 JavaThread "Unconstrained build operations Thread 20" [_thread_blocked, id=7604, stack(0x0000004d12a00000,0x0000004d12b00000)]
  0x000001b775d99800 JavaThread "Unconstrained build operations Thread 21" [_thread_blocked, id=3436, stack(0x0000004d12b00000,0x0000004d12c00000)]
  0x000001b775d96000 JavaThread "Unconstrained build operations Thread 22" [_thread_blocked, id=8208, stack(0x0000004d12c00000,0x0000004d12d00000)]
  0x000001b775d9a000 JavaThread "Unconstrained build operations Thread 23" [_thread_blocked, id=10336, stack(0x0000004d12d00000,0x0000004d12e00000)]
  0x000001b775d9b000 JavaThread "Unconstrained build operations Thread 24" [_thread_blocked, id=9584, stack(0x0000004d12e00000,0x0000004d12f00000)]
  0x000001b775d97000 JavaThread "Unconstrained build operations Thread 25" [_thread_blocked, id=10344, stack(0x0000004d12f00000,0x0000004d13000000)]
  0x000001b775d97800 JavaThread "Unconstrained build operations Thread 26" [_thread_blocked, id=3928, stack(0x0000004d13000000,0x0000004d13100000)]
  0x000001b775d98800 JavaThread "Unconstrained build operations Thread 27" [_thread_blocked, id=11604, stack(0x0000004d13100000,0x0000004d13200000)]
  0x000001b775d95800 JavaThread "Unconstrained build operations Thread 28" [_thread_blocked, id=6064, stack(0x0000004d13200000,0x0000004d13300000)]
  0x000001b7726db800 JavaThread "Unconstrained build operations Thread 29" [_thread_blocked, id=676, stack(0x0000004d13300000,0x0000004d13400000)]
  0x000001b7726de000 JavaThread "Unconstrained build operations Thread 30" [_thread_blocked, id=1600, stack(0x0000004d13400000,0x0000004d13500000)]
  0x000001b7726d8800 JavaThread "Unconstrained build operations Thread 31" [_thread_blocked, id=4632, stack(0x0000004d13500000,0x0000004d13600000)]
  0x000001b7726df000 JavaThread "Unconstrained build operations Thread 32" [_thread_blocked, id=8124, stack(0x0000004d13600000,0x0000004d13700000)]
  0x000001b7726dd000 JavaThread "Unconstrained build operations Thread 33" [_thread_blocked, id=4068, stack(0x0000004d13700000,0x0000004d13800000)]
  0x000001b7726db000 JavaThread "Unconstrained build operations Thread 34" [_thread_blocked, id=3376, stack(0x0000004d13800000,0x0000004d13900000)]
  0x000001b7726d9000 JavaThread "Unconstrained build operations Thread 35" [_thread_blocked, id=9568, stack(0x0000004d13900000,0x0000004d13a00000)]
  0x000001b7726da000 JavaThread "Unconstrained build operations Thread 36" [_thread_blocked, id=1772, stack(0x0000004d13a00000,0x0000004d13b00000)]
  0x000001b7726df800 JavaThread "Unconstrained build operations Thread 37" [_thread_blocked, id=1720, stack(0x0000004d13b00000,0x0000004d13c00000)]
  0x000001b7726e0800 JavaThread "Unconstrained build operations Thread 38" [_thread_blocked, id=5508, stack(0x0000004d13c00000,0x0000004d13d00000)]
  0x000001b7726e1800 JavaThread "Unconstrained build operations Thread 39" [_thread_blocked, id=5652, stack(0x0000004d13d00000,0x0000004d13e00000)]
  0x000001b7726dc800 JavaThread "Unconstrained build operations Thread 40" [_thread_blocked, id=3208, stack(0x0000004d13e00000,0x0000004d13f00000)]
  0x000001b7726e4000 JavaThread "jar transforms Thread 4" [_thread_blocked, id=10716, stack(0x0000004d13f00000,0x0000004d14000000)]

Other Threads:
  0x000001b76df74800 VMThread "VM Thread" [stack: 0x0000004d0ee00000,0x0000004d0ef00000] [id=11952]
  0x000001b76ea65000 WatcherThread [stack: 0x0000004d0f800000,0x0000004d0f900000] [id=5408]
  0x000001b754380800 GCTaskThread "GC Thread#0" [stack: 0x0000004d0e900000,0x0000004d0ea00000] [id=11000]
  0x000001b76f3a5800 GCTaskThread "GC Thread#1" [stack: 0x0000004d0f900000,0x0000004d0fa00000] [id=9100]
  0x000001b76f450000 GCTaskThread "GC Thread#2" [stack: 0x0000004d0fa00000,0x0000004d0fb00000] [id=9372]
  0x000001b76f4c9800 GCTaskThread "GC Thread#3" [stack: 0x0000004d10500000,0x0000004d10600000] [id=5824]
  0x000001b7543b3800 ConcurrentGCThread "G1 Main Marker" [stack: 0x0000004d0ea00000,0x0000004d0eb00000] [id=12020]
  0x000001b7543b5800 ConcurrentGCThread "G1 Conc#0" [stack: 0x0000004d0eb00000,0x0000004d0ec00000] [id=11676]
  0x000001b754442000 ConcurrentGCThread "G1 Refine#0" [stack: 0x0000004d0ec00000,0x0000004d0ed00000] [id=4448]
  0x000001b754443000 ConcurrentGCThread "G1 Young RemSet Sampling" [stack: 0x0000004d0ed00000,0x0000004d0ee00000] [id=9580]

Threads with active compile tasks:
C2 CompilerThread0  19156 5374       4       java.util.zip.ZipFile$Source::initCEN (697 bytes)
C2 CompilerThread1  19156 5375 % !   4       java.util.jar.Attributes::read @ 186 (390 bytes)

VM state:not at safepoint (normal execution)

VM Mutex/Monitor currently owned by a thread: None

Heap address: 0x0000000080000000, size: 2048 MB, Compressed Oops mode: 32-bit
Narrow klass base: 0x0000000000000000, Narrow klass shift: 3
Compressed class space size: 1073741824 Address: 0x0000000100000000

Heap:
 garbage-first heap   total 131072K, used 82849K [0x0000000080000000, 0x0000000100000000)
  region size 1024K, 48 young (49152K), 6 survivors (6144K)
 Metaspace       used 49536K, capacity 50813K, committed 50896K, reserved 1095680K
  class space    used 6241K, capacity 6723K, committed 6784K, reserved 1048576K
Heap Regions: E=young(eden), S=young(survivor), O=old, HS=humongous(starts), HC=humongous(continues), CS=collection set, F=free, A=archive, TAMS=top-at-mark-start (previous, next)
|   0|0x0000000080000000, 0x0000000080100000, 0x0000000080100000|100%|HS|  |TAMS 0x0000000080100000, 0x0000000080000000| Complete 
|   1|0x0000000080100000, 0x0000000080200000, 0x0000000080200000|100%|HC|  |TAMS 0x0000000080200000, 0x0000000080100000| Complete 
|   2|0x0000000080200000, 0x0000000080300000, 0x0000000080300000|100%|HC|  |TAMS 0x0000000080300000, 0x0000000080200000| Complete 
|   3|0x0000000080300000, 0x0000000080400000, 0x0000000080400000|100%| O|  |TAMS 0x0000000080400000, 0x0000000080300000| Untracked 
|   4|0x0000000080400000, 0x0000000080500000, 0x0000000080500000|100%| O|  |TAMS 0x0000000080500000, 0x0000000080400000| Untracked 
|   5|0x0000000080500000, 0x0000000080600000, 0x0000000080600000|100%| O|  |TAMS 0x0000000080600000, 0x0000000080500000| Untracked 
|   6|0x0000000080600000, 0x0000000080700000, 0x0000000080700000|100%| O|  |TAMS 0x0000000080700000, 0x0000000080600000| Untracked 
|   7|0x0000000080700000, 0x0000000080800000, 0x0000000080800000|100%| O|  |TAMS 0x0000000080800000, 0x0000000080700000| Untracked 
|   8|0x0000000080800000, 0x0000000080900000, 0x0000000080900000|100%| O|  |TAMS 0x0000000080900000, 0x0000000080800000| Untracked 
|   9|0x0000000080900000, 0x0000000080a00000, 0x0000000080a00000|100%| O|  |TAMS 0x0000000080a00000, 0x0000000080900000| Untracked 
|  10|0x0000000080a00000, 0x0000000080b00000, 0x0000000080b00000|100%| O|  |TAMS 0x0000000080b00000, 0x0000000080a00000| Untracked 
|  11|0x0000000080b00000, 0x0000000080c00000, 0x0000000080c00000|100%| O|  |TAMS 0x0000000080c00000, 0x0000000080b00000| Untracked 
|  12|0x0000000080c00000, 0x0000000080d00000, 0x0000000080d00000|100%| O|  |TAMS 0x0000000080d00000, 0x0000000080c00000| Untracked 
|  13|0x0000000080d00000, 0x0000000080e00000, 0x0000000080e00000|100%| O|  |TAMS 0x0000000080e00000, 0x0000000080d00000| Untracked 
|  14|0x0000000080e00000, 0x0000000080f00000, 0x0000000080f00000|100%| O|  |TAMS 0x0000000080f00000, 0x0000000080e00000| Untracked 
|  15|0x0000000080f00000, 0x0000000081000000, 0x0000000081000000|100%| O|  |TAMS 0x0000000081000000, 0x0000000080f00000| Untracked 
|  16|0x0000000081000000, 0x0000000081100000, 0x0000000081100000|100%| O|  |TAMS 0x0000000081100000, 0x0000000081000000| Untracked 
|  17|0x0000000081100000, 0x0000000081200000, 0x0000000081200000|100%| O|  |TAMS 0x0000000081200000, 0x0000000081100000| Untracked 
|  18|0x0000000081200000, 0x0000000081300000, 0x0000000081300000|100%| O|  |TAMS 0x0000000081275e00, 0x0000000081200000| Untracked 
|  19|0x0000000081300000, 0x0000000081400000, 0x0000000081400000|100%| O|  |TAMS 0x0000000081300000, 0x0000000081300000| Untracked 
|  20|0x0000000081400000, 0x0000000081500000, 0x0000000081500000|100%| O|  |TAMS 0x0000000081400000, 0x0000000081400000| Untracked 
|  21|0x0000000081500000, 0x0000000081600000, 0x0000000081600000|100%| O|  |TAMS 0x0000000081500000, 0x0000000081500000| Untracked 
|  22|0x0000000081600000, 0x0000000081700000, 0x0000000081700000|100%| O|  |TAMS 0x0000000081600000, 0x0000000081600000| Untracked 
|  23|0x0000000081700000, 0x0000000081800000, 0x0000000081800000|100%| O|  |TAMS 0x0000000081700000, 0x0000000081700000| Untracked 
|  24|0x0000000081800000, 0x0000000081900000, 0x0000000081900000|100%| O|  |TAMS 0x0000000081800000, 0x0000000081800000| Untracked 
|  25|0x0000000081900000, 0x00000000819f9200, 0x0000000081a00000| 97%| O|  |TAMS 0x0000000081900000, 0x0000000081900000| Untracked 
|  26|0x0000000081a00000, 0x0000000081b00000, 0x0000000081b00000|100%|HS|  |TAMS 0x0000000081a00000, 0x0000000081a00000| Complete 
|  27|0x0000000081b00000, 0x0000000081c00000, 0x0000000081c00000|100%|HS|  |TAMS 0x0000000081b00000, 0x0000000081b00000| Complete 
|  28|0x0000000081c00000, 0x0000000081d00000, 0x0000000081d00000|100%|HS|  |TAMS 0x0000000081c00000, 0x0000000081c00000| Complete 
|  29|0x0000000081d00000, 0x0000000081e00000, 0x0000000081e00000|100%|HS|  |TAMS 0x0000000081d00000, 0x0000000081d00000| Complete 
|  30|0x0000000081e00000, 0x0000000081f00000, 0x0000000081f00000|100%|HC|  |TAMS 0x0000000081e00000, 0x0000000081e00000| Complete 
|  31|0x0000000081f00000, 0x0000000082000000, 0x0000000082000000|100%|HC|  |TAMS 0x0000000081f00000, 0x0000000081f00000| Complete 
|  32|0x0000000082000000, 0x0000000082100000, 0x0000000082100000|100%|HC|  |TAMS 0x0000000082000000, 0x0000000082000000| Complete 
|  33|0x0000000082100000, 0x0000000082200000, 0x0000000082200000|100%|HS|  |TAMS 0x0000000082100000, 0x0000000082100000| Complete 
|  34|0x0000000082200000, 0x0000000082300000, 0x0000000082300000|100%|HC|  |TAMS 0x0000000082200000, 0x0000000082200000| Complete 
|  35|0x0000000082300000, 0x0000000082300000, 0x0000000082400000|  0%| F|  |TAMS 0x0000000082300000, 0x0000000082300000| Untracked 
|  36|0x0000000082400000, 0x0000000082400000, 0x0000000082500000|  0%| F|  |TAMS 0x0000000082400000, 0x0000000082400000| Untracked 
|  37|0x0000000082500000, 0x0000000082500000, 0x0000000082600000|  0%| F|  |TAMS 0x0000000082500000, 0x0000000082500000| Untracked 
|  38|0x0000000082600000, 0x0000000082600000, 0x0000000082700000|  0%| F|  |TAMS 0x0000000082600000, 0x0000000082600000| Untracked 
|  39|0x0000000082700000, 0x0000000082700000, 0x0000000082800000|  0%| F|  |TAMS 0x0000000082700000, 0x0000000082700000| Untracked 
|  40|0x0000000082800000, 0x0000000082800000, 0x0000000082900000|  0%| F|  |TAMS 0x0000000082800000, 0x0000000082800000| Untracked 
|  41|0x0000000082900000, 0x0000000082900000, 0x0000000082a00000|  0%| F|  |TAMS 0x0000000082900000, 0x0000000082900000| Untracked 
|  42|0x0000000082a00000, 0x0000000082a00000, 0x0000000082b00000|  0%| F|  |TAMS 0x0000000082a00000, 0x0000000082a00000| Untracked 
|  43|0x0000000082b00000, 0x0000000082b00000, 0x0000000082c00000|  0%| F|  |TAMS 0x0000000082b00000, 0x0000000082b00000| Untracked 
|  44|0x0000000082c00000, 0x0000000082c00000, 0x0000000082d00000|  0%| F|  |TAMS 0x0000000082c00000, 0x0000000082c00000| Untracked 
|  45|0x0000000082d00000, 0x0000000082d00000, 0x0000000082e00000|  0%| F|  |TAMS 0x0000000082d00000, 0x0000000082d00000| Untracked 
|  46|0x0000000082e00000, 0x0000000082e00000, 0x0000000082f00000|  0%| F|  |TAMS 0x0000000082e00000, 0x0000000082e00000| Untracked 
|  47|0x0000000082f00000, 0x0000000082f00000, 0x0000000083000000|  0%| F|  |TAMS 0x0000000082f00000, 0x0000000082f00000| Untracked 
|  48|0x0000000083000000, 0x0000000083000000, 0x0000000083100000|  0%| F|  |TAMS 0x0000000083000000, 0x0000000083000000| Untracked 
|  49|0x0000000083100000, 0x0000000083100000, 0x0000000083200000|  0%| F|  |TAMS 0x0000000083100000, 0x0000000083100000| Untracked 
|  50|0x0000000083200000, 0x0000000083200000, 0x0000000083300000|  0%| F|  |TAMS 0x0000000083200000, 0x0000000083200000| Untracked 
|  51|0x0000000083300000, 0x0000000083300000, 0x0000000083400000|  0%| F|  |TAMS 0x0000000083300000, 0x0000000083300000| Untracked 
|  52|0x0000000083400000, 0x0000000083400000, 0x0000000083500000|  0%| F|  |TAMS 0x0000000083400000, 0x0000000083400000| Untracked 
|  53|0x0000000083500000, 0x0000000083500000, 0x0000000083600000|  0%| F|  |TAMS 0x0000000083500000, 0x0000000083500000| Untracked 
|  54|0x0000000083600000, 0x0000000083600000, 0x0000000083700000|  0%| F|  |TAMS 0x0000000083600000, 0x0000000083600000| Untracked 
|  55|0x0000000083700000, 0x0000000083700000, 0x0000000083800000|  0%| F|  |TAMS 0x0000000083700000, 0x0000000083700000| Untracked 
|  56|0x0000000083800000, 0x0000000083800000, 0x0000000083900000|  0%| F|  |TAMS 0x0000000083800000, 0x0000000083800000| Untracked 
|  57|0x0000000083900000, 0x0000000083900000, 0x0000000083a00000|  0%| F|  |TAMS 0x0000000083900000, 0x0000000083900000| Untracked 
|  58|0x0000000083a00000, 0x0000000083a00000, 0x0000000083b00000|  0%| F|  |TAMS 0x0000000083a00000, 0x0000000083a00000| Untracked 
|  59|0x0000000083b00000, 0x0000000083b00000, 0x0000000083c00000|  0%| F|  |TAMS 0x0000000083b00000, 0x0000000083b00000| Untracked 
|  60|0x0000000083c00000, 0x0000000083c00000, 0x0000000083d00000|  0%| F|  |TAMS 0x0000000083c00000, 0x0000000083c00000| Untracked 
|  61|0x0000000083d00000, 0x0000000083d00000, 0x0000000083e00000|  0%| F|  |TAMS 0x0000000083d00000, 0x0000000083d00000| Untracked 
|  62|0x0000000083e00000, 0x0000000083e00000, 0x0000000083f00000|  0%| F|  |TAMS 0x0000000083e00000, 0x0000000083e00000| Untracked 
|  63|0x0000000083f00000, 0x0000000083f00000, 0x0000000084000000|  0%| F|  |TAMS 0x0000000083f00000, 0x0000000083f00000| Untracked 
|  64|0x0000000084000000, 0x0000000084000000, 0x0000000084100000|  0%| F|  |TAMS 0x0000000084000000, 0x0000000084000000| Untracked 
|  65|0x0000000084100000, 0x0000000084100000, 0x0000000084200000|  0%| F|  |TAMS 0x0000000084100000, 0x0000000084100000| Untracked 
|  66|0x0000000084200000, 0x0000000084200000, 0x0000000084300000|  0%| F|  |TAMS 0x0000000084200000, 0x0000000084200000| Untracked 
|  67|0x0000000084300000, 0x00000000843ef598, 0x0000000084400000| 93%| S|CS|TAMS 0x0000000084300000, 0x0000000084300000| Complete 
|  68|0x0000000084400000, 0x0000000084500000, 0x0000000084500000|100%| S|CS|TAMS 0x0000000084400000, 0x0000000084400000| Complete 
|  69|0x0000000084500000, 0x0000000084600000, 0x0000000084600000|100%| S|CS|TAMS 0x0000000084500000, 0x0000000084500000| Complete 
|  70|0x0000000084600000, 0x0000000084700000, 0x0000000084700000|100%| S|CS|TAMS 0x0000000084600000, 0x0000000084600000| Complete 
|  71|0x0000000084700000, 0x0000000084800000, 0x0000000084800000|100%| S|CS|TAMS 0x0000000084700000, 0x0000000084700000| Complete 
|  72|0x0000000084800000, 0x0000000084900000, 0x0000000084900000|100%| S|CS|TAMS 0x0000000084800000, 0x0000000084800000| Complete 
|  73|0x0000000084900000, 0x0000000084900000, 0x0000000084a00000|  0%| F|  |TAMS 0x0000000084900000, 0x0000000084900000| Untracked 
|  74|0x0000000084a00000, 0x0000000084a00000, 0x0000000084b00000|  0%| F|  |TAMS 0x0000000084a00000, 0x0000000084a00000| Untracked 
|  75|0x0000000084b00000, 0x0000000084b00000, 0x0000000084c00000|  0%| F|  |TAMS 0x0000000084b00000, 0x0000000084b00000| Untracked 
|  76|0x0000000084c00000, 0x0000000084c00000, 0x0000000084d00000|  0%| F|  |TAMS 0x0000000084c00000, 0x0000000084c00000| Untracked 
|  77|0x0000000084d00000, 0x0000000084d00000, 0x0000000084e00000|  0%| F|  |TAMS 0x0000000084d00000, 0x0000000084d00000| Untracked 
|  78|0x0000000084e00000, 0x0000000084e00000, 0x0000000084f00000|  0%| F|  |TAMS 0x0000000084e00000, 0x0000000084e00000| Untracked 
|  79|0x0000000084f00000, 0x0000000084f00000, 0x0000000085000000|  0%| F|  |TAMS 0x0000000084f00000, 0x0000000084f00000| Untracked 
|  80|0x0000000085000000, 0x0000000085000000, 0x0000000085100000|  0%| F|  |TAMS 0x0000000085000000, 0x0000000085000000| Untracked 
|  81|0x0000000085100000, 0x0000000085100000, 0x0000000085200000|  0%| F|  |TAMS 0x0000000085100000, 0x0000000085100000| Untracked 
|  82|0x0000000085200000, 0x0000000085200000, 0x0000000085300000|  0%| F|  |TAMS 0x0000000085200000, 0x0000000085200000| Untracked 
|  83|0x0000000085300000, 0x0000000085300000, 0x0000000085400000|  0%| F|  |TAMS 0x0000000085300000, 0x0000000085300000| Untracked 
|  84|0x0000000085400000, 0x0000000085400000, 0x0000000085500000|  0%| F|  |TAMS 0x0000000085400000, 0x0000000085400000| Untracked 
|  85|0x0000000085500000, 0x0000000085500000, 0x0000000085600000|  0%| F|  |TAMS 0x0000000085500000, 0x0000000085500000| Untracked 
|  86|0x0000000085600000, 0x00000000856c0cf0, 0x0000000085700000| 75%| E|  |TAMS 0x0000000085600000, 0x0000000085600000| Complete 
|  87|0x0000000085700000, 0x0000000085800000, 0x0000000085800000|100%| E|CS|TAMS 0x0000000085700000, 0x0000000085700000| Complete 
|  88|0x0000000085800000, 0x0000000085900000, 0x0000000085900000|100%| E|CS|TAMS 0x0000000085800000, 0x0000000085800000| Complete 
|  89|0x0000000085900000, 0x0000000085a00000, 0x0000000085a00000|100%| E|CS|TAMS 0x0000000085900000, 0x0000000085900000| Complete 
|  90|0x0000000085a00000, 0x0000000085b00000, 0x0000000085b00000|100%| E|CS|TAMS 0x0000000085a00000, 0x0000000085a00000| Complete 
|  91|0x0000000085b00000, 0x0000000085c00000, 0x0000000085c00000|100%| E|CS|TAMS 0x0000000085b00000, 0x0000000085b00000| Complete 
|  92|0x0000000085c00000, 0x0000000085d00000, 0x0000000085d00000|100%| E|CS|TAMS 0x0000000085c00000, 0x0000000085c00000| Complete 
|  93|0x0000000085d00000, 0x0000000085e00000, 0x0000000085e00000|100%| E|CS|TAMS 0x0000000085d00000, 0x0000000085d00000| Complete 
|  94|0x0000000085e00000, 0x0000000085f00000, 0x0000000085f00000|100%| E|CS|TAMS 0x0000000085e00000, 0x0000000085e00000| Complete 
|  95|0x0000000085f00000, 0x0000000086000000, 0x0000000086000000|100%| E|CS|TAMS 0x0000000085f00000, 0x0000000085f00000| Complete 
|  96|0x0000000086000000, 0x0000000086100000, 0x0000000086100000|100%| E|CS|TAMS 0x0000000086000000, 0x0000000086000000| Complete 
|  97|0x0000000086100000, 0x0000000086200000, 0x0000000086200000|100%| E|CS|TAMS 0x0000000086100000, 0x0000000086100000| Complete 
|  98|0x0000000086200000, 0x0000000086300000, 0x0000000086300000|100%| E|CS|TAMS 0x0000000086200000, 0x0000000086200000| Complete 
|  99|0x0000000086300000, 0x0000000086400000, 0x0000000086400000|100%| E|CS|TAMS 0x0000000086300000, 0x0000000086300000| Complete 
| 100|0x0000000086400000, 0x0000000086500000, 0x0000000086500000|100%| E|CS|TAMS 0x0000000086400000, 0x0000000086400000| Complete 
| 101|0x0000000086500000, 0x0000000086600000, 0x0000000086600000|100%| E|CS|TAMS 0x0000000086500000, 0x0000000086500000| Complete 
| 102|0x0000000086600000, 0x0000000086700000, 0x0000000086700000|100%| E|CS|TAMS 0x0000000086600000, 0x0000000086600000| Complete 
| 103|0x0000000086700000, 0x0000000086800000, 0x0000000086800000|100%| E|CS|TAMS 0x0000000086700000, 0x0000000086700000| Complete 
| 104|0x0000000086800000, 0x0000000086900000, 0x0000000086900000|100%| E|CS|TAMS 0x0000000086800000, 0x0000000086800000| Complete 
| 105|0x0000000086900000, 0x0000000086a00000, 0x0000000086a00000|100%| E|CS|TAMS 0x0000000086900000, 0x0000000086900000| Complete 
| 106|0x0000000086a00000, 0x0000000086b00000, 0x0000000086b00000|100%| E|CS|TAMS 0x0000000086a00000, 0x0000000086a00000| Complete 
| 107|0x0000000086b00000, 0x0000000086c00000, 0x0000000086c00000|100%| E|CS|TAMS 0x0000000086b00000, 0x0000000086b00000| Complete 
| 108|0x0000000086c00000, 0x0000000086d00000, 0x0000000086d00000|100%| E|CS|TAMS 0x0000000086c00000, 0x0000000086c00000| Complete 
| 109|0x0000000086d00000, 0x0000000086e00000, 0x0000000086e00000|100%| E|CS|TAMS 0x0000000086d00000, 0x0000000086d00000| Complete 
| 110|0x0000000086e00000, 0x0000000086f00000, 0x0000000086f00000|100%| E|CS|TAMS 0x0000000086e00000, 0x0000000086e00000| Complete 
| 111|0x0000000086f00000, 0x0000000087000000, 0x0000000087000000|100%| E|CS|TAMS 0x0000000086f00000, 0x0000000086f00000| Complete 
| 112|0x0000000087000000, 0x0000000087100000, 0x0000000087100000|100%| E|CS|TAMS 0x0000000087000000, 0x0000000087000000| Complete 
| 113|0x0000000087100000, 0x0000000087200000, 0x0000000087200000|100%| E|CS|TAMS 0x0000000087100000, 0x0000000087100000| Complete 
| 114|0x0000000087200000, 0x0000000087300000, 0x0000000087300000|100%| E|CS|TAMS 0x0000000087200000, 0x0000000087200000| Complete 
| 115|0x0000000087300000, 0x0000000087400000, 0x0000000087400000|100%| E|CS|TAMS 0x0000000087300000, 0x0000000087300000| Complete 
| 116|0x0000000087400000, 0x0000000087500000, 0x0000000087500000|100%| E|CS|TAMS 0x0000000087400000, 0x0000000087400000| Complete 
| 117|0x0000000087500000, 0x0000000087600000, 0x0000000087600000|100%| E|CS|TAMS 0x0000000087500000, 0x0000000087500000| Complete 
| 118|0x0000000087600000, 0x0000000087700000, 0x0000000087700000|100%| E|CS|TAMS 0x0000000087600000, 0x0000000087600000| Complete 
| 119|0x0000000087700000, 0x0000000087800000, 0x0000000087800000|100%| E|CS|TAMS 0x0000000087700000, 0x0000000087700000| Complete 
| 120|0x0000000087800000, 0x0000000087900000, 0x0000000087900000|100%| E|CS|TAMS 0x0000000087800000, 0x0000000087800000| Complete 
| 121|0x0000000087900000, 0x0000000087a00000, 0x0000000087a00000|100%| E|  |TAMS 0x0000000087900000, 0x0000000087900000| Complete 
| 122|0x0000000087a00000, 0x0000000087b00000, 0x0000000087b00000|100%| E|CS|TAMS 0x0000000087a00000, 0x0000000087a00000| Complete 
| 123|0x0000000087b00000, 0x0000000087c00000, 0x0000000087c00000|100%| E|CS|TAMS 0x0000000087b00000, 0x0000000087b00000| Complete 
| 124|0x0000000087c00000, 0x0000000087d00000, 0x0000000087d00000|100%| E|CS|TAMS 0x0000000087c00000, 0x0000000087c00000| Complete 
| 125|0x0000000087d00000, 0x0000000087e00000, 0x0000000087e00000|100%| E|CS|TAMS 0x0000000087d00000, 0x0000000087d00000| Complete 
| 126|0x0000000087e00000, 0x0000000087f00000, 0x0000000087f00000|100%| E|CS|TAMS 0x0000000087e00000, 0x0000000087e00000| Complete 
| 127|0x0000000087f00000, 0x0000000088000000, 0x0000000088000000|100%| E|CS|TAMS 0x0000000087f00000, 0x0000000087f00000| Complete 

Card table byte_map: [0x000001b767290000,0x000001b767690000] _byte_map_base: 0x000001b766e90000

Marking Bits (Prev, Next): (CMBitMap*) 0x000001b7543aac08, (CMBitMap*) 0x000001b7543aac40
 Prev Bits: [0x000001b767a90000, 0x000001b769a90000)
 Next Bits: [0x000001b769a90000, 0x000001b76ba90000)

Polling page: 0x000001b7521b0000

Metaspace:

Usage:
  Non-class:     43.06 MB capacity,    42.33 MB ( 98%) used,   607.69 KB (  1%) free+waste,   131.56 KB ( <1%) overhead. 
      Class:      6.57 MB capacity,     6.10 MB ( 93%) used,   418.48 KB (  6%) free+waste,    62.31 KB ( <1%) overhead. 
       Both:     49.62 MB capacity,    48.43 MB ( 98%) used,     1.00 MB (  2%) free+waste,   193.88 KB ( <1%) overhead. 

Virtual space:
  Non-class space:       46.00 MB reserved,      43.08 MB ( 94%) committed 
      Class space:        1.00 GB reserved,       6.63 MB ( <1%) committed 
             Both:        1.04 GB reserved,      49.70 MB (  5%) committed 

Chunk freelists:
   Non-Class:  22.00 KB
       Class:  29.00 KB
        Both:  51.00 KB

MaxMetaspaceSize: 17179869184.00 GB
CompressedClassSpaceSize: 1.00 GB
Initial GC threshold: 20.80 MB
Current GC threshold: 58.88 MB
CDS: off

CodeHeap 'non-profiled nmethods': size=120064Kb used=2969Kb max_used=2969Kb free=117094Kb
 bounds [0x000001b75f950000, 0x000001b75fc40000, 0x000001b766e90000]
CodeHeap 'profiled nmethods': size=120000Kb used=11030Kb max_used=11030Kb free=108969Kb
 bounds [0x000001b758420000, 0x000001b758ef0000, 0x000001b75f950000]
CodeHeap 'non-nmethods': size=5696Kb used=2291Kb max_used=2345Kb free=3404Kb
 bounds [0x000001b757e90000, 0x000001b758100000, 0x000001b758420000]
 total_blobs=6170 nmethods=5380 adapters=702
 compilation: enabled
              stopped_count=0, restarted_count=0
 full_count=0

Compilation events (20 events):
Event: 19.075 Thread 0x000001b76e948000 5384       3       java.util.regex.Pattern::range (292 bytes)
Event: 19.079 Thread 0x000001b76e948000 nmethod 5384 0x000001b758edb290 code [0x000001b758edb740, 0x000001b758edd9c8]
Event: 19.086 Thread 0x000001b76e948000 5385       3       com.google.common.collect.MapMakerInternalMap$StrongKeyWeakValueSegment::self (5 bytes)
Event: 19.086 Thread 0x000001b76e948000 nmethod 5385 0x000001b758ede590 code [0x000001b758ede740, 0x000001b758ede898]
Event: 19.086 Thread 0x000001b76e948000 5386       3       com.google.common.collect.MapMakerInternalMap$StrongKeyWeakValueSegment::self (2 bytes)
Event: 19.086 Thread 0x000001b76e948000 nmethod 5386 0x000001b758ede990 code [0x000001b758edeb40, 0x000001b758edec38]
Event: 19.090 Thread 0x000001b76e948000 5387       3       com.google.common.collect.MapMakerInternalMap::segmentFor (17 bytes)
Event: 19.091 Thread 0x000001b76e948000 nmethod 5387 0x000001b758eded10 code [0x000001b758edeec0, 0x000001b758edeff8]
Event: 19.104 Thread 0x000001b76e948000 5389       3       org.gradle.internal.util.Trie::find (135 bytes)
Event: 19.105 Thread 0x000001b76e948000 nmethod 5389 0x000001b758edf110 code [0x000001b758edf340, 0x000001b758edfa98]
Event: 19.105 Thread 0x000001b76e948000 5388       3       org.gradle.internal.classloader.FilteringClassLoader$TrieSet::find (9 bytes)
Event: 19.105 Thread 0x000001b76e948000 nmethod 5388 0x000001b758edfd10 code [0x000001b758edfec0, 0x000001b758ee0008]
Event: 19.107 Thread 0x000001b76e948000 5390       3       com.google.common.collect.MapMakerInternalMap$Segment::getEntry (80 bytes)
Event: 19.109 Thread 0x000001b76e948000 nmethod 5390 0x000001b758ee0110 code [0x000001b758ee0480, 0x000001b758ee1c28]
Event: 19.121 Thread 0x000001b76e948000 5391       1       com.google.common.collect.MapMakerInternalMap$AbstractStrongKeyEntry::getKey (5 bytes)
Event: 19.121 Thread 0x000001b76e948000 nmethod 5391 0x000001b75fc36490 code [0x000001b75fc36640, 0x000001b75fc366f8]
Event: 19.125 Thread 0x000001b76e948000 5392       2       org.codehaus.groovy.util.ManagedReference::get (10 bytes)
Event: 19.125 Thread 0x000001b76e948000 nmethod 5392 0x000001b758ee2390 code [0x000001b758ee2540, 0x000001b758ee2668]
Event: 19.127 Thread 0x000001b76e948000 5393       3       java.util.Properties::load0 (249 bytes)
Event: 19.128 Thread 0x000001b76e948000 nmethod 5393 0x000001b758ee2710 code [0x000001b758ee2960, 0x000001b758ee3368]

GC Heap History (20 events):
Event: 1.341 GC heap before
{Heap before GC invocations=0 (full 0):
 garbage-first heap   total 131072K, used 16384K [0x0000000080000000, 0x0000000100000000)
  region size 1024K, 14 young (14336K), 0 survivors (0K)
 Metaspace       used 6751K, capacity 6937K, committed 7168K, reserved 1056768K
  class space    used 572K, capacity 650K, committed 768K, reserved 1048576K
}
Event: 1.373 GC heap after
{Heap after GC invocations=1 (full 0):
 garbage-first heap   total 131072K, used 4219K [0x0000000080000000, 0x0000000100000000)
  region size 1024K, 2 young (2048K), 2 survivors (2048K)
 Metaspace       used 6751K, capacity 6937K, committed 7168K, reserved 1056768K
  class space    used 572K, capacity 650K, committed 768K, reserved 1048576K
}
Event: 4.135 GC heap before
{Heap before GC invocations=1 (full 0):
 garbage-first heap   total 131072K, used 65659K [0x0000000080000000, 0x0000000100000000)
  region size 1024K, 58 young (59392K), 2 survivors (2048K)
 Metaspace       used 11191K, capacity 11493K, committed 11520K, reserved 1058816K
  class space    used 1175K, capacity 1279K, committed 1280K, reserved 1048576K
}
Event: 4.145 GC heap after
{Heap after GC invocations=2 (full 0):
 garbage-first heap   total 131072K, used 14257K [0x0000000080000000, 0x0000000100000000)
  region size 1024K, 8 young (8192K), 8 survivors (8192K)
 Metaspace       used 11191K, capacity 11493K, committed 11520K, reserved 1058816K
  class space    used 1175K, capacity 1279K, committed 1280K, reserved 1048576K
}
Event: 6.675 GC heap before
{Heap before GC invocations=2 (full 0):
 garbage-first heap   total 131072K, used 61361K [0x0000000080000000, 0x0000000100000000)
  region size 1024K, 55 young (56320K), 8 survivors (8192K)
 Metaspace       used 19667K, capacity 20019K, committed 20224K, reserved 1067008K
  class space    used 2378K, capacity 2504K, committed 2560K, reserved 1048576K
}
Event: 6.722 GC heap after
{Heap after GC invocations=3 (full 0):
 garbage-first heap   total 131072K, used 16714K [0x0000000080000000, 0x0000000100000000)
  region size 1024K, 3 young (3072K), 3 survivors (3072K)
 Metaspace       used 19667K, capacity 20019K, committed 20224K, reserved 1067008K
  class space    used 2378K, capacity 2504K, committed 2560K, reserved 1048576K
}
Event: 7.449 GC heap before
{Heap before GC invocations=3 (full 0):
 garbage-first heap   total 131072K, used 24906K [0x0000000080000000, 0x0000000100000000)
  region size 1024K, 12 young (12288K), 3 survivors (3072K)
 Metaspace       used 20824K, capacity 21191K, committed 21296K, reserved 1069056K
  class space    used 2523K, capacity 2682K, committed 2688K, reserved 1048576K
}
Event: 7.458 GC heap after
{Heap after GC invocations=4 (full 0):
 garbage-first heap   total 131072K, used 17281K [0x0000000080000000, 0x0000000100000000)
  region size 1024K, 4 young (4096K), 4 survivors (4096K)
 Metaspace       used 20824K, capacity 21191K, committed 21296K, reserved 1069056K
  class space    used 2523K, capacity 2682K, committed 2688K, reserved 1048576K
}
Event: 9.767 GC heap before
{Heap before GC invocations=5 (full 0):
 garbage-first heap   total 131072K, used 69505K [0x0000000080000000, 0x0000000100000000)
  region size 1024K, 55 young (56320K), 4 survivors (4096K)
 Metaspace       used 26398K, capacity 27024K, committed 27184K, reserved 1073152K
  class space    used 3402K, capacity 3637K, committed 3712K, reserved 1048576K
}
Event: 9.778 GC heap after
{Heap after GC invocations=6 (full 0):
 garbage-first heap   total 131072K, used 19245K [0x0000000080000000, 0x0000000100000000)
  region size 1024K, 6 young (6144K), 6 survivors (6144K)
 Metaspace       used 26398K, capacity 27024K, committed 27184K, reserved 1073152K
  class space    used 3402K, capacity 3637K, committed 3712K, reserved 1048576K
}
Event: 14.267 GC heap before
{Heap before GC invocations=6 (full 0):
 garbage-first heap   total 131072K, used 74541K [0x0000000080000000, 0x0000000100000000)
  region size 1024K, 60 young (61440K), 6 survivors (6144K)
 Metaspace       used 32155K, capacity 32909K, committed 33200K, reserved 1077248K
  class space    used 4235K, capacity 4515K, committed 4608K, reserved 1048576K
}
Event: 14.278 GC heap after
{Heap after GC invocations=7 (full 0):
 garbage-first heap   total 131072K, used 21460K [0x0000000080000000, 0x0000000100000000)
  region size 1024K, 5 young (5120K), 5 survivors (5120K)
 Metaspace       used 32155K, capacity 32909K, committed 33200K, reserved 1077248K
  class space    used 4235K, capacity 4515K, committed 4608K, reserved 1048576K
}
Event: 14.694 GC heap before
{Heap before GC invocations=7 (full 0):
 garbage-first heap   total 131072K, used 26580K [0x0000000080000000, 0x0000000100000000)
  region size 1024K, 11 young (11264K), 5 survivors (5120K)
 Metaspace       used 34990K, capacity 35758K, committed 35920K, reserved 1081344K
  class space    used 4481K, capacity 4784K, committed 4864K, reserved 1048576K
}
Event: 14.705 GC heap after
{Heap after GC invocations=8 (full 0):
 garbage-first heap   total 131072K, used 22666K [0x0000000080000000, 0x0000000100000000)
  region size 1024K, 4 young (4096K), 4 survivors (4096K)
 Metaspace       used 34990K, capacity 35758K, committed 35920K, reserved 1081344K
  class space    used 4481K, capacity 4784K, committed 4864K, reserved 1048576K
}
Event: 15.821 GC heap before
{Heap before GC invocations=9 (full 0):
 garbage-first heap   total 131072K, used 75914K [0x0000000080000000, 0x0000000100000000)
  region size 1024K, 54 young (55296K), 4 survivors (4096K)
 Metaspace       used 39284K, capacity 40147K, committed 40272K, reserved 1085440K
  class space    used 4939K, capacity 5261K, committed 5376K, reserved 1048576K
}
Event: 15.832 GC heap after
{Heap after GC invocations=10 (full 0):
 garbage-first heap   total 131072K, used 26543K [0x0000000080000000, 0x0000000100000000)
  region size 1024K, 7 young (7168K), 7 survivors (7168K)
 Metaspace       used 39284K, capacity 40147K, committed 40272K, reserved 1085440K
  class space    used 4939K, capacity 5261K, committed 5376K, reserved 1048576K
}
Event: 17.025 GC heap before
{Heap before GC invocations=10 (full 0):
 garbage-first heap   total 131072K, used 79791K [0x0000000080000000, 0x0000000100000000)
  region size 1024K, 59 young (60416K), 7 survivors (7168K)
 Metaspace       used 44287K, capacity 45339K, committed 45520K, reserved 1089536K
  class space    used 5567K, capacity 5957K, committed 6016K, reserved 1048576K
}
Event: 17.044 GC heap after
{Heap after GC invocations=11 (full 0):
 garbage-first heap   total 131072K, used 29765K [0x0000000080000000, 0x0000000100000000)
  region size 1024K, 7 young (7168K), 7 survivors (7168K)
 Metaspace       used 44287K, capacity 45339K, committed 45520K, reserved 1089536K
  class space    used 5567K, capacity 5957K, committed 6016K, reserved 1048576K
}
Event: 18.125 GC heap before
{Heap before GC invocations=11 (full 0):
 garbage-first heap   total 131072K, used 84037K [0x0000000080000000, 0x0000000100000000)
  region size 1024K, 60 young (61440K), 7 survivors (7168K)
 Metaspace       used 48097K, capacity 49234K, committed 49360K, reserved 1091584K
  class space    used 6076K, capacity 6512K, committed 6528K, reserved 1048576K
}
Event: 18.138 GC heap after
{Heap after GC invocations=12 (full 0):
 garbage-first heap   total 131072K, used 32673K [0x0000000080000000, 0x0000000100000000)
  region size 1024K, 6 young (6144K), 6 survivors (6144K)
 Metaspace       used 48097K, capacity 49234K, committed 49360K, reserved 1091584K
  class space    used 6076K, capacity 6512K, committed 6528K, reserved 1048576K
}

Deoptimization events (20 events):
Event: 18.806 Thread 0x000001b77047c800 DEOPT PACKING pc=0x000001b758c65871 sp=0x0000004d101f9a20
Event: 18.806 Thread 0x000001b77047c800 DEOPT UNPACKING pc=0x000001b757eda95e sp=0x0000004d101f8f18 mode 0
Event: 18.922 Thread 0x000001b77047c800 Uncommon trap: trap_request=0xffffff4d fr.pc=0x000001b75f9ad4d8 relative=0x0000000000000578
Event: 18.922 Thread 0x000001b77047c800 Uncommon trap: reason=unstable_if action=reinterpret pc=0x000001b75f9ad4d8 method=java.util.jar.Manifest$FastInputStream.readLine([BII)I @ 130 c2
Event: 18.922 Thread 0x000001b77047c800 DEOPT PACKING pc=0x000001b75f9ad4d8 sp=0x0000004d101f7e20
Event: 18.922 Thread 0x000001b77047c800 DEOPT UNPACKING pc=0x000001b757eda1af sp=0x0000004d101f7db0 mode 2
Event: 18.961 Thread 0x000001b77047c800 DEOPT PACKING pc=0x000001b758ec7d84 sp=0x0000004d101f1120
Event: 18.961 Thread 0x000001b77047c800 DEOPT UNPACKING pc=0x000001b757eda95e sp=0x0000004d101f06f8 mode 0
Event: 18.978 Thread 0x000001b77047c800 DEOPT PACKING pc=0x000001b758ec7d84 sp=0x0000004d101f1120
Event: 18.978 Thread 0x000001b77047c800 DEOPT UNPACKING pc=0x000001b757eda95e sp=0x0000004d101f06f8 mode 0
Event: 18.994 Thread 0x000001b77047c800 DEOPT PACKING pc=0x000001b758ec7d84 sp=0x0000004d101f1150
Event: 18.994 Thread 0x000001b77047c800 DEOPT UNPACKING pc=0x000001b757eda95e sp=0x0000004d101f0728 mode 0
Event: 19.007 Thread 0x000001b77047c800 DEOPT PACKING pc=0x000001b758ec7d84 sp=0x0000004d101f10b0
Event: 19.007 Thread 0x000001b77047c800 DEOPT UNPACKING pc=0x000001b757eda95e sp=0x0000004d101f0688 mode 0
Event: 19.020 Thread 0x000001b77047c800 DEOPT PACKING pc=0x000001b758ec7d84 sp=0x0000004d101f10b0
Event: 19.020 Thread 0x000001b77047c800 DEOPT UNPACKING pc=0x000001b757eda95e sp=0x0000004d101f0688 mode 0
Event: 19.036 Thread 0x000001b77047c800 DEOPT PACKING pc=0x000001b758ec7d84 sp=0x0000004d101f10b0
Event: 19.036 Thread 0x000001b77047c800 DEOPT UNPACKING pc=0x000001b757eda95e sp=0x0000004d101f0688 mode 0
Event: 19.043 Thread 0x000001b77047c800 DEOPT PACKING pc=0x000001b758ec7d84 sp=0x0000004d101f10b0
Event: 19.044 Thread 0x000001b77047c800 DEOPT UNPACKING pc=0x000001b757eda95e sp=0x0000004d101f0688 mode 0

Classes redefined (0 events):
No events

Internal exceptions (20 events):
Event: 18.972 Thread 0x000001b77047c800 Exception <a 'java/security/PrivilegedActionException'{0x0000000086265b38}> (0x0000000086265b38) thrown at [./src/hotspot/share/prims/jvm.cpp, line 1306]
Event: 18.972 Thread 0x000001b77047c800 Exception <a 'java/security/PrivilegedActionException'{0x0000000086266df8}> (0x0000000086266df8) thrown at [./src/hotspot/share/prims/jvm.cpp, line 1306]
Event: 18.973 Thread 0x000001b77047c800 Exception <a 'java/security/PrivilegedActionException'{0x0000000086269ab0}> (0x0000000086269ab0) thrown at [./src/hotspot/share/prims/jvm.cpp, line 1306]
Event: 18.973 Thread 0x000001b77047c800 Exception <a 'java/security/PrivilegedActionException'{0x000000008626ad70}> (0x000000008626ad70) thrown at [./src/hotspot/share/prims/jvm.cpp, line 1306]
Event: 18.973 Thread 0x000001b77047c800 Exception <a 'java/security/PrivilegedActionException'{0x000000008626d998}> (0x000000008626d998) thrown at [./src/hotspot/share/prims/jvm.cpp, line 1306]
Event: 18.973 Thread 0x000001b77047c800 Exception <a 'java/security/PrivilegedActionException'{0x000000008626ec58}> (0x000000008626ec58) thrown at [./src/hotspot/share/prims/jvm.cpp, line 1306]
Event: 18.988 Thread 0x000001b77047c800 Exception <a 'java/security/PrivilegedActionException'{0x000000008617e108}> (0x000000008617e108) thrown at [./src/hotspot/share/prims/jvm.cpp, line 1306]
Event: 18.988 Thread 0x000001b77047c800 Exception <a 'java/security/PrivilegedActionException'{0x000000008617f3c8}> (0x000000008617f3c8) thrown at [./src/hotspot/share/prims/jvm.cpp, line 1306]
Event: 18.989 Thread 0x000001b77047c800 Exception <a 'java/security/PrivilegedActionException'{0x0000000086181ff0}> (0x0000000086181ff0) thrown at [./src/hotspot/share/prims/jvm.cpp, line 1306]
Event: 18.989 Thread 0x000001b77047c800 Exception <a 'java/security/PrivilegedActionException'{0x00000000861835b0}> (0x00000000861835b0) thrown at [./src/hotspot/share/prims/jvm.cpp, line 1306]
Event: 18.989 Thread 0x000001b77047c800 Exception <a 'java/security/PrivilegedActionException'{0x0000000086186290}> (0x0000000086186290) thrown at [./src/hotspot/share/prims/jvm.cpp, line 1306]
Event: 18.989 Thread 0x000001b77047c800 Exception <a 'java/security/PrivilegedActionException'{0x0000000086187550}> (0x0000000086187550) thrown at [./src/hotspot/share/prims/jvm.cpp, line 1306]
Event: 18.989 Thread 0x000001b77047c800 Exception <a 'java/security/PrivilegedActionException'{0x000000008618a190}> (0x000000008618a190) thrown at [./src/hotspot/share/prims/jvm.cpp, line 1306]
Event: 18.989 Thread 0x000001b77047c800 Exception <a 'java/security/PrivilegedActionException'{0x000000008618b450}> (0x000000008618b450) thrown at [./src/hotspot/share/prims/jvm.cpp, line 1306]
Event: 18.989 Thread 0x000001b77047c800 Exception <a 'java/security/PrivilegedActionException'{0x000000008618e0d0}> (0x000000008618e0d0) thrown at [./src/hotspot/share/prims/jvm.cpp, line 1306]
Event: 18.989 Thread 0x000001b77047c800 Exception <a 'java/security/PrivilegedActionException'{0x000000008618f390}> (0x000000008618f390) thrown at [./src/hotspot/share/prims/jvm.cpp, line 1306]
Event: 18.989 Thread 0x000001b77047c800 Exception <a 'java/security/PrivilegedActionException'{0x0000000086192070}> (0x0000000086192070) thrown at [./src/hotspot/share/prims/jvm.cpp, line 1306]
Event: 18.990 Thread 0x000001b77047c800 Exception <a 'java/security/PrivilegedActionException'{0x0000000086193330}> (0x0000000086193330) thrown at [./src/hotspot/share/prims/jvm.cpp, line 1306]
Event: 19.062 Thread 0x000001b77047c800 Exception <a 'java/lang/ClassNotFoundException'{0x0000000085b8be90}: org/gradle/api/internal/plugins/DefaultObjectConfigurationActionBeanInfo> (0x0000000085b8be90) thrown at [./src/hotspot/share/classfile/systemDictionary.cpp, line 231]
Event: 19.064 Thread 0x000001b77047c800 Exception <a 'java/lang/ClassNotFoundException'{0x0000000085bc27f8}: org/gradle/api/internal/plugins/DefaultObjectConfigurationActionCustomizer> (0x0000000085bc27f8) thrown at [./src/hotspot/share/classfile/systemDictionary.cpp, line 231]

Events (20 events):
Event: 19.121 loading class com/google/common/collect/RegularImmutableList
Event: 19.121 loading class com/google/common/collect/RegularImmutableList done
Event: 19.122 loading class com/google/common/collect/ObjectArrays
Event: 19.122 loading class com/google/common/collect/ObjectArrays done
Event: 19.123 loading class org/gradle/api/invocation/Gradle
Event: 19.123 loading class org/gradle/api/invocation/Gradle done
Event: 19.124 loading class com/android/build/gradle/AppPluginKt
Event: 19.124 loading class com/android/build/gradle/AppPluginKt done
Event: 19.127 loading class com/android/build/gradle/internal/plugins/AppPlugin
Event: 19.127 loading class com/android/build/gradle/internal/plugins/AppPlugin done
Event: 19.128 loading class com/android/build/gradle/internal/plugins/AbstractAppPlugin
Event: 19.128 loading class com/android/build/gradle/internal/plugins/AbstractAppPlugin done
Event: 19.129 loading class com/android/build/gradle/internal/plugins/BasePlugin
Event: 19.129 loading class com/android/build/gradle/internal/plugins/BasePlugin done
Event: 19.131 loading class com/android/build/gradle/internal/plugins/AppPlugin$ApplicationAndroidComponentsExtensionImplCompat
Event: 19.131 loading class com/android/build/gradle/internal/plugins/AppPlugin$ApplicationAndroidComponentsExtensionImplCompat done
Event: 19.131 loading class com/android/build/api/variant/AndroidComponentsExtension
Event: 19.132 loading class com/android/build/api/variant/AndroidComponentsExtension done
Event: 19.133 loading class com/android/build/api/variant/DslLifecycle
Event: 19.133 loading class com/android/build/api/variant/DslLifecycle done


Dynamic libraries:
0x00007ff6697d0000 - 0x00007ff6697da000 	C:\Program Files\Android\Android Studio\jre\bin\java.exe
0x00007ff8d1870000 - 0x00007ff8d1a68000 	C:\WINDOWS\SYSTEM32\ntdll.dll
0x00007ff8d0380000 - 0x00007ff8d043f000 	C:\WINDOWS\System32\KERNEL32.DLL
0x00007ff8cf4c0000 - 0x00007ff8cf792000 	C:\WINDOWS\System32\KERNELBASE.dll
0x00007ff8cf390000 - 0x00007ff8cf490000 	C:\WINDOWS\System32\ucrtbase.dll
0x00007ff8caac0000 - 0x00007ff8caad9000 	C:\Program Files\Android\Android Studio\jre\bin\jli.dll
0x00007ff8cfc80000 - 0x00007ff8cfe21000 	C:\WINDOWS\System32\USER32.dll
0x00007ff8cf170000 - 0x00007ff8cf192000 	C:\WINDOWS\System32\win32u.dll
0x00007ff8d0d20000 - 0x00007ff8d0d4b000 	C:\WINDOWS\System32\GDI32.dll
0x00007ff8cf1f0000 - 0x00007ff8cf2ff000 	C:\WINDOWS\System32\gdi32full.dll
0x00007ff8cf7a0000 - 0x00007ff8cf83d000 	C:\WINDOWS\System32\msvcp_win.dll
0x00007ff8caae0000 - 0x00007ff8caaf7000 	C:\Program Files\Android\Android Studio\jre\bin\VCRUNTIME140.dll
0x00007ff8bd7a0000 - 0x00007ff8bda3a000 	C:\WINDOWS\WinSxS\amd64_microsoft.windows.common-controls_6595b64144ccf1df_6.0.19041.1110_none_60b5254171f9507e\COMCTL32.dll
0x00007ff8d1190000 - 0x00007ff8d122e000 	C:\WINDOWS\System32\msvcrt.dll
0x00007ff8cfc40000 - 0x00007ff8cfc72000 	C:\WINDOWS\System32\IMM32.DLL
0x00007ff8bcfb0000 - 0x00007ff8bd04d000 	C:\Program Files\Android\Android Studio\jre\bin\msvcp140.dll
0x00007ff864610000 - 0x00007ff865112000 	C:\Program Files\Android\Android Studio\jre\bin\server\jvm.dll
0x00007ff8d10e0000 - 0x00007ff8d118e000 	C:\WINDOWS\System32\ADVAPI32.dll
0x00007ff8d0c80000 - 0x00007ff8d0d1c000 	C:\WINDOWS\System32\sechost.dll
0x00007ff8d16a0000 - 0x00007ff8d17c5000 	C:\WINDOWS\System32\RPCRT4.dll
0x00007ff8cfe60000 - 0x00007ff8cfe68000 	C:\WINDOWS\System32\PSAPI.DLL
0x00007ff8c8280000 - 0x00007ff8c8289000 	C:\WINDOWS\SYSTEM32\WSOCK32.dll
0x00007ff8d01d0000 - 0x00007ff8d023b000 	C:\WINDOWS\System32\WS2_32.dll
0x00007ff8c0190000 - 0x00007ff8c01b7000 	C:\WINDOWS\SYSTEM32\WINMM.dll
0x00007ff8c9eb0000 - 0x00007ff8c9eba000 	C:\WINDOWS\SYSTEM32\VERSION.dll
0x00007ff8cce40000 - 0x00007ff8cce52000 	C:\WINDOWS\SYSTEM32\kernel.appcore.dll
0x00007ff8c7290000 - 0x00007ff8c72a1000 	C:\Program Files\Android\Android Studio\jre\bin\verify.dll
0x00007ff8bb090000 - 0x00007ff8bb274000 	C:\WINDOWS\SYSTEM32\DBGHELP.DLL
0x00007ff8bad60000 - 0x00007ff8bad95000 	C:\WINDOWS\SYSTEM32\dbgcore.DLL
0x00007ff8cf300000 - 0x00007ff8cf382000 	C:\WINDOWS\System32\bcryptPrimitives.dll
0x00007ff8b5500000 - 0x00007ff8b5529000 	C:\Program Files\Android\Android Studio\jre\bin\java.dll
0x00007ff8cc770000 - 0x00007ff8cc77b000 	C:\Program Files\Android\Android Studio\jre\bin\jimage.dll
0x00007ff8c6f60000 - 0x00007ff8c6f78000 	C:\Program Files\Android\Android Studio\jre\bin\zip.dll
0x00007ff8d0530000 - 0x00007ff8d0c74000 	C:\WINDOWS\System32\SHELL32.dll
0x00007ff8cd040000 - 0x00007ff8cd7d2000 	C:\WINDOWS\SYSTEM32\windows.storage.dll
0x00007ff8cfe70000 - 0x00007ff8d01c5000 	C:\WINDOWS\System32\combase.dll
0x00007ff8ce8e0000 - 0x00007ff8ce910000 	C:\WINDOWS\SYSTEM32\Wldp.dll
0x00007ff8d0f10000 - 0x00007ff8d0fbd000 	C:\WINDOWS\System32\SHCORE.dll
0x00007ff8d0240000 - 0x00007ff8d0295000 	C:\WINDOWS\System32\shlwapi.dll
0x00007ff8ceea0000 - 0x00007ff8ceebf000 	C:\WINDOWS\SYSTEM32\profapi.dll
0x00007ff8b5cc0000 - 0x00007ff8b5cda000 	C:\Program Files\Android\Android Studio\jre\bin\net.dll
0x00007ff8c8ab0000 - 0x00007ff8c8bbc000 	C:\WINDOWS\SYSTEM32\WINHTTP.dll
0x00007ff8ce640000 - 0x00007ff8ce6aa000 	C:\WINDOWS\system32\mswsock.dll
0x00007ff8b52d0000 - 0x00007ff8b52e4000 	C:\Program Files\Android\Android Studio\jre\bin\nio.dll
0x00007ff8b4ff0000 - 0x00007ff8b5017000 	C:\Users\lenovo\.gradle\native\e1d6ef7f7dcc3fd88c89a11ec53ec762bb8ba0a96d01ffa2cd45eb1d1d8dd5c5\windows-amd64\native-platform.dll
0x00007ff8a5a10000 - 0x00007ff8a5b54000 	C:\Users\lenovo\.gradle\native\0d407fdbe67a94daf76414ababcb853783967236a71b16ec16e742cd7a986fd3\windows-amd64\native-platform-file-events.dll
0x00007ff8cc750000 - 0x00007ff8cc75a000 	C:\Program Files\Android\Android Studio\jre\bin\management.dll
0x00007ff8c7280000 - 0x00007ff8c728d000 	C:\Program Files\Android\Android Studio\jre\bin\management_ext.dll
0x00007ff8ce840000 - 0x00007ff8ce858000 	C:\WINDOWS\SYSTEM32\CRYPTSP.dll
0x00007ff8cdf60000 - 0x00007ff8cdf94000 	C:\WINDOWS\system32\rsaenh.dll
0x00007ff8cf490000 - 0x00007ff8cf4b7000 	C:\WINDOWS\System32\bcrypt.dll
0x00007ff8cee60000 - 0x00007ff8cee8e000 	C:\WINDOWS\SYSTEM32\USERENV.dll
0x00007ff8ce830000 - 0x00007ff8ce83c000 	C:\WINDOWS\SYSTEM32\CRYPTBASE.dll
0x00007ff8ce330000 - 0x00007ff8ce36b000 	C:\WINDOWS\SYSTEM32\IPHLPAPI.DLL
0x00007ff8d0520000 - 0x00007ff8d0528000 	C:\WINDOWS\System32\NSI.dll
0x00007ff8c9a10000 - 0x00007ff8c9a27000 	C:\WINDOWS\SYSTEM32\dhcpcsvc6.DLL
0x00007ff8c99f0000 - 0x00007ff8c9a0d000 	C:\WINDOWS\SYSTEM32\dhcpcsvc.DLL
0x00007ff8ce370000 - 0x00007ff8ce43a000 	C:\WINDOWS\SYSTEM32\DNSAPI.dll

dbghelp: loaded successfully - version: 4.0.5 - missing functions: none
symbol engine: initialized successfully - sym options: 0x614 - pdb path: .;C:\Program Files\Android\Android Studio\jre\bin;C:\WINDOWS\SYSTEM32;C:\WINDOWS\WinSxS\amd64_microsoft.windows.common-controls_6595b64144ccf1df_6.0.19041.1110_none_60b5254171f9507e;C:\Program Files\Android\Android Studio\jre\bin\server;C:\Users\lenovo\.gradle\native\e1d6ef7f7dcc3fd88c89a11ec53ec762bb8ba0a96d01ffa2cd45eb1d1d8dd5c5\windows-amd64;C:\Users\lenovo\.gradle\native\0d407fdbe67a94daf76414ababcb853783967236a71b16ec16e742cd7a986fd3\windows-amd64

VM Arguments:
jvm_args: --add-opens=java.base/java.util=ALL-UNNAMED --add-opens=java.base/java.lang=ALL-UNNAMED --add-opens=java.base/java.lang.invoke=ALL-UNNAMED --add-opens=java.base/java.util=ALL-UNNAMED --add-opens=java.prefs/java.util.prefs=ALL-UNNAMED --add-opens=java.prefs/java.util.prefs=ALL-UNNAMED --add-opens=java.base/java.nio.charset=ALL-UNNAMED --add-opens=java.base/java.net=ALL-UNNAMED --add-opens=java.base/java.util.concurrent.atomic=ALL-UNNAMED -Xmx2048m -Dfile.encoding=UTF-8 -Duser.country=US -Duser.language=en -Duser.variant 
java_command: org.gradle.launcher.daemon.bootstrap.GradleDaemon 7.4
java_class_path (initial): C:\Users\lenovo\.gradle\wrapper\dists\gradle-7.4-bin\c0gwcg53nkjbqw7r0h0umtfvt\gradle-7.4\lib\gradle-launcher-7.4.jar
Launcher Type: SUN_STANDARD

[Global flags]
     intx CICompilerCount                          = 3                                         {product} {ergonomic}
     uint ConcGCThreads                            = 1                                         {product} {ergonomic}
     uint G1ConcRefinementThreads                  = 4                                         {product} {ergonomic}
   size_t G1HeapRegionSize                         = 1048576                                   {product} {ergonomic}
    uintx GCDrainStackTargetSize                   = 64                                        {product} {ergonomic}
   size_t InitialHeapSize                          = 134217728                                 {product} {ergonomic}
   size_t MarkStackSize                            = 4194304                                   {product} {ergonomic}
   size_t MaxHeapSize                              = 2147483648                                {product} {command line}
   size_t MaxNewSize                               = 1287651328                                {product} {ergonomic}
   size_t MinHeapDeltaBytes                        = 1048576                                   {product} {ergonomic}
    uintx NonNMethodCodeHeapSize                   = 5830732                                {pd product} {ergonomic}
    uintx NonProfiledCodeHeapSize                  = 122913754                              {pd product} {ergonomic}
    uintx ProfiledCodeHeapSize                     = 122913754                              {pd product} {ergonomic}
    uintx ReservedCodeCacheSize                    = 251658240                              {pd product} {ergonomic}
     bool SegmentedCodeCache                       = true                                      {product} {ergonomic}
     bool UseCompressedClassPointers               = true                                 {lp64_product} {ergonomic}
     bool UseCompressedOops                        = true                                 {lp64_product} {ergonomic}
     bool UseG1GC                                  = true                                      {product} {ergonomic}
     bool UseLargePagesIndividualAllocation        = false                                  {pd product} {ergonomic}

Logging:
Log output configuration:
 #0: stdout all=warning uptime,level,tags
 #1: stderr all=off uptime,level,tags

Environment Variables:
PATH=C:\WINDOWS\system32;C:\WINDOWS;C:\WINDOWS\System32\Wbem;C:\WINDOWS\System32\WindowsPowerShell\v1.0\;C:\WINDOWS\System32\OpenSSH\;C:\Program Files (x86)\NVIDIA Corporation\PhysX\Common;C:\Program Files\NVIDIA Corporation\NVIDIA NvDLISR;C:\Program Files\Git\cmd;C:\Users\lenovo\AppData\Local\Microsoft\WindowsApps
USERNAME=user
OS=Windows_NT
PROCESSOR_IDENTIFIER=Intel64 Family 6 Model 58 Stepping 9, GenuineIntel



---------------  S Y S T E M  ---------------

OS: Windows 10 , 64 bit Build 19041 (10.0.19041.2364)
OS uptime: 0 days 1:44 hours

CPU:total 4 (initial active 4) (2 cores per cpu, 2 threads per core) family 6 model 58 stepping 9 microcode 0x21, cmov, cx8, fxsr, mmx, sse, sse2, sse3, ssse3, sse4.1, sse4.2, popcnt, avx, clmul, erms, ht, tsc, tscinvbit, tscinv

Memory: 4k page, system-wide physical 8122M (2298M free)
TotalPageFile size 8248M (AvailPageFile size 5M)
current process WorkingSet (physical memory assigned to process): 279M, peak: 279M
current process commit charge ("private bytes"): 336M, peak: 336M

vm_info: OpenJDK 64-Bit Server VM (11.0.13+0-b1751.21-8125866) for windows-amd64 JRE (11.0.13+0-b1751.21-8125866), built on Feb  2 2022 03:00:22 by "builder" with MS VC++ 14.0 (VS2015)

END.
