#
# There is insufficient memory for the Java Runtime Environment to continue.
# Native memory allocation (mmap) failed to map 119537664 bytes for Failed to commit area from 0x0000000094e00000 to 0x000000009c000000 of length 119537664.
# Possible reasons:
#   The system is out of physical RAM or swap space
#   The process is running with CompressedOops enabled, and the Java Heap may be blocking the growth of the native heap
# Possible solutions:
#   Reduce memory load on the system
#   Increase physical memory or swap space
#   Check if swap backing store is full
#   Decrease Java heap size (-Xmx/-Xms)
#   Decrease number of Java threads
#   Decrease Java thread stack sizes (-Xss)
#   Set larger code cache with -XX:ReservedCodeCacheSize=
#   JVM is running with Unscaled Compressed Oops mode in which the Java heap is
#     placed in the first 4GB address space. The Java Heap base address is the
#     maximum limit for the native heap growth. Please use -XX:HeapBaseMinAddress
#     to set the Java Heap base and to place the Java Heap above 4GB virtual address.
# This output file may be truncated or incomplete.
#
#  Out of Memory Error (./src/hotspot/os/windows/os_windows.cpp:3619), pid=12680, tid=10100
#
# JRE version: OpenJDK Runtime Environment (11.0.13) (build 11.0.13+0-b1751.21-8125866)
# Java VM: OpenJDK 64-Bit Server VM (11.0.13+0-b1751.21-8125866, mixed mode, tiered, compressed oops, g1 gc, windows-amd64)
# No core dump will be written. Minidumps are not enabled by default on client versions of Windows
#

---------------  S U M M A R Y ------------

Command Line: --add-opens=java.base/java.util=ALL-UNNAMED --add-opens=java.base/java.lang=ALL-UNNAMED --add-opens=java.base/java.lang.invoke=ALL-UNNAMED --add-opens=java.base/java.util=ALL-UNNAMED --add-opens=java.prefs/java.util.prefs=ALL-UNNAMED --add-opens=java.prefs/java.util.prefs=ALL-UNNAMED --add-opens=java.base/java.nio.charset=ALL-UNNAMED --add-opens=java.base/java.net=ALL-UNNAMED --add-opens=java.base/java.util.concurrent.atomic=ALL-UNNAMED -Xmx2048m -Dfile.encoding=UTF-8 -Duser.country=US -Duser.language=en -Duser.variant org.gradle.launcher.daemon.bootstrap.GradleDaemon 7.4

Host: Intel(R) Core(TM) i3-3240 CPU @ 3.40GHz, 4 cores, 7G,  Windows 10 , 64 bit Build 19041 (10.0.19041.2364)
Time: Wed Jan  4 13:50:58 2023 India Standard Time elapsed time: 38.387495 seconds (0d 0h 0m 38s)

---------------  T H R E A D  ---------------

Current thread (0x00000181bea87000):  VMThread "VM Thread" [stack: 0x0000006e17b00000,0x0000006e17c00000] [id=10100]

Stack: [0x0000006e17b00000,0x0000006e17c00000]
[error occurred during error reporting (printing stack bounds), id 0xc0000005, EXCEPTION_ACCESS_VIOLATION (0xc0000005) at pc=0x00000181a81f112d]

Native frames: (J=compiled Java code, j=interpreted, Vv=VM code, C=native code)
V  [jvm.dll+0x6100fa]
V  [jvm.dll+0x747090]
V  [jvm.dll+0x7486ad]
V  [jvm.dll+0x748ce5]
V  [jvm.dll+0x748c9b]
V  [jvm.dll+0x60f224]
V  [jvm.dll+0x60f9b8]
C  [ntdll.dll+0xa241f]
C  [ntdll.dll+0x514a4]
C  [ntdll.dll+0xa0f4e]
C  0x00000181a81f112d

VM_Operation (0x0000006e1d1f6e00): G1CollectForAllocation, mode: safepoint, requested by thread 0x00000181c5129800


---------------  P R O C E S S  ---------------

Threads class SMR info:
_java_thread_list=0x00000181c987b580, length=86, elements={
0x00000181a46ab800, 0x00000181bea8b800, 0x00000181bea8f800, 0x00000181bf432800,
0x00000181beaa9800, 0x00000181beaab000, 0x00000181beab6800, 0x00000181beab7800,
0x00000181beabb800, 0x00000181bf57d800, 0x00000181c0137800, 0x00000181c01e3800,
0x00000181c0309000, 0x00000181c01a6000, 0x00000181c0d33800, 0x00000181c0463800,
0x00000181c0c00000, 0x00000181c130d800, 0x00000181c1920800, 0x00000181c2179000,
0x00000181c190f800, 0x00000181c1912800, 0x00000181c1910000, 0x00000181c1911000,
0x00000181c190d000, 0x00000181c1912000, 0x00000181c1913800, 0x00000181c190d800,
0x00000181c190e800, 0x00000181c0366000, 0x00000181c0362000, 0x00000181c0363000,
0x00000181c0363800, 0x00000181c0364800, 0x00000181c0360800, 0x00000181c0367000,
0x00000181c0361000, 0x00000181c036a000, 0x00000181c036d800, 0x00000181c0368800,
0x00000181c0369800, 0x00000181c036b000, 0x00000181c0367800, 0x00000181c036c000,
0x00000181c036c800, 0x00000181c036f000, 0x00000181c036e800, 0x00000181c1ce6800,
0x00000181c1ce5000, 0x00000181c1ce5800, 0x00000181c1cea800, 0x00000181c1ce8000,
0x00000181c1ceb800, 0x00000181c1cec800, 0x00000181c1ced000, 0x00000181c1ce9000,
0x00000181c1cea000, 0x00000181c1ce7800, 0x00000181c1cef800, 0x00000181c1cee800,
0x00000181c1cf0800, 0x00000181c1cf3000, 0x00000181c1cf3800, 0x00000181c1cee000,
0x00000181c1cf1000, 0x00000181c1cf2000, 0x00000181c511f000, 0x00000181c511d000,
0x00000181c511f800, 0x00000181c5122000, 0x00000181c5123800, 0x00000181c5120800,
0x00000181c5123000, 0x00000181c511e000, 0x00000181c5125800, 0x00000181c5126000,
0x00000181c5121800, 0x00000181c5124800, 0x00000181c5128000, 0x00000181c512b000,
0x00000181c512a800, 0x00000181c5129800, 0x00000181c512c000, 0x00000181c5128800,
0x00000181c5127000, 0x00000181c1fe9800
}

Java Threads: ( => current thread )
  0x00000181a46ab800 JavaThread "main" [_thread_blocked, id=1772, stack(0x0000006e17500000,0x0000006e17600000)]
  0x00000181bea8b800 JavaThread "Reference Handler" daemon [_thread_blocked, id=5304, stack(0x0000006e17c00000,0x0000006e17d00000)]
  0x00000181bea8f800 JavaThread "Finalizer" daemon [_thread_blocked, id=7796, stack(0x0000006e17d00000,0x0000006e17e00000)]
  0x00000181bf432800 JavaThread "Signal Dispatcher" daemon [_thread_blocked, id=1360, stack(0x0000006e17e00000,0x0000006e17f00000)]
  0x00000181beaa9800 JavaThread "Attach Listener" daemon [_thread_blocked, id=13128, stack(0x0000006e17f00000,0x0000006e18000000)]
  0x00000181beaab000 JavaThread "Service Thread" daemon [_thread_blocked, id=6204, stack(0x0000006e18000000,0x0000006e18100000)]
  0x00000181beab6800 JavaThread "C2 CompilerThread0" daemon [_thread_blocked, id=5360, stack(0x0000006e18100000,0x0000006e18200000)]
  0x00000181beab7800 JavaThread "C1 CompilerThread0" daemon [_thread_blocked, id=11284, stack(0x0000006e18200000,0x0000006e18300000)]
  0x00000181beabb800 JavaThread "Sweeper thread" daemon [_thread_blocked, id=6620, stack(0x0000006e18300000,0x0000006e18400000)]
  0x00000181bf57d800 JavaThread "Common-Cleaner" daemon [_thread_blocked, id=6212, stack(0x0000006e18400000,0x0000006e18500000)]
  0x00000181c0137800 JavaThread "Daemon health stats" [_thread_blocked, id=12276, stack(0x0000006e18900000,0x0000006e18a00000)]
  0x00000181c01e3800 JavaThread "Incoming local TCP Connector on port 59961" [_thread_in_native, id=10876, stack(0x0000006e18600000,0x0000006e18700000)]
  0x00000181c0309000 JavaThread "Daemon periodic checks" [_thread_blocked, id=3400, stack(0x0000006e18a00000,0x0000006e18b00000)]
  0x00000181c01a6000 JavaThread "Daemon" [_thread_blocked, id=10744, stack(0x0000006e18b00000,0x0000006e18c00000)]
  0x00000181c0d33800 JavaThread "Handler for socket connection from /127.0.0.1:59961 to /127.0.0.1:59962" [_thread_in_native, id=9104, stack(0x0000006e18c00000,0x0000006e18d00000)]
  0x00000181c0463800 JavaThread "Cancel handler" [_thread_blocked, id=12712, stack(0x0000006e18d00000,0x0000006e18e00000)]
  0x00000181c0c00000 JavaThread "Daemon worker" [_thread_blocked, id=8680, stack(0x0000006e18e00000,0x0000006e18f00000)]
  0x00000181c130d800 JavaThread "Asynchronous log dispatcher for DefaultDaemonConnection: socket connection from /127.0.0.1:59961 to /127.0.0.1:59962" [_thread_blocked, id=7736, stack(0x0000006e18f00000,0x0000006e19000000)]
  0x00000181c1920800 JavaThread "Stdin handler" [_thread_blocked, id=2036, stack(0x0000006e19000000,0x0000006e19100000)]
  0x00000181c2179000 JavaThread "Daemon client event forwarder" [_thread_blocked, id=120, stack(0x0000006e19100000,0x0000006e19200000)]
  0x00000181c190f800 JavaThread "Cache worker for journal cache (C:\Users\lenovo\.gradle\caches\journal-1)" [_thread_blocked, id=3932, stack(0x0000006e19300000,0x0000006e19400000)]
  0x00000181c1912800 JavaThread "File lock request listener" [_thread_in_native, id=6188, stack(0x0000006e19400000,0x0000006e19500000)]
  0x00000181c1910000 JavaThread "Cache worker for file hash cache (C:\Users\lenovo\.gradle\caches\7.4\fileHashes)" [_thread_blocked, id=11444, stack(0x0000006e19500000,0x0000006e19600000)]
  0x00000181c1911000 JavaThread "File watcher server" daemon [_thread_blocked, id=6472, stack(0x0000006e19700000,0x0000006e19800000)]
  0x00000181c190d000 JavaThread "File watcher consumer" daemon [_thread_blocked, id=12272, stack(0x0000006e19800000,0x0000006e19900000)]
  0x00000181c1912000 JavaThread "Cache worker for checksums cache (D:\AndroidStudioProjects\Figgo_Application_Customer\.gradle\7.4\checksums)" [_thread_blocked, id=2788, stack(0x0000006e19600000,0x0000006e19700000)]
  0x00000181c1913800 JavaThread "Cache worker for cache directory md-rule (C:\Users\lenovo\.gradle\caches\7.4\md-rule)" [_thread_blocked, id=9404, stack(0x0000006e19900000,0x0000006e19a00000)]
  0x00000181c190d800 JavaThread "Cache worker for file hash cache (D:\AndroidStudioProjects\Figgo_Application_Customer\.gradle\7.4\fileHashes)" [_thread_blocked, id=8156, stack(0x0000006e19b00000,0x0000006e19c00000)]
  0x00000181c190e800 JavaThread "Cache worker for cache directory md-supplier (C:\Users\lenovo\.gradle\caches\7.4\md-supplier)" [_thread_blocked, id=12204, stack(0x0000006e19c00000,0x0000006e19d00000)]
  0x00000181c0366000 JavaThread "Cache worker for execution history cache (C:\Users\lenovo\.gradle\caches\7.4\executionHistory)" [_thread_blocked, id=12984, stack(0x0000006e19d00000,0x0000006e19e00000)]
  0x00000181c0362000 JavaThread "jar transforms" [_thread_blocked, id=12936, stack(0x0000006e19e00000,0x0000006e19f00000)]
  0x00000181c0363000 JavaThread "Cache worker for file content cache (C:\Users\lenovo\.gradle\caches\7.4\fileContent)" [_thread_blocked, id=2140, stack(0x0000006e19f00000,0x0000006e1a000000)]
  0x00000181c0363800 JavaThread "jar transforms Thread 2" [_thread_blocked, id=4916, stack(0x0000006e1a000000,0x0000006e1a100000)]
  0x00000181c0364800 JavaThread "Cache worker for dependencies-accessors (D:\AndroidStudioProjects\Figgo_Application_Customer\.gradle\7.4\dependencies-accessors)" [_thread_blocked, id=12664, stack(0x0000006e1a100000,0x0000006e1a200000)]
  0x00000181c0360800 JavaThread "jar transforms Thread 3" [_thread_blocked, id=12852, stack(0x0000006e1a200000,0x0000006e1a300000)]
  0x00000181c0367000 JavaThread "Cache worker for Build Output Cleanup Cache (D:\AndroidStudioProjects\Figgo_Application_Customer\.gradle\buildOutputCleanup)" [_thread_blocked, id=11068, stack(0x0000006e1a300000,0x0000006e1a400000)]
  0x00000181c0361000 JavaThread "Unconstrained build operations" [_thread_blocked, id=9340, stack(0x0000006e1a400000,0x0000006e1a500000)]
  0x00000181c036a000 JavaThread "Unconstrained build operations Thread 2" [_thread_blocked, id=4988, stack(0x0000006e1a500000,0x0000006e1a600000)]
  0x00000181c036d800 JavaThread "Unconstrained build operations Thread 3" [_thread_blocked, id=11904, stack(0x0000006e1a600000,0x0000006e1a700000)]
  0x00000181c0368800 JavaThread "Unconstrained build operations Thread 4" [_thread_blocked, id=9576, stack(0x0000006e1a700000,0x0000006e1a800000)]
  0x00000181c0369800 JavaThread "Unconstrained build operations Thread 5" [_thread_blocked, id=11252, stack(0x0000006e1a800000,0x0000006e1a900000)]
  0x00000181c036b000 JavaThread "Unconstrained build operations Thread 6" [_thread_blocked, id=5500, stack(0x0000006e1a900000,0x0000006e1aa00000)]
  0x00000181c0367800 JavaThread "Unconstrained build operations Thread 7" [_thread_blocked, id=9968, stack(0x0000006e1aa00000,0x0000006e1ab00000)]
  0x00000181c036c000 JavaThread "Unconstrained build operations Thread 8" [_thread_blocked, id=2580, stack(0x0000006e1ab00000,0x0000006e1ac00000)]
  0x00000181c036c800 JavaThread "Unconstrained build operations Thread 9" [_thread_blocked, id=3464, stack(0x0000006e1ac00000,0x0000006e1ad00000)]
  0x00000181c036f000 JavaThread "Unconstrained build operations Thread 10" [_thread_blocked, id=6660, stack(0x0000006e1ad00000,0x0000006e1ae00000)]
  0x00000181c036e800 JavaThread "Unconstrained build operations Thread 11" [_thread_blocked, id=11460, stack(0x0000006e1ae00000,0x0000006e1af00000)]
  0x00000181c1ce6800 JavaThread "Unconstrained build operations Thread 12" [_thread_blocked, id=9652, stack(0x0000006e1af00000,0x0000006e1b000000)]
  0x00000181c1ce5000 JavaThread "Unconstrained build operations Thread 13" [_thread_blocked, id=7060, stack(0x0000006e1b000000,0x0000006e1b100000)]
  0x00000181c1ce5800 JavaThread "Unconstrained build operations Thread 14" [_thread_blocked, id=11436, stack(0x0000006e1b100000,0x0000006e1b200000)]
  0x00000181c1cea800 JavaThread "Unconstrained build operations Thread 15" [_thread_blocked, id=11260, stack(0x0000006e1b200000,0x0000006e1b300000)]
  0x00000181c1ce8000 JavaThread "Unconstrained build operations Thread 16" [_thread_blocked, id=12780, stack(0x0000006e1b300000,0x0000006e1b400000)]
  0x00000181c1ceb800 JavaThread "Unconstrained build operations Thread 17" [_thread_blocked, id=12308, stack(0x0000006e1b400000,0x0000006e1b500000)]
  0x00000181c1cec800 JavaThread "Unconstrained build operations Thread 18" [_thread_blocked, id=12320, stack(0x0000006e1b500000,0x0000006e1b600000)]
  0x00000181c1ced000 JavaThread "Unconstrained build operations Thread 19" [_thread_blocked, id=12492, stack(0x0000006e1b600000,0x0000006e1b700000)]
  0x00000181c1ce9000 JavaThread "Unconstrained build operations Thread 20" [_thread_blocked, id=12516, stack(0x0000006e1b700000,0x0000006e1b800000)]
  0x00000181c1cea000 JavaThread "Unconstrained build operations Thread 21" [_thread_blocked, id=12004, stack(0x0000006e1b800000,0x0000006e1b900000)]
  0x00000181c1ce7800 JavaThread "Unconstrained build operations Thread 22" [_thread_blocked, id=12532, stack(0x0000006e1b900000,0x0000006e1ba00000)]
  0x00000181c1cef800 JavaThread "Unconstrained build operations Thread 23" [_thread_blocked, id=12976, stack(0x0000006e1ba00000,0x0000006e1bb00000)]
  0x00000181c1cee800 JavaThread "Unconstrained build operations Thread 24" [_thread_blocked, id=7956, stack(0x0000006e1bb00000,0x0000006e1bc00000)]
  0x00000181c1cf0800 JavaThread "Unconstrained build operations Thread 25" [_thread_blocked, id=9468, stack(0x0000006e1bc00000,0x0000006e1bd00000)]
  0x00000181c1cf3000 JavaThread "Unconstrained build operations Thread 26" [_thread_blocked, id=7936, stack(0x0000006e1bd00000,0x0000006e1be00000)]
  0x00000181c1cf3800 JavaThread "Unconstrained build operations Thread 27" [_thread_blocked, id=4804, stack(0x0000006e1be00000,0x0000006e1bf00000)]
  0x00000181c1cee000 JavaThread "Unconstrained build operations Thread 28" [_thread_blocked, id=5992, stack(0x0000006e1bf00000,0x0000006e1c000000)]
  0x00000181c1cf1000 JavaThread "Unconstrained build operations Thread 29" [_thread_blocked, id=3496, stack(0x0000006e1c000000,0x0000006e1c100000)]
  0x00000181c1cf2000 JavaThread "Unconstrained build operations Thread 30" [_thread_blocked, id=12520, stack(0x0000006e1c100000,0x0000006e1c200000)]
  0x00000181c511f000 JavaThread "Unconstrained build operations Thread 31" [_thread_blocked, id=8644, stack(0x0000006e1c200000,0x0000006e1c300000)]
  0x00000181c511d000 JavaThread "Unconstrained build operations Thread 32" [_thread_blocked, id=7568, stack(0x0000006e1c300000,0x0000006e1c400000)]
  0x00000181c511f800 JavaThread "Unconstrained build operations Thread 33" [_thread_blocked, id=10176, stack(0x0000006e1c400000,0x0000006e1c500000)]
  0x00000181c5122000 JavaThread "Unconstrained build operations Thread 34" [_thread_blocked, id=1844, stack(0x0000006e1c500000,0x0000006e1c600000)]
  0x00000181c5123800 JavaThread "Unconstrained build operations Thread 35" [_thread_blocked, id=11772, stack(0x0000006e1c600000,0x0000006e1c700000)]
  0x00000181c5120800 JavaThread "Unconstrained build operations Thread 36" [_thread_blocked, id=2552, stack(0x0000006e1c700000,0x0000006e1c800000)]
  0x00000181c5123000 JavaThread "Unconstrained build operations Thread 37" [_thread_blocked, id=9192, stack(0x0000006e1c800000,0x0000006e1c900000)]
  0x00000181c511e000 JavaThread "Unconstrained build operations Thread 38" [_thread_blocked, id=2740, stack(0x0000006e1c900000,0x0000006e1ca00000)]
  0x00000181c5125800 JavaThread "Unconstrained build operations Thread 39" [_thread_blocked, id=8204, stack(0x0000006e1ca00000,0x0000006e1cb00000)]
  0x00000181c5126000 JavaThread "Unconstrained build operations Thread 40" [_thread_blocked, id=8032, stack(0x0000006e1cb00000,0x0000006e1cc00000)]
  0x00000181c5121800 JavaThread "jar transforms Thread 4" [_thread_blocked, id=1092, stack(0x0000006e1cc00000,0x0000006e1cd00000)]
  0x00000181c5124800 JavaThread "Memory manager" [_thread_blocked, id=1220, stack(0x0000006e1cd00000,0x0000006e1ce00000)]
  0x00000181c5128000 JavaThread "build event listener" [_thread_blocked, id=7416, stack(0x0000006e1ce00000,0x0000006e1cf00000)]
  0x00000181c512b000 JavaThread "included builds" [_thread_blocked, id=7900, stack(0x0000006e1cf00000,0x0000006e1d000000)]
  0x00000181c512a800 JavaThread "Execution worker for ':'" [_thread_blocked, id=11184, stack(0x0000006e1d000000,0x0000006e1d100000)]
  0x00000181c5129800 JavaThread "Execution worker for ':' Thread 2" [_thread_blocked, id=12692, stack(0x0000006e1d100000,0x0000006e1d200000)]
  0x00000181c512c000 JavaThread "Execution worker for ':' Thread 3" [_thread_blocked, id=9364, stack(0x0000006e1d200000,0x0000006e1d300000)]
  0x00000181c5128800 JavaThread "Cache worker for execution history cache (D:\AndroidStudioProjects\Figgo_Application_Customer\.gradle\7.4\executionHistory)" [_thread_blocked, id=7296, stack(0x0000006e1d300000,0x0000006e1d400000)]
  0x00000181c5127000 JavaThread "Cache worker for Java compile cache (C:\Users\lenovo\.gradle\caches\7.4\javaCompile)" [_thread_blocked, id=4636, stack(0x0000006e1d400000,0x0000006e1d500000)]
  0x00000181c1fe9800 JavaThread "C2 CompilerThread1" daemon [_thread_blocked, id=8604, stack(0x0000006e19a00000,0x0000006e19b00000)]

Other Threads:
=>0x00000181bea87000 VMThread "VM Thread" [stack: 0x0000006e17b00000,0x0000006e17c00000] [id=10100]
  0x00000181bf591800 WatcherThread [stack: 0x0000006e18500000,0x0000006e18600000] [id=6492]
  0x00000181a46c2000 GCTaskThread "GC Thread#0" [stack: 0x0000006e17600000,0x0000006e17700000] [id=11392]
  0x00000181c00ba000 GCTaskThread "GC Thread#1" [stack: 0x0000006e18700000,0x0000006e18800000] [id=12636]
  0x00000181c0097000 GCTaskThread "GC Thread#2" [stack: 0x0000006e18800000,0x0000006e18900000] [id=13236]
  0x00000181c01de000 GCTaskThread "GC Thread#3" [stack: 0x0000006e19200000,0x0000006e19300000] [id=9420]
  0x00000181a46f6800 ConcurrentGCThread "G1 Main Marker" [stack: 0x0000006e17700000,0x0000006e17800000] [id=11468]
  0x00000181a46f8000 ConcurrentGCThread "G1 Conc#0" [stack: 0x0000006e17800000,0x0000006e17900000] [id=10608]
  0x00000181a4783000 ConcurrentGCThread "G1 Refine#0" [stack: 0x0000006e17900000,0x0000006e17a00000] [id=9904]
  0x00000181c4f5c800 ConcurrentGCThread "G1 Refine#1" [stack: 0x0000006e1d700000,0x0000006e1d800000] [id=5060]
  0x00000181a4784800 ConcurrentGCThread "G1 Young RemSet Sampling" [stack: 0x0000006e17a00000,0x0000006e17b00000] [id=4508]

Threads with active compile tasks:
C2 CompilerThread0  38397 15253       4       com.sun.tools.javac.code.Type$StructuralTypeMapping::visitClassType (67 bytes)

VM state:at safepoint (normal execution)

VM Mutex/Monitor currently owned by a thread:  ([mutex/lock_event])
[0x00000181a46a7340] Threads_lock - owner thread: 0x00000181bea87000
[0x00000181a46a65c0] Heap_lock - owner thread: 0x00000181c5129800

Heap address: 0x0000000080000000, size: 2048 MB, Compressed Oops mode: 32-bit
Narrow klass base: 0x0000000000000000, Narrow klass shift: 3
Compressed class space size: 1073741824 Address: 0x0000000100000000

Heap:
 garbage-first heap   total 458752K, used 156526K [0x0000000080000000, 0x0000000100000000)
  region size 1024K, 2 young (2048K), 2 survivors (2048K)
 Metaspace       used 113306K, capacity 115803K, committed 115920K, reserved 1150976K
  class space    used 14129K, capacity 15064K, committed 15104K, reserved 1048576K
Heap Regions: E=young(eden), S=young(survivor), O=old, HS=humongous(starts), HC=humongous(continues), CS=collection set, F=free, A=archive, TAMS=top-at-mark-start (previous, next)
|   0|0x0000000080000000, 0x0000000080100000, 0x0000000080100000|100%|HS|  |TAMS 0x0000000080100000, 0x0000000080000000| Complete 
|   1|0x0000000080100000, 0x0000000080200000, 0x0000000080200000|100%|HC|  |TAMS 0x0000000080200000, 0x0000000080100000| Complete 
|   2|0x0000000080200000, 0x0000000080300000, 0x0000000080300000|100%|HC|  |TAMS 0x0000000080300000, 0x0000000080200000| Complete 
|   3|0x0000000080300000, 0x0000000080400000, 0x0000000080400000|100%| O|  |TAMS 0x0000000080400000, 0x0000000080300000| Untracked 
|   4|0x0000000080400000, 0x0000000080500000, 0x0000000080500000|100%| O|  |TAMS 0x0000000080500000, 0x0000000080400000| Untracked 
|   5|0x0000000080500000, 0x0000000080600000, 0x0000000080600000|100%| O|  |TAMS 0x0000000080600000, 0x0000000080500000| Untracked 
|   6|0x0000000080600000, 0x0000000080700000, 0x0000000080700000|100%| O|  |TAMS 0x0000000080700000, 0x0000000080600000| Untracked 
|   7|0x0000000080700000, 0x0000000080800000, 0x0000000080800000|100%| O|  |TAMS 0x0000000080800000, 0x0000000080700000| Untracked 
|   8|0x0000000080800000, 0x0000000080900000, 0x0000000080900000|100%| O|  |TAMS 0x0000000080900000, 0x0000000080800000| Untracked 
|   9|0x0000000080900000, 0x0000000080a00000, 0x0000000080a00000|100%| O|  |TAMS 0x0000000080a00000, 0x0000000080900000| Untracked 
|  10|0x0000000080a00000, 0x0000000080b00000, 0x0000000080b00000|100%| O|  |TAMS 0x0000000080b00000, 0x0000000080a00000| Untracked 
|  11|0x0000000080b00000, 0x0000000080c00000, 0x0000000080c00000|100%| O|  |TAMS 0x0000000080c00000, 0x0000000080b00000| Untracked 
|  12|0x0000000080c00000, 0x0000000080d00000, 0x0000000080d00000|100%| O|  |TAMS 0x0000000080d00000, 0x0000000080c00000| Untracked 
|  13|0x0000000080d00000, 0x0000000080e00000, 0x0000000080e00000|100%| O|  |TAMS 0x0000000080e00000, 0x0000000080d00000| Untracked 
|  14|0x0000000080e00000, 0x0000000080f00000, 0x0000000080f00000|100%| O|  |TAMS 0x0000000080f00000, 0x0000000080e00000| Untracked 
|  15|0x0000000080f00000, 0x0000000081000000, 0x0000000081000000|100%| O|  |TAMS 0x0000000081000000, 0x0000000080f00000| Untracked 
|  16|0x0000000081000000, 0x0000000081100000, 0x0000000081100000|100%|HS|  |TAMS 0x0000000081100000, 0x0000000081000000| Complete 
|  17|0x0000000081100000, 0x0000000081200000, 0x0000000081200000|100%| O|  |TAMS 0x0000000081200000, 0x0000000081100000| Untracked 
|  18|0x0000000081200000, 0x0000000081300000, 0x0000000081300000|100%| O|  |TAMS 0x0000000081300000, 0x0000000081200000| Untracked 
|  19|0x0000000081300000, 0x0000000081400000, 0x0000000081400000|100%| O|  |TAMS 0x0000000081400000, 0x0000000081300000| Untracked 
|  20|0x0000000081400000, 0x0000000081500000, 0x0000000081500000|100%| O|  |TAMS 0x0000000081500000, 0x0000000081400000| Complete 
|  21|0x0000000081500000, 0x0000000081600000, 0x0000000081600000|100%| O|  |TAMS 0x0000000081600000, 0x0000000081500000| Untracked 
|  22|0x0000000081600000, 0x0000000081700000, 0x0000000081700000|100%| O|  |TAMS 0x0000000081700000, 0x0000000081600000| Complete 
|  23|0x0000000081700000, 0x0000000081800000, 0x0000000081800000|100%|HS|  |TAMS 0x0000000081800000, 0x0000000081700000| Complete 
|  24|0x0000000081800000, 0x0000000081900000, 0x0000000081900000|100%|HS|  |TAMS 0x0000000081900000, 0x0000000081800000| Complete 
|  25|0x0000000081900000, 0x0000000081a00000, 0x0000000081a00000|100%|HS|  |TAMS 0x0000000081a00000, 0x0000000081900000| Complete 
|  26|0x0000000081a00000, 0x0000000081b00000, 0x0000000081b00000|100%|HC|  |TAMS 0x0000000081b00000, 0x0000000081a00000| Complete 
|  27|0x0000000081b00000, 0x0000000081c00000, 0x0000000081c00000|100%|HC|  |TAMS 0x0000000081c00000, 0x0000000081b00000| Complete 
|  28|0x0000000081c00000, 0x0000000081d00000, 0x0000000081d00000|100%|HC|  |TAMS 0x0000000081d00000, 0x0000000081c00000| Complete 
|  29|0x0000000081d00000, 0x0000000081e00000, 0x0000000081e00000|100%|HS|  |TAMS 0x0000000081e00000, 0x0000000081d00000| Complete 
|  30|0x0000000081e00000, 0x0000000081f00000, 0x0000000081f00000|100%|HC|  |TAMS 0x0000000081f00000, 0x0000000081e00000| Complete 
|  31|0x0000000081f00000, 0x0000000082000000, 0x0000000082000000|100%| O|  |TAMS 0x0000000082000000, 0x0000000081f00000| Untracked 
|  32|0x0000000082000000, 0x0000000082100000, 0x0000000082100000|100%| O|  |TAMS 0x0000000082100000, 0x0000000082000000| Untracked 
|  33|0x0000000082100000, 0x0000000082200000, 0x0000000082200000|100%| O|  |TAMS 0x0000000082200000, 0x0000000082100000| Untracked 
|  34|0x0000000082200000, 0x0000000082300000, 0x0000000082300000|100%| O|  |TAMS 0x0000000082300000, 0x0000000082200000| Untracked 
|  35|0x0000000082300000, 0x0000000082400000, 0x0000000082400000|100%| O|  |TAMS 0x0000000082400000, 0x0000000082300000| Untracked 
|  36|0x0000000082400000, 0x0000000082500000, 0x0000000082500000|100%| O|  |TAMS 0x0000000082500000, 0x0000000082400000| Untracked 
|  37|0x0000000082500000, 0x0000000082600000, 0x0000000082600000|100%| O|  |TAMS 0x0000000082600000, 0x0000000082500000| Untracked 
|  38|0x0000000082600000, 0x0000000082700000, 0x0000000082700000|100%| O|  |TAMS 0x0000000082700000, 0x0000000082600000| Complete 
|  39|0x0000000082700000, 0x0000000082800000, 0x0000000082800000|100%| O|  |TAMS 0x0000000082800000, 0x0000000082700000| Untracked 
|  40|0x0000000082800000, 0x0000000082900000, 0x0000000082900000|100%| O|  |TAMS 0x0000000082900000, 0x0000000082800000| Untracked 
|  41|0x0000000082900000, 0x0000000082a00000, 0x0000000082a00000|100%| O|  |TAMS 0x0000000082a00000, 0x0000000082900000| Untracked 
|  42|0x0000000082a00000, 0x0000000082b00000, 0x0000000082b00000|100%| O|  |TAMS 0x0000000082b00000, 0x0000000082a00000| Untracked 
|  43|0x0000000082b00000, 0x0000000082c00000, 0x0000000082c00000|100%| O|  |TAMS 0x0000000082c00000, 0x0000000082b00000| Untracked 
|  44|0x0000000082c00000, 0x0000000082d00000, 0x0000000082d00000|100%| O|  |TAMS 0x0000000082d00000, 0x0000000082c00000| Untracked 
|  45|0x0000000082d00000, 0x0000000082e00000, 0x0000000082e00000|100%| O|  |TAMS 0x0000000082e00000, 0x0000000082d00000| Untracked 
|  46|0x0000000082e00000, 0x0000000082f00000, 0x0000000082f00000|100%| O|  |TAMS 0x0000000082f00000, 0x0000000082e00000| Untracked 
|  47|0x0000000082f00000, 0x0000000083000000, 0x0000000083000000|100%| O|  |TAMS 0x0000000083000000, 0x0000000082f00000| Untracked 
|  48|0x0000000083000000, 0x0000000083100000, 0x0000000083100000|100%| O|  |TAMS 0x0000000083100000, 0x0000000083000000| Untracked 
|  49|0x0000000083100000, 0x0000000083200000, 0x0000000083200000|100%| O|  |TAMS 0x0000000083200000, 0x0000000083100000| Untracked 
|  50|0x0000000083200000, 0x0000000083300000, 0x0000000083300000|100%| O|  |TAMS 0x0000000083300000, 0x0000000083200000| Untracked 
|  51|0x0000000083300000, 0x0000000083400000, 0x0000000083400000|100%| O|  |TAMS 0x0000000083400000, 0x0000000083300000| Untracked 
|  52|0x0000000083400000, 0x0000000083500000, 0x0000000083500000|100%| O|  |TAMS 0x0000000083500000, 0x0000000083400000| Untracked 
|  53|0x0000000083500000, 0x0000000083600000, 0x0000000083600000|100%| O|  |TAMS 0x0000000083600000, 0x0000000083500000| Untracked 
|  54|0x0000000083600000, 0x0000000083700000, 0x0000000083700000|100%| O|  |TAMS 0x0000000083700000, 0x0000000083600000| Untracked 
|  55|0x0000000083700000, 0x0000000083800000, 0x0000000083800000|100%| O|  |TAMS 0x0000000083800000, 0x0000000083700000| Complete 
|  56|0x0000000083800000, 0x0000000083900000, 0x0000000083900000|100%| O|  |TAMS 0x0000000083900000, 0x0000000083800000| Untracked 
|  57|0x0000000083900000, 0x0000000083a00000, 0x0000000083a00000|100%| O|  |TAMS 0x0000000083a00000, 0x0000000083900000| Untracked 
|  58|0x0000000083a00000, 0x0000000083b00000, 0x0000000083b00000|100%| O|  |TAMS 0x0000000083b00000, 0x0000000083a00000| Complete 
|  59|0x0000000083b00000, 0x0000000083c00000, 0x0000000083c00000|100%| O|  |TAMS 0x0000000083c00000, 0x0000000083b00000| Complete 
|  60|0x0000000083c00000, 0x0000000083d00000, 0x0000000083d00000|100%| O|  |TAMS 0x0000000083d00000, 0x0000000083c00000| Untracked 
|  61|0x0000000083d00000, 0x0000000083e00000, 0x0000000083e00000|100%| O|  |TAMS 0x0000000083e00000, 0x0000000083d00000| Untracked 
|  62|0x0000000083e00000, 0x0000000083f00000, 0x0000000083f00000|100%| O|  |TAMS 0x0000000083f00000, 0x0000000083e00000| Untracked 
|  63|0x0000000083f00000, 0x0000000084000000, 0x0000000084000000|100%| O|  |TAMS 0x0000000084000000, 0x0000000083f00000| Untracked 
|  64|0x0000000084000000, 0x0000000084100000, 0x0000000084100000|100%| O|  |TAMS 0x0000000084100000, 0x0000000084000000| Untracked 
|  65|0x0000000084100000, 0x0000000084200000, 0x0000000084200000|100%| O|  |TAMS 0x0000000084200000, 0x0000000084100000| Untracked 
|  66|0x0000000084200000, 0x0000000084300000, 0x0000000084300000|100%| O|  |TAMS 0x0000000084300000, 0x0000000084200000| Untracked 
|  67|0x0000000084300000, 0x0000000084400000, 0x0000000084400000|100%| O|  |TAMS 0x0000000084400000, 0x0000000084300000| Untracked 
|  68|0x0000000084400000, 0x0000000084500000, 0x0000000084500000|100%| O|  |TAMS 0x0000000084500000, 0x0000000084400000| Untracked 
|  69|0x0000000084500000, 0x0000000084600000, 0x0000000084600000|100%| O|  |TAMS 0x0000000084600000, 0x0000000084500000| Untracked 
|  70|0x0000000084600000, 0x0000000084700000, 0x0000000084700000|100%| O|  |TAMS 0x0000000084700000, 0x0000000084600000| Untracked 
|  71|0x0000000084700000, 0x0000000084800000, 0x0000000084800000|100%| O|  |TAMS 0x0000000084800000, 0x0000000084700000| Untracked 
|  72|0x0000000084800000, 0x0000000084900000, 0x0000000084900000|100%| O|  |TAMS 0x0000000084900000, 0x0000000084800000| Untracked 
|  73|0x0000000084900000, 0x0000000084a00000, 0x0000000084a00000|100%| O|  |TAMS 0x0000000084a00000, 0x0000000084900000| Complete 
|  74|0x0000000084a00000, 0x0000000084b00000, 0x0000000084b00000|100%| O|  |TAMS 0x0000000084b00000, 0x0000000084a00000| Complete 
|  75|0x0000000084b00000, 0x0000000084c00000, 0x0000000084c00000|100%| O|  |TAMS 0x0000000084c00000, 0x0000000084b00000| Complete 
|  76|0x0000000084c00000, 0x0000000084d00000, 0x0000000084d00000|100%| O|  |TAMS 0x0000000084d00000, 0x0000000084c00000| Complete 
|  77|0x0000000084d00000, 0x0000000084e00000, 0x0000000084e00000|100%| O|  |TAMS 0x0000000084e00000, 0x0000000084d00000| Complete 
|  78|0x0000000084e00000, 0x0000000084f00000, 0x0000000084f00000|100%| O|  |TAMS 0x0000000084f00000, 0x0000000084e00000| Complete 
|  79|0x0000000084f00000, 0x0000000085000000, 0x0000000085000000|100%| O|  |TAMS 0x0000000085000000, 0x0000000084f00000| Untracked 
|  80|0x0000000085000000, 0x0000000085100000, 0x0000000085100000|100%| O|  |TAMS 0x0000000085100000, 0x0000000085000000| Complete 
|  81|0x0000000085100000, 0x0000000085200000, 0x0000000085200000|100%| O|  |TAMS 0x0000000085200000, 0x0000000085100000| Untracked 
|  82|0x0000000085200000, 0x0000000085300000, 0x0000000085300000|100%| O|  |TAMS 0x0000000085300000, 0x0000000085200000| Untracked 
|  83|0x0000000085300000, 0x0000000085400000, 0x0000000085400000|100%| O|  |TAMS 0x0000000085400000, 0x0000000085300000| Untracked 
|  84|0x0000000085400000, 0x0000000085500000, 0x0000000085500000|100%| O|  |TAMS 0x0000000085500000, 0x0000000085400000| Untracked 
|  85|0x0000000085500000, 0x0000000085600000, 0x0000000085600000|100%| O|  |TAMS 0x0000000085600000, 0x0000000085500000| Untracked 
|  86|0x0000000085600000, 0x0000000085700000, 0x0000000085700000|100%| O|  |TAMS 0x0000000085700000, 0x0000000085600000| Untracked 
|  87|0x0000000085700000, 0x0000000085800000, 0x0000000085800000|100%| O|  |TAMS 0x0000000085800000, 0x0000000085700000| Untracked 
|  88|0x0000000085800000, 0x0000000085900000, 0x0000000085900000|100%| O|  |TAMS 0x0000000085900000, 0x0000000085800000| Untracked 
|  89|0x0000000085900000, 0x0000000085a00000, 0x0000000085a00000|100%| O|  |TAMS 0x0000000085a00000, 0x0000000085900000| Untracked 
|  90|0x0000000085a00000, 0x0000000085b00000, 0x0000000085b00000|100%| O|  |TAMS 0x0000000085b00000, 0x0000000085a00000| Complete 
|  91|0x0000000085b00000, 0x0000000085c00000, 0x0000000085c00000|100%| O|  |TAMS 0x0000000085c00000, 0x0000000085b00000| Complete 
|  92|0x0000000085c00000, 0x0000000085d00000, 0x0000000085d00000|100%| O|  |TAMS 0x0000000085d00000, 0x0000000085c00000| Untracked 
|  93|0x0000000085d00000, 0x0000000085e00000, 0x0000000085e00000|100%| O|  |TAMS 0x0000000085e00000, 0x0000000085d00000| Untracked 
|  94|0x0000000085e00000, 0x0000000085f00000, 0x0000000085f00000|100%| O|  |TAMS 0x0000000085f00000, 0x0000000085e00000| Untracked 
|  95|0x0000000085f00000, 0x0000000086000000, 0x0000000086000000|100%| O|  |TAMS 0x0000000086000000, 0x0000000085f00000| Untracked 
|  96|0x0000000086000000, 0x0000000086100000, 0x0000000086100000|100%| O|  |TAMS 0x0000000086100000, 0x0000000086000000| Untracked 
|  97|0x0000000086100000, 0x0000000086200000, 0x0000000086200000|100%| O|  |TAMS 0x0000000086200000, 0x0000000086100000| Complete 
|  98|0x0000000086200000, 0x0000000086300000, 0x0000000086300000|100%|HS|  |TAMS 0x0000000086300000, 0x0000000086200000| Complete 
|  99|0x0000000086300000, 0x0000000086400000, 0x0000000086400000|100%|HC|  |TAMS 0x0000000086400000, 0x0000000086300000| Complete 
| 100|0x0000000086400000, 0x0000000086500000, 0x0000000086500000|100%| O|  |TAMS 0x0000000086500000, 0x0000000086400000| Untracked 
| 101|0x0000000086500000, 0x0000000086600000, 0x0000000086600000|100%| O|  |TAMS 0x0000000086600000, 0x0000000086500000| Untracked 
| 102|0x0000000086600000, 0x0000000086700000, 0x0000000086700000|100%| O|  |TAMS 0x0000000086700000, 0x0000000086600000| Untracked 
| 103|0x0000000086700000, 0x0000000086800000, 0x0000000086800000|100%| O|  |TAMS 0x0000000086800000, 0x0000000086700000| Untracked 
| 104|0x0000000086800000, 0x0000000086900000, 0x0000000086900000|100%| O|  |TAMS 0x0000000086900000, 0x0000000086800000| Untracked 
| 105|0x0000000086900000, 0x0000000086a00000, 0x0000000086a00000|100%| O|  |TAMS 0x0000000086a00000, 0x0000000086900000| Complete 
| 106|0x0000000086a00000, 0x0000000086b00000, 0x0000000086b00000|100%| O|  |TAMS 0x0000000086b00000, 0x0000000086a00000| Untracked 
| 107|0x0000000086b00000, 0x0000000086c00000, 0x0000000086c00000|100%| O|  |TAMS 0x0000000086c00000, 0x0000000086b00000| Complete 
| 108|0x0000000086c00000, 0x0000000086d00000, 0x0000000086d00000|100%| O|  |TAMS 0x0000000086d00000, 0x0000000086c00000| Complete 
| 109|0x0000000086d00000, 0x0000000086e00000, 0x0000000086e00000|100%| O|  |TAMS 0x0000000086e00000, 0x0000000086d00000| Untracked 
| 110|0x0000000086e00000, 0x0000000086f00000, 0x0000000086f00000|100%| O|  |TAMS 0x0000000086f00000, 0x0000000086e00000| Untracked 
| 111|0x0000000086f00000, 0x0000000087000000, 0x0000000087000000|100%| O|  |TAMS 0x0000000087000000, 0x0000000086f00000| Untracked 
| 112|0x0000000087000000, 0x0000000087100000, 0x0000000087100000|100%| O|  |TAMS 0x0000000087100000, 0x0000000087000000| Untracked 
| 113|0x0000000087100000, 0x0000000087200000, 0x0000000087200000|100%| O|  |TAMS 0x0000000087200000, 0x0000000087100000| Complete 
| 114|0x0000000087200000, 0x0000000087300000, 0x0000000087300000|100%| O|  |TAMS 0x0000000087300000, 0x0000000087200000| Untracked 
| 115|0x0000000087300000, 0x0000000087400000, 0x0000000087400000|100%| O|  |TAMS 0x0000000087400000, 0x0000000087300000| Complete 
| 116|0x0000000087400000, 0x0000000087500000, 0x0000000087500000|100%| O|  |TAMS 0x0000000087500000, 0x0000000087400000| Complete 
| 117|0x0000000087500000, 0x0000000087600000, 0x0000000087600000|100%| O|  |TAMS 0x0000000087600000, 0x0000000087500000| Complete 
| 118|0x0000000087600000, 0x0000000087600000, 0x0000000087700000|  0%| F|  |TAMS 0x0000000087600000, 0x0000000087600000| Untracked 
| 119|0x0000000087700000, 0x0000000087700000, 0x0000000087800000|  0%| F|  |TAMS 0x0000000087700000, 0x0000000087700000| Untracked 
| 120|0x0000000087800000, 0x0000000087800000, 0x0000000087900000|  0%| F|  |TAMS 0x0000000087800000, 0x0000000087800000| Untracked 
| 121|0x0000000087900000, 0x0000000087900000, 0x0000000087a00000|  0%| F|  |TAMS 0x0000000087900000, 0x0000000087900000| Untracked 
| 122|0x0000000087a00000, 0x0000000087a00000, 0x0000000087b00000|  0%| F|  |TAMS 0x0000000087a00000, 0x0000000087a00000| Untracked 
| 123|0x0000000087b00000, 0x0000000087b00000, 0x0000000087c00000|  0%| F|  |TAMS 0x0000000087b00000, 0x0000000087b00000| Untracked 
| 124|0x0000000087c00000, 0x0000000087c00000, 0x0000000087d00000|  0%| F|  |TAMS 0x0000000087c00000, 0x0000000087c00000| Untracked 
| 125|0x0000000087d00000, 0x0000000087d00000, 0x0000000087e00000|  0%| F|  |TAMS 0x0000000087d00000, 0x0000000087d00000| Untracked 
| 126|0x0000000087e00000, 0x0000000087e00000, 0x0000000087f00000|  0%| F|  |TAMS 0x0000000087e00000, 0x0000000087e00000| Untracked 
| 127|0x0000000087f00000, 0x0000000087f00000, 0x0000000088000000|  0%| F|  |TAMS 0x0000000087f00000, 0x0000000087f00000| Untracked 
| 128|0x0000000088000000, 0x0000000088000000, 0x0000000088100000|  0%| F|  |TAMS 0x0000000088000000, 0x0000000088000000| Untracked 
| 129|0x0000000088100000, 0x0000000088100000, 0x0000000088200000|  0%| F|  |TAMS 0x0000000088100000, 0x0000000088100000| Untracked 
| 130|0x0000000088200000, 0x0000000088300000, 0x0000000088300000|100%| O|  |TAMS 0x0000000088300000, 0x0000000088200000| Complete 
| 131|0x0000000088300000, 0x0000000088400000, 0x0000000088400000|100%| O|  |TAMS 0x0000000088400000, 0x0000000088300000| Complete 
| 132|0x0000000088400000, 0x0000000088500000, 0x0000000088500000|100%| O|  |TAMS 0x0000000088500000, 0x0000000088400000| Complete 
| 133|0x0000000088500000, 0x0000000088600000, 0x0000000088600000|100%| O|  |TAMS 0x0000000088600000, 0x0000000088500000| Complete 
| 134|0x0000000088600000, 0x0000000088700000, 0x0000000088700000|100%| O|  |TAMS 0x0000000088700000, 0x0000000088600000| Complete 
| 135|0x0000000088700000, 0x0000000088700000, 0x0000000088800000|  0%| F|  |TAMS 0x0000000088700000, 0x0000000088700000| Untracked 
| 136|0x0000000088800000, 0x0000000088800000, 0x0000000088900000|  0%| F|  |TAMS 0x0000000088800000, 0x0000000088800000| Untracked 
| 137|0x0000000088900000, 0x0000000088900000, 0x0000000088a00000|  0%| F|  |TAMS 0x0000000088900000, 0x0000000088900000| Untracked 
| 138|0x0000000088a00000, 0x0000000088a00000, 0x0000000088b00000|  0%| F|  |TAMS 0x0000000088a00000, 0x0000000088a00000| Untracked 
| 139|0x0000000088b00000, 0x0000000088b00000, 0x0000000088c00000|  0%| F|  |TAMS 0x0000000088b00000, 0x0000000088b00000| Untracked 
| 140|0x0000000088c00000, 0x0000000088c00000, 0x0000000088d00000|  0%| F|  |TAMS 0x0000000088c00000, 0x0000000088c00000| Untracked 
| 141|0x0000000088d00000, 0x0000000088d00000, 0x0000000088e00000|  0%| F|  |TAMS 0x0000000088d00000, 0x0000000088d00000| Untracked 
| 142|0x0000000088e00000, 0x0000000088e00000, 0x0000000088f00000|  0%| F|  |TAMS 0x0000000088e00000, 0x0000000088e00000| Untracked 
| 143|0x0000000088f00000, 0x0000000088f00000, 0x0000000089000000|  0%| F|  |TAMS 0x0000000088f00000, 0x0000000088f00000| Untracked 
| 144|0x0000000089000000, 0x0000000089000000, 0x0000000089100000|  0%| F|  |TAMS 0x0000000089000000, 0x0000000089000000| Untracked 
| 145|0x0000000089100000, 0x0000000089100000, 0x0000000089200000|  0%| F|  |TAMS 0x0000000089100000, 0x0000000089100000| Untracked 
| 146|0x0000000089200000, 0x0000000089200000, 0x0000000089300000|  0%| F|  |TAMS 0x0000000089200000, 0x0000000089200000| Untracked 
| 147|0x0000000089300000, 0x0000000089300000, 0x0000000089400000|  0%| F|  |TAMS 0x0000000089300000, 0x0000000089300000| Untracked 
| 148|0x0000000089400000, 0x0000000089400000, 0x0000000089500000|  0%| F|  |TAMS 0x0000000089400000, 0x0000000089400000| Untracked 
| 149|0x0000000089500000, 0x0000000089500000, 0x0000000089600000|  0%| F|  |TAMS 0x0000000089500000, 0x0000000089500000| Untracked 
| 150|0x0000000089600000, 0x0000000089600000, 0x0000000089700000|  0%| F|  |TAMS 0x0000000089600000, 0x0000000089600000| Untracked 
| 151|0x0000000089700000, 0x0000000089800000, 0x0000000089800000|100%| O|  |TAMS 0x0000000089800000, 0x0000000089700000| Complete 
| 152|0x0000000089800000, 0x0000000089900000, 0x0000000089900000|100%| O|  |TAMS 0x0000000089900000, 0x0000000089800000| Complete 
| 153|0x0000000089900000, 0x0000000089a00000, 0x0000000089a00000|100%| O|  |TAMS 0x0000000089a00000, 0x0000000089900000| Complete 
| 154|0x0000000089a00000, 0x0000000089a00000, 0x0000000089b00000|  0%| F|  |TAMS 0x0000000089a00000, 0x0000000089a00000| Untracked 
| 155|0x0000000089b00000, 0x0000000089b00000, 0x0000000089c00000|  0%| F|  |TAMS 0x0000000089b00000, 0x0000000089b00000| Untracked 
| 156|0x0000000089c00000, 0x0000000089d00000, 0x0000000089d00000|100%| O|  |TAMS 0x0000000089d00000, 0x0000000089c00000| Complete 
| 157|0x0000000089d00000, 0x0000000089e00000, 0x0000000089e00000|100%| O|  |TAMS 0x0000000089e00000, 0x0000000089d00000| Complete 
| 158|0x0000000089e00000, 0x0000000089f00000, 0x0000000089f00000|100%| O|  |TAMS 0x0000000089f00000, 0x0000000089e00000| Complete 
| 159|0x0000000089f00000, 0x0000000089f00000, 0x000000008a000000|  0%| F|  |TAMS 0x0000000089f00000, 0x0000000089f00000| Untracked 
| 160|0x000000008a000000, 0x000000008a000000, 0x000000008a100000|  0%| F|  |TAMS 0x000000008a000000, 0x000000008a000000| Untracked 
| 161|0x000000008a100000, 0x000000008a200000, 0x000000008a200000|100%| O|  |TAMS 0x000000008a200000, 0x000000008a100000| Complete 
| 162|0x000000008a200000, 0x000000008a300000, 0x000000008a300000|100%| O|  |TAMS 0x000000008a300000, 0x000000008a200000| Complete 
| 163|0x000000008a300000, 0x000000008a400000, 0x000000008a400000|100%| O|  |TAMS 0x000000008a400000, 0x000000008a300000| Complete 
| 164|0x000000008a400000, 0x000000008a400000, 0x000000008a500000|  0%| F|  |TAMS 0x000000008a400000, 0x000000008a400000| Untracked 
| 165|0x000000008a500000, 0x000000008a600000, 0x000000008a600000|100%| O|  |TAMS 0x000000008a600000, 0x000000008a500000| Complete 
| 166|0x000000008a600000, 0x000000008a700000, 0x000000008a700000|100%| O|  |TAMS 0x000000008a700000, 0x000000008a600000| Untracked 
| 167|0x000000008a700000, 0x000000008a800000, 0x000000008a800000|100%| O|  |TAMS 0x000000008a800000, 0x000000008a700000| Complete 
| 168|0x000000008a800000, 0x000000008a800000, 0x000000008a900000|  0%| F|  |TAMS 0x000000008a800000, 0x000000008a800000| Untracked 
| 169|0x000000008a900000, 0x000000008a900000, 0x000000008aa00000|  0%| F|  |TAMS 0x000000008a900000, 0x000000008a900000| Untracked 
| 170|0x000000008aa00000, 0x000000008aa00000, 0x000000008ab00000|  0%| F|  |TAMS 0x000000008aa00000, 0x000000008aa00000| Untracked 
| 171|0x000000008ab00000, 0x000000008ab00000, 0x000000008ac00000|  0%| F|  |TAMS 0x000000008ab00000, 0x000000008ab00000| Untracked 
| 172|0x000000008ac00000, 0x000000008ac00000, 0x000000008ad00000|  0%| F|  |TAMS 0x000000008ac00000, 0x000000008ac00000| Untracked 
| 173|0x000000008ad00000, 0x000000008ae00000, 0x000000008ae00000|100%| O|  |TAMS 0x000000008ae00000, 0x000000008ad00000| Complete 
| 174|0x000000008ae00000, 0x000000008af00000, 0x000000008af00000|100%| O|  |TAMS 0x000000008af00000, 0x000000008ae00000| Complete 
| 175|0x000000008af00000, 0x000000008b000000, 0x000000008b000000|100%| O|  |TAMS 0x000000008b000000, 0x000000008af00000| Complete 
| 176|0x000000008b000000, 0x000000008b100000, 0x000000008b100000|100%| O|  |TAMS 0x000000008b100000, 0x000000008b000000| Complete 
| 177|0x000000008b100000, 0x000000008b100000, 0x000000008b200000|  0%| F|  |TAMS 0x000000008b100000, 0x000000008b100000| Untracked 
| 178|0x000000008b200000, 0x000000008b200000, 0x000000008b300000|  0%| F|  |TAMS 0x000000008b200000, 0x000000008b200000| Untracked 
| 179|0x000000008b300000, 0x000000008b400000, 0x000000008b400000|100%| O|  |TAMS 0x000000008b400000, 0x000000008b300000| Complete 
| 180|0x000000008b400000, 0x000000008b400000, 0x000000008b500000|  0%| F|  |TAMS 0x000000008b400000, 0x000000008b400000| Untracked 
| 181|0x000000008b500000, 0x000000008b500000, 0x000000008b600000|  0%| F|  |TAMS 0x000000008b500000, 0x000000008b500000| Untracked 
| 182|0x000000008b600000, 0x000000008b600000, 0x000000008b700000|  0%| F|  |TAMS 0x000000008b600000, 0x000000008b600000| Untracked 
| 183|0x000000008b700000, 0x000000008b700000, 0x000000008b800000|  0%| F|  |TAMS 0x000000008b700000, 0x000000008b700000| Untracked 
| 184|0x000000008b800000, 0x000000008b800000, 0x000000008b900000|  0%| F|  |TAMS 0x000000008b800000, 0x000000008b800000| Untracked 
| 185|0x000000008b900000, 0x000000008b900000, 0x000000008ba00000|  0%| F|  |TAMS 0x000000008b900000, 0x000000008b900000| Untracked 
| 186|0x000000008ba00000, 0x000000008ba00000, 0x000000008bb00000|  0%| F|  |TAMS 0x000000008ba00000, 0x000000008ba00000| Untracked 
| 187|0x000000008bb00000, 0x000000008bb00000, 0x000000008bc00000|  0%| F|  |TAMS 0x000000008bb00000, 0x000000008bb00000| Untracked 
| 188|0x000000008bc00000, 0x000000008bc00000, 0x000000008bd00000|  0%| F|  |TAMS 0x000000008bc00000, 0x000000008bc00000| Untracked 
| 189|0x000000008bd00000, 0x000000008bd00000, 0x000000008be00000|  0%| F|  |TAMS 0x000000008bd00000, 0x000000008bd00000| Untracked 
| 190|0x000000008be00000, 0x000000008be00000, 0x000000008bf00000|  0%| F|  |TAMS 0x000000008be00000, 0x000000008be00000| Untracked 
| 191|0x000000008bf00000, 0x000000008bf00000, 0x000000008c000000|  0%| F|  |TAMS 0x000000008bf00000, 0x000000008bf00000| Untracked 
| 192|0x000000008c000000, 0x000000008c000000, 0x000000008c100000|  0%| F|  |TAMS 0x000000008c000000, 0x000000008c000000| Untracked 
| 193|0x000000008c100000, 0x000000008c100000, 0x000000008c200000|  0%| F|  |TAMS 0x000000008c100000, 0x000000008c100000| Untracked 
| 194|0x000000008c200000, 0x000000008c200000, 0x000000008c300000|  0%| F|  |TAMS 0x000000008c200000, 0x000000008c200000| Untracked 
| 195|0x000000008c300000, 0x000000008c300000, 0x000000008c400000|  0%| F|  |TAMS 0x000000008c300000, 0x000000008c300000| Untracked 
| 196|0x000000008c400000, 0x000000008c400000, 0x000000008c500000|  0%| F|  |TAMS 0x000000008c400000, 0x000000008c400000| Untracked 
| 197|0x000000008c500000, 0x000000008c500000, 0x000000008c600000|  0%| F|  |TAMS 0x000000008c500000, 0x000000008c500000| Untracked 
| 198|0x000000008c600000, 0x000000008c600000, 0x000000008c700000|  0%| F|  |TAMS 0x000000008c600000, 0x000000008c600000| Untracked 
| 199|0x000000008c700000, 0x000000008c700000, 0x000000008c800000|  0%| F|  |TAMS 0x000000008c700000, 0x000000008c700000| Untracked 
| 200|0x000000008c800000, 0x000000008c800000, 0x000000008c900000|  0%| F|  |TAMS 0x000000008c800000, 0x000000008c800000| Untracked 
| 201|0x000000008c900000, 0x000000008ca00000, 0x000000008ca00000|100%| O|  |TAMS 0x000000008ca00000, 0x000000008c900000| Complete 
| 202|0x000000008ca00000, 0x000000008ca00000, 0x000000008cb00000|  0%| F|  |TAMS 0x000000008ca00000, 0x000000008ca00000| Untracked 
| 203|0x000000008cb00000, 0x000000008cb00000, 0x000000008cc00000|  0%| F|  |TAMS 0x000000008cb00000, 0x000000008cb00000| Untracked 
| 204|0x000000008cc00000, 0x000000008cc00000, 0x000000008cd00000|  0%| F|  |TAMS 0x000000008cc00000, 0x000000008cc00000| Untracked 
| 205|0x000000008cd00000, 0x000000008cd00000, 0x000000008ce00000|  0%| F|  |TAMS 0x000000008cd00000, 0x000000008cd00000| Untracked 
| 206|0x000000008ce00000, 0x000000008ce00000, 0x000000008cf00000|  0%| F|  |TAMS 0x000000008ce00000, 0x000000008ce00000| Untracked 
| 207|0x000000008cf00000, 0x000000008cf00000, 0x000000008d000000|  0%| F|  |TAMS 0x000000008cf00000, 0x000000008cf00000| Untracked 
| 208|0x000000008d000000, 0x000000008d000000, 0x000000008d100000|  0%| F|  |TAMS 0x000000008d000000, 0x000000008d000000| Untracked 
| 209|0x000000008d100000, 0x000000008d100000, 0x000000008d200000|  0%| F|  |TAMS 0x000000008d100000, 0x000000008d100000| Untracked 
| 210|0x000000008d200000, 0x000000008d200000, 0x000000008d300000|  0%| F|  |TAMS 0x000000008d200000, 0x000000008d200000| Untracked 
| 211|0x000000008d300000, 0x000000008d400000, 0x000000008d400000|100%| O|  |TAMS 0x000000008d400000, 0x000000008d300000| Complete 
| 212|0x000000008d400000, 0x000000008d400000, 0x000000008d500000|  0%| F|  |TAMS 0x000000008d400000, 0x000000008d400000| Untracked 
| 213|0x000000008d500000, 0x000000008d500000, 0x000000008d600000|  0%| F|  |TAMS 0x000000008d500000, 0x000000008d500000| Untracked 
| 214|0x000000008d600000, 0x000000008d700000, 0x000000008d700000|100%| O|  |TAMS 0x000000008d700000, 0x000000008d600000| Complete 
| 215|0x000000008d700000, 0x000000008d700000, 0x000000008d800000|  0%| F|  |TAMS 0x000000008d700000, 0x000000008d700000| Untracked 
| 216|0x000000008d800000, 0x000000008d800000, 0x000000008d900000|  0%| F|  |TAMS 0x000000008d800000, 0x000000008d800000| Untracked 
| 217|0x000000008d900000, 0x000000008d900000, 0x000000008da00000|  0%| F|  |TAMS 0x000000008d900000, 0x000000008d900000| Untracked 
| 218|0x000000008da00000, 0x000000008da00000, 0x000000008db00000|  0%| F|  |TAMS 0x000000008da00000, 0x000000008da00000| Untracked 
| 219|0x000000008db00000, 0x000000008dc00000, 0x000000008dc00000|100%| O|  |TAMS 0x000000008dc00000, 0x000000008db00000| Complete 
| 220|0x000000008dc00000, 0x000000008dd00000, 0x000000008dd00000|100%| O|  |TAMS 0x000000008dd00000, 0x000000008dc00000| Complete 
| 221|0x000000008dd00000, 0x000000008dd00000, 0x000000008de00000|  0%| F|  |TAMS 0x000000008dd00000, 0x000000008dd00000| Untracked 
| 222|0x000000008de00000, 0x000000008de00000, 0x000000008df00000|  0%| F|  |TAMS 0x000000008de00000, 0x000000008de00000| Untracked 
| 223|0x000000008df00000, 0x000000008df00000, 0x000000008e000000|  0%| F|  |TAMS 0x000000008df00000, 0x000000008df00000| Untracked 
| 224|0x000000008e000000, 0x000000008e000000, 0x000000008e100000|  0%| F|  |TAMS 0x000000008e000000, 0x000000008e000000| Untracked 
| 225|0x000000008e100000, 0x000000008e100000, 0x000000008e200000|  0%| F|  |TAMS 0x000000008e100000, 0x000000008e100000| Untracked 
| 226|0x000000008e200000, 0x000000008e200000, 0x000000008e300000|  0%| F|  |TAMS 0x000000008e200000, 0x000000008e200000| Untracked 
| 227|0x000000008e300000, 0x000000008e300000, 0x000000008e400000|  0%| F|  |TAMS 0x000000008e300000, 0x000000008e300000| Untracked 
| 228|0x000000008e400000, 0x000000008e400000, 0x000000008e500000|  0%| F|  |TAMS 0x000000008e400000, 0x000000008e400000| Untracked 
| 229|0x000000008e500000, 0x000000008e500000, 0x000000008e600000|  0%| F|  |TAMS 0x000000008e500000, 0x000000008e500000| Untracked 
| 230|0x000000008e600000, 0x000000008e600000, 0x000000008e700000|  0%| F|  |TAMS 0x000000008e600000, 0x000000008e600000| Untracked 
| 231|0x000000008e700000, 0x000000008e800000, 0x000000008e800000|100%| O|  |TAMS 0x000000008e800000, 0x000000008e700000| Complete 
| 232|0x000000008e800000, 0x000000008e900000, 0x000000008e900000|100%| O|  |TAMS 0x000000008e900000, 0x000000008e800000| Complete 
| 233|0x000000008e900000, 0x000000008e900000, 0x000000008ea00000|  0%| F|  |TAMS 0x000000008e900000, 0x000000008e900000| Untracked 
| 234|0x000000008ea00000, 0x000000008ea00000, 0x000000008eb00000|  0%| F|  |TAMS 0x000000008ea00000, 0x000000008ea00000| Untracked 
| 235|0x000000008eb00000, 0x000000008eb00000, 0x000000008ec00000|  0%| F|  |TAMS 0x000000008eb00000, 0x000000008eb00000| Untracked 
| 236|0x000000008ec00000, 0x000000008ec00000, 0x000000008ed00000|  0%| F|  |TAMS 0x000000008ec00000, 0x000000008ec00000| Untracked 
| 237|0x000000008ed00000, 0x000000008ed00000, 0x000000008ee00000|  0%| F|  |TAMS 0x000000008ed00000, 0x000000008ed00000| Untracked 
| 238|0x000000008ee00000, 0x000000008ee00000, 0x000000008ef00000|  0%| F|  |TAMS 0x000000008ee00000, 0x000000008ee00000| Untracked 
| 239|0x000000008ef00000, 0x000000008ef00000, 0x000000008f000000|  0%| F|  |TAMS 0x000000008ef00000, 0x000000008ef00000| Untracked 
| 240|0x000000008f000000, 0x000000008f000000, 0x000000008f100000|  0%| F|  |TAMS 0x000000008f000000, 0x000000008f000000| Untracked 
| 241|0x000000008f100000, 0x000000008f100000, 0x000000008f200000|  0%| F|  |TAMS 0x000000008f100000, 0x000000008f100000| Untracked 
| 242|0x000000008f200000, 0x000000008f200000, 0x000000008f300000|  0%| F|  |TAMS 0x000000008f200000, 0x000000008f200000| Untracked 
| 243|0x000000008f300000, 0x000000008f300000, 0x000000008f400000|  0%| F|  |TAMS 0x000000008f300000, 0x000000008f300000| Untracked 
| 244|0x000000008f400000, 0x000000008f400000, 0x000000008f500000|  0%| F|  |TAMS 0x000000008f400000, 0x000000008f400000| Untracked 
| 245|0x000000008f500000, 0x000000008f500000, 0x000000008f600000|  0%| F|  |TAMS 0x000000008f500000, 0x000000008f500000| Untracked 
| 246|0x000000008f600000, 0x000000008f600000, 0x000000008f700000|  0%| F|  |TAMS 0x000000008f600000, 0x000000008f600000| Untracked 
| 247|0x000000008f700000, 0x000000008f700000, 0x000000008f800000|  0%| F|  |TAMS 0x000000008f700000, 0x000000008f700000| Untracked 
| 248|0x000000008f800000, 0x000000008f800000, 0x000000008f900000|  0%| F|  |TAMS 0x000000008f800000, 0x000000008f800000| Untracked 
| 249|0x000000008f900000, 0x000000008f900000, 0x000000008fa00000|  0%| F|  |TAMS 0x000000008f900000, 0x000000008f900000| Untracked 
| 250|0x000000008fa00000, 0x000000008fa00000, 0x000000008fb00000|  0%| F|  |TAMS 0x000000008fa00000, 0x000000008fa00000| Untracked 
| 251|0x000000008fb00000, 0x000000008fb00000, 0x000000008fc00000|  0%| F|  |TAMS 0x000000008fb00000, 0x000000008fb00000| Untracked 
| 252|0x000000008fc00000, 0x000000008fc00000, 0x000000008fd00000|  0%| F|  |TAMS 0x000000008fc00000, 0x000000008fc00000| Untracked 
| 253|0x000000008fd00000, 0x000000008fe00000, 0x000000008fe00000|100%| O|  |TAMS 0x000000008fe00000, 0x000000008fd00000| Complete 
| 254|0x000000008fe00000, 0x000000008fe00000, 0x000000008ff00000|  0%| F|  |TAMS 0x000000008fe00000, 0x000000008fe00000| Untracked 
| 255|0x000000008ff00000, 0x000000008ff00000, 0x0000000090000000|  0%| F|  |TAMS 0x000000008ff00000, 0x000000008ff00000| Untracked 
| 256|0x0000000090000000, 0x0000000090000000, 0x0000000090100000|  0%| F|  |TAMS 0x0000000090000000, 0x0000000090000000| Untracked 
| 257|0x0000000090100000, 0x0000000090100000, 0x0000000090200000|  0%| F|  |TAMS 0x0000000090100000, 0x0000000090100000| Untracked 
| 258|0x0000000090200000, 0x0000000090200000, 0x0000000090300000|  0%| F|  |TAMS 0x0000000090200000, 0x0000000090200000| Untracked 
| 259|0x0000000090300000, 0x0000000090300000, 0x0000000090400000|  0%| F|  |TAMS 0x0000000090300000, 0x0000000090300000| Untracked 
| 260|0x0000000090400000, 0x0000000090400000, 0x0000000090500000|  0%| F|  |TAMS 0x0000000090400000, 0x0000000090400000| Untracked 
| 261|0x0000000090500000, 0x0000000090500000, 0x0000000090600000|  0%| F|  |TAMS 0x0000000090500000, 0x0000000090500000| Untracked 
| 262|0x0000000090600000, 0x0000000090600000, 0x0000000090700000|  0%| F|  |TAMS 0x0000000090600000, 0x0000000090600000| Untracked 
| 263|0x0000000090700000, 0x0000000090700000, 0x0000000090800000|  0%| F|  |TAMS 0x0000000090700000, 0x0000000090700000| Untracked 
| 264|0x0000000090800000, 0x0000000090800000, 0x0000000090900000|  0%| F|  |TAMS 0x0000000090800000, 0x0000000090800000| Untracked 
| 265|0x0000000090900000, 0x0000000090900000, 0x0000000090a00000|  0%| F|  |TAMS 0x0000000090900000, 0x0000000090900000| Untracked 
| 266|0x0000000090a00000, 0x0000000090b00000, 0x0000000090b00000|100%| O|  |TAMS 0x0000000090b00000, 0x0000000090a00000| Complete 
| 267|0x0000000090b00000, 0x0000000090b00000, 0x0000000090c00000|  0%| F|  |TAMS 0x0000000090b00000, 0x0000000090b00000| Untracked 
| 268|0x0000000090c00000, 0x0000000090c00000, 0x0000000090d00000|  0%| F|  |TAMS 0x0000000090c00000, 0x0000000090c00000| Untracked 
| 269|0x0000000090d00000, 0x0000000090d00000, 0x0000000090e00000|  0%| F|  |TAMS 0x0000000090d00000, 0x0000000090d00000| Untracked 
| 270|0x0000000090e00000, 0x0000000090f00000, 0x0000000090f00000|100%| O|  |TAMS 0x0000000090f00000, 0x0000000090e00000| Complete 
| 271|0x0000000090f00000, 0x0000000090f00000, 0x0000000091000000|  0%| F|  |TAMS 0x0000000090f00000, 0x0000000090f00000| Untracked 
| 272|0x0000000091000000, 0x0000000091100000, 0x0000000091100000|100%| O|  |TAMS 0x0000000091100000, 0x0000000091000000| Untracked 
| 273|0x0000000091100000, 0x0000000091100000, 0x0000000091200000|  0%| F|  |TAMS 0x0000000091100000, 0x0000000091100000| Untracked 
| 274|0x0000000091200000, 0x0000000091200000, 0x0000000091300000|  0%| F|  |TAMS 0x0000000091200000, 0x0000000091200000| Untracked 
| 275|0x0000000091300000, 0x0000000091300000, 0x0000000091400000|  0%| F|  |TAMS 0x0000000091300000, 0x0000000091300000| Untracked 
| 276|0x0000000091400000, 0x0000000091400000, 0x0000000091500000|  0%| F|  |TAMS 0x0000000091400000, 0x0000000091400000| Untracked 
| 277|0x0000000091500000, 0x0000000091500000, 0x0000000091600000|  0%| F|  |TAMS 0x0000000091500000, 0x0000000091500000| Untracked 
| 278|0x0000000091600000, 0x0000000091600000, 0x0000000091700000|  0%| F|  |TAMS 0x0000000091600000, 0x0000000091600000| Untracked 
| 279|0x0000000091700000, 0x0000000091700000, 0x0000000091800000|  0%| F|  |TAMS 0x0000000091700000, 0x0000000091700000| Untracked 
| 280|0x0000000091800000, 0x0000000091800000, 0x0000000091900000|  0%| F|  |TAMS 0x0000000091800000, 0x0000000091800000| Untracked 
| 281|0x0000000091900000, 0x0000000091900000, 0x0000000091a00000|  0%| F|  |TAMS 0x0000000091900000, 0x0000000091900000| Untracked 
| 282|0x0000000091a00000, 0x0000000091a00000, 0x0000000091b00000|  0%| F|  |TAMS 0x0000000091a00000, 0x0000000091a00000| Untracked 
| 283|0x0000000091b00000, 0x0000000091b00000, 0x0000000091c00000|  0%| F|  |TAMS 0x0000000091b00000, 0x0000000091b00000| Untracked 
| 284|0x0000000091c00000, 0x0000000091c00000, 0x0000000091d00000|  0%| F|  |TAMS 0x0000000091c00000, 0x0000000091c00000| Untracked 
| 285|0x0000000091d00000, 0x0000000091d00000, 0x0000000091e00000|  0%| F|  |TAMS 0x0000000091d00000, 0x0000000091d00000| Untracked 
| 286|0x0000000091e00000, 0x0000000091e00000, 0x0000000091f00000|  0%| F|  |TAMS 0x0000000091e00000, 0x0000000091e00000| Untracked 
| 287|0x0000000091f00000, 0x0000000091f00000, 0x0000000092000000|  0%| F|  |TAMS 0x0000000091f00000, 0x0000000091f00000| Untracked 
| 288|0x0000000092000000, 0x0000000092000000, 0x0000000092100000|  0%| F|  |TAMS 0x0000000092000000, 0x0000000092000000| Untracked 
| 289|0x0000000092100000, 0x0000000092100000, 0x0000000092200000|  0%| F|  |TAMS 0x0000000092100000, 0x0000000092100000| Untracked 
| 290|0x0000000092200000, 0x0000000092200000, 0x0000000092300000|  0%| F|  |TAMS 0x0000000092200000, 0x0000000092200000| Untracked 
| 291|0x0000000092300000, 0x0000000092300000, 0x0000000092400000|  0%| F|  |TAMS 0x0000000092300000, 0x0000000092300000| Untracked 
| 292|0x0000000092400000, 0x0000000092400000, 0x0000000092500000|  0%| F|  |TAMS 0x0000000092400000, 0x0000000092400000| Untracked 
| 293|0x0000000092500000, 0x0000000092500000, 0x0000000092600000|  0%| F|  |TAMS 0x0000000092500000, 0x0000000092500000| Untracked 
| 294|0x0000000092600000, 0x0000000092600000, 0x0000000092700000|  0%| F|  |TAMS 0x0000000092600000, 0x0000000092600000| Untracked 
| 295|0x0000000092700000, 0x0000000092700000, 0x0000000092800000|  0%| F|  |TAMS 0x0000000092700000, 0x0000000092700000| Untracked 
| 296|0x0000000092800000, 0x0000000092800000, 0x0000000092900000|  0%| F|  |TAMS 0x0000000092800000, 0x0000000092800000| Untracked 
| 297|0x0000000092900000, 0x0000000092900000, 0x0000000092a00000|  0%| F|  |TAMS 0x0000000092900000, 0x0000000092900000| Untracked 
| 298|0x0000000092a00000, 0x0000000092a00000, 0x0000000092b00000|  0%| F|  |TAMS 0x0000000092a00000, 0x0000000092a00000| Untracked 
| 299|0x0000000092b00000, 0x0000000092b00000, 0x0000000092c00000|  0%| F|  |TAMS 0x0000000092b00000, 0x0000000092b00000| Untracked 
| 300|0x0000000092c00000, 0x0000000092c00000, 0x0000000092d00000|  0%| F|  |TAMS 0x0000000092c00000, 0x0000000092c00000| Untracked 
| 301|0x0000000092d00000, 0x0000000092d00000, 0x0000000092e00000|  0%| F|  |TAMS 0x0000000092d00000, 0x0000000092d00000| Untracked 
| 302|0x0000000092e00000, 0x0000000092e00000, 0x0000000092f00000|  0%| F|  |TAMS 0x0000000092e00000, 0x0000000092e00000| Untracked 
| 303|0x0000000092f00000, 0x0000000092f00000, 0x0000000093000000|  0%| F|  |TAMS 0x0000000092f00000, 0x0000000092f00000| Untracked 
| 304|0x0000000093000000, 0x0000000093000000, 0x0000000093100000|  0%| F|  |TAMS 0x0000000093000000, 0x0000000093000000| Untracked 
| 305|0x0000000093100000, 0x0000000093100000, 0x0000000093200000|  0%| F|  |TAMS 0x0000000093100000, 0x0000000093100000| Untracked 
| 306|0x0000000093200000, 0x0000000093200000, 0x0000000093300000|  0%| F|  |TAMS 0x0000000093200000, 0x0000000093200000| Untracked 
| 307|0x0000000093300000, 0x0000000093300000, 0x0000000093400000|  0%| F|  |TAMS 0x0000000093300000, 0x0000000093300000| Untracked 
| 308|0x0000000093400000, 0x0000000093400000, 0x0000000093500000|  0%| F|  |TAMS 0x0000000093400000, 0x0000000093400000| Untracked 
| 309|0x0000000093500000, 0x0000000093500000, 0x0000000093600000|  0%| F|  |TAMS 0x0000000093500000, 0x0000000093500000| Untracked 
| 310|0x0000000093600000, 0x0000000093600000, 0x0000000093700000|  0%| F|  |TAMS 0x0000000093600000, 0x0000000093600000| Untracked 
| 311|0x0000000093700000, 0x0000000093700000, 0x0000000093800000|  0%| F|  |TAMS 0x0000000093700000, 0x0000000093700000| Untracked 
| 312|0x0000000093800000, 0x0000000093800000, 0x0000000093900000|  0%| F|  |TAMS 0x0000000093800000, 0x0000000093800000| Untracked 
| 313|0x0000000093900000, 0x0000000093900000, 0x0000000093a00000|  0%| F|  |TAMS 0x0000000093900000, 0x0000000093900000| Untracked 
| 314|0x0000000093a00000, 0x0000000093a00000, 0x0000000093b00000|  0%| F|  |TAMS 0x0000000093a00000, 0x0000000093a00000| Untracked 
| 315|0x0000000093b00000, 0x0000000093b00000, 0x0000000093c00000|  0%| F|  |TAMS 0x0000000093b00000, 0x0000000093b00000| Untracked 
| 316|0x0000000093c00000, 0x0000000093cdbab0, 0x0000000093d00000| 85%| S|CS|TAMS 0x0000000093c00000, 0x0000000093c00000| Complete 
| 317|0x0000000093d00000, 0x0000000093d00000, 0x0000000093e00000|  0%| F|  |TAMS 0x0000000093d00000, 0x0000000093d00000| Untracked 
| 318|0x0000000093e00000, 0x0000000093f00000, 0x0000000093f00000|100%| S|CS|TAMS 0x0000000093e00000, 0x0000000093e00000| Complete 
| 319|0x0000000093f00000, 0x0000000093f00000, 0x0000000094000000|  0%| F|  |TAMS 0x0000000093f00000, 0x0000000093f00000| Untracked 
| 320|0x0000000094000000, 0x0000000094000000, 0x0000000094100000|  0%| F|  |TAMS 0x0000000094000000, 0x0000000094000000| Untracked 
| 321|0x0000000094100000, 0x0000000094100000, 0x0000000094200000|  0%| F|  |TAMS 0x0000000094100000, 0x0000000094100000| Untracked 
| 322|0x0000000094200000, 0x0000000094200000, 0x0000000094300000|  0%| F|  |TAMS 0x0000000094200000, 0x0000000094200000| Untracked 
| 323|0x0000000094300000, 0x0000000094300000, 0x0000000094400000|  0%| F|  |TAMS 0x0000000094300000, 0x0000000094300000| Untracked 
| 324|0x0000000094400000, 0x0000000094400000, 0x0000000094500000|  0%| F|  |TAMS 0x0000000094400000, 0x0000000094400000| Untracked 
| 325|0x0000000094500000, 0x0000000094500000, 0x0000000094600000|  0%| F|  |TAMS 0x0000000094500000, 0x0000000094500000| Untracked 
| 326|0x0000000094600000, 0x0000000094600000, 0x0000000094700000|  0%| F|  |TAMS 0x0000000094600000, 0x0000000094600000| Untracked 
| 327|0x0000000094700000, 0x0000000094700000, 0x0000000094800000|  0%| F|  |TAMS 0x0000000094700000, 0x0000000094700000| Untracked 
| 328|0x0000000094800000, 0x0000000094800000, 0x0000000094900000|  0%| F|  |TAMS 0x0000000094800000, 0x0000000094800000| Untracked 
| 329|0x0000000094900000, 0x0000000094900000, 0x0000000094a00000|  0%| F|  |TAMS 0x0000000094900000, 0x0000000094900000| Untracked 
| 330|0x0000000094a00000, 0x0000000094a00000, 0x0000000094b00000|  0%| F|  |TAMS 0x0000000094a00000, 0x0000000094a00000| Untracked 
| 331|0x0000000094b00000, 0x0000000094b00000, 0x0000000094c00000|  0%| F|  |TAMS 0x0000000094b00000, 0x0000000094b00000| Untracked 
| 332|0x0000000094c00000, 0x0000000094c00000, 0x0000000094d00000|  0%| F|  |TAMS 0x0000000094c00000, 0x0000000094c00000| Untracked 
| 333|0x0000000094d00000, 0x0000000094d00000, 0x0000000094e00000|  0%| F|  |TAMS 0x0000000094d00000, 0x0000000094d00000| Untracked 

Card table byte_map: [0x00000181b7c40000,0x00000181b8040000] _byte_map_base: 0x00000181b7840000

Marking Bits (Prev, Next): (CMBitMap*) 0x00000181a46ecdb8, (CMBitMap*) 0x00000181a46ecdf0
 Prev Bits: [0x00000181b8440000, 0x00000181ba440000)
 Next Bits: [0x00000181ba440000, 0x00000181bc440000)

Polling page: 0x00000181a4790000

Metaspace:

Usage:
  Non-class:     98.38 MB capacity,    96.85 MB ( 98%) used,     1.22 MB (  1%) free+waste,   308.94 KB ( <1%) overhead. 
      Class:     14.71 MB capacity,    13.80 MB ( 94%) used,   801.22 KB (  5%) free+waste,   133.31 KB ( <1%) overhead. 
       Both:    113.09 MB capacity,   110.65 MB ( 98%) used,     2.01 MB (  2%) free+waste,   442.25 KB ( <1%) overhead. 

Virtual space:
  Non-class space:      100.00 MB reserved,      98.45 MB ( 98%) committed 
      Class space:        1.00 GB reserved,      14.75 MB (  1%) committed 
             Both:        1.10 GB reserved,     113.20 MB ( 10%) committed 

Chunk freelists:
   Non-Class:  13.00 KB
       Class:  8.00 KB
        Both:  21.00 KB

MaxMetaspaceSize: 17179869184.00 GB
CompressedClassSpaceSize: 1.00 GB
Initial GC threshold: 20.80 MB
Current GC threshold: 187.84 MB
CDS: off

CodeHeap 'non-profiled nmethods': size=120064Kb used=9798Kb max_used=9798Kb free=110265Kb
 bounds [0x00000181afcb0000, 0x00000181b0650000, 0x00000181b71f0000]
CodeHeap 'profiled nmethods': size=120000Kb used=35033Kb max_used=35033Kb free=84966Kb
 bounds [0x00000181a8780000, 0x00000181aa9c0000, 0x00000181afcb0000]
CodeHeap 'non-nmethods': size=5696Kb used=2396Kb max_used=2446Kb free=3299Kb
 bounds [0x00000181a81f0000, 0x00000181a8460000, 0x00000181a8780000]
 total_blobs=16011 nmethods=15086 adapters=836
 compilation: enabled
              stopped_count=0, restarted_count=0
 full_count=0

Compilation events (20 events):
Event: 38.359 Thread 0x00000181beab7800 nmethod 15248 0x00000181aa9b0c10 code [0x00000181aa9b0e60, 0x00000181aa9b1c48]
Event: 38.359 Thread 0x00000181beab7800 15249       3       com.sun.tools.javac.jvm.Code::fillLocalVarPosition (153 bytes)
Event: 38.360 Thread 0x00000181beab7800 nmethod 15249 0x00000181aa9b1f90 code [0x00000181aa9b2240, 0x00000181aa9b3578]
Event: 38.362 Thread 0x00000181beab7800 15250       3       com.sun.tools.javac.jvm.Code::endScope (72 bytes)
Event: 38.363 Thread 0x00000181beab7800 nmethod 15250 0x00000181aa9b3b10 code [0x00000181aa9b3da0, 0x00000181aa9b4688]
Event: 38.363 Thread 0x00000181c1fe9800 nmethod 15226 0x00000181b063bf10 code [0x00000181b063c0e0, 0x00000181b063cb98]
Event: 38.363 Thread 0x00000181c1fe9800 15233       4       com.sun.tools.javac.code.Scope$ScopeImpl$2::next (5 bytes)
Event: 38.364 Thread 0x00000181beab7800 15251       3       java.lang.Exception::<init> (5 bytes)
Event: 38.364 Thread 0x00000181beab7800 nmethod 15251 0x00000181aa9b4a90 code [0x00000181aa9b4c60, 0x00000181aa9b5008]
Event: 38.367 Thread 0x00000181c1fe9800 nmethod 15233 0x00000181b063d010 code [0x00000181b063d1c0, 0x00000181b063d3f8]
Event: 38.367 Thread 0x00000181c1fe9800 15234       4       com.sun.tools.javac.comp.Resolve::findTypeVar (108 bytes)
Event: 38.368 Thread 0x00000181beab7800 15252       3       com.sun.tools.javac.code.Attribute$Compound::getElemPair (48 bytes)
Event: 38.368 Thread 0x00000181beab7800 nmethod 15252 0x00000181aa9b5110 code [0x00000181aa9b5340, 0x00000181aa9b5bf8]
Event: 38.372 Thread 0x00000181beab6800 nmethod 15186 0x00000181b063d610 code [0x00000181b063d8e0, 0x00000181b06400d0]
Event: 38.372 Thread 0x00000181beab6800 15235       4       com.sun.tools.javac.comp.Resolve$MethodCheckContext::checkWarner (5 bytes)
Event: 38.372 Thread 0x00000181beab6800 nmethod 15235 0x00000181b0640e10 code [0x00000181b0640fa0, 0x00000181b0641018]
Event: 38.372 Thread 0x00000181c1fe9800 nmethod 15234 0x00000181b0641110 code [0x00000181b06412e0, 0x00000181b06415c8]
Event: 38.374 Thread 0x00000181beab6800 15253       4       com.sun.tools.javac.code.Type$StructuralTypeMapping::visitClassType (67 bytes)
Event: 38.375 Thread 0x00000181beab7800 15254       3       java.util.Arrays::fill (21 bytes)
Event: 38.375 Thread 0x00000181beab7800 nmethod 15254 0x00000181aa9b5e90 code [0x00000181aa9b6060, 0x00000181aa9b6378]

GC Heap History (20 events):
Event: 36.102 GC heap after
{Heap after GC invocations=46 (full 0):
 garbage-first heap   total 273408K, used 181580K [0x0000000080000000, 0x0000000100000000)
  region size 1024K, 5 young (5120K), 5 survivors (5120K)
 Metaspace       used 111757K, capacity 114156K, committed 114256K, reserved 1148928K
  class space    used 14002K, capacity 14923K, committed 14976K, reserved 1048576K
}
Event: 36.242 GC heap before
{Heap before GC invocations=46 (full 0):
 garbage-first heap   total 273408K, used 211276K [0x0000000080000000, 0x0000000100000000)
  region size 1024K, 34 young (34816K), 5 survivors (5120K)
 Metaspace       used 111758K, capacity 114156K, committed 114256K, reserved 1148928K
  class space    used 14002K, capacity 14923K, committed 14976K, reserved 1048576K
}
Event: 36.274 GC heap after
{Heap after GC invocations=47 (full 0):
 garbage-first heap   total 273408K, used 210944K [0x0000000080000000, 0x0000000100000000)
  region size 1024K, 5 young (5120K), 5 survivors (5120K)
 Metaspace       used 111758K, capacity 114156K, committed 114256K, reserved 1148928K
  class space    used 14002K, capacity 14923K, committed 14976K, reserved 1048576K
}
Event: 36.386 GC heap before
{Heap before GC invocations=47 (full 0):
 garbage-first heap   total 273408K, used 224256K [0x0000000080000000, 0x0000000100000000)
  region size 1024K, 18 young (18432K), 5 survivors (5120K)
 Metaspace       used 111763K, capacity 114156K, committed 114256K, reserved 1148928K
  class space    used 14002K, capacity 14923K, committed 14976K, reserved 1048576K
}
Event: 36.402 GC heap after
{Heap after GC invocations=48 (full 0):
 garbage-first heap   total 273408K, used 222720K [0x0000000080000000, 0x0000000100000000)
  region size 1024K, 3 young (3072K), 3 survivors (3072K)
 Metaspace       used 111763K, capacity 114156K, committed 114256K, reserved 1148928K
  class space    used 14002K, capacity 14923K, committed 14976K, reserved 1048576K
}
Event: 36.572 GC heap before
{Heap before GC invocations=48 (full 0):
 garbage-first heap   total 273408K, used 232960K [0x0000000080000000, 0x0000000100000000)
  region size 1024K, 13 young (13312K), 3 survivors (3072K)
 Metaspace       used 111802K, capacity 114222K, committed 114512K, reserved 1148928K
  class space    used 14002K, capacity 14923K, committed 14976K, reserved 1048576K
}
Event: 36.579 GC heap after
{Heap after GC invocations=49 (full 0):
 garbage-first heap   total 273408K, used 226304K [0x0000000080000000, 0x0000000100000000)
  region size 1024K, 2 young (2048K), 2 survivors (2048K)
 Metaspace       used 111802K, capacity 114222K, committed 114512K, reserved 1148928K
  class space    used 14002K, capacity 14923K, committed 14976K, reserved 1048576K
}
Event: 36.804 GC heap before
{Heap before GC invocations=49 (full 0):
 garbage-first heap   total 273408K, used 237568K [0x0000000080000000, 0x0000000100000000)
  region size 1024K, 13 young (13312K), 2 survivors (2048K)
 Metaspace       used 111818K, capacity 114222K, committed 114512K, reserved 1148928K
  class space    used 14002K, capacity 14923K, committed 14976K, reserved 1048576K
}
Event: 36.808 GC heap after
{Heap after GC invocations=50 (full 0):
 garbage-first heap   total 273408K, used 226967K [0x0000000080000000, 0x0000000100000000)
  region size 1024K, 1 young (1024K), 1 survivors (1024K)
 Metaspace       used 111818K, capacity 114222K, committed 114512K, reserved 1148928K
  class space    used 14002K, capacity 14923K, committed 14976K, reserved 1048576K
}
Event: 36.998 GC heap before
{Heap before GC invocations=50 (full 0):
 garbage-first heap   total 273408K, used 239255K [0x0000000080000000, 0x0000000100000000)
  region size 1024K, 13 young (13312K), 1 survivors (1024K)
 Metaspace       used 111841K, capacity 114286K, committed 114512K, reserved 1148928K
  class space    used 14002K, capacity 14923K, committed 14976K, reserved 1048576K
}
Event: 37.015 GC heap after
{Heap after GC invocations=51 (full 0):
 garbage-first heap   total 273408K, used 238731K [0x0000000080000000, 0x0000000100000000)
  region size 1024K, 2 young (2048K), 2 survivors (2048K)
 Metaspace       used 111841K, capacity 114286K, committed 114512K, reserved 1148928K
  class space    used 14002K, capacity 14923K, committed 14976K, reserved 1048576K
}
Event: 37.065 GC heap before
{Heap before GC invocations=51 (full 0):
 garbage-first heap   total 273408K, used 249995K [0x0000000080000000, 0x0000000100000000)
  region size 1024K, 13 young (13312K), 2 survivors (2048K)
 Metaspace       used 111841K, capacity 114286K, committed 114512K, reserved 1148928K
  class space    used 14002K, capacity 14923K, committed 14976K, reserved 1048576K
}
Event: 37.078 GC heap after
{Heap after GC invocations=52 (full 0):
 garbage-first heap   total 342016K, used 250266K [0x0000000080000000, 0x0000000100000000)
  region size 1024K, 2 young (2048K), 2 survivors (2048K)
 Metaspace       used 111841K, capacity 114286K, committed 114512K, reserved 1148928K
  class space    used 14002K, capacity 14923K, committed 14976K, reserved 1048576K
}
Event: 37.159 GC heap before
{Heap before GC invocations=52 (full 0):
 garbage-first heap   total 342016K, used 270746K [0x0000000080000000, 0x0000000100000000)
  region size 1024K, 22 young (22528K), 2 survivors (2048K)
 Metaspace       used 111841K, capacity 114286K, committed 114512K, reserved 1148928K
  class space    used 14002K, capacity 14923K, committed 14976K, reserved 1048576K
}
Event: 37.188 GC heap after
{Heap after GC invocations=53 (full 0):
 garbage-first heap   total 342016K, used 271871K [0x0000000080000000, 0x0000000100000000)
  region size 1024K, 3 young (3072K), 3 survivors (3072K)
 Metaspace       used 111841K, capacity 114286K, committed 114512K, reserved 1148928K
  class space    used 14002K, capacity 14923K, committed 14976K, reserved 1048576K
}
Event: 37.321 GC heap before
{Heap before GC invocations=54 (full 0):
 garbage-first heap   total 342016K, used 285183K [0x0000000080000000, 0x0000000100000000)
  region size 1024K, 16 young (16384K), 3 survivors (3072K)
 Metaspace       used 111849K, capacity 114286K, committed 114512K, reserved 1148928K
  class space    used 14002K, capacity 14923K, committed 14976K, reserved 1048576K
}
Event: 37.332 GC heap after
{Heap after GC invocations=55 (full 0):
 garbage-first heap   total 342016K, used 279040K [0x0000000080000000, 0x0000000100000000)
  region size 1024K, 2 young (2048K), 2 survivors (2048K)
 Metaspace       used 111849K, capacity 114286K, committed 114512K, reserved 1148928K
  class space    used 14002K, capacity 14923K, committed 14976K, reserved 1048576K
}
Event: 37.436 GC heap before
{Heap before GC invocations=55 (full 0):
 garbage-first heap   total 342016K, used 293376K [0x0000000080000000, 0x0000000100000000)
  region size 1024K, 16 young (16384K), 2 survivors (2048K)
 Metaspace       used 111884K, capacity 114357K, committed 114512K, reserved 1148928K
  class space    used 14002K, capacity 14923K, committed 14976K, reserved 1048576K
}
Event: 37.444 GC heap after
{Heap after GC invocations=56 (full 0):
 garbage-first heap   total 342016K, used 280576K [0x0000000080000000, 0x0000000100000000)
  region size 1024K, 1 young (1024K), 1 survivors (1024K)
 Metaspace       used 111884K, capacity 114357K, committed 114512K, reserved 1148928K
  class space    used 14002K, capacity 14923K, committed 14976K, reserved 1048576K
}
Event: 38.375 GC heap before
{Heap before GC invocations=57 (full 0):
 garbage-first heap   total 342016K, used 169984K [0x0000000080000000, 0x0000000100000000)
  region size 1024K, 16 young (16384K), 1 survivors (1024K)
 Metaspace       used 113306K, capacity 115803K, committed 115920K, reserved 1150976K
  class space    used 14129K, capacity 15064K, committed 15104K, reserved 1048576K
}

Deoptimization events (20 events):
Event: 37.953 Thread 0x00000181c5129800 Uncommon trap: trap_request=0xffffff4d fr.pc=0x00000181b0603b7c relative=0x00000000000000dc
Event: 37.953 Thread 0x00000181c5129800 Uncommon trap: reason=unstable_if action=reinterpret pc=0x00000181b0603b7c method=com.sun.tools.javac.comp.Check.checkDeprecated(Lcom/sun/tools/javac/util/JCDiagnostic$DiagnosticPosition;Lcom/sun/tools/javac/code/Symbol;Lcom/sun/tools/javac/code/Symbol;)V
Event: 37.953 Thread 0x00000181c5129800 DEOPT PACKING pc=0x00000181b0603b7c sp=0x0000006e1d1f8160
Event: 37.953 Thread 0x00000181c5129800 DEOPT UNPACKING pc=0x00000181a823a1af sp=0x0000006e1d1f80f0 mode 2
Event: 37.970 Thread 0x00000181c5129800 Uncommon trap: trap_request=0xffffff4d fr.pc=0x00000181b05f865c relative=0x000000000000105c
Event: 37.970 Thread 0x00000181c5129800 Uncommon trap: reason=unstable_if action=reinterpret pc=0x00000181b05f865c method=com.sun.tools.javac.code.Symbol.hiddenInInternal(Lcom/sun/tools/javac/code/Symbol$ClassSymbol;Lcom/sun/tools/javac/code/Types;)Lcom/sun/tools/javac/code/Symbol; @ 80 c2
Event: 37.970 Thread 0x00000181c5129800 DEOPT PACKING pc=0x00000181b05f865c sp=0x0000006e1d1f84a0
Event: 37.970 Thread 0x00000181c5129800 DEOPT UNPACKING pc=0x00000181a823a1af sp=0x0000006e1d1f8478 mode 2
Event: 38.035 Thread 0x00000181c5129800 Uncommon trap: trap_request=0xffffff4d fr.pc=0x00000181b03f8a98 relative=0x00000000000000f8
Event: 38.035 Thread 0x00000181c5129800 Uncommon trap: reason=unstable_if action=reinterpret pc=0x00000181b03f8a98 method=com.sun.tools.javac.util.IntHashTable.lookup(Ljava/lang/Object;I)I @ 67 c2
Event: 38.035 Thread 0x00000181c5129800 DEOPT PACKING pc=0x00000181b03f8a98 sp=0x0000006e1d1f82f0
Event: 38.035 Thread 0x00000181c5129800 DEOPT UNPACKING pc=0x00000181a823a1af sp=0x0000006e1d1f8258 mode 2
Event: 38.105 Thread 0x00000181c5129800 Uncommon trap: trap_request=0xffffff4d fr.pc=0x00000181b0616c40 relative=0x0000000000000f60
Event: 38.105 Thread 0x00000181c5129800 Uncommon trap: reason=unstable_if action=reinterpret pc=0x00000181b0616c40 method=com.sun.tools.javac.code.Scope$ScopeImpl.dble()V @ 113 c2
Event: 38.105 Thread 0x00000181c5129800 DEOPT PACKING pc=0x00000181b0616c40 sp=0x0000006e1d1f87c0
Event: 38.105 Thread 0x00000181c5129800 DEOPT UNPACKING pc=0x00000181a823a1af sp=0x0000006e1d1f8718 mode 2
Event: 38.111 Thread 0x00000181c5129800 DEOPT PACKING pc=0x00000181a8f8caf1 sp=0x0000006e1d1f8d00
Event: 38.111 Thread 0x00000181c5129800 DEOPT UNPACKING pc=0x00000181a823a95e sp=0x0000006e1d1f81f8 mode 0
Event: 38.140 Thread 0x00000181c190d000 DEOPT PACKING pc=0x00000181aa2d23c4 sp=0x0000006e198fea80
Event: 38.140 Thread 0x00000181c190d000 DEOPT UNPACKING pc=0x00000181a823a95e sp=0x0000006e198fe020 mode 0

Classes redefined (0 events):
No events

Internal exceptions (20 events):
Event: 37.931 Thread 0x00000181c5129800 Exception <a 'sun/nio/fs/WindowsException'{0x00000000945aef60}> (0x00000000945aef60) thrown at [./src/hotspot/share/prims/jni.cpp, line 616]
Event: 37.972 Thread 0x00000181c5129800 Exception <a 'sun/nio/fs/WindowsException'{0x00000000945f48f0}> (0x00000000945f48f0) thrown at [./src/hotspot/share/prims/jni.cpp, line 616]
Event: 37.999 Thread 0x00000181c5129800 Exception <a 'sun/nio/fs/WindowsException'{0x0000000094453358}> (0x0000000094453358) thrown at [./src/hotspot/share/prims/jni.cpp, line 616]
Event: 38.022 Thread 0x00000181c5129800 Exception <a 'sun/nio/fs/WindowsException'{0x00000000944ab138}> (0x00000000944ab138) thrown at [./src/hotspot/share/prims/jni.cpp, line 616]
Event: 38.037 Thread 0x00000181c5129800 Exception <a 'sun/nio/fs/WindowsException'{0x00000000944f64e0}> (0x00000000944f64e0) thrown at [./src/hotspot/share/prims/jni.cpp, line 616]
Event: 38.043 Thread 0x00000181c5129800 Exception <a 'sun/nio/fs/WindowsException'{0x0000000094318160}> (0x0000000094318160) thrown at [./src/hotspot/share/prims/jni.cpp, line 616]
Event: 38.060 Thread 0x00000181c5129800 Exception <a 'sun/nio/fs/WindowsException'{0x00000000943970d8}> (0x00000000943970d8) thrown at [./src/hotspot/share/prims/jni.cpp, line 616]
Event: 38.072 Thread 0x00000181c5129800 Exception <a 'sun/nio/fs/WindowsException'{0x00000000943d9cc8}> (0x00000000943d9cc8) thrown at [./src/hotspot/share/prims/jni.cpp, line 616]
Event: 38.093 Thread 0x00000181c5129800 Exception <a 'sun/nio/fs/WindowsException'{0x000000009424ad98}> (0x000000009424ad98) thrown at [./src/hotspot/share/prims/jni.cpp, line 616]
Event: 38.110 Thread 0x00000181c5129800 Exception <a 'sun/nio/fs/WindowsException'{0x00000000942a88f8}> (0x00000000942a88f8) thrown at [./src/hotspot/share/prims/jni.cpp, line 616]
Event: 38.132 Thread 0x00000181c5129800 Exception <a 'sun/nio/fs/WindowsException'{0x00000000942fd0c8}> (0x00000000942fd0c8) thrown at [./src/hotspot/share/prims/jni.cpp, line 616]
Event: 38.162 Thread 0x00000181c5129800 Exception <a 'sun/nio/fs/WindowsException'{0x00000000941a4570}> (0x00000000941a4570) thrown at [./src/hotspot/share/prims/jni.cpp, line 616]
Event: 38.177 Thread 0x00000181c5129800 Exception <a 'sun/nio/fs/WindowsException'{0x00000000941f3c78}> (0x00000000941f3c78) thrown at [./src/hotspot/share/prims/jni.cpp, line 616]
Event: 38.197 Thread 0x00000181c5129800 Exception <a 'sun/nio/fs/WindowsException'{0x0000000094034bf8}> (0x0000000094034bf8) thrown at [./src/hotspot/share/prims/jni.cpp, line 616]
Event: 38.230 Thread 0x00000181c5129800 Exception <a 'sun/nio/fs/WindowsException'{0x0000000094080428}> (0x0000000094080428) thrown at [./src/hotspot/share/prims/jni.cpp, line 616]
Event: 38.263 Thread 0x00000181c5129800 Exception <a 'sun/nio/fs/WindowsException'{0x00000000940f80e8}> (0x00000000940f80e8) thrown at [./src/hotspot/share/prims/jni.cpp, line 616]
Event: 38.308 Thread 0x00000181c5129800 Exception <a 'sun/nio/fs/WindowsException'{0x0000000093f308c8}> (0x0000000093f308c8) thrown at [./src/hotspot/share/prims/jni.cpp, line 616]
Event: 38.322 Thread 0x00000181c5129800 Exception <a 'sun/nio/fs/WindowsException'{0x0000000093f56fe0}> (0x0000000093f56fe0) thrown at [./src/hotspot/share/prims/jni.cpp, line 616]
Event: 38.340 Thread 0x00000181c5129800 Exception <a 'sun/nio/fs/WindowsException'{0x0000000093f94a88}> (0x0000000093f94a88) thrown at [./src/hotspot/share/prims/jni.cpp, line 616]
Event: 38.364 Thread 0x00000181c5129800 Exception <a 'sun/nio/fs/WindowsException'{0x0000000093fd4e30}> (0x0000000093fd4e30) thrown at [./src/hotspot/share/prims/jni.cpp, line 616]

Events (20 events):
Event: 37.810 loading class com/sun/tools/javac/comp/ArgumentAttr done
Event: 37.813 loading class com/sun/tools/javac/tree/JCTree
Event: 37.813 loading class com/sun/tools/javac/tree/JCTree done
Event: 37.813 loading class com/sun/tools/javac/tree/JCTree
Event: 37.813 loading class com/sun/tools/javac/tree/JCTree done
Event: 37.813 loading class com/sun/tools/javac/comp/DeferredAttr
Event: 37.813 loading class com/sun/tools/javac/comp/DeferredAttr done
Event: 37.816 loading class com/sun/tools/javac/code/DeferredCompletionFailureHandler$FlipSymbolDescription
Event: 37.816 loading class com/sun/tools/javac/code/DeferredCompletionFailureHandler$FlipSymbolDescription done
Event: 37.816 loading class com/sun/tools/javac/code/DeferredCompletionFailureHandler$FlipSymbolDescription
Event: 37.816 loading class com/sun/tools/javac/code/DeferredCompletionFailureHandler$FlipSymbolDescription done
Event: 37.820 loading class com/sun/tools/javac/tree/JCTree
Event: 37.820 loading class com/sun/tools/javac/tree/JCTree done
Event: 37.953 Executing VM operation: ICBufferFull
Event: 37.954 Executing VM operation: ICBufferFull done
Event: 37.978 Executing VM operation: CGC_Operation
Event: 37.979 Executing VM operation: CGC_Operation done
Event: 38.174 Executing VM operation: ICBufferFull
Event: 38.174 Executing VM operation: ICBufferFull done
Event: 38.375 Executing VM operation: G1CollectForAllocation


Dynamic libraries:
0x00007ff6697d0000 - 0x00007ff6697da000 	C:\Program Files\Android\Android Studio\jre\bin\java.exe
0x00007ff8d1870000 - 0x00007ff8d1a68000 	C:\WINDOWS\SYSTEM32\ntdll.dll
0x00007ff8d0380000 - 0x00007ff8d043f000 	C:\WINDOWS\System32\KERNEL32.DLL
0x00007ff8cf4c0000 - 0x00007ff8cf792000 	C:\WINDOWS\System32\KERNELBASE.dll
0x00007ff8cf390000 - 0x00007ff8cf490000 	C:\WINDOWS\System32\ucrtbase.dll
0x00007ff8caac0000 - 0x00007ff8caad9000 	C:\Program Files\Android\Android Studio\jre\bin\jli.dll
0x00007ff8caae0000 - 0x00007ff8caaf7000 	C:\Program Files\Android\Android Studio\jre\bin\VCRUNTIME140.dll
0x00007ff8cfc80000 - 0x00007ff8cfe21000 	C:\WINDOWS\System32\USER32.dll
0x00007ff8cf170000 - 0x00007ff8cf192000 	C:\WINDOWS\System32\win32u.dll
0x00007ff8bd7a0000 - 0x00007ff8bda3a000 	C:\WINDOWS\WinSxS\amd64_microsoft.windows.common-controls_6595b64144ccf1df_6.0.19041.1110_none_60b5254171f9507e\COMCTL32.dll
0x00007ff8d0d20000 - 0x00007ff8d0d4b000 	C:\WINDOWS\System32\GDI32.dll
0x00007ff8d1190000 - 0x00007ff8d122e000 	C:\WINDOWS\System32\msvcrt.dll
0x00007ff8cf1f0000 - 0x00007ff8cf2ff000 	C:\WINDOWS\System32\gdi32full.dll
0x00007ff8cf7a0000 - 0x00007ff8cf83d000 	C:\WINDOWS\System32\msvcp_win.dll
0x00007ff8cfc40000 - 0x00007ff8cfc72000 	C:\WINDOWS\System32\IMM32.DLL
0x00007ff8bcfb0000 - 0x00007ff8bd04d000 	C:\Program Files\Android\Android Studio\jre\bin\msvcp140.dll
0x00007ff864610000 - 0x00007ff865112000 	C:\Program Files\Android\Android Studio\jre\bin\server\jvm.dll
0x00007ff8d10e0000 - 0x00007ff8d118e000 	C:\WINDOWS\System32\ADVAPI32.dll
0x00007ff8d0c80000 - 0x00007ff8d0d1c000 	C:\WINDOWS\System32\sechost.dll
0x00007ff8d16a0000 - 0x00007ff8d17c5000 	C:\WINDOWS\System32\RPCRT4.dll
0x00007ff8cfe60000 - 0x00007ff8cfe68000 	C:\WINDOWS\System32\PSAPI.DLL
0x00007ff8c8280000 - 0x00007ff8c8289000 	C:\WINDOWS\SYSTEM32\WSOCK32.dll
0x00007ff8d01d0000 - 0x00007ff8d023b000 	C:\WINDOWS\System32\WS2_32.dll
0x00007ff8c0190000 - 0x00007ff8c01b7000 	C:\WINDOWS\SYSTEM32\WINMM.dll
0x00007ff8c9eb0000 - 0x00007ff8c9eba000 	C:\WINDOWS\SYSTEM32\VERSION.dll
0x00007ff8cce40000 - 0x00007ff8cce52000 	C:\WINDOWS\SYSTEM32\kernel.appcore.dll
0x00007ff8c7290000 - 0x00007ff8c72a1000 	C:\Program Files\Android\Android Studio\jre\bin\verify.dll
0x00007ff8bb090000 - 0x00007ff8bb274000 	C:\WINDOWS\SYSTEM32\DBGHELP.DLL
0x00007ff8bad60000 - 0x00007ff8bad95000 	C:\WINDOWS\SYSTEM32\dbgcore.DLL
0x00007ff8cf300000 - 0x00007ff8cf382000 	C:\WINDOWS\System32\bcryptPrimitives.dll
0x00007ff8b5500000 - 0x00007ff8b5529000 	C:\Program Files\Android\Android Studio\jre\bin\java.dll
0x00007ff8cc770000 - 0x00007ff8cc77b000 	C:\Program Files\Android\Android Studio\jre\bin\jimage.dll
0x00007ff8c6f60000 - 0x00007ff8c6f78000 	C:\Program Files\Android\Android Studio\jre\bin\zip.dll
0x00007ff8d0530000 - 0x00007ff8d0c74000 	C:\WINDOWS\System32\SHELL32.dll
0x00007ff8cd040000 - 0x00007ff8cd7d2000 	C:\WINDOWS\SYSTEM32\windows.storage.dll
0x00007ff8cfe70000 - 0x00007ff8d01c5000 	C:\WINDOWS\System32\combase.dll
0x00007ff8ce8e0000 - 0x00007ff8ce910000 	C:\WINDOWS\SYSTEM32\Wldp.dll
0x00007ff8d0f10000 - 0x00007ff8d0fbd000 	C:\WINDOWS\System32\SHCORE.dll
0x00007ff8d0240000 - 0x00007ff8d0295000 	C:\WINDOWS\System32\shlwapi.dll
0x00007ff8ceea0000 - 0x00007ff8ceebf000 	C:\WINDOWS\SYSTEM32\profapi.dll
0x00007ff8b5cc0000 - 0x00007ff8b5cda000 	C:\Program Files\Android\Android Studio\jre\bin\net.dll
0x00007ff8c8ab0000 - 0x00007ff8c8bbc000 	C:\WINDOWS\SYSTEM32\WINHTTP.dll
0x00007ff8ce640000 - 0x00007ff8ce6aa000 	C:\WINDOWS\system32\mswsock.dll
0x00007ff8b52d0000 - 0x00007ff8b52e4000 	C:\Program Files\Android\Android Studio\jre\bin\nio.dll
0x00007ff8b4ff0000 - 0x00007ff8b5017000 	C:\Users\lenovo\.gradle\native\e1d6ef7f7dcc3fd88c89a11ec53ec762bb8ba0a96d01ffa2cd45eb1d1d8dd5c5\windows-amd64\native-platform.dll
0x00007ff862c20000 - 0x00007ff862d64000 	C:\Users\lenovo\.gradle\native\0d407fdbe67a94daf76414ababcb853783967236a71b16ec16e742cd7a986fd3\windows-amd64\native-platform-file-events.dll
0x00007ff8cc750000 - 0x00007ff8cc75a000 	C:\Program Files\Android\Android Studio\jre\bin\management.dll
0x00007ff8c7280000 - 0x00007ff8c728d000 	C:\Program Files\Android\Android Studio\jre\bin\management_ext.dll
0x00007ff8ce840000 - 0x00007ff8ce858000 	C:\WINDOWS\SYSTEM32\CRYPTSP.dll
0x00007ff8cdf60000 - 0x00007ff8cdf94000 	C:\WINDOWS\system32\rsaenh.dll
0x00007ff8cf490000 - 0x00007ff8cf4b7000 	C:\WINDOWS\System32\bcrypt.dll
0x00007ff8cee60000 - 0x00007ff8cee8e000 	C:\WINDOWS\SYSTEM32\USERENV.dll
0x00007ff8ce830000 - 0x00007ff8ce83c000 	C:\WINDOWS\SYSTEM32\CRYPTBASE.dll
0x00007ff8ce330000 - 0x00007ff8ce36b000 	C:\WINDOWS\SYSTEM32\IPHLPAPI.DLL
0x00007ff8d0520000 - 0x00007ff8d0528000 	C:\WINDOWS\System32\NSI.dll
0x00007ff8c9a10000 - 0x00007ff8c9a27000 	C:\WINDOWS\SYSTEM32\dhcpcsvc6.DLL
0x00007ff8c99f0000 - 0x00007ff8c9a0d000 	C:\WINDOWS\SYSTEM32\dhcpcsvc.DLL
0x00007ff8ce370000 - 0x00007ff8ce43a000 	C:\WINDOWS\SYSTEM32\DNSAPI.dll

dbghelp: loaded successfully - version: 4.0.5 - missing functions: none
symbol engine: initialized successfully - sym options: 0x614 - pdb path: .;C:\Program Files\Android\Android Studio\jre\bin;C:\WINDOWS\SYSTEM32;C:\WINDOWS\WinSxS\amd64_microsoft.windows.common-controls_6595b64144ccf1df_6.0.19041.1110_none_60b5254171f9507e;C:\Program Files\Android\Android Studio\jre\bin\server;C:\Users\lenovo\.gradle\native\e1d6ef7f7dcc3fd88c89a11ec53ec762bb8ba0a96d01ffa2cd45eb1d1d8dd5c5\windows-amd64;C:\Users\lenovo\.gradle\native\0d407fdbe67a94daf76414ababcb853783967236a71b16ec16e742cd7a986fd3\windows-amd64

VM Arguments:
jvm_args: --add-opens=java.base/java.util=ALL-UNNAMED --add-opens=java.base/java.lang=ALL-UNNAMED --add-opens=java.base/java.lang.invoke=ALL-UNNAMED --add-opens=java.base/java.util=ALL-UNNAMED --add-opens=java.prefs/java.util.prefs=ALL-UNNAMED --add-opens=java.prefs/java.util.prefs=ALL-UNNAMED --add-opens=java.base/java.nio.charset=ALL-UNNAMED --add-opens=java.base/java.net=ALL-UNNAMED --add-opens=java.base/java.util.concurrent.atomic=ALL-UNNAMED -Xmx2048m -Dfile.encoding=UTF-8 -Duser.country=US -Duser.language=en -Duser.variant 
java_command: org.gradle.launcher.daemon.bootstrap.GradleDaemon 7.4
java_class_path (initial): C:\Users\lenovo\.gradle\wrapper\dists\gradle-7.4-bin\c0gwcg53nkjbqw7r0h0umtfvt\gradle-7.4\lib\gradle-launcher-7.4.jar
Launcher Type: SUN_STANDARD

[Global flags]
     intx CICompilerCount                          = 3                                         {product} {ergonomic}
     uint ConcGCThreads                            = 1                                         {product} {ergonomic}
     uint G1ConcRefinementThreads                  = 4                                         {product} {ergonomic}
   size_t G1HeapRegionSize                         = 1048576                                   {product} {ergonomic}
    uintx GCDrainStackTargetSize                   = 64                                        {product} {ergonomic}
   size_t InitialHeapSize                          = 134217728                                 {product} {ergonomic}
   size_t MarkStackSize                            = 4194304                                   {product} {ergonomic}
   size_t MaxHeapSize                              = 2147483648                                {product} {command line}
   size_t MaxNewSize                               = 1287651328                                {product} {ergonomic}
   size_t MinHeapDeltaBytes                        = 1048576                                   {product} {ergonomic}
    uintx NonNMethodCodeHeapSize                   = 5830732                                {pd product} {ergonomic}
    uintx NonProfiledCodeHeapSize                  = 122913754                              {pd product} {ergonomic}
    uintx ProfiledCodeHeapSize                     = 122913754                              {pd product} {ergonomic}
    uintx ReservedCodeCacheSize                    = 251658240                              {pd product} {ergonomic}
     bool SegmentedCodeCache                       = true                                      {product} {ergonomic}
     bool UseCompressedClassPointers               = true                                 {lp64_product} {ergonomic}
     bool UseCompressedOops                        = true                                 {lp64_product} {ergonomic}
     bool UseG1GC                                  = true                                      {product} {ergonomic}
     bool UseLargePagesIndividualAllocation        = false                                  {pd product} {ergonomic}

Logging:
Log output configuration:
 #0: stdout all=warning uptime,level,tags
 #1: stderr all=off uptime,level,tags

Environment Variables:
PATH=C:\WINDOWS\system32;C:\WINDOWS;C:\WINDOWS\System32\Wbem;C:\WINDOWS\System32\WindowsPowerShell\v1.0\;C:\WINDOWS\System32\OpenSSH\;C:\Program Files (x86)\NVIDIA Corporation\PhysX\Common;C:\Program Files\NVIDIA Corporation\NVIDIA NvDLISR;C:\Program Files\Git\cmd;C:\Users\lenovo\AppData\Local\Microsoft\WindowsApps
USERNAME=user
OS=Windows_NT
PROCESSOR_IDENTIFIER=Intel64 Family 6 Model 58 Stepping 9, GenuineIntel



---------------  S Y S T E M  ---------------

OS: Windows 10 , 64 bit Build 19041 (10.0.19041.2364)
OS uptime: 0 days 4:22 hours

CPU:total 4 (initial active 4) (2 cores per cpu, 2 threads per core) family 6 model 58 stepping 9 microcode 0x21, cmov, cx8, fxsr, mmx, sse, sse2, sse3, ssse3, sse4.1, sse4.2, popcnt, avx, clmul, erms, ht, tsc, tscinvbit, tscinv

Memory: 4k page, system-wide physical 8122M (942M free)
TotalPageFile size 9954M (AvailPageFile size 15M)
current process WorkingSet (physical memory assigned to process): 610M, peak: 610M
current process commit charge ("private bytes"): 676M, peak: 789M

vm_info: OpenJDK 64-Bit Server VM (11.0.13+0-b1751.21-8125866) for windows-amd64 JRE (11.0.13+0-b1751.21-8125866), built on Feb  2 2022 03:00:22 by "builder" with MS VC++ 14.0 (VS2015)

END.
