#
# There is insufficient memory for the Java Runtime Environment to continue.
# Native memory allocation (mmap) failed to map 78643200 bytes for Failed to commit area from 0x0000000095600000 to 0x000000009a100000 of length 78643200.
# Possible reasons:
#   The system is out of physical RAM or swap space
#   The process is running with CompressedOops enabled, and the Java Heap may be blocking the growth of the native heap
# Possible solutions:
#   Reduce memory load on the system
#   Increase physical memory or swap space
#   Check if swap backing store is full
#   Decrease Java heap size (-Xmx/-Xms)
#   Decrease number of Java threads
#   Decrease Java thread stack sizes (-Xss)
#   Set larger code cache with -XX:ReservedCodeCacheSize=
#   JVM is running with Unscaled Compressed Oops mode in which the Java heap is
#     placed in the first 4GB address space. The Java Heap base address is the
#     maximum limit for the native heap growth. Please use -XX:HeapBaseMinAddress
#     to set the Java Heap base and to place the Java Heap above 4GB virtual address.
# This output file may be truncated or incomplete.
#
#  Out of Memory Error (./src/hotspot/os/windows/os_windows.cpp:3619), pid=11492, tid=7252
#
# JRE version: OpenJDK Runtime Environment (11.0.13) (build 11.0.13+0-b1751.21-8125866)
# Java VM: OpenJDK 64-Bit Server VM (11.0.13+0-b1751.21-8125866, mixed mode, tiered, compressed oops, g1 gc, windows-amd64)
# No core dump will be written. Minidumps are not enabled by default on client versions of Windows
#

---------------  S U M M A R Y ------------

Command Line: --add-opens=java.base/java.util=ALL-UNNAMED --add-opens=java.base/java.lang=ALL-UNNAMED --add-opens=java.base/java.lang.invoke=ALL-UNNAMED --add-opens=java.base/java.util=ALL-UNNAMED --add-opens=java.prefs/java.util.prefs=ALL-UNNAMED --add-opens=java.prefs/java.util.prefs=ALL-UNNAMED --add-opens=java.base/java.nio.charset=ALL-UNNAMED --add-opens=java.base/java.net=ALL-UNNAMED --add-opens=java.base/java.util.concurrent.atomic=ALL-UNNAMED -Xmx2048m -Dfile.encoding=UTF-8 -Duser.country=US -Duser.language=en -Duser.variant org.gradle.launcher.daemon.bootstrap.GradleDaemon 7.4

Host: Intel(R) Core(TM) i3-3240 CPU @ 3.40GHz, 4 cores, 7G,  Windows 10 , 64 bit Build 19041 (10.0.19041.2364)
Time: Wed Jan  4 12:17:31 2023 India Standard Time elapsed time: 43.283906 seconds (0d 0h 0m 43s)

---------------  T H R E A D  ---------------

Current thread (0x00000241b66f6000):  VMThread "VM Thread" [stack: 0x000000e1ef400000,0x000000e1ef500000] [id=7252]

Stack: [0x000000e1ef400000,0x000000e1ef500000]
[error occurred during error reporting (printing stack bounds), id 0xc0000005, EXCEPTION_ACCESS_VIOLATION (0xc0000005) at pc=0x000002419fee112d]

Native frames: (J=compiled Java code, j=interpreted, Vv=VM code, C=native code)
V  [jvm.dll+0x6100fa]
V  [jvm.dll+0x747090]
V  [jvm.dll+0x7486ad]
V  [jvm.dll+0x748ce5]
V  [jvm.dll+0x748c9b]
V  [jvm.dll+0x60f224]
V  [jvm.dll+0x60f9b8]
C  [ntdll.dll+0xa241f]
C  [ntdll.dll+0x514a4]
C  [ntdll.dll+0xa0f4e]
C  0x000002419fee112d

VM_Operation (0x000000e1f48f5440): G1CollectForAllocation, mode: safepoint, requested by thread 0x00000241bae30800


---------------  P R O C E S S  ---------------

Threads class SMR info:
_java_thread_list=0x00000241c094b980, length=86, elements={
0x000002419c3bb800, 0x00000241b66fb800, 0x00000241b66ff000, 0x00000241b7092800,
0x00000241b6716800, 0x00000241b6719000, 0x00000241b671a000, 0x00000241b70c9000,
0x00000241b70ce000, 0x00000241b71c4800, 0x00000241b8e53800, 0x00000241b9216000,
0x00000241b9043800, 0x00000241b967d800, 0x00000241b8713000, 0x00000241b968b000,
0x00000241b865c000, 0x00000241b865e800, 0x00000241b8660000, 0x00000241b865a800,
0x00000241b865f800, 0x00000241b865d000, 0x00000241b865d800, 0x00000241b8661000,
0x00000241b865b000, 0x00000241bacd2000, 0x00000241bacd7800, 0x00000241bacd2800,
0x00000241bacd6800, 0x00000241bacd6000, 0x00000241bacd8800, 0x00000241bacd3800,
0x00000241bacd5000, 0x00000241b8bdc800, 0x00000241b8bdb000, 0x00000241b8bde000,
0x00000241b8bda000, 0x00000241b8bdb800, 0x00000241b8bdd800, 0x00000241b8bdf000,
0x00000241b8bd9800, 0x00000241b8be0000, 0x00000241b8be3000, 0x00000241b8be5800,
0x00000241b8be0800, 0x00000241b8be1800, 0x00000241b8be4000, 0x00000241b8be6800,
0x00000241b8be7000, 0x00000241b8be2800, 0x00000241b8be4800, 0x00000241b8be8000,
0x00000241ba18c800, 0x00000241ba18d000, 0x00000241ba18e000, 0x00000241ba18a800,
0x00000241ba188800, 0x00000241ba18a000, 0x00000241ba18b800, 0x00000241ba18f000,
0x00000241ba189000, 0x00000241b8085000, 0x00000241b8085800, 0x00000241b8087800,
0x00000241b808a000, 0x00000241b8088000, 0x00000241b8086800, 0x00000241b8089000,
0x00000241b8084000, 0x00000241b808e000, 0x00000241b808a800, 0x00000241b808b800,
0x00000241b808c000, 0x00000241b808f800, 0x00000241b8092000, 0x00000241b808e800,
0x00000241b8093000, 0x00000241b8090800, 0x00000241b7448800, 0x00000241b8091000,
0x00000241bae30800, 0x00000241bae31800, 0x00000241bae2e000, 0x00000241bae2d800,
0x00000241bae2f000, 0x00000241bae32800
}

Java Threads: ( => current thread )
  0x000002419c3bb800 JavaThread "main" [_thread_blocked, id=11404, stack(0x000000e1eee00000,0x000000e1eef00000)]
  0x00000241b66fb800 JavaThread "Reference Handler" daemon [_thread_blocked, id=8328, stack(0x000000e1ef500000,0x000000e1ef600000)]
  0x00000241b66ff000 JavaThread "Finalizer" daemon [_thread_blocked, id=6864, stack(0x000000e1ef600000,0x000000e1ef700000)]
  0x00000241b7092800 JavaThread "Signal Dispatcher" daemon [_thread_blocked, id=8820, stack(0x000000e1ef700000,0x000000e1ef800000)]
  0x00000241b6716800 JavaThread "Attach Listener" daemon [_thread_blocked, id=12116, stack(0x000000e1ef800000,0x000000e1ef900000)]
  0x00000241b6719000 JavaThread "Service Thread" daemon [_thread_blocked, id=1092, stack(0x000000e1ef900000,0x000000e1efa00000)]
  0x00000241b671a000 JavaThread "C2 CompilerThread0" daemon [_thread_blocked, id=8204, stack(0x000000e1efa00000,0x000000e1efb00000)]
  0x00000241b70c9000 JavaThread "C1 CompilerThread0" daemon [_thread_blocked, id=11680, stack(0x000000e1efb00000,0x000000e1efc00000)]
  0x00000241b70ce000 JavaThread "Sweeper thread" daemon [_thread_blocked, id=9880, stack(0x000000e1efc00000,0x000000e1efd00000)]
  0x00000241b71c4800 JavaThread "Common-Cleaner" daemon [_thread_blocked, id=5360, stack(0x000000e1efd00000,0x000000e1efe00000)]
  0x00000241b8e53800 JavaThread "Daemon health stats" [_thread_blocked, id=8476, stack(0x000000e1f0200000,0x000000e1f0300000)]
  0x00000241b9216000 JavaThread "Incoming local TCP Connector on port 65480" [_thread_in_native, id=4384, stack(0x000000e1f0300000,0x000000e1f0400000)]
  0x00000241b9043800 JavaThread "Daemon periodic checks" [_thread_blocked, id=5832, stack(0x000000e1f0400000,0x000000e1f0500000)]
  0x00000241b967d800 JavaThread "Daemon" [_thread_blocked, id=9928, stack(0x000000e1f0500000,0x000000e1f0600000)]
  0x00000241b8713000 JavaThread "Handler for socket connection from /127.0.0.1:65480 to /127.0.0.1:65481" [_thread_in_native, id=228, stack(0x000000e1f0600000,0x000000e1f0700000)]
  0x00000241b968b000 JavaThread "Cancel handler" [_thread_blocked, id=4632, stack(0x000000e1f0700000,0x000000e1f0800000)]
  0x00000241b865c000 JavaThread "Daemon worker" [_thread_blocked, id=12124, stack(0x000000e1f0800000,0x000000e1f0900000)]
  0x00000241b865e800 JavaThread "Asynchronous log dispatcher for DefaultDaemonConnection: socket connection from /127.0.0.1:65480 to /127.0.0.1:65481" [_thread_blocked, id=9064, stack(0x000000e1f0900000,0x000000e1f0a00000)]
  0x00000241b8660000 JavaThread "Stdin handler" [_thread_blocked, id=4912, stack(0x000000e1f0a00000,0x000000e1f0b00000)]
  0x00000241b865a800 JavaThread "Daemon client event forwarder" [_thread_blocked, id=9168, stack(0x000000e1f0b00000,0x000000e1f0c00000)]
  0x00000241b865f800 JavaThread "Cache worker for journal cache (C:\Users\lenovo\.gradle\caches\journal-1)" [_thread_blocked, id=376, stack(0x000000e1f0d00000,0x000000e1f0e00000)]
  0x00000241b865d000 JavaThread "File lock request listener" [_thread_in_native, id=10492, stack(0x000000e1f0e00000,0x000000e1f0f00000)]
  0x00000241b865d800 JavaThread "Cache worker for file hash cache (C:\Users\lenovo\.gradle\caches\7.4\fileHashes)" [_thread_blocked, id=8784, stack(0x000000e1f0f00000,0x000000e1f1000000)]
  0x00000241b8661000 JavaThread "File watcher server" daemon [_thread_blocked, id=8716, stack(0x000000e1f1000000,0x000000e1f1100000)]
  0x00000241b865b000 JavaThread "File watcher consumer" daemon [_thread_blocked, id=11036, stack(0x000000e1f1100000,0x000000e1f1200000)]
  0x00000241bacd2000 JavaThread "Cache worker for checksums cache (D:\AndroidStudioProjects\Figgo_Application_Customer\.gradle\7.4\checksums)" [_thread_blocked, id=10384, stack(0x000000e1f1200000,0x000000e1f1300000)]
  0x00000241bacd7800 JavaThread "Cache worker for cache directory md-rule (C:\Users\lenovo\.gradle\caches\7.4\md-rule)" [_thread_blocked, id=12088, stack(0x000000e1f1300000,0x000000e1f1400000)]
  0x00000241bacd2800 JavaThread "Cache worker for file hash cache (D:\AndroidStudioProjects\Figgo_Application_Customer\.gradle\7.4\fileHashes)" [_thread_blocked, id=10092, stack(0x000000e1f1400000,0x000000e1f1500000)]
  0x00000241bacd6800 JavaThread "Cache worker for cache directory md-supplier (C:\Users\lenovo\.gradle\caches\7.4\md-supplier)" [_thread_blocked, id=4360, stack(0x000000e1f1500000,0x000000e1f1600000)]
  0x00000241bacd6000 JavaThread "Cache worker for execution history cache (C:\Users\lenovo\.gradle\caches\7.4\executionHistory)" [_thread_blocked, id=4652, stack(0x000000e1f1600000,0x000000e1f1700000)]
  0x00000241bacd8800 JavaThread "jar transforms" [_thread_blocked, id=7632, stack(0x000000e1f1700000,0x000000e1f1800000)]
  0x00000241bacd3800 JavaThread "Cache worker for file content cache (C:\Users\lenovo\.gradle\caches\7.4\fileContent)" [_thread_blocked, id=10868, stack(0x000000e1f1800000,0x000000e1f1900000)]
  0x00000241bacd5000 JavaThread "jar transforms Thread 2" [_thread_blocked, id=11752, stack(0x000000e1eff00000,0x000000e1f0000000)]
  0x00000241b8bdc800 JavaThread "Cache worker for dependencies-accessors (D:\AndroidStudioProjects\Figgo_Application_Customer\.gradle\7.4\dependencies-accessors)" [_thread_blocked, id=9812, stack(0x000000e1f1900000,0x000000e1f1a00000)]
  0x00000241b8bdb000 JavaThread "jar transforms Thread 3" [_thread_blocked, id=12188, stack(0x000000e1f1b00000,0x000000e1f1c00000)]
  0x00000241b8bde000 JavaThread "Cache worker for Build Output Cleanup Cache (D:\AndroidStudioProjects\Figgo_Application_Customer\.gradle\buildOutputCleanup)" [_thread_blocked, id=876, stack(0x000000e1f1c00000,0x000000e1f1d00000)]
  0x00000241b8bda000 JavaThread "Unconstrained build operations" [_thread_blocked, id=10488, stack(0x000000e1f1d00000,0x000000e1f1e00000)]
  0x00000241b8bdb800 JavaThread "Unconstrained build operations Thread 2" [_thread_blocked, id=8836, stack(0x000000e1f1e00000,0x000000e1f1f00000)]
  0x00000241b8bdd800 JavaThread "Unconstrained build operations Thread 3" [_thread_blocked, id=7260, stack(0x000000e1f1f00000,0x000000e1f2000000)]
  0x00000241b8bdf000 JavaThread "Unconstrained build operations Thread 4" [_thread_blocked, id=10852, stack(0x000000e1f2000000,0x000000e1f2100000)]
  0x00000241b8bd9800 JavaThread "Unconstrained build operations Thread 5" [_thread_blocked, id=1644, stack(0x000000e1f2100000,0x000000e1f2200000)]
  0x00000241b8be0000 JavaThread "Unconstrained build operations Thread 6" [_thread_blocked, id=8604, stack(0x000000e1f2200000,0x000000e1f2300000)]
  0x00000241b8be3000 JavaThread "Unconstrained build operations Thread 7" [_thread_blocked, id=11092, stack(0x000000e1f2300000,0x000000e1f2400000)]
  0x00000241b8be5800 JavaThread "Unconstrained build operations Thread 8" [_thread_blocked, id=12168, stack(0x000000e1f2400000,0x000000e1f2500000)]
  0x00000241b8be0800 JavaThread "Unconstrained build operations Thread 9" [_thread_blocked, id=6116, stack(0x000000e1f2500000,0x000000e1f2600000)]
  0x00000241b8be1800 JavaThread "Unconstrained build operations Thread 10" [_thread_blocked, id=11996, stack(0x000000e1f2600000,0x000000e1f2700000)]
  0x00000241b8be4000 JavaThread "Unconstrained build operations Thread 11" [_thread_blocked, id=9132, stack(0x000000e1f2700000,0x000000e1f2800000)]
  0x00000241b8be6800 JavaThread "Unconstrained build operations Thread 12" [_thread_blocked, id=8504, stack(0x000000e1f2800000,0x000000e1f2900000)]
  0x00000241b8be7000 JavaThread "Unconstrained build operations Thread 13" [_thread_blocked, id=9084, stack(0x000000e1f2900000,0x000000e1f2a00000)]
  0x00000241b8be2800 JavaThread "Unconstrained build operations Thread 14" [_thread_blocked, id=12184, stack(0x000000e1f2a00000,0x000000e1f2b00000)]
  0x00000241b8be4800 JavaThread "Unconstrained build operations Thread 15" [_thread_blocked, id=7328, stack(0x000000e1f2b00000,0x000000e1f2c00000)]
  0x00000241b8be8000 JavaThread "Unconstrained build operations Thread 16" [_thread_blocked, id=3892, stack(0x000000e1f2c00000,0x000000e1f2d00000)]
  0x00000241ba18c800 JavaThread "Unconstrained build operations Thread 17" [_thread_blocked, id=4280, stack(0x000000e1f2d00000,0x000000e1f2e00000)]
  0x00000241ba18d000 JavaThread "Unconstrained build operations Thread 18" [_thread_blocked, id=10872, stack(0x000000e1f2e00000,0x000000e1f2f00000)]
  0x00000241ba18e000 JavaThread "Unconstrained build operations Thread 19" [_thread_blocked, id=6608, stack(0x000000e1f2f00000,0x000000e1f3000000)]
  0x00000241ba18a800 JavaThread "Unconstrained build operations Thread 20" [_thread_blocked, id=10844, stack(0x000000e1f3000000,0x000000e1f3100000)]
  0x00000241ba188800 JavaThread "Unconstrained build operations Thread 21" [_thread_blocked, id=68, stack(0x000000e1f3100000,0x000000e1f3200000)]
  0x00000241ba18a000 JavaThread "Unconstrained build operations Thread 22" [_thread_blocked, id=7280, stack(0x000000e1f3200000,0x000000e1f3300000)]
  0x00000241ba18b800 JavaThread "Unconstrained build operations Thread 23" [_thread_blocked, id=11300, stack(0x000000e1f3300000,0x000000e1f3400000)]
  0x00000241ba18f000 JavaThread "Unconstrained build operations Thread 24" [_thread_blocked, id=9004, stack(0x000000e1f3400000,0x000000e1f3500000)]
  0x00000241ba189000 JavaThread "Unconstrained build operations Thread 25" [_thread_blocked, id=9068, stack(0x000000e1f3500000,0x000000e1f3600000)]
  0x00000241b8085000 JavaThread "Unconstrained build operations Thread 26" [_thread_blocked, id=7148, stack(0x000000e1f3600000,0x000000e1f3700000)]
  0x00000241b8085800 JavaThread "Unconstrained build operations Thread 27" [_thread_blocked, id=5392, stack(0x000000e1f3700000,0x000000e1f3800000)]
  0x00000241b8087800 JavaThread "Unconstrained build operations Thread 28" [_thread_blocked, id=11960, stack(0x000000e1f3800000,0x000000e1f3900000)]
  0x00000241b808a000 JavaThread "Unconstrained build operations Thread 29" [_thread_blocked, id=3712, stack(0x000000e1f3900000,0x000000e1f3a00000)]
  0x00000241b8088000 JavaThread "Unconstrained build operations Thread 30" [_thread_blocked, id=6848, stack(0x000000e1f3a00000,0x000000e1f3b00000)]
  0x00000241b8086800 JavaThread "Unconstrained build operations Thread 31" [_thread_blocked, id=6828, stack(0x000000e1f3b00000,0x000000e1f3c00000)]
  0x00000241b8089000 JavaThread "Unconstrained build operations Thread 32" [_thread_blocked, id=9920, stack(0x000000e1f3c00000,0x000000e1f3d00000)]
  0x00000241b8084000 JavaThread "Unconstrained build operations Thread 33" [_thread_blocked, id=5612, stack(0x000000e1f3d00000,0x000000e1f3e00000)]
  0x00000241b808e000 JavaThread "Unconstrained build operations Thread 34" [_thread_blocked, id=7728, stack(0x000000e1f3e00000,0x000000e1f3f00000)]
  0x00000241b808a800 JavaThread "Unconstrained build operations Thread 35" [_thread_blocked, id=11500, stack(0x000000e1f3f00000,0x000000e1f4000000)]
  0x00000241b808b800 JavaThread "Unconstrained build operations Thread 36" [_thread_blocked, id=7188, stack(0x000000e1f4000000,0x000000e1f4100000)]
  0x00000241b808c000 JavaThread "Unconstrained build operations Thread 37" [_thread_blocked, id=1636, stack(0x000000e1f4100000,0x000000e1f4200000)]
  0x00000241b808f800 JavaThread "Unconstrained build operations Thread 38" [_thread_blocked, id=5252, stack(0x000000e1f4200000,0x000000e1f4300000)]
  0x00000241b8092000 JavaThread "Unconstrained build operations Thread 39" [_thread_blocked, id=3996, stack(0x000000e1f4300000,0x000000e1f4400000)]
  0x00000241b808e800 JavaThread "Unconstrained build operations Thread 40" [_thread_blocked, id=3932, stack(0x000000e1f4400000,0x000000e1f4500000)]
  0x00000241b8093000 JavaThread "jar transforms Thread 4" [_thread_blocked, id=6684, stack(0x000000e1f4500000,0x000000e1f4600000)]
  0x00000241b8090800 JavaThread "Memory manager" [_thread_blocked, id=9020, stack(0x000000e1f4600000,0x000000e1f4700000)]
  0x00000241b7448800 JavaThread "C2 CompilerThread1" daemon [_thread_blocked, id=10940, stack(0x000000e1f1a00000,0x000000e1f1b00000)]
  0x00000241b8091000 JavaThread "build event listener" [_thread_blocked, id=2624, stack(0x000000e1f4700000,0x000000e1f4800000)]
  0x00000241bae30800 JavaThread "included builds" [_thread_blocked, id=1928, stack(0x000000e1f4800000,0x000000e1f4900000)]
  0x00000241bae31800 JavaThread "Execution worker for ':'" [_thread_blocked, id=11992, stack(0x000000e1f4900000,0x000000e1f4a00000)]
  0x00000241bae2e000 JavaThread "Execution worker for ':' Thread 2" [_thread_blocked, id=6584, stack(0x000000e1f4a00000,0x000000e1f4b00000)]
  0x00000241bae2d800 JavaThread "Execution worker for ':' Thread 3" [_thread_blocked, id=6524, stack(0x000000e1f4b00000,0x000000e1f4c00000)]
  0x00000241bae2f000 JavaThread "Cache worker for execution history cache (D:\AndroidStudioProjects\Figgo_Application_Customer\.gradle\7.4\executionHistory)" [_thread_blocked, id=120, stack(0x000000e1f4c00000,0x000000e1f4d00000)]
  0x00000241bae32800 JavaThread "WorkerExecutor Queue" [_thread_blocked, id=11796, stack(0x000000e1f4d00000,0x000000e1f4e00000)]

Other Threads:
=>0x00000241b66f6000 VMThread "VM Thread" [stack: 0x000000e1ef400000,0x000000e1ef500000] [id=7252]
  0x00000241b71dc000 WatcherThread [stack: 0x000000e1efe00000,0x000000e1eff00000] [id=12064]
  0x000002419c3d3800 GCTaskThread "GC Thread#0" [stack: 0x000000e1eef00000,0x000000e1ef000000] [id=1120]
  0x00000241b7449800 GCTaskThread "GC Thread#1" [stack: 0x000000e1f0000000,0x000000e1f0100000] [id=6512]
  0x00000241b7c88800 GCTaskThread "GC Thread#2" [stack: 0x000000e1f0100000,0x000000e1f0200000] [id=7396]
  0x00000241b9151800 GCTaskThread "GC Thread#3" [stack: 0x000000e1f0c00000,0x000000e1f0d00000] [id=3468]
  0x000002419c405800 ConcurrentGCThread "G1 Main Marker" [stack: 0x000000e1ef000000,0x000000e1ef100000] [id=12072]
  0x000002419c407800 ConcurrentGCThread "G1 Conc#0" [stack: 0x000000e1ef100000,0x000000e1ef200000] [id=11812]
  0x000002419c494800 ConcurrentGCThread "G1 Refine#0" [stack: 0x000000e1ef200000,0x000000e1ef300000] [id=5480]
  0x000002419c495800 ConcurrentGCThread "G1 Young RemSet Sampling" [stack: 0x000000e1ef300000,0x000000e1ef400000] [id=11144]

Threads with active compile tasks:
C2 CompilerThread0  43297 17519 %     4       com.android.tools.r8.ir.regalloc.b::a @ 685 (1832 bytes)
C2 CompilerThread1  43297 17521       4       com.android.tools.r8.internal.Ql::a (3110 bytes)

VM state:at safepoint (normal execution)

VM Mutex/Monitor currently owned by a thread:  ([mutex/lock_event])
[0x000002419c3b6110] Threads_lock - owner thread: 0x00000241b66f6000
[0x000002419c3b6350] Heap_lock - owner thread: 0x00000241bae30800

Heap address: 0x0000000080000000, size: 2048 MB, Compressed Oops mode: 32-bit
Narrow klass base: 0x0000000000000000, Narrow klass shift: 3
Compressed class space size: 1073741824 Address: 0x0000000100000000

Heap:
 garbage-first heap   total 427008K, used 184163K [0x0000000080000000, 0x0000000100000000)
  region size 1024K, 5 young (5120K), 5 survivors (5120K)
 Metaspace       used 108219K, capacity 111137K, committed 111424K, reserved 1146880K
  class space    used 13743K, capacity 14867K, committed 14924K, reserved 1048576K
Heap Regions: E=young(eden), S=young(survivor), O=old, HS=humongous(starts), HC=humongous(continues), CS=collection set, F=free, A=archive, TAMS=top-at-mark-start (previous, next)
|   0|0x0000000080000000, 0x0000000080100000, 0x0000000080100000|100%|HS|  |TAMS 0x0000000080100000, 0x0000000080000000| Complete 
|   1|0x0000000080100000, 0x0000000080200000, 0x0000000080200000|100%|HC|  |TAMS 0x0000000080200000, 0x0000000080100000| Complete 
|   2|0x0000000080200000, 0x0000000080300000, 0x0000000080300000|100%|HC|  |TAMS 0x0000000080300000, 0x0000000080200000| Complete 
|   3|0x0000000080300000, 0x0000000080400000, 0x0000000080400000|100%| O|  |TAMS 0x0000000080400000, 0x0000000080300000| Untracked 
|   4|0x0000000080400000, 0x0000000080500000, 0x0000000080500000|100%| O|  |TAMS 0x0000000080500000, 0x0000000080400000| Untracked 
|   5|0x0000000080500000, 0x0000000080600000, 0x0000000080600000|100%| O|  |TAMS 0x0000000080600000, 0x0000000080500000| Untracked 
|   6|0x0000000080600000, 0x0000000080700000, 0x0000000080700000|100%| O|  |TAMS 0x0000000080700000, 0x0000000080600000| Untracked 
|   7|0x0000000080700000, 0x0000000080800000, 0x0000000080800000|100%| O|  |TAMS 0x0000000080800000, 0x0000000080700000| Untracked 
|   8|0x0000000080800000, 0x0000000080900000, 0x0000000080900000|100%| O|  |TAMS 0x0000000080900000, 0x0000000080800000| Untracked 
|   9|0x0000000080900000, 0x0000000080a00000, 0x0000000080a00000|100%| O|  |TAMS 0x0000000080a00000, 0x0000000080900000| Untracked 
|  10|0x0000000080a00000, 0x0000000080b00000, 0x0000000080b00000|100%| O|  |TAMS 0x0000000080b00000, 0x0000000080a00000| Untracked 
|  11|0x0000000080b00000, 0x0000000080c00000, 0x0000000080c00000|100%| O|  |TAMS 0x0000000080c00000, 0x0000000080b00000| Untracked 
|  12|0x0000000080c00000, 0x0000000080d00000, 0x0000000080d00000|100%| O|  |TAMS 0x0000000080d00000, 0x0000000080c00000| Untracked 
|  13|0x0000000080d00000, 0x0000000080e00000, 0x0000000080e00000|100%| O|  |TAMS 0x0000000080e00000, 0x0000000080d00000| Untracked 
|  14|0x0000000080e00000, 0x0000000080f00000, 0x0000000080f00000|100%| O|  |TAMS 0x0000000080f00000, 0x0000000080e00000| Untracked 
|  15|0x0000000080f00000, 0x0000000081000000, 0x0000000081000000|100%| O|  |TAMS 0x0000000081000000, 0x0000000080f00000| Untracked 
|  16|0x0000000081000000, 0x0000000081100000, 0x0000000081100000|100%| O|  |TAMS 0x0000000081100000, 0x0000000081000000| Untracked 
|  17|0x0000000081100000, 0x0000000081200000, 0x0000000081200000|100%|HS|  |TAMS 0x0000000081200000, 0x0000000081100000| Complete 
|  18|0x0000000081200000, 0x0000000081300000, 0x0000000081300000|100%| O|  |TAMS 0x0000000081300000, 0x0000000081200000| Untracked 
|  19|0x0000000081300000, 0x0000000081400000, 0x0000000081400000|100%| O|  |TAMS 0x0000000081400000, 0x0000000081300000| Untracked 
|  20|0x0000000081400000, 0x0000000081500000, 0x0000000081500000|100%| O|  |TAMS 0x0000000081500000, 0x0000000081400000| Untracked 
|  21|0x0000000081500000, 0x0000000081600000, 0x0000000081600000|100%| O|  |TAMS 0x0000000081600000, 0x0000000081500000| Untracked 
|  22|0x0000000081600000, 0x0000000081700000, 0x0000000081700000|100%| O|  |TAMS 0x0000000081700000, 0x0000000081600000| Untracked 
|  23|0x0000000081700000, 0x0000000081800000, 0x0000000081800000|100%| O|  |TAMS 0x0000000081800000, 0x0000000081700000| Untracked 
|  24|0x0000000081800000, 0x0000000081900000, 0x0000000081900000|100%|HS|  |TAMS 0x0000000081900000, 0x0000000081800000| Complete 
|  25|0x0000000081900000, 0x0000000081a00000, 0x0000000081a00000|100%|HS|  |TAMS 0x0000000081a00000, 0x0000000081900000| Complete 
|  26|0x0000000081a00000, 0x0000000081b00000, 0x0000000081b00000|100%|HS|  |TAMS 0x0000000081b00000, 0x0000000081a00000| Complete 
|  27|0x0000000081b00000, 0x0000000081c00000, 0x0000000081c00000|100%|HC|  |TAMS 0x0000000081c00000, 0x0000000081b00000| Complete 
|  28|0x0000000081c00000, 0x0000000081d00000, 0x0000000081d00000|100%|HC|  |TAMS 0x0000000081d00000, 0x0000000081c00000| Complete 
|  29|0x0000000081d00000, 0x0000000081e00000, 0x0000000081e00000|100%|HC|  |TAMS 0x0000000081e00000, 0x0000000081d00000| Complete 
|  30|0x0000000081e00000, 0x0000000081f00000, 0x0000000081f00000|100%|HS|  |TAMS 0x0000000081f00000, 0x0000000081e00000| Complete 
|  31|0x0000000081f00000, 0x0000000082000000, 0x0000000082000000|100%|HC|  |TAMS 0x0000000082000000, 0x0000000081f00000| Complete 
|  32|0x0000000082000000, 0x0000000082100000, 0x0000000082100000|100%| O|  |TAMS 0x0000000082100000, 0x0000000082000000| Untracked 
|  33|0x0000000082100000, 0x0000000082200000, 0x0000000082200000|100%| O|  |TAMS 0x0000000082200000, 0x0000000082100000| Untracked 
|  34|0x0000000082200000, 0x0000000082300000, 0x0000000082300000|100%| O|  |TAMS 0x0000000082300000, 0x0000000082200000| Untracked 
|  35|0x0000000082300000, 0x0000000082400000, 0x0000000082400000|100%| O|  |TAMS 0x0000000082400000, 0x0000000082300000| Untracked 
|  36|0x0000000082400000, 0x0000000082500000, 0x0000000082500000|100%| O|  |TAMS 0x0000000082500000, 0x0000000082400000| Untracked 
|  37|0x0000000082500000, 0x0000000082600000, 0x0000000082600000|100%| O|  |TAMS 0x0000000082600000, 0x0000000082500000| Untracked 
|  38|0x0000000082600000, 0x0000000082700000, 0x0000000082700000|100%| O|  |TAMS 0x0000000082700000, 0x0000000082600000| Untracked 
|  39|0x0000000082700000, 0x0000000082800000, 0x0000000082800000|100%| O|  |TAMS 0x0000000082800000, 0x0000000082700000| Untracked 
|  40|0x0000000082800000, 0x0000000082900000, 0x0000000082900000|100%| O|  |TAMS 0x0000000082900000, 0x0000000082800000| Untracked 
|  41|0x0000000082900000, 0x0000000082a00000, 0x0000000082a00000|100%| O|  |TAMS 0x0000000082a00000, 0x0000000082900000| Untracked 
|  42|0x0000000082a00000, 0x0000000082b00000, 0x0000000082b00000|100%| O|  |TAMS 0x0000000082b00000, 0x0000000082a00000| Untracked 
|  43|0x0000000082b00000, 0x0000000082c00000, 0x0000000082c00000|100%| O|  |TAMS 0x0000000082c00000, 0x0000000082b00000| Untracked 
|  44|0x0000000082c00000, 0x0000000082d00000, 0x0000000082d00000|100%| O|  |TAMS 0x0000000082d00000, 0x0000000082c00000| Untracked 
|  45|0x0000000082d00000, 0x0000000082e00000, 0x0000000082e00000|100%| O|  |TAMS 0x0000000082e00000, 0x0000000082d00000| Untracked 
|  46|0x0000000082e00000, 0x0000000082f00000, 0x0000000082f00000|100%| O|  |TAMS 0x0000000082f00000, 0x0000000082e00000| Untracked 
|  47|0x0000000082f00000, 0x0000000083000000, 0x0000000083000000|100%| O|  |TAMS 0x0000000083000000, 0x0000000082f00000| Untracked 
|  48|0x0000000083000000, 0x0000000083100000, 0x0000000083100000|100%| O|  |TAMS 0x0000000083100000, 0x0000000083000000| Untracked 
|  49|0x0000000083100000, 0x0000000083200000, 0x0000000083200000|100%| O|  |TAMS 0x0000000083200000, 0x0000000083100000| Untracked 
|  50|0x0000000083200000, 0x0000000083300000, 0x0000000083300000|100%| O|  |TAMS 0x0000000083300000, 0x0000000083200000| Untracked 
|  51|0x0000000083300000, 0x0000000083400000, 0x0000000083400000|100%| O|  |TAMS 0x0000000083400000, 0x0000000083300000| Untracked 
|  52|0x0000000083400000, 0x0000000083500000, 0x0000000083500000|100%| O|  |TAMS 0x0000000083500000, 0x0000000083400000| Untracked 
|  53|0x0000000083500000, 0x0000000083600000, 0x0000000083600000|100%| O|  |TAMS 0x0000000083600000, 0x0000000083500000| Untracked 
|  54|0x0000000083600000, 0x0000000083700000, 0x0000000083700000|100%| O|  |TAMS 0x0000000083700000, 0x0000000083600000| Untracked 
|  55|0x0000000083700000, 0x0000000083800000, 0x0000000083800000|100%| O|  |TAMS 0x0000000083800000, 0x0000000083700000| Untracked 
|  56|0x0000000083800000, 0x0000000083900000, 0x0000000083900000|100%| O|  |TAMS 0x0000000083900000, 0x0000000083800000| Untracked 
|  57|0x0000000083900000, 0x0000000083a00000, 0x0000000083a00000|100%| O|  |TAMS 0x0000000083a00000, 0x0000000083900000| Untracked 
|  58|0x0000000083a00000, 0x0000000083b00000, 0x0000000083b00000|100%| O|  |TAMS 0x0000000083b00000, 0x0000000083a00000| Untracked 
|  59|0x0000000083b00000, 0x0000000083c00000, 0x0000000083c00000|100%| O|  |TAMS 0x0000000083c00000, 0x0000000083b00000| Untracked 
|  60|0x0000000083c00000, 0x0000000083d00000, 0x0000000083d00000|100%| O|  |TAMS 0x0000000083d00000, 0x0000000083c00000| Untracked 
|  61|0x0000000083d00000, 0x0000000083e00000, 0x0000000083e00000|100%| O|  |TAMS 0x0000000083e00000, 0x0000000083d00000| Untracked 
|  62|0x0000000083e00000, 0x0000000083f00000, 0x0000000083f00000|100%| O|  |TAMS 0x0000000083f00000, 0x0000000083e00000| Untracked 
|  63|0x0000000083f00000, 0x0000000084000000, 0x0000000084000000|100%| O|  |TAMS 0x0000000084000000, 0x0000000083f00000| Untracked 
|  64|0x0000000084000000, 0x0000000084100000, 0x0000000084100000|100%| O|  |TAMS 0x0000000084100000, 0x0000000084000000| Untracked 
|  65|0x0000000084100000, 0x0000000084200000, 0x0000000084200000|100%| O|  |TAMS 0x0000000084200000, 0x0000000084100000| Untracked 
|  66|0x0000000084200000, 0x0000000084300000, 0x0000000084300000|100%| O|  |TAMS 0x0000000084300000, 0x0000000084200000| Untracked 
|  67|0x0000000084300000, 0x0000000084400000, 0x0000000084400000|100%| O|  |TAMS 0x0000000084400000, 0x0000000084300000| Untracked 
|  68|0x0000000084400000, 0x0000000084500000, 0x0000000084500000|100%| O|  |TAMS 0x0000000084500000, 0x0000000084400000| Untracked 
|  69|0x0000000084500000, 0x0000000084600000, 0x0000000084600000|100%| O|  |TAMS 0x0000000084600000, 0x0000000084500000| Untracked 
|  70|0x0000000084600000, 0x0000000084700000, 0x0000000084700000|100%| O|  |TAMS 0x0000000084700000, 0x0000000084600000| Untracked 
|  71|0x0000000084700000, 0x0000000084800000, 0x0000000084800000|100%| O|  |TAMS 0x0000000084800000, 0x0000000084700000| Untracked 
|  72|0x0000000084800000, 0x0000000084900000, 0x0000000084900000|100%| O|  |TAMS 0x0000000084900000, 0x0000000084800000| Untracked 
|  73|0x0000000084900000, 0x0000000084a00000, 0x0000000084a00000|100%| O|  |TAMS 0x0000000084a00000, 0x0000000084900000| Untracked 
|  74|0x0000000084a00000, 0x0000000084b00000, 0x0000000084b00000|100%| O|  |TAMS 0x0000000084b00000, 0x0000000084a00000| Untracked 
|  75|0x0000000084b00000, 0x0000000084c00000, 0x0000000084c00000|100%| O|  |TAMS 0x0000000084c00000, 0x0000000084b00000| Untracked 
|  76|0x0000000084c00000, 0x0000000084d00000, 0x0000000084d00000|100%| O|  |TAMS 0x0000000084d00000, 0x0000000084c00000| Untracked 
|  77|0x0000000084d00000, 0x0000000084e00000, 0x0000000084e00000|100%| O|  |TAMS 0x0000000084d00000, 0x0000000084d00000| Untracked 
|  78|0x0000000084e00000, 0x0000000084f00000, 0x0000000084f00000|100%| O|  |TAMS 0x0000000084f00000, 0x0000000084e00000| Untracked 
|  79|0x0000000084f00000, 0x0000000085000000, 0x0000000085000000|100%| O|  |TAMS 0x0000000085000000, 0x0000000084f00000| Untracked 
|  80|0x0000000085000000, 0x0000000085100000, 0x0000000085100000|100%| O|  |TAMS 0x0000000085100000, 0x0000000085000000| Untracked 
|  81|0x0000000085100000, 0x0000000085200000, 0x0000000085200000|100%| O|  |TAMS 0x0000000085200000, 0x0000000085100000| Untracked 
|  82|0x0000000085200000, 0x0000000085300000, 0x0000000085300000|100%| O|  |TAMS 0x0000000085300000, 0x0000000085200000| Untracked 
|  83|0x0000000085300000, 0x0000000085400000, 0x0000000085400000|100%| O|  |TAMS 0x0000000085400000, 0x0000000085300000| Untracked 
|  84|0x0000000085400000, 0x0000000085500000, 0x0000000085500000|100%| O|  |TAMS 0x0000000085500000, 0x0000000085400000| Untracked 
|  85|0x0000000085500000, 0x0000000085600000, 0x0000000085600000|100%| O|  |TAMS 0x0000000085600000, 0x0000000085500000| Untracked 
|  86|0x0000000085600000, 0x0000000085700000, 0x0000000085700000|100%| O|  |TAMS 0x0000000085700000, 0x0000000085600000| Untracked 
|  87|0x0000000085700000, 0x0000000085800000, 0x0000000085800000|100%| O|  |TAMS 0x0000000085800000, 0x0000000085700000| Untracked 
|  88|0x0000000085800000, 0x0000000085900000, 0x0000000085900000|100%| O|  |TAMS 0x0000000085900000, 0x0000000085800000| Untracked 
|  89|0x0000000085900000, 0x0000000085a00000, 0x0000000085a00000|100%| O|  |TAMS 0x0000000085a00000, 0x0000000085900000| Untracked 
|  90|0x0000000085a00000, 0x0000000085b00000, 0x0000000085b00000|100%| O|  |TAMS 0x0000000085b00000, 0x0000000085a00000| Untracked 
|  91|0x0000000085b00000, 0x0000000085c00000, 0x0000000085c00000|100%| O|  |TAMS 0x0000000085c00000, 0x0000000085b00000| Untracked 
|  92|0x0000000085c00000, 0x0000000085d00000, 0x0000000085d00000|100%| O|  |TAMS 0x0000000085d00000, 0x0000000085c00000| Untracked 
|  93|0x0000000085d00000, 0x0000000085e00000, 0x0000000085e00000|100%| O|  |TAMS 0x0000000085e00000, 0x0000000085d00000| Untracked 
|  94|0x0000000085e00000, 0x0000000085f00000, 0x0000000085f00000|100%| O|  |TAMS 0x0000000085f00000, 0x0000000085e00000| Untracked 
|  95|0x0000000085f00000, 0x0000000086000000, 0x0000000086000000|100%| O|  |TAMS 0x0000000086000000, 0x0000000085f00000| Untracked 
|  96|0x0000000086000000, 0x0000000086100000, 0x0000000086100000|100%| O|  |TAMS 0x0000000086100000, 0x0000000086000000| Untracked 
|  97|0x0000000086100000, 0x0000000086200000, 0x0000000086200000|100%| O|  |TAMS 0x0000000086200000, 0x0000000086100000| Untracked 
|  98|0x0000000086200000, 0x0000000086300000, 0x0000000086300000|100%| O|  |TAMS 0x0000000086300000, 0x0000000086200000| Untracked 
|  99|0x0000000086300000, 0x0000000086400000, 0x0000000086400000|100%|HS|  |TAMS 0x0000000086300000, 0x0000000086300000| Complete 
| 100|0x0000000086400000, 0x0000000086500000, 0x0000000086500000|100%|HC|  |TAMS 0x0000000086400000, 0x0000000086400000| Complete 
| 101|0x0000000086500000, 0x0000000086600000, 0x0000000086600000|100%| O|  |TAMS 0x0000000086600000, 0x0000000086500000| Untracked 
| 102|0x0000000086600000, 0x0000000086700000, 0x0000000086700000|100%| O|  |TAMS 0x0000000086700000, 0x0000000086600000| Untracked 
| 103|0x0000000086700000, 0x0000000086800000, 0x0000000086800000|100%| O|  |TAMS 0x0000000086700000, 0x0000000086700000| Untracked 
| 104|0x0000000086800000, 0x0000000086900000, 0x0000000086900000|100%| O|  |TAMS 0x0000000086900000, 0x0000000086800000| Untracked 
| 105|0x0000000086900000, 0x0000000086a00000, 0x0000000086a00000|100%| O|  |TAMS 0x0000000086a00000, 0x0000000086900000| Untracked 
| 106|0x0000000086a00000, 0x0000000086b00000, 0x0000000086b00000|100%| O|  |TAMS 0x0000000086b00000, 0x0000000086a00000| Untracked 
| 107|0x0000000086b00000, 0x0000000086c00000, 0x0000000086c00000|100%| O|  |TAMS 0x0000000086b00000, 0x0000000086b00000| Untracked 
| 108|0x0000000086c00000, 0x0000000086d00000, 0x0000000086d00000|100%| O|  |TAMS 0x0000000086d00000, 0x0000000086c00000| Untracked 
| 109|0x0000000086d00000, 0x0000000086e00000, 0x0000000086e00000|100%| O|  |TAMS 0x0000000086d00000, 0x0000000086d00000| Untracked 
| 110|0x0000000086e00000, 0x0000000086f00000, 0x0000000086f00000|100%| O|  |TAMS 0x0000000086e00000, 0x0000000086e00000| Untracked 
| 111|0x0000000086f00000, 0x0000000087000000, 0x0000000087000000|100%| O|  |TAMS 0x0000000087000000, 0x0000000086f00000| Untracked 
| 112|0x0000000087000000, 0x0000000087100000, 0x0000000087100000|100%| O|  |TAMS 0x0000000087100000, 0x0000000087000000| Untracked 
| 113|0x0000000087100000, 0x0000000087200000, 0x0000000087200000|100%| O|  |TAMS 0x0000000087200000, 0x0000000087100000| Untracked 
| 114|0x0000000087200000, 0x0000000087300000, 0x0000000087300000|100%| O|  |TAMS 0x0000000087200000, 0x0000000087200000| Untracked 
| 115|0x0000000087300000, 0x0000000087400000, 0x0000000087400000|100%| O|  |TAMS 0x0000000087400000, 0x0000000087300000| Untracked 
| 116|0x0000000087400000, 0x0000000087500000, 0x0000000087500000|100%| O|  |TAMS 0x0000000087500000, 0x0000000087400000| Untracked 
| 117|0x0000000087500000, 0x0000000087600000, 0x0000000087600000|100%| O|  |TAMS 0x0000000087600000, 0x0000000087500000| Untracked 
| 118|0x0000000087600000, 0x0000000087700000, 0x0000000087700000|100%| O|  |TAMS 0x0000000087700000, 0x0000000087600000| Untracked 
| 119|0x0000000087700000, 0x0000000087800000, 0x0000000087800000|100%| O|  |TAMS 0x0000000087800000, 0x0000000087700000| Untracked 
| 120|0x0000000087800000, 0x0000000087900000, 0x0000000087900000|100%| O|  |TAMS 0x0000000087900000, 0x0000000087800000| Untracked 
| 121|0x0000000087900000, 0x0000000087a00000, 0x0000000087a00000|100%| O|  |TAMS 0x0000000087a00000, 0x0000000087900000| Untracked 
| 122|0x0000000087a00000, 0x0000000087b00000, 0x0000000087b00000|100%| O|  |TAMS 0x0000000087a00000, 0x0000000087a00000| Untracked 
| 123|0x0000000087b00000, 0x0000000087c00000, 0x0000000087c00000|100%| O|  |TAMS 0x0000000087b00000, 0x0000000087b00000| Untracked 
| 124|0x0000000087c00000, 0x0000000087d00000, 0x0000000087d00000|100%| O|  |TAMS 0x0000000087d00000, 0x0000000087c00000| Untracked 
| 125|0x0000000087d00000, 0x0000000087e00000, 0x0000000087e00000|100%| O|  |TAMS 0x0000000087d00000, 0x0000000087d00000| Untracked 
| 126|0x0000000087e00000, 0x0000000087f00000, 0x0000000087f00000|100%| O|  |TAMS 0x0000000087f00000, 0x0000000087e00000| Untracked 
| 127|0x0000000087f00000, 0x0000000088000000, 0x0000000088000000|100%| O|  |TAMS 0x0000000088000000, 0x0000000087f00000| Untracked 
| 128|0x0000000088000000, 0x0000000088100000, 0x0000000088100000|100%| O|  |TAMS 0x0000000088000000, 0x0000000088000000| Untracked 
| 129|0x0000000088100000, 0x0000000088200000, 0x0000000088200000|100%| O|  |TAMS 0x0000000088100000, 0x0000000088100000| Untracked 
| 130|0x0000000088200000, 0x0000000088300000, 0x0000000088300000|100%| O|  |TAMS 0x0000000088272600, 0x0000000088200000| Untracked 
| 131|0x0000000088300000, 0x0000000088400000, 0x0000000088400000|100%| O|  |TAMS 0x0000000088300000, 0x0000000088300000| Untracked 
| 132|0x0000000088400000, 0x0000000088500000, 0x0000000088500000|100%| O|  |TAMS 0x0000000088400000, 0x0000000088400000| Untracked 
| 133|0x0000000088500000, 0x0000000088600000, 0x0000000088600000|100%| O|  |TAMS 0x0000000088500000, 0x0000000088500000| Untracked 
| 134|0x0000000088600000, 0x0000000088700000, 0x0000000088700000|100%| O|  |TAMS 0x0000000088600000, 0x0000000088600000| Untracked 
| 135|0x0000000088700000, 0x0000000088800000, 0x0000000088800000|100%| O|  |TAMS 0x0000000088700000, 0x0000000088700000| Untracked 
| 136|0x0000000088800000, 0x0000000088900000, 0x0000000088900000|100%| O|  |TAMS 0x0000000088800000, 0x0000000088800000| Untracked 
| 137|0x0000000088900000, 0x0000000088a00000, 0x0000000088a00000|100%| O|  |TAMS 0x0000000088900000, 0x0000000088900000| Untracked 
| 138|0x0000000088a00000, 0x0000000088b00000, 0x0000000088b00000|100%| O|  |TAMS 0x0000000088a00000, 0x0000000088a00000| Untracked 
| 139|0x0000000088b00000, 0x0000000088c00000, 0x0000000088c00000|100%| O|  |TAMS 0x0000000088b00000, 0x0000000088b00000| Untracked 
| 140|0x0000000088c00000, 0x0000000088d00000, 0x0000000088d00000|100%| O|  |TAMS 0x0000000088c00000, 0x0000000088c00000| Untracked 
| 141|0x0000000088d00000, 0x0000000088e00000, 0x0000000088e00000|100%| O|  |TAMS 0x0000000088d00000, 0x0000000088d00000| Untracked 
| 142|0x0000000088e00000, 0x0000000088f00000, 0x0000000088f00000|100%| O|  |TAMS 0x0000000088e00000, 0x0000000088e00000| Untracked 
| 143|0x0000000088f00000, 0x0000000089000000, 0x0000000089000000|100%| O|  |TAMS 0x0000000088f00000, 0x0000000088f00000| Untracked 
| 144|0x0000000089000000, 0x0000000089100000, 0x0000000089100000|100%| O|  |TAMS 0x0000000089000000, 0x0000000089000000| Untracked 
| 145|0x0000000089100000, 0x0000000089200000, 0x0000000089200000|100%| O|  |TAMS 0x0000000089100000, 0x0000000089100000| Untracked 
| 146|0x0000000089200000, 0x0000000089300000, 0x0000000089300000|100%| O|  |TAMS 0x0000000089200000, 0x0000000089200000| Untracked 
| 147|0x0000000089300000, 0x0000000089400000, 0x0000000089400000|100%| O|  |TAMS 0x0000000089300000, 0x0000000089300000| Untracked 
| 148|0x0000000089400000, 0x0000000089500000, 0x0000000089500000|100%| O|  |TAMS 0x0000000089400000, 0x0000000089400000| Untracked 
| 149|0x0000000089500000, 0x0000000089600000, 0x0000000089600000|100%| O|  |TAMS 0x0000000089500000, 0x0000000089500000| Untracked 
| 150|0x0000000089600000, 0x0000000089700000, 0x0000000089700000|100%| O|  |TAMS 0x0000000089600000, 0x0000000089600000| Untracked 
| 151|0x0000000089700000, 0x0000000089800000, 0x0000000089800000|100%| O|  |TAMS 0x0000000089700000, 0x0000000089700000| Untracked 
| 152|0x0000000089800000, 0x0000000089900000, 0x0000000089900000|100%| O|  |TAMS 0x0000000089800000, 0x0000000089800000| Untracked 
| 153|0x0000000089900000, 0x0000000089a00000, 0x0000000089a00000|100%| O|  |TAMS 0x0000000089900000, 0x0000000089900000| Untracked 
| 154|0x0000000089a00000, 0x0000000089b00000, 0x0000000089b00000|100%| O|  |TAMS 0x0000000089a00000, 0x0000000089a00000| Untracked 
| 155|0x0000000089b00000, 0x0000000089c00000, 0x0000000089c00000|100%| O|  |TAMS 0x0000000089b00000, 0x0000000089b00000| Untracked 
| 156|0x0000000089c00000, 0x0000000089d00000, 0x0000000089d00000|100%| O|  |TAMS 0x0000000089c00000, 0x0000000089c00000| Untracked 
| 157|0x0000000089d00000, 0x0000000089e00000, 0x0000000089e00000|100%| O|  |TAMS 0x0000000089d00000, 0x0000000089d00000| Untracked 
| 158|0x0000000089e00000, 0x0000000089f00000, 0x0000000089f00000|100%| O|  |TAMS 0x0000000089e00000, 0x0000000089e00000| Untracked 
| 159|0x0000000089f00000, 0x000000008a000000, 0x000000008a000000|100%| O|  |TAMS 0x0000000089f00000, 0x0000000089f00000| Untracked 
| 160|0x000000008a000000, 0x000000008a100000, 0x000000008a100000|100%| O|  |TAMS 0x000000008a000000, 0x000000008a000000| Untracked 
| 161|0x000000008a100000, 0x000000008a200000, 0x000000008a200000|100%| O|  |TAMS 0x000000008a100000, 0x000000008a100000| Untracked 
| 162|0x000000008a200000, 0x000000008a300000, 0x000000008a300000|100%| O|  |TAMS 0x000000008a200000, 0x000000008a200000| Untracked 
| 163|0x000000008a300000, 0x000000008a400000, 0x000000008a400000|100%| O|  |TAMS 0x000000008a300000, 0x000000008a300000| Untracked 
| 164|0x000000008a400000, 0x000000008a500000, 0x000000008a500000|100%| O|  |TAMS 0x000000008a400000, 0x000000008a400000| Untracked 
| 165|0x000000008a500000, 0x000000008a600000, 0x000000008a600000|100%| O|  |TAMS 0x000000008a500000, 0x000000008a500000| Untracked 
| 166|0x000000008a600000, 0x000000008a700000, 0x000000008a700000|100%| O|  |TAMS 0x000000008a600000, 0x000000008a600000| Untracked 
| 167|0x000000008a700000, 0x000000008a800000, 0x000000008a800000|100%| O|  |TAMS 0x000000008a700000, 0x000000008a700000| Untracked 
| 168|0x000000008a800000, 0x000000008a900000, 0x000000008a900000|100%| O|  |TAMS 0x000000008a800000, 0x000000008a800000| Untracked 
| 169|0x000000008a900000, 0x000000008aa00000, 0x000000008aa00000|100%| O|  |TAMS 0x000000008a900000, 0x000000008a900000| Untracked 
| 170|0x000000008aa00000, 0x000000008ab00000, 0x000000008ab00000|100%| O|  |TAMS 0x000000008aa00000, 0x000000008aa00000| Untracked 
| 171|0x000000008ab00000, 0x000000008ac00000, 0x000000008ac00000|100%| O|  |TAMS 0x000000008ab00000, 0x000000008ab00000| Untracked 
| 172|0x000000008ac00000, 0x000000008ad00000, 0x000000008ad00000|100%| O|  |TAMS 0x000000008ac00000, 0x000000008ac00000| Untracked 
| 173|0x000000008ad00000, 0x000000008ae00000, 0x000000008ae00000|100%| O|  |TAMS 0x000000008ad00000, 0x000000008ad00000| Untracked 
| 174|0x000000008ae00000, 0x000000008af00000, 0x000000008af00000|100%| O|  |TAMS 0x000000008ae00000, 0x000000008ae00000| Untracked 
| 175|0x000000008af00000, 0x000000008af1fc00, 0x000000008b000000| 12%| O|  |TAMS 0x000000008af00000, 0x000000008af00000| Untracked 
| 176|0x000000008b000000, 0x000000008b000000, 0x000000008b100000|  0%| F|  |TAMS 0x000000008b000000, 0x000000008b000000| Untracked 
| 177|0x000000008b100000, 0x000000008b100000, 0x000000008b200000|  0%| F|  |TAMS 0x000000008b100000, 0x000000008b100000| Untracked 
| 178|0x000000008b200000, 0x000000008b200000, 0x000000008b300000|  0%| F|  |TAMS 0x000000008b200000, 0x000000008b200000| Untracked 
| 179|0x000000008b300000, 0x000000008b300000, 0x000000008b400000|  0%| F|  |TAMS 0x000000008b300000, 0x000000008b300000| Untracked 
| 180|0x000000008b400000, 0x000000008b400000, 0x000000008b500000|  0%| F|  |TAMS 0x000000008b400000, 0x000000008b400000| Untracked 
| 181|0x000000008b500000, 0x000000008b500000, 0x000000008b600000|  0%| F|  |TAMS 0x000000008b500000, 0x000000008b500000| Untracked 
| 182|0x000000008b600000, 0x000000008b600000, 0x000000008b700000|  0%| F|  |TAMS 0x000000008b600000, 0x000000008b600000| Untracked 
| 183|0x000000008b700000, 0x000000008b700000, 0x000000008b800000|  0%| F|  |TAMS 0x000000008b700000, 0x000000008b700000| Untracked 
| 184|0x000000008b800000, 0x000000008b800000, 0x000000008b900000|  0%| F|  |TAMS 0x000000008b800000, 0x000000008b800000| Untracked 
| 185|0x000000008b900000, 0x000000008b900000, 0x000000008ba00000|  0%| F|  |TAMS 0x000000008b900000, 0x000000008b900000| Untracked 
| 186|0x000000008ba00000, 0x000000008ba00000, 0x000000008bb00000|  0%| F|  |TAMS 0x000000008ba00000, 0x000000008ba00000| Untracked 
| 187|0x000000008bb00000, 0x000000008bb00000, 0x000000008bc00000|  0%| F|  |TAMS 0x000000008bb00000, 0x000000008bb00000| Untracked 
| 188|0x000000008bc00000, 0x000000008bc00000, 0x000000008bd00000|  0%| F|  |TAMS 0x000000008bc00000, 0x000000008bc00000| Untracked 
| 189|0x000000008bd00000, 0x000000008bd00000, 0x000000008be00000|  0%| F|  |TAMS 0x000000008bd00000, 0x000000008bd00000| Untracked 
| 190|0x000000008be00000, 0x000000008be00000, 0x000000008bf00000|  0%| F|  |TAMS 0x000000008be00000, 0x000000008be00000| Untracked 
| 191|0x000000008bf00000, 0x000000008bf00000, 0x000000008c000000|  0%| F|  |TAMS 0x000000008bf00000, 0x000000008bf00000| Untracked 
| 192|0x000000008c000000, 0x000000008c000000, 0x000000008c100000|  0%| F|  |TAMS 0x000000008c000000, 0x000000008c000000| Untracked 
| 193|0x000000008c100000, 0x000000008c100000, 0x000000008c200000|  0%| F|  |TAMS 0x000000008c100000, 0x000000008c100000| Untracked 
| 194|0x000000008c200000, 0x000000008c200000, 0x000000008c300000|  0%| F|  |TAMS 0x000000008c200000, 0x000000008c200000| Untracked 
| 195|0x000000008c300000, 0x000000008c300000, 0x000000008c400000|  0%| F|  |TAMS 0x000000008c300000, 0x000000008c300000| Untracked 
| 196|0x000000008c400000, 0x000000008c400000, 0x000000008c500000|  0%| F|  |TAMS 0x000000008c400000, 0x000000008c400000| Untracked 
| 197|0x000000008c500000, 0x000000008c500000, 0x000000008c600000|  0%| F|  |TAMS 0x000000008c500000, 0x000000008c500000| Untracked 
| 198|0x000000008c600000, 0x000000008c600000, 0x000000008c700000|  0%| F|  |TAMS 0x000000008c600000, 0x000000008c600000| Untracked 
| 199|0x000000008c700000, 0x000000008c700000, 0x000000008c800000|  0%| F|  |TAMS 0x000000008c700000, 0x000000008c700000| Untracked 
| 200|0x000000008c800000, 0x000000008c800000, 0x000000008c900000|  0%| F|  |TAMS 0x000000008c800000, 0x000000008c800000| Untracked 
| 201|0x000000008c900000, 0x000000008c900000, 0x000000008ca00000|  0%| F|  |TAMS 0x000000008c900000, 0x000000008c900000| Untracked 
| 202|0x000000008ca00000, 0x000000008ca00000, 0x000000008cb00000|  0%| F|  |TAMS 0x000000008ca00000, 0x000000008ca00000| Untracked 
| 203|0x000000008cb00000, 0x000000008cb00000, 0x000000008cc00000|  0%| F|  |TAMS 0x000000008cb00000, 0x000000008cb00000| Untracked 
| 204|0x000000008cc00000, 0x000000008cc00000, 0x000000008cd00000|  0%| F|  |TAMS 0x000000008cc00000, 0x000000008cc00000| Untracked 
| 205|0x000000008cd00000, 0x000000008cd00000, 0x000000008ce00000|  0%| F|  |TAMS 0x000000008cd00000, 0x000000008cd00000| Untracked 
| 206|0x000000008ce00000, 0x000000008ce00000, 0x000000008cf00000|  0%| F|  |TAMS 0x000000008ce00000, 0x000000008ce00000| Untracked 
| 207|0x000000008cf00000, 0x000000008cf00000, 0x000000008d000000|  0%| F|  |TAMS 0x000000008cf00000, 0x000000008cf00000| Untracked 
| 208|0x000000008d000000, 0x000000008d000000, 0x000000008d100000|  0%| F|  |TAMS 0x000000008d000000, 0x000000008d000000| Untracked 
| 209|0x000000008d100000, 0x000000008d100000, 0x000000008d200000|  0%| F|  |TAMS 0x000000008d100000, 0x000000008d100000| Untracked 
| 210|0x000000008d200000, 0x000000008d200000, 0x000000008d300000|  0%| F|  |TAMS 0x000000008d200000, 0x000000008d200000| Untracked 
| 211|0x000000008d300000, 0x000000008d300000, 0x000000008d400000|  0%| F|  |TAMS 0x000000008d300000, 0x000000008d300000| Untracked 
| 212|0x000000008d400000, 0x000000008d400000, 0x000000008d500000|  0%| F|  |TAMS 0x000000008d400000, 0x000000008d400000| Untracked 
| 213|0x000000008d500000, 0x000000008d500000, 0x000000008d600000|  0%| F|  |TAMS 0x000000008d500000, 0x000000008d500000| Untracked 
| 214|0x000000008d600000, 0x000000008d600000, 0x000000008d700000|  0%| F|  |TAMS 0x000000008d600000, 0x000000008d600000| Untracked 
| 215|0x000000008d700000, 0x000000008d700000, 0x000000008d800000|  0%| F|  |TAMS 0x000000008d700000, 0x000000008d700000| Untracked 
| 216|0x000000008d800000, 0x000000008d800000, 0x000000008d900000|  0%| F|  |TAMS 0x000000008d800000, 0x000000008d800000| Untracked 
| 217|0x000000008d900000, 0x000000008d900000, 0x000000008da00000|  0%| F|  |TAMS 0x000000008d900000, 0x000000008d900000| Untracked 
| 218|0x000000008da00000, 0x000000008da00000, 0x000000008db00000|  0%| F|  |TAMS 0x000000008da00000, 0x000000008da00000| Untracked 
| 219|0x000000008db00000, 0x000000008db00000, 0x000000008dc00000|  0%| F|  |TAMS 0x000000008db00000, 0x000000008db00000| Untracked 
| 220|0x000000008dc00000, 0x000000008dc00000, 0x000000008dd00000|  0%| F|  |TAMS 0x000000008dc00000, 0x000000008dc00000| Untracked 
| 221|0x000000008dd00000, 0x000000008dd00000, 0x000000008de00000|  0%| F|  |TAMS 0x000000008dd00000, 0x000000008dd00000| Untracked 
| 222|0x000000008de00000, 0x000000008de00000, 0x000000008df00000|  0%| F|  |TAMS 0x000000008de00000, 0x000000008de00000| Untracked 
| 223|0x000000008df00000, 0x000000008df00000, 0x000000008e000000|  0%| F|  |TAMS 0x000000008df00000, 0x000000008df00000| Untracked 
| 224|0x000000008e000000, 0x000000008e000000, 0x000000008e100000|  0%| F|  |TAMS 0x000000008e000000, 0x000000008e000000| Untracked 
| 225|0x000000008e100000, 0x000000008e100000, 0x000000008e200000|  0%| F|  |TAMS 0x000000008e100000, 0x000000008e100000| Untracked 
| 226|0x000000008e200000, 0x000000008e200000, 0x000000008e300000|  0%| F|  |TAMS 0x000000008e200000, 0x000000008e200000| Untracked 
| 227|0x000000008e300000, 0x000000008e300000, 0x000000008e400000|  0%| F|  |TAMS 0x000000008e300000, 0x000000008e300000| Untracked 
| 228|0x000000008e400000, 0x000000008e400000, 0x000000008e500000|  0%| F|  |TAMS 0x000000008e400000, 0x000000008e400000| Untracked 
| 229|0x000000008e500000, 0x000000008e500000, 0x000000008e600000|  0%| F|  |TAMS 0x000000008e500000, 0x000000008e500000| Untracked 
| 230|0x000000008e600000, 0x000000008e600000, 0x000000008e700000|  0%| F|  |TAMS 0x000000008e600000, 0x000000008e600000| Untracked 
| 231|0x000000008e700000, 0x000000008e700000, 0x000000008e800000|  0%| F|  |TAMS 0x000000008e700000, 0x000000008e700000| Untracked 
| 232|0x000000008e800000, 0x000000008e800000, 0x000000008e900000|  0%| F|  |TAMS 0x000000008e800000, 0x000000008e800000| Untracked 
| 233|0x000000008e900000, 0x000000008e900000, 0x000000008ea00000|  0%| F|  |TAMS 0x000000008e900000, 0x000000008e900000| Untracked 
| 234|0x000000008ea00000, 0x000000008ea00000, 0x000000008eb00000|  0%| F|  |TAMS 0x000000008ea00000, 0x000000008ea00000| Untracked 
| 235|0x000000008eb00000, 0x000000008eb00000, 0x000000008ec00000|  0%| F|  |TAMS 0x000000008eb00000, 0x000000008eb00000| Untracked 
| 236|0x000000008ec00000, 0x000000008ec00000, 0x000000008ed00000|  0%| F|  |TAMS 0x000000008ec00000, 0x000000008ec00000| Untracked 
| 237|0x000000008ed00000, 0x000000008edb9060, 0x000000008ee00000| 72%| S|CS|TAMS 0x000000008ed00000, 0x000000008ed00000| Complete 
| 238|0x000000008ee00000, 0x000000008ef00000, 0x000000008ef00000|100%| S|CS|TAMS 0x000000008ee00000, 0x000000008ee00000| Complete 
| 239|0x000000008ef00000, 0x000000008f000000, 0x000000008f000000|100%| S|CS|TAMS 0x000000008ef00000, 0x000000008ef00000| Complete 
| 240|0x000000008f000000, 0x000000008f100000, 0x000000008f100000|100%| S|CS|TAMS 0x000000008f000000, 0x000000008f000000| Complete 
| 241|0x000000008f100000, 0x000000008f100000, 0x000000008f200000|  0%| F|  |TAMS 0x000000008f100000, 0x000000008f100000| Untracked 
| 242|0x000000008f200000, 0x000000008f200000, 0x000000008f300000|  0%| F|  |TAMS 0x000000008f200000, 0x000000008f200000| Untracked 
| 243|0x000000008f300000, 0x000000008f300000, 0x000000008f400000|  0%| F|  |TAMS 0x000000008f300000, 0x000000008f300000| Untracked 
| 244|0x000000008f400000, 0x000000008f400000, 0x000000008f500000|  0%| F|  |TAMS 0x000000008f400000, 0x000000008f400000| Untracked 
| 245|0x000000008f500000, 0x000000008f500000, 0x000000008f600000|  0%| F|  |TAMS 0x000000008f500000, 0x000000008f500000| Untracked 
| 246|0x000000008f600000, 0x000000008f600000, 0x000000008f700000|  0%| F|  |TAMS 0x000000008f600000, 0x000000008f600000| Untracked 
| 247|0x000000008f700000, 0x000000008f700000, 0x000000008f800000|  0%| F|  |TAMS 0x000000008f700000, 0x000000008f700000| Untracked 
| 248|0x000000008f800000, 0x000000008f800000, 0x000000008f900000|  0%| F|  |TAMS 0x000000008f800000, 0x000000008f800000| Untracked 
| 249|0x000000008f900000, 0x000000008f900000, 0x000000008fa00000|  0%| F|  |TAMS 0x000000008f900000, 0x000000008f900000| Untracked 
| 250|0x000000008fa00000, 0x000000008fb00000, 0x000000008fb00000|100%| S|CS|TAMS 0x000000008fa00000, 0x000000008fa00000| Complete 
| 251|0x000000008fb00000, 0x000000008fb00000, 0x000000008fc00000|  0%| F|  |TAMS 0x000000008fb00000, 0x000000008fb00000| Untracked 
| 252|0x000000008fc00000, 0x000000008fc00000, 0x000000008fd00000|  0%| F|  |TAMS 0x000000008fc00000, 0x000000008fc00000| Untracked 
| 253|0x000000008fd00000, 0x000000008fd00000, 0x000000008fe00000|  0%| F|  |TAMS 0x000000008fd00000, 0x000000008fd00000| Untracked 
| 254|0x000000008fe00000, 0x000000008fe00000, 0x000000008ff00000|  0%| F|  |TAMS 0x000000008fe00000, 0x000000008fe00000| Untracked 
| 255|0x000000008ff00000, 0x000000008ff00000, 0x0000000090000000|  0%| F|  |TAMS 0x000000008ff00000, 0x000000008ff00000| Untracked 
| 256|0x0000000090000000, 0x0000000090000000, 0x0000000090100000|  0%| F|  |TAMS 0x0000000090000000, 0x0000000090000000| Untracked 
| 257|0x0000000090100000, 0x0000000090100000, 0x0000000090200000|  0%| F|  |TAMS 0x0000000090100000, 0x0000000090100000| Untracked 
| 258|0x0000000090200000, 0x0000000090200000, 0x0000000090300000|  0%| F|  |TAMS 0x0000000090200000, 0x0000000090200000| Untracked 
| 259|0x0000000090300000, 0x0000000090300000, 0x0000000090400000|  0%| F|  |TAMS 0x0000000090300000, 0x0000000090300000| Untracked 
| 260|0x0000000090400000, 0x0000000090400000, 0x0000000090500000|  0%| F|  |TAMS 0x0000000090400000, 0x0000000090400000| Untracked 
| 261|0x0000000090500000, 0x0000000090500000, 0x0000000090600000|  0%| F|  |TAMS 0x0000000090500000, 0x0000000090500000| Untracked 
| 262|0x0000000090600000, 0x0000000090600000, 0x0000000090700000|  0%| F|  |TAMS 0x0000000090600000, 0x0000000090600000| Untracked 
| 263|0x0000000090700000, 0x0000000090700000, 0x0000000090800000|  0%| F|  |TAMS 0x0000000090700000, 0x0000000090700000| Untracked 
| 264|0x0000000090800000, 0x0000000090800000, 0x0000000090900000|  0%| F|  |TAMS 0x0000000090800000, 0x0000000090800000| Untracked 
| 265|0x0000000090900000, 0x0000000090900000, 0x0000000090a00000|  0%| F|  |TAMS 0x0000000090900000, 0x0000000090900000| Untracked 
| 266|0x0000000090a00000, 0x0000000090a00000, 0x0000000090b00000|  0%| F|  |TAMS 0x0000000090a00000, 0x0000000090a00000| Untracked 
| 267|0x0000000090b00000, 0x0000000090b00000, 0x0000000090c00000|  0%| F|  |TAMS 0x0000000090b00000, 0x0000000090b00000| Untracked 
| 268|0x0000000090c00000, 0x0000000090c00000, 0x0000000090d00000|  0%| F|  |TAMS 0x0000000090c00000, 0x0000000090c00000| Untracked 
| 269|0x0000000090d00000, 0x0000000090d00000, 0x0000000090e00000|  0%| F|  |TAMS 0x0000000090d00000, 0x0000000090d00000| Untracked 
| 270|0x0000000090e00000, 0x0000000090e00000, 0x0000000090f00000|  0%| F|  |TAMS 0x0000000090e00000, 0x0000000090e00000| Untracked 
| 271|0x0000000090f00000, 0x0000000090f00000, 0x0000000091000000|  0%| F|  |TAMS 0x0000000090f00000, 0x0000000090f00000| Untracked 
| 272|0x0000000091000000, 0x0000000091000000, 0x0000000091100000|  0%| F|  |TAMS 0x0000000091000000, 0x0000000091000000| Untracked 
| 273|0x0000000091100000, 0x0000000091100000, 0x0000000091200000|  0%| F|  |TAMS 0x0000000091100000, 0x0000000091100000| Untracked 
| 274|0x0000000091200000, 0x0000000091200000, 0x0000000091300000|  0%| F|  |TAMS 0x0000000091200000, 0x0000000091200000| Untracked 
| 275|0x0000000091300000, 0x0000000091300000, 0x0000000091400000|  0%| F|  |TAMS 0x0000000091300000, 0x0000000091300000| Untracked 
| 276|0x0000000091400000, 0x0000000091400000, 0x0000000091500000|  0%| F|  |TAMS 0x0000000091400000, 0x0000000091400000| Untracked 
| 277|0x0000000091500000, 0x0000000091500000, 0x0000000091600000|  0%| F|  |TAMS 0x0000000091500000, 0x0000000091500000| Untracked 
| 278|0x0000000091600000, 0x0000000091600000, 0x0000000091700000|  0%| F|  |TAMS 0x0000000091600000, 0x0000000091600000| Untracked 
| 279|0x0000000091700000, 0x0000000091700000, 0x0000000091800000|  0%| F|  |TAMS 0x0000000091700000, 0x0000000091700000| Untracked 
| 280|0x0000000091800000, 0x0000000091800000, 0x0000000091900000|  0%| F|  |TAMS 0x0000000091800000, 0x0000000091800000| Untracked 
| 281|0x0000000091900000, 0x0000000091900000, 0x0000000091a00000|  0%| F|  |TAMS 0x0000000091900000, 0x0000000091900000| Untracked 
| 282|0x0000000091a00000, 0x0000000091a00000, 0x0000000091b00000|  0%| F|  |TAMS 0x0000000091a00000, 0x0000000091a00000| Untracked 
| 283|0x0000000091b00000, 0x0000000091b00000, 0x0000000091c00000|  0%| F|  |TAMS 0x0000000091b00000, 0x0000000091b00000| Untracked 
| 284|0x0000000091c00000, 0x0000000091c00000, 0x0000000091d00000|  0%| F|  |TAMS 0x0000000091c00000, 0x0000000091c00000| Untracked 
| 285|0x0000000091d00000, 0x0000000091d00000, 0x0000000091e00000|  0%| F|  |TAMS 0x0000000091d00000, 0x0000000091d00000| Untracked 
| 286|0x0000000091e00000, 0x0000000091e00000, 0x0000000091f00000|  0%| F|  |TAMS 0x0000000091e00000, 0x0000000091e00000| Untracked 
| 287|0x0000000091f00000, 0x0000000091f00000, 0x0000000092000000|  0%| F|  |TAMS 0x0000000091f00000, 0x0000000091f00000| Untracked 
| 288|0x0000000092000000, 0x0000000092000000, 0x0000000092100000|  0%| F|  |TAMS 0x0000000092000000, 0x0000000092000000| Untracked 
| 289|0x0000000092100000, 0x0000000092100000, 0x0000000092200000|  0%| F|  |TAMS 0x0000000092100000, 0x0000000092100000| Untracked 
| 290|0x0000000092200000, 0x0000000092200000, 0x0000000092300000|  0%| F|  |TAMS 0x0000000092200000, 0x0000000092200000| Untracked 
| 291|0x0000000092300000, 0x0000000092300000, 0x0000000092400000|  0%| F|  |TAMS 0x0000000092300000, 0x0000000092300000| Untracked 
| 292|0x0000000092400000, 0x0000000092400000, 0x0000000092500000|  0%| F|  |TAMS 0x0000000092400000, 0x0000000092400000| Untracked 
| 293|0x0000000092500000, 0x0000000092500000, 0x0000000092600000|  0%| F|  |TAMS 0x0000000092500000, 0x0000000092500000| Untracked 
| 294|0x0000000092600000, 0x0000000092600000, 0x0000000092700000|  0%| F|  |TAMS 0x0000000092600000, 0x0000000092600000| Untracked 
| 295|0x0000000092700000, 0x0000000092700000, 0x0000000092800000|  0%| F|  |TAMS 0x0000000092700000, 0x0000000092700000| Untracked 
| 296|0x0000000092800000, 0x0000000092800000, 0x0000000092900000|  0%| F|  |TAMS 0x0000000092800000, 0x0000000092800000| Untracked 
| 297|0x0000000092900000, 0x0000000092900000, 0x0000000092a00000|  0%| F|  |TAMS 0x0000000092900000, 0x0000000092900000| Untracked 
| 298|0x0000000092a00000, 0x0000000092a00000, 0x0000000092b00000|  0%| F|  |TAMS 0x0000000092a00000, 0x0000000092a00000| Untracked 
| 299|0x0000000092b00000, 0x0000000092b00000, 0x0000000092c00000|  0%| F|  |TAMS 0x0000000092b00000, 0x0000000092b00000| Untracked 
| 300|0x0000000092c00000, 0x0000000092c00000, 0x0000000092d00000|  0%| F|  |TAMS 0x0000000092c00000, 0x0000000092c00000| Untracked 
| 301|0x0000000092d00000, 0x0000000092d00000, 0x0000000092e00000|  0%| F|  |TAMS 0x0000000092d00000, 0x0000000092d00000| Untracked 
| 302|0x0000000092e00000, 0x0000000092e00000, 0x0000000092f00000|  0%| F|  |TAMS 0x0000000092e00000, 0x0000000092e00000| Untracked 
| 303|0x0000000092f00000, 0x0000000092f00000, 0x0000000093000000|  0%| F|  |TAMS 0x0000000092f00000, 0x0000000092f00000| Untracked 
| 304|0x0000000093000000, 0x0000000093000000, 0x0000000093100000|  0%| F|  |TAMS 0x0000000093000000, 0x0000000093000000| Untracked 
| 305|0x0000000093100000, 0x0000000093100000, 0x0000000093200000|  0%| F|  |TAMS 0x0000000093100000, 0x0000000093100000| Untracked 
| 306|0x0000000093200000, 0x0000000093200000, 0x0000000093300000|  0%| F|  |TAMS 0x0000000093200000, 0x0000000093200000| Untracked 
| 307|0x0000000093300000, 0x0000000093300000, 0x0000000093400000|  0%| F|  |TAMS 0x0000000093300000, 0x0000000093300000| Untracked 
| 308|0x0000000093400000, 0x0000000093400000, 0x0000000093500000|  0%| F|  |TAMS 0x0000000093400000, 0x0000000093400000| Untracked 
| 309|0x0000000093500000, 0x0000000093500000, 0x0000000093600000|  0%| F|  |TAMS 0x0000000093500000, 0x0000000093500000| Untracked 
| 310|0x0000000093600000, 0x0000000093600000, 0x0000000093700000|  0%| F|  |TAMS 0x0000000093600000, 0x0000000093600000| Untracked 
| 311|0x0000000093700000, 0x0000000093700000, 0x0000000093800000|  0%| F|  |TAMS 0x0000000093700000, 0x0000000093700000| Untracked 
| 312|0x0000000093800000, 0x0000000093800000, 0x0000000093900000|  0%| F|  |TAMS 0x0000000093800000, 0x0000000093800000| Untracked 
| 313|0x0000000093900000, 0x0000000093900000, 0x0000000093a00000|  0%| F|  |TAMS 0x0000000093900000, 0x0000000093900000| Untracked 
| 314|0x0000000093a00000, 0x0000000093a00000, 0x0000000093b00000|  0%| F|  |TAMS 0x0000000093a00000, 0x0000000093a00000| Untracked 
| 315|0x0000000093b00000, 0x0000000093b00000, 0x0000000093c00000|  0%| F|  |TAMS 0x0000000093b00000, 0x0000000093b00000| Untracked 
| 316|0x0000000093c00000, 0x0000000093c00000, 0x0000000093d00000|  0%| F|  |TAMS 0x0000000093c00000, 0x0000000093c00000| Untracked 
| 317|0x0000000093d00000, 0x0000000093d00000, 0x0000000093e00000|  0%| F|  |TAMS 0x0000000093d00000, 0x0000000093d00000| Untracked 
| 318|0x0000000093e00000, 0x0000000093e00000, 0x0000000093f00000|  0%| F|  |TAMS 0x0000000093e00000, 0x0000000093e00000| Untracked 
| 319|0x0000000093f00000, 0x0000000093f00000, 0x0000000094000000|  0%| F|  |TAMS 0x0000000093f00000, 0x0000000093f00000| Untracked 
| 320|0x0000000094000000, 0x0000000094000000, 0x0000000094100000|  0%| F|  |TAMS 0x0000000094000000, 0x0000000094000000| Untracked 
| 321|0x0000000094100000, 0x0000000094100000, 0x0000000094200000|  0%| F|  |TAMS 0x0000000094100000, 0x0000000094100000| Untracked 
| 322|0x0000000094200000, 0x0000000094200000, 0x0000000094300000|  0%| F|  |TAMS 0x0000000094200000, 0x0000000094200000| Untracked 
| 323|0x0000000094300000, 0x0000000094300000, 0x0000000094400000|  0%| F|  |TAMS 0x0000000094300000, 0x0000000094300000| Untracked 
| 324|0x0000000094400000, 0x0000000094400000, 0x0000000094500000|  0%| F|  |TAMS 0x0000000094400000, 0x0000000094400000| Untracked 
| 325|0x0000000094500000, 0x0000000094500000, 0x0000000094600000|  0%| F|  |TAMS 0x0000000094500000, 0x0000000094500000| Untracked 
| 326|0x0000000094600000, 0x0000000094600000, 0x0000000094700000|  0%| F|  |TAMS 0x0000000094600000, 0x0000000094600000| Untracked 
| 327|0x0000000094700000, 0x0000000094700000, 0x0000000094800000|  0%| F|  |TAMS 0x0000000094700000, 0x0000000094700000| Untracked 
| 328|0x0000000094800000, 0x0000000094800000, 0x0000000094900000|  0%| F|  |TAMS 0x0000000094800000, 0x0000000094800000| Untracked 
| 329|0x0000000094900000, 0x0000000094900000, 0x0000000094a00000|  0%| F|  |TAMS 0x0000000094900000, 0x0000000094900000| Untracked 
| 330|0x0000000094a00000, 0x0000000094a00000, 0x0000000094b00000|  0%| F|  |TAMS 0x0000000094a00000, 0x0000000094a00000| Untracked 
| 331|0x0000000094b00000, 0x0000000094b00000, 0x0000000094c00000|  0%| F|  |TAMS 0x0000000094b00000, 0x0000000094b00000| Untracked 
| 332|0x0000000094c00000, 0x0000000094c00000, 0x0000000094d00000|  0%| F|  |TAMS 0x0000000094c00000, 0x0000000094c00000| Untracked 
| 333|0x0000000094d00000, 0x0000000094d00000, 0x0000000094e00000|  0%| F|  |TAMS 0x0000000094d00000, 0x0000000094d00000| Untracked 
| 334|0x0000000094e00000, 0x0000000094e00000, 0x0000000094f00000|  0%| F|  |TAMS 0x0000000094e00000, 0x0000000094e00000| Untracked 
| 335|0x0000000094f00000, 0x0000000094f00000, 0x0000000095000000|  0%| F|  |TAMS 0x0000000094f00000, 0x0000000094f00000| Untracked 
| 336|0x0000000095000000, 0x0000000095000000, 0x0000000095100000|  0%| F|  |TAMS 0x0000000095000000, 0x0000000095000000| Untracked 
| 337|0x0000000095100000, 0x0000000095100000, 0x0000000095200000|  0%| F|  |TAMS 0x0000000095100000, 0x0000000095100000| Untracked 
| 338|0x0000000095200000, 0x0000000095200000, 0x0000000095300000|  0%| F|  |TAMS 0x0000000095200000, 0x0000000095200000| Untracked 
| 339|0x0000000095300000, 0x0000000095300000, 0x0000000095400000|  0%| F|  |TAMS 0x0000000095300000, 0x0000000095300000| Untracked 
| 340|0x0000000095400000, 0x0000000095400000, 0x0000000095500000|  0%| F|  |TAMS 0x0000000095400000, 0x0000000095400000| Untracked 
| 341|0x0000000095500000, 0x0000000095500000, 0x0000000095600000|  0%| F|  |TAMS 0x0000000095500000, 0x0000000095500000| Untracked 

Card table byte_map: [0x00000241af900000,0x00000241afd00000] _byte_map_base: 0x00000241af500000

Marking Bits (Prev, Next): (CMBitMap*) 0x000002419c3fcc50, (CMBitMap*) 0x000002419c3fcc18
 Prev Bits: [0x00000241b2100000, 0x00000241b4100000)
 Next Bits: [0x00000241b0100000, 0x00000241b2100000)

Polling page: 0x000002419a960000

Metaspace:

Usage:
  Non-class:     94.01 MB capacity,    92.26 MB ( 98%) used,     1.38 MB (  1%) free+waste,   376.69 KB ( <1%) overhead. 
      Class:     14.52 MB capacity,    13.42 MB ( 92%) used,   959.82 KB (  6%) free+waste,   164.13 KB (  1%) overhead. 
       Both:    108.53 MB capacity,   105.68 MB ( 97%) used,     2.32 MB (  2%) free+waste,   540.81 KB ( <1%) overhead. 

Virtual space:
  Non-class space:       96.00 MB reserved,      94.24 MB ( 98%) committed 
      Class space:        1.00 GB reserved,      14.57 MB (  1%) committed 
             Both:        1.09 GB reserved,     108.81 MB ( 10%) committed 

Chunk freelists:
   Non-Class:  38.00 KB
       Class:  45.00 KB
        Both:  83.00 KB

MaxMetaspaceSize: 17179869184.00 GB
CompressedClassSpaceSize: 1.00 GB
Initial GC threshold: 20.80 MB
Current GC threshold: 180.11 MB
CDS: off

CodeHeap 'non-profiled nmethods': size=120064Kb used=10401Kb max_used=10980Kb free=109662Kb
 bounds [0x00000241a79a0000, 0x00000241a8490000, 0x00000241aeee0000]
CodeHeap 'profiled nmethods': size=120000Kb used=38422Kb max_used=39975Kb free=81577Kb
 bounds [0x00000241a0470000, 0x00000241a2bd0000, 0x00000241a79a0000]
CodeHeap 'non-nmethods': size=5696Kb used=2406Kb max_used=2537Kb free=3289Kb
 bounds [0x000002419fee0000, 0x00000241a0170000, 0x00000241a0470000]
 total_blobs=17391 nmethods=16462 adapters=840
 compilation: enabled
              stopped_count=0, restarted_count=0
 full_count=0

Compilation events (20 events):
Event: 43.161 Thread 0x00000241b70c9000 17592       2       java.util.Collections$SetFromMap::contains (11 bytes)
Event: 43.162 Thread 0x00000241b70c9000 nmethod 17592 0x00000241a0984b90 code [0x00000241a0984d40, 0x00000241a0984e68]
Event: 43.162 Thread 0x00000241b70c9000 17593       2       com.android.tools.r8.internal.GF::a (614 bytes)
Event: 43.166 Thread 0x00000241b70c9000 nmethod 17593 0x00000241a108b710 code [0x00000241a108bcc0, 0x00000241a108dc68]
Event: 43.223 Thread 0x00000241b70c9000 17596       1       com.android.tools.r8.internal.wS::n2 (2 bytes)
Event: 43.223 Thread 0x00000241b70c9000 nmethod 17596 0x00000241a7b32410 code [0x00000241a7b325c0, 0x00000241a7b32678]
Event: 43.224 Thread 0x00000241b70c9000 17597       2       com.android.tools.r8.internal.gI::a (111 bytes)
Event: 43.225 Thread 0x00000241b70c9000 nmethod 17597 0x00000241a053bc90 code [0x00000241a053bec0, 0x00000241a053c448]
Event: 43.225 Thread 0x00000241b70c9000 17598       1       com.android.tools.r8.internal.gI::c (5 bytes)
Event: 43.225 Thread 0x00000241b70c9000 nmethod 17598 0x00000241a7a86210 code [0x00000241a7a863c0, 0x00000241a7a86478]
Event: 43.227 Thread 0x00000241b70c9000 17599       1       com.android.tools.r8.code.u::v (4 bytes)
Event: 43.227 Thread 0x00000241b70c9000 nmethod 17599 0x00000241a7a85f10 code [0x00000241a7a860c0, 0x00000241a7a86178]
Event: 43.227 Thread 0x00000241b70c9000 17600       1       com.android.tools.r8.code.m3::v (3 bytes)
Event: 43.228 Thread 0x00000241b70c9000 nmethod 17600 0x00000241a7a85c10 code [0x00000241a7a85dc0, 0x00000241a7a85e78]
Event: 43.228 Thread 0x00000241b70c9000 17601       1       com.android.tools.r8.code.b1::v (3 bytes)
Event: 43.228 Thread 0x00000241b70c9000 nmethod 17601 0x00000241a7a85910 code [0x00000241a7a85ac0, 0x00000241a7a85b78]
Event: 43.228 Thread 0x00000241b70c9000 17602       2       com.android.tools.r8.internal.jG::k (27 bytes)
Event: 43.229 Thread 0x00000241b70c9000 nmethod 17602 0x00000241a06da890 code [0x00000241a06daa40, 0x00000241a06dac58]
Event: 43.230 Thread 0x00000241b70c9000 17603       2       com.android.tools.r8.internal.kj::a (63 bytes)
Event: 43.230 Thread 0x00000241b70c9000 nmethod 17603 0x00000241a0968c10 code [0x00000241a0968e00, 0x00000241a0969038]

GC Heap History (20 events):
Event: 38.068 GC heap after
{Heap after GC invocations=51 (full 0):
 garbage-first heap   total 282624K, used 123752K [0x0000000080000000, 0x0000000100000000)
  region size 1024K, 2 young (2048K), 2 survivors (2048K)
 Metaspace       used 107477K, capacity 110276K, committed 110656K, reserved 1144832K
  class space    used 13676K, capacity 14767K, committed 14924K, reserved 1048576K
}
Event: 39.097 GC heap before
{Heap before GC invocations=52 (full 0):
 garbage-first heap   total 282624K, used 208744K [0x0000000080000000, 0x0000000100000000)
  region size 1024K, 85 young (87040K), 2 survivors (2048K)
 Metaspace       used 107531K, capacity 110378K, committed 110656K, reserved 1144832K
  class space    used 13678K, capacity 14799K, committed 14924K, reserved 1048576K
}
Event: 39.105 GC heap after
{Heap after GC invocations=53 (full 0):
 garbage-first heap   total 282624K, used 124646K [0x0000000080000000, 0x0000000100000000)
  region size 1024K, 3 young (3072K), 3 survivors (3072K)
 Metaspace       used 107531K, capacity 110378K, committed 110656K, reserved 1144832K
  class space    used 13678K, capacity 14799K, committed 14924K, reserved 1048576K
}
Event: 39.649 GC heap before
{Heap before GC invocations=53 (full 0):
 garbage-first heap   total 282624K, used 217830K [0x0000000080000000, 0x0000000100000000)
  region size 1024K, 90 young (92160K), 3 survivors (3072K)
 Metaspace       used 107717K, capacity 110581K, committed 110912K, reserved 1144832K
  class space    used 13690K, capacity 14816K, committed 14924K, reserved 1048576K
}
Event: 39.669 GC heap after
{Heap after GC invocations=54 (full 0):
 garbage-first heap   total 282624K, used 137070K [0x0000000080000000, 0x0000000100000000)
  region size 1024K, 12 young (12288K), 12 survivors (12288K)
 Metaspace       used 107717K, capacity 110581K, committed 110912K, reserved 1144832K
  class space    used 13690K, capacity 14816K, committed 14924K, reserved 1048576K
}
Event: 40.150 GC heap before
{Heap before GC invocations=54 (full 0):
 garbage-first heap   total 282624K, used 216942K [0x0000000080000000, 0x0000000100000000)
  region size 1024K, 91 young (93184K), 12 survivors (12288K)
 Metaspace       used 107776K, capacity 110592K, committed 110912K, reserved 1144832K
  class space    used 13692K, capacity 14819K, committed 14924K, reserved 1048576K
}
Event: 40.170 GC heap after
{Heap after GC invocations=55 (full 0):
 garbage-first heap   total 282624K, used 142601K [0x0000000080000000, 0x0000000100000000)
  region size 1024K, 6 young (6144K), 6 survivors (6144K)
 Metaspace       used 107776K, capacity 110592K, committed 110912K, reserved 1144832K
  class space    used 13692K, capacity 14819K, committed 14924K, reserved 1048576K
}
Event: 40.529 GC heap before
{Heap before GC invocations=55 (full 0):
 garbage-first heap   total 282624K, used 222473K [0x0000000080000000, 0x0000000100000000)
  region size 1024K, 84 young (86016K), 6 survivors (6144K)
 Metaspace       used 107805K, capacity 110730K, committed 110912K, reserved 1144832K
  class space    used 13693K, capacity 14821K, committed 14924K, reserved 1048576K
}
Event: 40.553 GC heap after
{Heap after GC invocations=56 (full 0):
 garbage-first heap   total 282624K, used 156046K [0x0000000080000000, 0x0000000100000000)
  region size 1024K, 11 young (11264K), 11 survivors (11264K)
 Metaspace       used 107805K, capacity 110730K, committed 110912K, reserved 1144832K
  class space    used 13693K, capacity 14821K, committed 14924K, reserved 1048576K
}
Event: 40.903 GC heap before
{Heap before GC invocations=56 (full 0):
 garbage-first heap   total 282624K, used 224654K [0x0000000080000000, 0x0000000100000000)
  region size 1024K, 79 young (80896K), 11 survivors (11264K)
 Metaspace       used 107973K, capacity 110873K, committed 111168K, reserved 1146880K
  class space    used 13720K, capacity 14846K, committed 14924K, reserved 1048576K
}
Event: 40.923 GC heap after
{Heap after GC invocations=57 (full 0):
 garbage-first heap   total 282624K, used 159705K [0x0000000080000000, 0x0000000100000000)
  region size 1024K, 4 young (4096K), 4 survivors (4096K)
 Metaspace       used 107973K, capacity 110873K, committed 111168K, reserved 1146880K
  class space    used 13720K, capacity 14846K, committed 14924K, reserved 1048576K
}
Event: 41.200 GC heap before
{Heap before GC invocations=57 (full 0):
 garbage-first heap   total 282624K, used 228313K [0x0000000080000000, 0x0000000100000000)
  region size 1024K, 72 young (73728K), 4 survivors (4096K)
 Metaspace       used 107996K, capacity 110875K, committed 111168K, reserved 1146880K
  class space    used 13720K, capacity 14846K, committed 14924K, reserved 1048576K
}
Event: 41.220 GC heap after
{Heap after GC invocations=58 (full 0):
 garbage-first heap   total 350208K, used 167376K [0x0000000080000000, 0x0000000100000000)
  region size 1024K, 9 young (9216K), 9 survivors (9216K)
 Metaspace       used 107996K, capacity 110875K, committed 111168K, reserved 1146880K
  class space    used 13720K, capacity 14846K, committed 14924K, reserved 1048576K
}
Event: 41.667 GC heap before
{Heap before GC invocations=58 (full 0):
 garbage-first heap   total 350208K, used 260560K [0x0000000080000000, 0x0000000100000000)
  region size 1024K, 100 young (102400K), 9 survivors (9216K)
 Metaspace       used 108037K, capacity 110952K, committed 111168K, reserved 1146880K
  class space    used 13722K, capacity 14848K, committed 14924K, reserved 1048576K
}
Event: 41.698 GC heap after
{Heap after GC invocations=59 (full 0):
 garbage-first heap   total 350208K, used 176786K [0x0000000080000000, 0x0000000100000000)
  region size 1024K, 13 young (13312K), 13 survivors (13312K)
 Metaspace       used 108037K, capacity 110952K, committed 111168K, reserved 1146880K
  class space    used 13722K, capacity 14848K, committed 14924K, reserved 1048576K
}
Event: 42.221 GC heap before
{Heap before GC invocations=59 (full 0):
 garbage-first heap   total 350208K, used 266898K [0x0000000080000000, 0x0000000100000000)
  region size 1024K, 102 young (104448K), 13 survivors (13312K)
 Metaspace       used 108058K, capacity 110958K, committed 111168K, reserved 1146880K
  class space    used 13723K, capacity 14850K, committed 14924K, reserved 1048576K
}
Event: 42.245 GC heap after
{Heap after GC invocations=60 (full 0):
 garbage-first heap   total 350208K, used 180736K [0x0000000080000000, 0x0000000100000000)
  region size 1024K, 5 young (5120K), 5 survivors (5120K)
 Metaspace       used 108058K, capacity 110958K, committed 111168K, reserved 1146880K
  class space    used 13723K, capacity 14850K, committed 14924K, reserved 1048576K
}
Event: 42.693 GC heap before
{Heap before GC invocations=60 (full 0):
 garbage-first heap   total 350208K, used 272896K [0x0000000080000000, 0x0000000100000000)
  region size 1024K, 95 young (97280K), 5 survivors (5120K)
 Metaspace       used 108110K, capacity 110962K, committed 111168K, reserved 1146880K
  class space    used 13729K, capacity 14851K, committed 14924K, reserved 1048576K
}
Event: 42.707 GC heap after
{Heap after GC invocations=61 (full 0):
 garbage-first heap   total 350208K, used 184876K [0x0000000080000000, 0x0000000100000000)
  region size 1024K, 9 young (9216K), 9 survivors (9216K)
 Metaspace       used 108110K, capacity 110962K, committed 111168K, reserved 1146880K
  class space    used 13729K, capacity 14851K, committed 14924K, reserved 1048576K
}
Event: 43.254 GC heap before
{Heap before GC invocations=61 (full 0):
 garbage-first heap   total 350208K, used 278060K [0x0000000080000000, 0x0000000100000000)
  region size 1024K, 100 young (102400K), 9 survivors (9216K)
 Metaspace       used 108219K, capacity 111137K, committed 111424K, reserved 1146880K
  class space    used 13743K, capacity 14867K, committed 14924K, reserved 1048576K
}

Deoptimization events (20 events):
Event: 42.956 Thread 0x00000241ba18d000 Uncommon trap: trap_request=0xffffff4d fr.pc=0x00000241a7a68b40 relative=0x0000000000006da0
Event: 42.956 Thread 0x00000241ba18d000 Uncommon trap: reason=unstable_if action=reinterpret pc=0x00000241a7a68b40 method=com.android.tools.r8.ir.regalloc.c.d(I)Lcom/android/tools/r8/ir/regalloc/c; @ 147 c2
Event: 42.956 Thread 0x00000241ba18d000 DEOPT PACKING pc=0x00000241a7a68b40 sp=0x000000e1f2ef9a70
Event: 42.956 Thread 0x00000241ba18d000 DEOPT UNPACKING pc=0x000002419ff2a1af sp=0x000000e1f2ef98a0 mode 2
Event: 42.986 Thread 0x00000241bae30800 DEOPT PACKING pc=0x00000241a2b50598 sp=0x000000e1f48f4c70
Event: 42.986 Thread 0x00000241bae30800 DEOPT UNPACKING pc=0x000002419ff2a95e sp=0x000000e1f48f4170 mode 0
Event: 43.001 Thread 0x00000241ba18d000 DEOPT PACKING pc=0x00000241a226d9a6 sp=0x000000e1f2ef9900
Event: 43.001 Thread 0x00000241ba18d000 DEOPT UNPACKING pc=0x000002419ff2a95e sp=0x000000e1f2ef9250 mode 0
Event: 43.025 Thread 0x00000241bae30800 DEOPT PACKING pc=0x00000241a2b50577 sp=0x000000e1f48f4e60
Event: 43.025 Thread 0x00000241bae30800 DEOPT UNPACKING pc=0x000002419ff2a95e sp=0x000000e1f48f4360 mode 0
Event: 43.066 Thread 0x00000241ba18d000 DEOPT PACKING pc=0x00000241a2b50598 sp=0x000000e1f2ef8fc0
Event: 43.066 Thread 0x00000241ba18d000 DEOPT UNPACKING pc=0x000002419ff2a95e sp=0x000000e1f2ef84c0 mode 0
Event: 43.092 Thread 0x00000241bae30800 DEOPT PACKING pc=0x00000241a226d9e8 sp=0x000000e1f48f58e0
Event: 43.093 Thread 0x00000241bae30800 DEOPT UNPACKING pc=0x000002419ff2a95e sp=0x000000e1f48f5230 mode 0
Event: 43.160 Thread 0x00000241b8090800 Uncommon trap: trap_request=0xffffffde fr.pc=0x00000241a822cdfc relative=0x000000000000013c
Event: 43.160 Thread 0x00000241b8090800 Uncommon trap: reason=class_check action=maybe_recompile pc=0x00000241a822cdfc method=java.util.Collections$SetFromMap.contains(Ljava/lang/Object;)Z @ 5 c2
Event: 43.160 Thread 0x00000241b8090800 DEOPT PACKING pc=0x00000241a822cdfc sp=0x000000e1f46faea0
Event: 43.160 Thread 0x00000241b8090800 DEOPT UNPACKING pc=0x000002419ff2a1af sp=0x000000e1f46fae48 mode 2
Event: 43.232 Thread 0x00000241bae30800 DEOPT PACKING pc=0x00000241a226d9e8 sp=0x000000e1f48f58e0
Event: 43.233 Thread 0x00000241bae30800 DEOPT UNPACKING pc=0x000002419ff2a95e sp=0x000000e1f48f5230 mode 0

Classes redefined (0 events):
No events

Internal exceptions (20 events):
Event: 40.330 Thread 0x00000241ba18d000 Exception <a 'sun/nio/fs/WindowsException'{0x000000008fd353b0}> (0x000000008fd353b0) thrown at [./src/hotspot/share/prims/jni.cpp, line 616]
Event: 40.339 Thread 0x00000241bae30800 Exception <a 'sun/nio/fs/WindowsException'{0x000000008f96c270}> (0x000000008f96c270) thrown at [./src/hotspot/share/prims/jni.cpp, line 616]
Event: 40.365 Thread 0x00000241ba188800 Exception <a 'sun/nio/fs/WindowsException'{0x000000008f058be8}> (0x000000008f058be8) thrown at [./src/hotspot/share/prims/jni.cpp, line 616]
Event: 40.704 Thread 0x00000241b808f800 Exception <a 'sun/nio/fs/WindowsException'{0x000000008f56d910}> (0x000000008f56d910) thrown at [./src/hotspot/share/prims/jni.cpp, line 616]
Event: 40.781 Thread 0x00000241ba18d000 Exception <a 'sun/nio/fs/WindowsException'{0x000000008e677898}> (0x000000008e677898) thrown at [./src/hotspot/share/prims/jni.cpp, line 616]
Event: 40.887 Thread 0x00000241ba188800 Exception <a 'java/lang/NoSuchMethodError'{0x000000008d2bcc70}: 'void java.lang.invoke.DirectMethodHandle$Holder.invokeSpecialIFC(java.lang.Object, java.lang.Object, java.lang.Object, java.lang.Object)'> (0x000000008d2bcc70) thrown at [./src/hotspot/share/interpreter/linkResolver.cpp, line 773]
Event: 40.997 Thread 0x00000241ba18d000 Exception <a 'sun/nio/fs/WindowsException'{0x000000008ffdeaf0}> (0x000000008ffdeaf0) thrown at [./src/hotspot/share/prims/jni.cpp, line 616]
Event: 41.062 Thread 0x00000241b808f800 Exception <a 'sun/nio/fs/WindowsException'{0x000000008ec312a8}> (0x000000008ec312a8) thrown at [./src/hotspot/share/prims/jni.cpp, line 616]
Event: 41.091 Thread 0x00000241ba18d000 Exception <a 'sun/nio/fs/WindowsException'{0x000000008e8bd840}> (0x000000008e8bd840) thrown at [./src/hotspot/share/prims/jni.cpp, line 616]
Event: 41.144 Thread 0x00000241ba18d000 Implicit null exception at 0x00000241a842529b to 0x00000241a8425a5c
Event: 41.194 Thread 0x00000241bae30800 Exception <a 'sun/nio/fs/WindowsException'{0x000000008d039a60}> (0x000000008d039a60) thrown at [./src/hotspot/share/prims/jni.cpp, line 616]
Event: 41.372 Thread 0x00000241ba18d000 Exception <a 'sun/nio/fs/WindowsException'{0x0000000093992b18}> (0x0000000093992b18) thrown at [./src/hotspot/share/prims/jni.cpp, line 616]
Event: 41.373 Thread 0x00000241bae30800 Exception <a 'sun/nio/fs/WindowsException'{0x00000000939464a0}> (0x00000000939464a0) thrown at [./src/hotspot/share/prims/jni.cpp, line 616]
Event: 41.822 Thread 0x00000241ba18d000 Exception <a 'sun/nio/fs/WindowsException'{0x0000000093fef448}> (0x0000000093fef448) thrown at [./src/hotspot/share/prims/jni.cpp, line 616]
Event: 42.008 Thread 0x00000241bae30800 Implicit null exception at 0x00000241a7b5436b to 0x00000241a7b5438c
Event: 42.218 Thread 0x00000241ba18d000 Exception <a 'sun/nio/fs/WindowsException'{0x000000008fdbf888}> (0x000000008fdbf888) thrown at [./src/hotspot/share/prims/jni.cpp, line 616]
Event: 42.818 Thread 0x00000241ba18d000 Exception <a 'java/lang/NoSuchMethodError'{0x000000009428cb98}: 'int java.lang.invoke.DirectMethodHandle$Holder.invokeInterface(java.lang.Object, java.lang.Object, int)'> (0x000000009428cb98) thrown at [./src/hotspot/share/interpreter/linkResolver.cpp, line 773]
Event: 42.902 Thread 0x00000241ba188800 Exception <a 'sun/nio/fs/WindowsException'{0x00000000939b29c8}> (0x00000000939b29c8) thrown at [./src/hotspot/share/prims/jni.cpp, line 616]
Event: 43.183 Thread 0x00000241b808f800 Exception <a 'sun/nio/fs/WindowsException'{0x0000000090544dd8}> (0x0000000090544dd8) thrown at [./src/hotspot/share/prims/jni.cpp, line 616]
Event: 43.232 Thread 0x00000241ba18d000 Exception <a 'sun/nio/fs/WindowsException'{0x000000008ff24fc0}> (0x000000008ff24fc0) thrown at [./src/hotspot/share/prims/jni.cpp, line 616]

Events (20 events):
Event: 43.137 loading class com/android/tools/r8/graph/U$d done
Event: 43.137 loading class com/android/tools/r8/graph/U$d
Event: 43.137 loading class com/android/tools/r8/graph/U$d done
Event: 43.137 loading class com/android/tools/r8/graph/U$d
Event: 43.137 loading class com/android/tools/r8/graph/U$d done
Event: 43.137 loading class com/android/tools/r8/graph/U$d
Event: 43.137 loading class com/android/tools/r8/graph/U$d done
Event: 43.138 loading class com/android/tools/r8/graph/U$d
Event: 43.138 loading class com/android/tools/r8/graph/U$d done
Event: 43.138 loading class com/android/tools/r8/graph/U$d
Event: 43.138 loading class com/android/tools/r8/graph/U$d done
Event: 43.138 loading class com/android/tools/r8/graph/U$d
Event: 43.138 loading class com/android/tools/r8/graph/U$d done
Event: 43.233 Executing VM operation: RevokeBias
Event: 43.234 Executing VM operation: RevokeBias done
Event: 43.234 Executing VM operation: RevokeBias
Event: 43.235 Executing VM operation: RevokeBias done
Event: 43.235 Executing VM operation: RevokeBias
Event: 43.236 Executing VM operation: RevokeBias done
Event: 43.254 Executing VM operation: G1CollectForAllocation


Dynamic libraries:
0x00007ff6697d0000 - 0x00007ff6697da000 	C:\Program Files\Android\Android Studio\jre\bin\java.exe
0x00007ff8d1870000 - 0x00007ff8d1a68000 	C:\WINDOWS\SYSTEM32\ntdll.dll
0x00007ff8d0380000 - 0x00007ff8d043f000 	C:\WINDOWS\System32\KERNEL32.DLL
0x00007ff8cf4c0000 - 0x00007ff8cf792000 	C:\WINDOWS\System32\KERNELBASE.dll
0x00007ff8cf390000 - 0x00007ff8cf490000 	C:\WINDOWS\System32\ucrtbase.dll
0x00007ff8caac0000 - 0x00007ff8caad9000 	C:\Program Files\Android\Android Studio\jre\bin\jli.dll
0x00007ff8caae0000 - 0x00007ff8caaf7000 	C:\Program Files\Android\Android Studio\jre\bin\VCRUNTIME140.dll
0x00007ff8cfc80000 - 0x00007ff8cfe21000 	C:\WINDOWS\System32\USER32.dll
0x00007ff8cf170000 - 0x00007ff8cf192000 	C:\WINDOWS\System32\win32u.dll
0x00007ff8bd7a0000 - 0x00007ff8bda3a000 	C:\WINDOWS\WinSxS\amd64_microsoft.windows.common-controls_6595b64144ccf1df_6.0.19041.1110_none_60b5254171f9507e\COMCTL32.dll
0x00007ff8d0d20000 - 0x00007ff8d0d4b000 	C:\WINDOWS\System32\GDI32.dll
0x00007ff8d1190000 - 0x00007ff8d122e000 	C:\WINDOWS\System32\msvcrt.dll
0x00007ff8cf1f0000 - 0x00007ff8cf2ff000 	C:\WINDOWS\System32\gdi32full.dll
0x00007ff8cf7a0000 - 0x00007ff8cf83d000 	C:\WINDOWS\System32\msvcp_win.dll
0x00007ff8cfc40000 - 0x00007ff8cfc72000 	C:\WINDOWS\System32\IMM32.DLL
0x00007ff8bcfb0000 - 0x00007ff8bd04d000 	C:\Program Files\Android\Android Studio\jre\bin\msvcp140.dll
0x00007ff864610000 - 0x00007ff865112000 	C:\Program Files\Android\Android Studio\jre\bin\server\jvm.dll
0x00007ff8d10e0000 - 0x00007ff8d118e000 	C:\WINDOWS\System32\ADVAPI32.dll
0x00007ff8d0c80000 - 0x00007ff8d0d1c000 	C:\WINDOWS\System32\sechost.dll
0x00007ff8d16a0000 - 0x00007ff8d17c5000 	C:\WINDOWS\System32\RPCRT4.dll
0x00007ff8cfe60000 - 0x00007ff8cfe68000 	C:\WINDOWS\System32\PSAPI.DLL
0x00007ff8c0190000 - 0x00007ff8c01b7000 	C:\WINDOWS\SYSTEM32\WINMM.dll
0x00007ff8c8280000 - 0x00007ff8c8289000 	C:\WINDOWS\SYSTEM32\WSOCK32.dll
0x00007ff8d01d0000 - 0x00007ff8d023b000 	C:\WINDOWS\System32\WS2_32.dll
0x00007ff8c9eb0000 - 0x00007ff8c9eba000 	C:\WINDOWS\SYSTEM32\VERSION.dll
0x00007ff8cce40000 - 0x00007ff8cce52000 	C:\WINDOWS\SYSTEM32\kernel.appcore.dll
0x00007ff8c7290000 - 0x00007ff8c72a1000 	C:\Program Files\Android\Android Studio\jre\bin\verify.dll
0x00007ff8bb090000 - 0x00007ff8bb274000 	C:\WINDOWS\SYSTEM32\DBGHELP.DLL
0x00007ff8bad60000 - 0x00007ff8bad95000 	C:\WINDOWS\SYSTEM32\dbgcore.DLL
0x00007ff8cf300000 - 0x00007ff8cf382000 	C:\WINDOWS\System32\bcryptPrimitives.dll
0x00007ff8b5500000 - 0x00007ff8b5529000 	C:\Program Files\Android\Android Studio\jre\bin\java.dll
0x00007ff8cc770000 - 0x00007ff8cc77b000 	C:\Program Files\Android\Android Studio\jre\bin\jimage.dll
0x00007ff8c6f60000 - 0x00007ff8c6f78000 	C:\Program Files\Android\Android Studio\jre\bin\zip.dll
0x00007ff8d0530000 - 0x00007ff8d0c74000 	C:\WINDOWS\System32\SHELL32.dll
0x00007ff8cd040000 - 0x00007ff8cd7d2000 	C:\WINDOWS\SYSTEM32\windows.storage.dll
0x00007ff8cfe70000 - 0x00007ff8d01c5000 	C:\WINDOWS\System32\combase.dll
0x00007ff8ce8e0000 - 0x00007ff8ce910000 	C:\WINDOWS\SYSTEM32\Wldp.dll
0x00007ff8d0f10000 - 0x00007ff8d0fbd000 	C:\WINDOWS\System32\SHCORE.dll
0x00007ff8d0240000 - 0x00007ff8d0295000 	C:\WINDOWS\System32\shlwapi.dll
0x00007ff8ceea0000 - 0x00007ff8ceebf000 	C:\WINDOWS\SYSTEM32\profapi.dll
0x00007ff8b5cc0000 - 0x00007ff8b5cda000 	C:\Program Files\Android\Android Studio\jre\bin\net.dll
0x00007ff8c8ab0000 - 0x00007ff8c8bbc000 	C:\WINDOWS\SYSTEM32\WINHTTP.dll
0x00007ff8ce640000 - 0x00007ff8ce6aa000 	C:\WINDOWS\system32\mswsock.dll
0x00007ff8b52d0000 - 0x00007ff8b52e4000 	C:\Program Files\Android\Android Studio\jre\bin\nio.dll
0x00007ff8b4ff0000 - 0x00007ff8b5017000 	C:\Users\lenovo\.gradle\native\e1d6ef7f7dcc3fd88c89a11ec53ec762bb8ba0a96d01ffa2cd45eb1d1d8dd5c5\windows-amd64\native-platform.dll
0x00007ff8a8b10000 - 0x00007ff8a8c54000 	C:\Users\lenovo\.gradle\native\0d407fdbe67a94daf76414ababcb853783967236a71b16ec16e742cd7a986fd3\windows-amd64\native-platform-file-events.dll
0x00007ff8cc750000 - 0x00007ff8cc75a000 	C:\Program Files\Android\Android Studio\jre\bin\management.dll
0x00007ff8c7280000 - 0x00007ff8c728d000 	C:\Program Files\Android\Android Studio\jre\bin\management_ext.dll
0x00007ff8ce840000 - 0x00007ff8ce858000 	C:\WINDOWS\SYSTEM32\CRYPTSP.dll
0x00007ff8cdf60000 - 0x00007ff8cdf94000 	C:\WINDOWS\system32\rsaenh.dll
0x00007ff8cf490000 - 0x00007ff8cf4b7000 	C:\WINDOWS\System32\bcrypt.dll
0x00007ff8cee60000 - 0x00007ff8cee8e000 	C:\WINDOWS\SYSTEM32\USERENV.dll
0x00007ff8ce830000 - 0x00007ff8ce83c000 	C:\WINDOWS\SYSTEM32\CRYPTBASE.dll
0x00007ff8ce330000 - 0x00007ff8ce36b000 	C:\WINDOWS\SYSTEM32\IPHLPAPI.DLL
0x00007ff8d0520000 - 0x00007ff8d0528000 	C:\WINDOWS\System32\NSI.dll
0x00007ff8c9a10000 - 0x00007ff8c9a27000 	C:\WINDOWS\SYSTEM32\dhcpcsvc6.DLL
0x00007ff8c99f0000 - 0x00007ff8c9a0d000 	C:\WINDOWS\SYSTEM32\dhcpcsvc.DLL
0x00007ff8ce370000 - 0x00007ff8ce43a000 	C:\WINDOWS\SYSTEM32\DNSAPI.dll

dbghelp: loaded successfully - version: 4.0.5 - missing functions: none
symbol engine: initialized successfully - sym options: 0x614 - pdb path: .;C:\Program Files\Android\Android Studio\jre\bin;C:\WINDOWS\SYSTEM32;C:\WINDOWS\WinSxS\amd64_microsoft.windows.common-controls_6595b64144ccf1df_6.0.19041.1110_none_60b5254171f9507e;C:\Program Files\Android\Android Studio\jre\bin\server;C:\Users\lenovo\.gradle\native\e1d6ef7f7dcc3fd88c89a11ec53ec762bb8ba0a96d01ffa2cd45eb1d1d8dd5c5\windows-amd64;C:\Users\lenovo\.gradle\native\0d407fdbe67a94daf76414ababcb853783967236a71b16ec16e742cd7a986fd3\windows-amd64

VM Arguments:
jvm_args: --add-opens=java.base/java.util=ALL-UNNAMED --add-opens=java.base/java.lang=ALL-UNNAMED --add-opens=java.base/java.lang.invoke=ALL-UNNAMED --add-opens=java.base/java.util=ALL-UNNAMED --add-opens=java.prefs/java.util.prefs=ALL-UNNAMED --add-opens=java.prefs/java.util.prefs=ALL-UNNAMED --add-opens=java.base/java.nio.charset=ALL-UNNAMED --add-opens=java.base/java.net=ALL-UNNAMED --add-opens=java.base/java.util.concurrent.atomic=ALL-UNNAMED -Xmx2048m -Dfile.encoding=UTF-8 -Duser.country=US -Duser.language=en -Duser.variant 
java_command: org.gradle.launcher.daemon.bootstrap.GradleDaemon 7.4
java_class_path (initial): C:\Users\lenovo\.gradle\wrapper\dists\gradle-7.4-bin\c0gwcg53nkjbqw7r0h0umtfvt\gradle-7.4\lib\gradle-launcher-7.4.jar
Launcher Type: SUN_STANDARD

[Global flags]
     intx CICompilerCount                          = 3                                         {product} {ergonomic}
     uint ConcGCThreads                            = 1                                         {product} {ergonomic}
     uint G1ConcRefinementThreads                  = 4                                         {product} {ergonomic}
   size_t G1HeapRegionSize                         = 1048576                                   {product} {ergonomic}
    uintx GCDrainStackTargetSize                   = 64                                        {product} {ergonomic}
   size_t InitialHeapSize                          = 134217728                                 {product} {ergonomic}
   size_t MarkStackSize                            = 4194304                                   {product} {ergonomic}
   size_t MaxHeapSize                              = 2147483648                                {product} {command line}
   size_t MaxNewSize                               = 1287651328                                {product} {ergonomic}
   size_t MinHeapDeltaBytes                        = 1048576                                   {product} {ergonomic}
    uintx NonNMethodCodeHeapSize                   = 5830732                                {pd product} {ergonomic}
    uintx NonProfiledCodeHeapSize                  = 122913754                              {pd product} {ergonomic}
    uintx ProfiledCodeHeapSize                     = 122913754                              {pd product} {ergonomic}
    uintx ReservedCodeCacheSize                    = 251658240                              {pd product} {ergonomic}
     bool SegmentedCodeCache                       = true                                      {product} {ergonomic}
     bool UseCompressedClassPointers               = true                                 {lp64_product} {ergonomic}
     bool UseCompressedOops                        = true                                 {lp64_product} {ergonomic}
     bool UseG1GC                                  = true                                      {product} {ergonomic}
     bool UseLargePagesIndividualAllocation        = false                                  {pd product} {ergonomic}

Logging:
Log output configuration:
 #0: stdout all=warning uptime,level,tags
 #1: stderr all=off uptime,level,tags

Environment Variables:
PATH=C:\WINDOWS\system32;C:\WINDOWS;C:\WINDOWS\System32\Wbem;C:\WINDOWS\System32\WindowsPowerShell\v1.0\;C:\WINDOWS\System32\OpenSSH\;C:\Program Files (x86)\NVIDIA Corporation\PhysX\Common;C:\Program Files\NVIDIA Corporation\NVIDIA NvDLISR;C:\Program Files\Git\cmd;C:\Users\lenovo\AppData\Local\Microsoft\WindowsApps
USERNAME=user
OS=Windows_NT
PROCESSOR_IDENTIFIER=Intel64 Family 6 Model 58 Stepping 9, GenuineIntel



---------------  S Y S T E M  ---------------

OS: Windows 10 , 64 bit Build 19041 (10.0.19041.2364)
OS uptime: 0 days 2:49 hours

CPU:total 4 (initial active 4) (2 cores per cpu, 2 threads per core) family 6 model 58 stepping 9 microcode 0x21, cmov, cx8, fxsr, mmx, sse, sse2, sse3, ssse3, sse4.1, sse4.2, popcnt, avx, clmul, erms, ht, tsc, tscinvbit, tscinv

Memory: 4k page, system-wide physical 8122M (560M free)
TotalPageFile size 10023M (AvailPageFile size 44M)
current process WorkingSet (physical memory assigned to process): 691M, peak: 700M
current process commit charge ("private bytes"): 727M, peak: 803M

vm_info: OpenJDK 64-Bit Server VM (11.0.13+0-b1751.21-8125866) for windows-amd64 JRE (11.0.13+0-b1751.21-8125866), built on Feb  2 2022 03:00:22 by "builder" with MS VC++ 14.0 (VS2015)

END.
