#
# There is insufficient memory for the Java Runtime Environment to continue.
# Native memory allocation (mmap) failed to map 38797312 bytes for Failed to commit area from 0x000000008b900000 to 0x000000008de00000 of length 38797312.
# Possible reasons:
#   The system is out of physical RAM or swap space
#   The process is running with CompressedOops enabled, and the Java Heap may be blocking the growth of the native heap
# Possible solutions:
#   Reduce memory load on the system
#   Increase physical memory or swap space
#   Check if swap backing store is full
#   Decrease Java heap size (-Xmx/-Xms)
#   Decrease number of Java threads
#   Decrease Java thread stack sizes (-Xss)
#   Set larger code cache with -XX:ReservedCodeCacheSize=
#   JVM is running with Unscaled Compressed Oops mode in which the Java heap is
#     placed in the first 4GB address space. The Java Heap base address is the
#     maximum limit for the native heap growth. Please use -XX:HeapBaseMinAddress
#     to set the Java Heap base and to place the Java Heap above 4GB virtual address.
# This output file may be truncated or incomplete.
#
#  Out of Memory Error (./src/hotspot/os/windows/os_windows.cpp:3619), pid=7708, tid=8440
#
# JRE version: OpenJDK Runtime Environment (11.0.13) (build 11.0.13+0-b1751.21-8125866)
# Java VM: OpenJDK 64-Bit Server VM (11.0.13+0-b1751.21-8125866, mixed mode, tiered, compressed oops, g1 gc, windows-amd64)
# No core dump will be written. Minidumps are not enabled by default on client versions of Windows
#

---------------  S U M M A R Y ------------

Command Line: --add-opens=java.base/java.util=ALL-UNNAMED --add-opens=java.base/java.lang=ALL-UNNAMED --add-opens=java.base/java.lang.invoke=ALL-UNNAMED --add-opens=java.base/java.util=ALL-UNNAMED --add-opens=java.prefs/java.util.prefs=ALL-UNNAMED --add-opens=java.prefs/java.util.prefs=ALL-UNNAMED --add-opens=java.base/java.nio.charset=ALL-UNNAMED --add-opens=java.base/java.net=ALL-UNNAMED --add-opens=java.base/java.util.concurrent.atomic=ALL-UNNAMED -Xmx2048m -Dfile.encoding=UTF-8 -Duser.country=US -Duser.language=en -Duser.variant org.gradle.launcher.daemon.bootstrap.GradleDaemon 7.4

Host: Intel(R) Core(TM) i3-3240 CPU @ 3.40GHz, 4 cores, 7G,  Windows 10 , 64 bit Build 19041 (10.0.19041.2364)
Time: Wed Jan  4 11:08:14 2023 India Standard Time elapsed time: 12.459507 seconds (0d 0h 0m 12s)

---------------  T H R E A D  ---------------

Current thread (0x0000027ec6656000):  VMThread "VM Thread" [stack: 0x000000988fc00000,0x000000988fd00000] [id=8440]

Stack: [0x000000988fc00000,0x000000988fd00000]
[error occurred during error reporting (printing stack bounds), id 0xc0000005, EXCEPTION_ACCESS_VIOLATION (0xc0000005) at pc=0x0000027eafde112d]

Native frames: (J=compiled Java code, j=interpreted, Vv=VM code, C=native code)
V  [jvm.dll+0x6100fa]
V  [jvm.dll+0x747090]
V  [jvm.dll+0x7486ad]
V  [jvm.dll+0x748ce5]
V  [jvm.dll+0x748c9b]
V  [jvm.dll+0x60f224]
V  [jvm.dll+0x60f9b8]
C  [ntdll.dll+0xa241f]
C  [ntdll.dll+0x514a4]
C  [ntdll.dll+0xa0f4e]
C  0x0000027eafde112d

VM_Operation (0x00000098910f6330): G1CollectForAllocation, mode: safepoint, requested by thread 0x0000027ec829d800


---------------  P R O C E S S  ---------------

Threads class SMR info:
_java_thread_list=0x0000027ecc09b3c0, length=79, elements={
0x0000027eaaabe000, 0x0000027ec665d800, 0x0000027ec6660800, 0x0000027ec6ff2800,
0x0000027ec6676000, 0x0000027ec6678800, 0x0000027ec6683800, 0x0000027ec6686000,
0x0000027ec6689800, 0x0000027ec7131800, 0x0000027ec8829000, 0x0000027ec89e8000,
0x0000027ec8614000, 0x0000027ec8f5a800, 0x0000027ec95c0800, 0x0000027ec79ec800,
0x0000027ec829d800, 0x0000027ec7e67000, 0x0000027ec8ae4000, 0x0000027ec85da000,
0x0000027ec94ee000, 0x0000027ec8e58000, 0x0000027ec94d4000, 0x0000027ec94d4800,
0x0000027ecadae800, 0x0000027ecadae000, 0x0000027ecadaf800, 0x0000027ecadb0000,
0x0000027ecadb1000, 0x0000027ecadb2000, 0x0000027ecadb2800, 0x0000027ecadb3800,
0x0000027ec9ce6000, 0x0000027ec9ce5000, 0x0000027ec9cec800, 0x0000027ec9ce8800,
0x0000027ec9ceb800, 0x0000027ec9ce9000, 0x0000027ec9ced000, 0x0000027ec9cea000,
0x0000027ec9ce7800, 0x0000027ec9cef800, 0x0000027ec9cf0800, 0x0000027ec9cf1800,
0x0000027ec9cf4000, 0x0000027ec9cee000, 0x0000027ec9cef000, 0x0000027ec9cf2000,
0x0000027ec9cf3000, 0x0000027eca90e000, 0x0000027eca910800, 0x0000027eca90e800,
0x0000027eca912000, 0x0000027eca913000, 0x0000027eca90d000, 0x0000027eca90f800,
0x0000027eca913800, 0x0000027eca917000, 0x0000027eca914800, 0x0000027eca916000,
0x0000027eca915800, 0x0000027eca911000, 0x0000027eca91a000, 0x0000027eca917800,
0x0000027eca91b000, 0x0000027eca91c000, 0x0000027eca918800, 0x0000027eca919800,
0x0000027ecc571000, 0x0000027ecc571800, 0x0000027ecc572800, 0x0000027ecc570000,
0x0000027ecc573800, 0x0000027ecc56f000, 0x0000027ecc575000, 0x0000027ecc579000,
0x0000027ecc577800, 0x0000027ecc574000, 0x0000027ecc578000
}

Java Threads: ( => current thread )
  0x0000027eaaabe000 JavaThread "main" [_thread_blocked, id=5272, stack(0x000000988f600000,0x000000988f700000)]
  0x0000027ec665d800 JavaThread "Reference Handler" daemon [_thread_blocked, id=11324, stack(0x000000988fd00000,0x000000988fe00000)]
  0x0000027ec6660800 JavaThread "Finalizer" daemon [_thread_blocked, id=4340, stack(0x000000988fe00000,0x000000988ff00000)]
  0x0000027ec6ff2800 JavaThread "Signal Dispatcher" daemon [_thread_blocked, id=6916, stack(0x000000988ff00000,0x0000009890000000)]
  0x0000027ec6676000 JavaThread "Attach Listener" daemon [_thread_blocked, id=2100, stack(0x0000009890000000,0x0000009890100000)]
  0x0000027ec6678800 JavaThread "Service Thread" daemon [_thread_blocked, id=7088, stack(0x0000009890100000,0x0000009890200000)]
  0x0000027ec6683800 JavaThread "C2 CompilerThread0" daemon [_thread_blocked, id=10492, stack(0x0000009890200000,0x0000009890300000)]
  0x0000027ec6686000 JavaThread "C1 CompilerThread0" daemon [_thread_blocked, id=1128, stack(0x0000009890300000,0x0000009890400000)]
  0x0000027ec6689800 JavaThread "Sweeper thread" daemon [_thread_blocked, id=456, stack(0x0000009890400000,0x0000009890500000)]
  0x0000027ec7131800 JavaThread "Common-Cleaner" daemon [_thread_blocked, id=4104, stack(0x0000009890500000,0x0000009890600000)]
  0x0000027ec8829000 JavaThread "Daemon health stats" [_thread_blocked, id=10512, stack(0x0000009890a00000,0x0000009890b00000)]
  0x0000027ec89e8000 JavaThread "Incoming local TCP Connector on port 64809" [_thread_in_native, id=2576, stack(0x0000009890b00000,0x0000009890c00000)]
  0x0000027ec8614000 JavaThread "Daemon periodic checks" [_thread_blocked, id=5084, stack(0x0000009890c00000,0x0000009890d00000)]
  0x0000027ec8f5a800 JavaThread "Daemon" [_thread_blocked, id=2288, stack(0x0000009890d00000,0x0000009890e00000)]
  0x0000027ec95c0800 JavaThread "Handler for socket connection from /127.0.0.1:64809 to /127.0.0.1:64810" [_thread_in_native, id=7072, stack(0x0000009890e00000,0x0000009890f00000)]
  0x0000027ec79ec800 JavaThread "Cancel handler" [_thread_blocked, id=9528, stack(0x0000009890f00000,0x0000009891000000)]
  0x0000027ec829d800 JavaThread "Daemon worker" [_thread_blocked, id=10992, stack(0x0000009891000000,0x0000009891100000)]
  0x0000027ec7e67000 JavaThread "Asynchronous log dispatcher for DefaultDaemonConnection: socket connection from /127.0.0.1:64809 to /127.0.0.1:64810" [_thread_blocked, id=7320, stack(0x0000009891100000,0x0000009891200000)]
  0x0000027ec8ae4000 JavaThread "Stdin handler" [_thread_blocked, id=8708, stack(0x0000009891200000,0x0000009891300000)]
  0x0000027ec85da000 JavaThread "Daemon client event forwarder" [_thread_blocked, id=1628, stack(0x0000009891300000,0x0000009891400000)]
  0x0000027ec94ee000 JavaThread "Cache worker for journal cache (C:\Users\lenovo\.gradle\caches\journal-1)" [_thread_blocked, id=7540, stack(0x0000009891500000,0x0000009891600000)]
  0x0000027ec8e58000 JavaThread "File lock request listener" [_thread_in_native, id=11252, stack(0x0000009891600000,0x0000009891700000)]
  0x0000027ec94d4000 JavaThread "Cache worker for file hash cache (C:\Users\lenovo\.gradle\caches\7.4\fileHashes)" [_thread_blocked, id=5284, stack(0x0000009891700000,0x0000009891800000)]
  0x0000027ec94d4800 JavaThread "C2 CompilerThread1" daemon [_thread_in_native, id=5884, stack(0x0000009890700000,0x0000009890800000)]
  0x0000027ecadae800 JavaThread "File watcher server" daemon [_thread_in_native, id=6792, stack(0x0000009891800000,0x0000009891900000)]
  0x0000027ecadae000 JavaThread "File watcher consumer" daemon [_thread_blocked, id=11028, stack(0x0000009891900000,0x0000009891a00000)]
  0x0000027ecadaf800 JavaThread "Cache worker for checksums cache (D:\AndroidStudioProjects\Figgo_Application_Customer\.gradle\7.4\checksums)" [_thread_blocked, id=5044, stack(0x0000009891a00000,0x0000009891b00000)]
  0x0000027ecadb0000 JavaThread "Cache worker for cache directory md-rule (C:\Users\lenovo\.gradle\caches\7.4\md-rule)" [_thread_blocked, id=7112, stack(0x0000009891b00000,0x0000009891c00000)]
  0x0000027ecadb1000 JavaThread "Cache worker for file hash cache (D:\AndroidStudioProjects\Figgo_Application_Customer\.gradle\7.4\fileHashes)" [_thread_blocked, id=11124, stack(0x0000009891c00000,0x0000009891d00000)]
  0x0000027ecadb2000 JavaThread "Cache worker for cache directory md-supplier (C:\Users\lenovo\.gradle\caches\7.4\md-supplier)" [_thread_blocked, id=10596, stack(0x0000009891d00000,0x0000009891e00000)]
  0x0000027ecadb2800 JavaThread "Cache worker for execution history cache (C:\Users\lenovo\.gradle\caches\7.4\executionHistory)" [_thread_blocked, id=12200, stack(0x0000009891e00000,0x0000009891f00000)]
  0x0000027ecadb3800 JavaThread "jar transforms" [_thread_blocked, id=2688, stack(0x0000009891f00000,0x0000009892000000)]
  0x0000027ec9ce6000 JavaThread "Cache worker for file content cache (C:\Users\lenovo\.gradle\caches\7.4\fileContent)" [_thread_blocked, id=5984, stack(0x0000009892000000,0x0000009892100000)]
  0x0000027ec9ce5000 JavaThread "jar transforms Thread 2" [_thread_blocked, id=3860, stack(0x0000009892100000,0x0000009892200000)]
  0x0000027ec9cec800 JavaThread "Cache worker for dependencies-accessors (D:\AndroidStudioProjects\Figgo_Application_Customer\.gradle\7.4\dependencies-accessors)" [_thread_blocked, id=4176, stack(0x0000009892200000,0x0000009892300000)]
  0x0000027ec9ce8800 JavaThread "jar transforms Thread 3" [_thread_blocked, id=448, stack(0x0000009892300000,0x0000009892400000)]
  0x0000027ec9ceb800 JavaThread "Cache worker for Build Output Cleanup Cache (D:\AndroidStudioProjects\Figgo_Application_Customer\.gradle\buildOutputCleanup)" [_thread_blocked, id=11388, stack(0x0000009892400000,0x0000009892500000)]
  0x0000027ec9ce9000 JavaThread "Unconstrained build operations" [_thread_blocked, id=11044, stack(0x0000009892500000,0x0000009892600000)]
  0x0000027ec9ced000 JavaThread "Unconstrained build operations Thread 2" [_thread_blocked, id=1800, stack(0x0000009892600000,0x0000009892700000)]
  0x0000027ec9cea000 JavaThread "Unconstrained build operations Thread 3" [_thread_blocked, id=11376, stack(0x0000009892700000,0x0000009892800000)]
  0x0000027ec9ce7800 JavaThread "Unconstrained build operations Thread 4" [_thread_blocked, id=9408, stack(0x0000009892800000,0x0000009892900000)]
  0x0000027ec9cef800 JavaThread "Unconstrained build operations Thread 5" [_thread_blocked, id=1124, stack(0x0000009892900000,0x0000009892a00000)]
  0x0000027ec9cf0800 JavaThread "Unconstrained build operations Thread 6" [_thread_blocked, id=12036, stack(0x0000009892a00000,0x0000009892b00000)]
  0x0000027ec9cf1800 JavaThread "Unconstrained build operations Thread 7" [_thread_blocked, id=11692, stack(0x0000009892b00000,0x0000009892c00000)]
  0x0000027ec9cf4000 JavaThread "Unconstrained build operations Thread 8" [_thread_blocked, id=2792, stack(0x0000009892c00000,0x0000009892d00000)]
  0x0000027ec9cee000 JavaThread "Unconstrained build operations Thread 9" [_thread_blocked, id=11060, stack(0x0000009892d00000,0x0000009892e00000)]
  0x0000027ec9cef000 JavaThread "Unconstrained build operations Thread 10" [_thread_blocked, id=4984, stack(0x0000009892e00000,0x0000009892f00000)]
  0x0000027ec9cf2000 JavaThread "Unconstrained build operations Thread 11" [_thread_blocked, id=6820, stack(0x0000009892f00000,0x0000009893000000)]
  0x0000027ec9cf3000 JavaThread "Unconstrained build operations Thread 12" [_thread_blocked, id=6688, stack(0x0000009893000000,0x0000009893100000)]
  0x0000027eca90e000 JavaThread "Unconstrained build operations Thread 13" [_thread_blocked, id=6372, stack(0x0000009893100000,0x0000009893200000)]
  0x0000027eca910800 JavaThread "Unconstrained build operations Thread 14" [_thread_blocked, id=1292, stack(0x0000009893200000,0x0000009893300000)]
  0x0000027eca90e800 JavaThread "Unconstrained build operations Thread 15" [_thread_blocked, id=11348, stack(0x0000009893300000,0x0000009893400000)]
  0x0000027eca912000 JavaThread "Unconstrained build operations Thread 16" [_thread_blocked, id=11156, stack(0x0000009893400000,0x0000009893500000)]
  0x0000027eca913000 JavaThread "Unconstrained build operations Thread 17" [_thread_blocked, id=248, stack(0x0000009893500000,0x0000009893600000)]
  0x0000027eca90d000 JavaThread "Unconstrained build operations Thread 18" [_thread_blocked, id=9464, stack(0x0000009893600000,0x0000009893700000)]
  0x0000027eca90f800 JavaThread "Unconstrained build operations Thread 19" [_thread_blocked, id=7360, stack(0x0000009893700000,0x0000009893800000)]
  0x0000027eca913800 JavaThread "Unconstrained build operations Thread 20" [_thread_blocked, id=9588, stack(0x0000009893800000,0x0000009893900000)]
  0x0000027eca917000 JavaThread "Unconstrained build operations Thread 21" [_thread_blocked, id=10092, stack(0x0000009893900000,0x0000009893a00000)]
  0x0000027eca914800 JavaThread "Unconstrained build operations Thread 22" [_thread_blocked, id=1080, stack(0x0000009893a00000,0x0000009893b00000)]
  0x0000027eca916000 JavaThread "Unconstrained build operations Thread 23" [_thread_blocked, id=236, stack(0x0000009893b00000,0x0000009893c00000)]
  0x0000027eca915800 JavaThread "Unconstrained build operations Thread 24" [_thread_blocked, id=9212, stack(0x0000009893c00000,0x0000009893d00000)]
  0x0000027eca911000 JavaThread "Unconstrained build operations Thread 25" [_thread_blocked, id=10868, stack(0x0000009893d00000,0x0000009893e00000)]
  0x0000027eca91a000 JavaThread "Unconstrained build operations Thread 26" [_thread_blocked, id=4648, stack(0x0000009893e00000,0x0000009893f00000)]
  0x0000027eca917800 JavaThread "Unconstrained build operations Thread 27" [_thread_blocked, id=11272, stack(0x0000009893f00000,0x0000009894000000)]
  0x0000027eca91b000 JavaThread "Unconstrained build operations Thread 28" [_thread_blocked, id=11976, stack(0x0000009894000000,0x0000009894100000)]
  0x0000027eca91c000 JavaThread "Unconstrained build operations Thread 29" [_thread_blocked, id=11268, stack(0x0000009894100000,0x0000009894200000)]
  0x0000027eca918800 JavaThread "Unconstrained build operations Thread 30" [_thread_blocked, id=10960, stack(0x0000009894200000,0x0000009894300000)]
  0x0000027eca919800 JavaThread "Unconstrained build operations Thread 31" [_thread_blocked, id=3268, stack(0x0000009894300000,0x0000009894400000)]
  0x0000027ecc571000 JavaThread "Unconstrained build operations Thread 32" [_thread_blocked, id=6672, stack(0x0000009894400000,0x0000009894500000)]
  0x0000027ecc571800 JavaThread "Unconstrained build operations Thread 33" [_thread_blocked, id=7084, stack(0x0000009894500000,0x0000009894600000)]
  0x0000027ecc572800 JavaThread "Unconstrained build operations Thread 34" [_thread_blocked, id=10768, stack(0x0000009894600000,0x0000009894700000)]
  0x0000027ecc570000 JavaThread "Unconstrained build operations Thread 35" [_thread_blocked, id=7776, stack(0x0000009894700000,0x0000009894800000)]
  0x0000027ecc573800 JavaThread "Unconstrained build operations Thread 36" [_thread_blocked, id=3620, stack(0x0000009894800000,0x0000009894900000)]
  0x0000027ecc56f000 JavaThread "Unconstrained build operations Thread 37" [_thread_blocked, id=1228, stack(0x0000009894900000,0x0000009894a00000)]
  0x0000027ecc575000 JavaThread "Unconstrained build operations Thread 38" [_thread_blocked, id=11648, stack(0x0000009894a00000,0x0000009894b00000)]
  0x0000027ecc579000 JavaThread "Unconstrained build operations Thread 39" [_thread_blocked, id=11084, stack(0x0000009894b00000,0x0000009894c00000)]
  0x0000027ecc577800 JavaThread "Unconstrained build operations Thread 40" [_thread_blocked, id=12128, stack(0x0000009894c00000,0x0000009894d00000)]
  0x0000027ecc574000 JavaThread "jar transforms Thread 4" [_thread_blocked, id=1440, stack(0x0000009894d00000,0x0000009894e00000)]
  0x0000027ecc578000 JavaThread "Memory manager" [_thread_blocked, id=11524, stack(0x0000009894e00000,0x0000009894f00000)]

Other Threads:
=>0x0000027ec6656000 VMThread "VM Thread" [stack: 0x000000988fc00000,0x000000988fd00000] [id=8440]
  0x0000027ec718d800 WatcherThread [stack: 0x0000009890600000,0x0000009890700000] [id=1928]
  0x0000027eaaad3000 GCTaskThread "GC Thread#0" [stack: 0x000000988f700000,0x000000988f800000] [id=7308]
  0x0000027ec7059800 GCTaskThread "GC Thread#1" [stack: 0x0000009890800000,0x0000009890900000] [id=11780]
  0x0000027ec705a800 GCTaskThread "GC Thread#2" [stack: 0x0000009890900000,0x0000009890a00000] [id=5316]
  0x0000027ec7054000 GCTaskThread "GC Thread#3" [stack: 0x0000009891400000,0x0000009891500000] [id=10852]
  0x0000027eaab06000 ConcurrentGCThread "G1 Main Marker" [stack: 0x000000988f800000,0x000000988f900000] [id=2444]
  0x0000027eaab08000 ConcurrentGCThread "G1 Conc#0" [stack: 0x000000988f900000,0x000000988fa00000] [id=1436]
  0x0000027eaab95000 ConcurrentGCThread "G1 Refine#0" [stack: 0x000000988fa00000,0x000000988fb00000] [id=12204]
  0x0000027eaab96000 ConcurrentGCThread "G1 Young RemSet Sampling" [stack: 0x000000988fb00000,0x000000988fc00000] [id=5960]

Threads with active compile tasks:
C2 CompilerThread0  12468 7265       4       org.objectweb.asm.MethodWriter::putMethodInfo (1274 bytes)
C2 CompilerThread1  12468 7284 %     4       org.gradle.internal.instantiation.generator.AbstractClassGenerator::inspectType @ 207 (560 bytes)

VM state:at safepoint (normal execution)

VM Mutex/Monitor currently owned by a thread:  ([mutex/lock_event])
[0x0000027eaaabbb00] Threads_lock - owner thread: 0x0000027ec6656000
[0x0000027eaaabc250] Heap_lock - owner thread: 0x0000027ec829d800

Heap address: 0x0000000080000000, size: 2048 MB, Compressed Oops mode: 32-bit
Narrow klass base: 0x0000000000000000, Narrow klass shift: 3
Compressed class space size: 1073741824 Address: 0x0000000100000000

Heap:
 garbage-first heap   total 227328K, used 67189K [0x0000000080000000, 0x0000000100000000)
  region size 1024K, 9 young (9216K), 9 survivors (9216K)
 Metaspace       used 73788K, capacity 75345K, committed 75584K, reserved 1114112K
  class space    used 9467K, capacity 10093K, committed 10188K, reserved 1048576K
Heap Regions: E=young(eden), S=young(survivor), O=old, HS=humongous(starts), HC=humongous(continues), CS=collection set, F=free, A=archive, TAMS=top-at-mark-start (previous, next)
|   0|0x0000000080000000, 0x0000000080100000, 0x0000000080100000|100%|HS|  |TAMS 0x0000000080100000, 0x0000000080000000| Complete 
|   1|0x0000000080100000, 0x0000000080200000, 0x0000000080200000|100%|HC|  |TAMS 0x0000000080200000, 0x0000000080100000| Complete 
|   2|0x0000000080200000, 0x0000000080300000, 0x0000000080300000|100%|HC|  |TAMS 0x0000000080300000, 0x0000000080200000| Complete 
|   3|0x0000000080300000, 0x0000000080400000, 0x0000000080400000|100%| O|  |TAMS 0x0000000080400000, 0x0000000080300000| Untracked 
|   4|0x0000000080400000, 0x0000000080500000, 0x0000000080500000|100%| O|  |TAMS 0x0000000080500000, 0x0000000080400000| Untracked 
|   5|0x0000000080500000, 0x0000000080600000, 0x0000000080600000|100%| O|  |TAMS 0x0000000080600000, 0x0000000080500000| Untracked 
|   6|0x0000000080600000, 0x0000000080700000, 0x0000000080700000|100%| O|  |TAMS 0x0000000080700000, 0x0000000080600000| Untracked 
|   7|0x0000000080700000, 0x0000000080800000, 0x0000000080800000|100%| O|  |TAMS 0x0000000080800000, 0x0000000080700000| Untracked 
|   8|0x0000000080800000, 0x0000000080900000, 0x0000000080900000|100%| O|  |TAMS 0x0000000080900000, 0x0000000080800000| Untracked 
|   9|0x0000000080900000, 0x0000000080a00000, 0x0000000080a00000|100%| O|  |TAMS 0x0000000080a00000, 0x0000000080900000| Untracked 
|  10|0x0000000080a00000, 0x0000000080b00000, 0x0000000080b00000|100%| O|  |TAMS 0x0000000080b00000, 0x0000000080a00000| Untracked 
|  11|0x0000000080b00000, 0x0000000080c00000, 0x0000000080c00000|100%| O|  |TAMS 0x0000000080c00000, 0x0000000080b00000| Untracked 
|  12|0x0000000080c00000, 0x0000000080d00000, 0x0000000080d00000|100%| O|  |TAMS 0x0000000080d00000, 0x0000000080c00000| Untracked 
|  13|0x0000000080d00000, 0x0000000080e00000, 0x0000000080e00000|100%| O|  |TAMS 0x0000000080e00000, 0x0000000080d00000| Untracked 
|  14|0x0000000080e00000, 0x0000000080f00000, 0x0000000080f00000|100%| O|  |TAMS 0x0000000080f00000, 0x0000000080e00000| Untracked 
|  15|0x0000000080f00000, 0x0000000081000000, 0x0000000081000000|100%| O|  |TAMS 0x0000000081000000, 0x0000000080f00000| Untracked 
|  16|0x0000000081000000, 0x0000000081100000, 0x0000000081100000|100%| O|  |TAMS 0x0000000081100000, 0x0000000081000000| Untracked 
|  17|0x0000000081100000, 0x0000000081200000, 0x0000000081200000|100%|HS|  |TAMS 0x0000000081200000, 0x0000000081100000| Complete 
|  18|0x0000000081200000, 0x0000000081300000, 0x0000000081300000|100%| O|  |TAMS 0x0000000081300000, 0x0000000081200000| Untracked 
|  19|0x0000000081300000, 0x0000000081400000, 0x0000000081400000|100%| O|  |TAMS 0x0000000081400000, 0x0000000081300000| Untracked 
|  20|0x0000000081400000, 0x0000000081500000, 0x0000000081500000|100%| O|  |TAMS 0x0000000081500000, 0x0000000081400000| Untracked 
|  21|0x0000000081500000, 0x0000000081600000, 0x0000000081600000|100%| O|  |TAMS 0x0000000081600000, 0x0000000081500000| Untracked 
|  22|0x0000000081600000, 0x0000000081700000, 0x0000000081700000|100%| O|  |TAMS 0x0000000081700000, 0x0000000081600000| Untracked 
|  23|0x0000000081700000, 0x0000000081800000, 0x0000000081800000|100%| O|  |TAMS 0x0000000081800000, 0x0000000081700000| Untracked 
|  24|0x0000000081800000, 0x0000000081900000, 0x0000000081900000|100%|HS|  |TAMS 0x0000000081900000, 0x0000000081800000| Complete 
|  25|0x0000000081900000, 0x0000000081a00000, 0x0000000081a00000|100%|HS|  |TAMS 0x0000000081a00000, 0x0000000081900000| Complete 
|  26|0x0000000081a00000, 0x0000000081b00000, 0x0000000081b00000|100%|HS|  |TAMS 0x0000000081b00000, 0x0000000081a00000| Complete 
|  27|0x0000000081b00000, 0x0000000081c00000, 0x0000000081c00000|100%|HC|  |TAMS 0x0000000081c00000, 0x0000000081b00000| Complete 
|  28|0x0000000081c00000, 0x0000000081d00000, 0x0000000081d00000|100%|HC|  |TAMS 0x0000000081d00000, 0x0000000081c00000| Complete 
|  29|0x0000000081d00000, 0x0000000081e00000, 0x0000000081e00000|100%|HC|  |TAMS 0x0000000081e00000, 0x0000000081d00000| Complete 
|  30|0x0000000081e00000, 0x0000000081f00000, 0x0000000081f00000|100%|HS|  |TAMS 0x0000000081f00000, 0x0000000081e00000| Complete 
|  31|0x0000000081f00000, 0x0000000082000000, 0x0000000082000000|100%|HC|  |TAMS 0x0000000082000000, 0x0000000081f00000| Complete 
|  32|0x0000000082000000, 0x0000000082100000, 0x0000000082100000|100%| O|  |TAMS 0x0000000082100000, 0x0000000082000000| Untracked 
|  33|0x0000000082100000, 0x0000000082200000, 0x0000000082200000|100%| O|  |TAMS 0x0000000082200000, 0x0000000082100000| Untracked 
|  34|0x0000000082200000, 0x0000000082300000, 0x0000000082300000|100%| O|  |TAMS 0x0000000082300000, 0x0000000082200000| Untracked 
|  35|0x0000000082300000, 0x0000000082400000, 0x0000000082400000|100%| O|  |TAMS 0x0000000082400000, 0x0000000082300000| Untracked 
|  36|0x0000000082400000, 0x0000000082500000, 0x0000000082500000|100%| O|  |TAMS 0x0000000082500000, 0x0000000082400000| Untracked 
|  37|0x0000000082500000, 0x0000000082600000, 0x0000000082600000|100%| O|  |TAMS 0x0000000082600000, 0x0000000082500000| Untracked 
|  38|0x0000000082600000, 0x0000000082700000, 0x0000000082700000|100%| O|  |TAMS 0x0000000082700000, 0x0000000082600000| Untracked 
|  39|0x0000000082700000, 0x0000000082800000, 0x0000000082800000|100%| O|  |TAMS 0x0000000082800000, 0x0000000082700000| Untracked 
|  40|0x0000000082800000, 0x0000000082900000, 0x0000000082900000|100%| O|  |TAMS 0x0000000082900000, 0x0000000082800000| Untracked 
|  41|0x0000000082900000, 0x0000000082a00000, 0x0000000082a00000|100%| O|  |TAMS 0x0000000082a00000, 0x0000000082900000| Untracked 
|  42|0x0000000082a00000, 0x0000000082b00000, 0x0000000082b00000|100%| O|  |TAMS 0x0000000082b00000, 0x0000000082a00000| Untracked 
|  43|0x0000000082b00000, 0x0000000082c00000, 0x0000000082c00000|100%| O|  |TAMS 0x0000000082c00000, 0x0000000082b00000| Untracked 
|  44|0x0000000082c00000, 0x0000000082d00000, 0x0000000082d00000|100%| O|  |TAMS 0x0000000082d00000, 0x0000000082c00000| Untracked 
|  45|0x0000000082d00000, 0x0000000082e00000, 0x0000000082e00000|100%| O|  |TAMS 0x0000000082e00000, 0x0000000082d00000| Untracked 
|  46|0x0000000082e00000, 0x0000000082f00000, 0x0000000082f00000|100%| O|  |TAMS 0x0000000082f00000, 0x0000000082e00000| Untracked 
|  47|0x0000000082f00000, 0x0000000083000000, 0x0000000083000000|100%| O|  |TAMS 0x0000000083000000, 0x0000000082f00000| Untracked 
|  48|0x0000000083000000, 0x0000000083100000, 0x0000000083100000|100%| O|  |TAMS 0x0000000083100000, 0x0000000083000000| Untracked 
|  49|0x0000000083100000, 0x0000000083200000, 0x0000000083200000|100%| O|  |TAMS 0x0000000083200000, 0x0000000083100000| Untracked 
|  50|0x0000000083200000, 0x0000000083300000, 0x0000000083300000|100%| O|  |TAMS 0x0000000083300000, 0x0000000083200000| Untracked 
|  51|0x0000000083300000, 0x0000000083400000, 0x0000000083400000|100%| O|  |TAMS 0x000000008333c000, 0x0000000083300000| Untracked 
|  52|0x0000000083400000, 0x0000000083400000, 0x0000000083500000|  0%| F|  |TAMS 0x0000000083400000, 0x0000000083400000| Untracked 
|  53|0x0000000083500000, 0x0000000083600000, 0x0000000083600000|100%| O|  |TAMS 0x0000000083500000, 0x0000000083500000| Untracked 
|  54|0x0000000083600000, 0x0000000083700000, 0x0000000083700000|100%| O|  |TAMS 0x0000000083600000, 0x0000000083600000| Untracked 
|  55|0x0000000083700000, 0x0000000083800000, 0x0000000083800000|100%| O|  |TAMS 0x0000000083700000, 0x0000000083700000| Untracked 
|  56|0x0000000083800000, 0x0000000083900000, 0x0000000083900000|100%| O|  |TAMS 0x0000000083800000, 0x0000000083800000| Untracked 
|  57|0x0000000083900000, 0x0000000083a00000, 0x0000000083a00000|100%| O|  |TAMS 0x0000000083900000, 0x0000000083900000| Untracked 
|  58|0x0000000083a00000, 0x0000000083a00000, 0x0000000083b00000|  0%| F|  |TAMS 0x0000000083a00000, 0x0000000083a00000| Untracked 
|  59|0x0000000083b00000, 0x0000000083b00000, 0x0000000083c00000|  0%| F|  |TAMS 0x0000000083b00000, 0x0000000083b00000| Untracked 
|  60|0x0000000083c00000, 0x0000000083c00000, 0x0000000083d00000|  0%| F|  |TAMS 0x0000000083c00000, 0x0000000083c00000| Untracked 
|  61|0x0000000083d00000, 0x0000000083d00000, 0x0000000083e00000|  0%| F|  |TAMS 0x0000000083d00000, 0x0000000083d00000| Untracked 
|  62|0x0000000083e00000, 0x0000000083e00000, 0x0000000083f00000|  0%| F|  |TAMS 0x0000000083e00000, 0x0000000083e00000| Untracked 
|  63|0x0000000083f00000, 0x0000000083f00000, 0x0000000084000000|  0%| F|  |TAMS 0x0000000083f00000, 0x0000000083f00000| Untracked 
|  64|0x0000000084000000, 0x0000000084000000, 0x0000000084100000|  0%| F|  |TAMS 0x0000000084000000, 0x0000000084000000| Untracked 
|  65|0x0000000084100000, 0x0000000084100000, 0x0000000084200000|  0%| F|  |TAMS 0x0000000084100000, 0x0000000084100000| Untracked 
|  66|0x0000000084200000, 0x0000000084200000, 0x0000000084300000|  0%| F|  |TAMS 0x0000000084200000, 0x0000000084200000| Untracked 
|  67|0x0000000084300000, 0x0000000084300000, 0x0000000084400000|  0%| F|  |TAMS 0x0000000084300000, 0x0000000084300000| Untracked 
|  68|0x0000000084400000, 0x0000000084400000, 0x0000000084500000|  0%| F|  |TAMS 0x0000000084400000, 0x0000000084400000| Untracked 
|  69|0x0000000084500000, 0x0000000084500000, 0x0000000084600000|  0%| F|  |TAMS 0x0000000084500000, 0x0000000084500000| Untracked 
|  70|0x0000000084600000, 0x0000000084600000, 0x0000000084700000|  0%| F|  |TAMS 0x0000000084600000, 0x0000000084600000| Untracked 
|  71|0x0000000084700000, 0x0000000084700000, 0x0000000084800000|  0%| F|  |TAMS 0x0000000084700000, 0x0000000084700000| Untracked 
|  72|0x0000000084800000, 0x0000000084800000, 0x0000000084900000|  0%| F|  |TAMS 0x0000000084800000, 0x0000000084800000| Untracked 
|  73|0x0000000084900000, 0x0000000084900000, 0x0000000084a00000|  0%| F|  |TAMS 0x0000000084900000, 0x0000000084900000| Untracked 
|  74|0x0000000084a00000, 0x0000000084a00000, 0x0000000084b00000|  0%| F|  |TAMS 0x0000000084a00000, 0x0000000084a00000| Untracked 
|  75|0x0000000084b00000, 0x0000000084b00000, 0x0000000084c00000|  0%| F|  |TAMS 0x0000000084b00000, 0x0000000084b00000| Untracked 
|  76|0x0000000084c00000, 0x0000000084c00000, 0x0000000084d00000|  0%| F|  |TAMS 0x0000000084c00000, 0x0000000084c00000| Untracked 
|  77|0x0000000084d00000, 0x0000000084d00000, 0x0000000084e00000|  0%| F|  |TAMS 0x0000000084d00000, 0x0000000084d00000| Untracked 
|  78|0x0000000084e00000, 0x0000000084e00000, 0x0000000084f00000|  0%| F|  |TAMS 0x0000000084e00000, 0x0000000084e00000| Untracked 
|  79|0x0000000084f00000, 0x0000000084f00000, 0x0000000085000000|  0%| F|  |TAMS 0x0000000084f00000, 0x0000000084f00000| Untracked 
|  80|0x0000000085000000, 0x0000000085000000, 0x0000000085100000|  0%| F|  |TAMS 0x0000000085000000, 0x0000000085000000| Untracked 
|  81|0x0000000085100000, 0x0000000085100000, 0x0000000085200000|  0%| F|  |TAMS 0x0000000085100000, 0x0000000085100000| Untracked 
|  82|0x0000000085200000, 0x0000000085200000, 0x0000000085300000|  0%| F|  |TAMS 0x0000000085200000, 0x0000000085200000| Untracked 
|  83|0x0000000085300000, 0x0000000085300000, 0x0000000085400000|  0%| F|  |TAMS 0x0000000085300000, 0x0000000085300000| Untracked 
|  84|0x0000000085400000, 0x0000000085400000, 0x0000000085500000|  0%| F|  |TAMS 0x0000000085400000, 0x0000000085400000| Untracked 
|  85|0x0000000085500000, 0x0000000085500000, 0x0000000085600000|  0%| F|  |TAMS 0x0000000085500000, 0x0000000085500000| Untracked 
|  86|0x0000000085600000, 0x0000000085600000, 0x0000000085700000|  0%| F|  |TAMS 0x0000000085600000, 0x0000000085600000| Untracked 
|  87|0x0000000085700000, 0x0000000085700000, 0x0000000085800000|  0%| F|  |TAMS 0x0000000085700000, 0x0000000085700000| Untracked 
|  88|0x0000000085800000, 0x0000000085800000, 0x0000000085900000|  0%| F|  |TAMS 0x0000000085800000, 0x0000000085800000| Untracked 
|  89|0x0000000085900000, 0x0000000085900000, 0x0000000085a00000|  0%| F|  |TAMS 0x0000000085900000, 0x0000000085900000| Untracked 
|  90|0x0000000085a00000, 0x0000000085a00000, 0x0000000085b00000|  0%| F|  |TAMS 0x0000000085a00000, 0x0000000085a00000| Untracked 
|  91|0x0000000085b00000, 0x0000000085b00000, 0x0000000085c00000|  0%| F|  |TAMS 0x0000000085b00000, 0x0000000085b00000| Untracked 
|  92|0x0000000085c00000, 0x0000000085c00000, 0x0000000085d00000|  0%| F|  |TAMS 0x0000000085c00000, 0x0000000085c00000| Untracked 
|  93|0x0000000085d00000, 0x0000000085d00000, 0x0000000085e00000|  0%| F|  |TAMS 0x0000000085d00000, 0x0000000085d00000| Untracked 
|  94|0x0000000085e00000, 0x0000000085e00000, 0x0000000085f00000|  0%| F|  |TAMS 0x0000000085e00000, 0x0000000085e00000| Untracked 
|  95|0x0000000085f00000, 0x0000000085f00000, 0x0000000086000000|  0%| F|  |TAMS 0x0000000085f00000, 0x0000000085f00000| Untracked 
|  96|0x0000000086000000, 0x0000000086000000, 0x0000000086100000|  0%| F|  |TAMS 0x0000000086000000, 0x0000000086000000| Untracked 
|  97|0x0000000086100000, 0x0000000086100000, 0x0000000086200000|  0%| F|  |TAMS 0x0000000086100000, 0x0000000086100000| Untracked 
|  98|0x0000000086200000, 0x0000000086200000, 0x0000000086300000|  0%| F|  |TAMS 0x0000000086200000, 0x0000000086200000| Untracked 
|  99|0x0000000086300000, 0x0000000086300000, 0x0000000086400000|  0%| F|  |TAMS 0x0000000086300000, 0x0000000086300000| Untracked 
| 100|0x0000000086400000, 0x0000000086400000, 0x0000000086500000|  0%| F|  |TAMS 0x0000000086400000, 0x0000000086400000| Untracked 
| 101|0x0000000086500000, 0x0000000086500000, 0x0000000086600000|  0%| F|  |TAMS 0x0000000086500000, 0x0000000086500000| Untracked 
| 102|0x0000000086600000, 0x0000000086600000, 0x0000000086700000|  0%| F|  |TAMS 0x0000000086600000, 0x0000000086600000| Untracked 
| 103|0x0000000086700000, 0x0000000086700000, 0x0000000086800000|  0%| F|  |TAMS 0x0000000086700000, 0x0000000086700000| Untracked 
| 104|0x0000000086800000, 0x0000000086800000, 0x0000000086900000|  0%| F|  |TAMS 0x0000000086800000, 0x0000000086800000| Untracked 
| 105|0x0000000086900000, 0x0000000086900000, 0x0000000086a00000|  0%| F|  |TAMS 0x0000000086900000, 0x0000000086900000| Untracked 
| 106|0x0000000086a00000, 0x0000000086a00000, 0x0000000086b00000|  0%| F|  |TAMS 0x0000000086a00000, 0x0000000086a00000| Untracked 
| 107|0x0000000086b00000, 0x0000000086b00000, 0x0000000086c00000|  0%| F|  |TAMS 0x0000000086b00000, 0x0000000086b00000| Untracked 
| 108|0x0000000086c00000, 0x0000000086c9d608, 0x0000000086d00000| 61%| S|CS|TAMS 0x0000000086c00000, 0x0000000086c00000| Complete 
| 109|0x0000000086d00000, 0x0000000086e00000, 0x0000000086e00000|100%| S|CS|TAMS 0x0000000086d00000, 0x0000000086d00000| Complete 
| 110|0x0000000086e00000, 0x0000000086f00000, 0x0000000086f00000|100%| S|CS|TAMS 0x0000000086e00000, 0x0000000086e00000| Complete 
| 111|0x0000000086f00000, 0x0000000087000000, 0x0000000087000000|100%| S|CS|TAMS 0x0000000086f00000, 0x0000000086f00000| Complete 
| 112|0x0000000087000000, 0x0000000087100000, 0x0000000087100000|100%| S|CS|TAMS 0x0000000087000000, 0x0000000087000000| Complete 
| 113|0x0000000087100000, 0x0000000087100000, 0x0000000087200000|  0%| F|  |TAMS 0x0000000087100000, 0x0000000087100000| Untracked 
| 114|0x0000000087200000, 0x0000000087200000, 0x0000000087300000|  0%| F|  |TAMS 0x0000000087200000, 0x0000000087200000| Untracked 
| 115|0x0000000087300000, 0x0000000087300000, 0x0000000087400000|  0%| F|  |TAMS 0x0000000087300000, 0x0000000087300000| Untracked 
| 116|0x0000000087400000, 0x0000000087400000, 0x0000000087500000|  0%| F|  |TAMS 0x0000000087400000, 0x0000000087400000| Untracked 
| 117|0x0000000087500000, 0x0000000087500000, 0x0000000087600000|  0%| F|  |TAMS 0x0000000087500000, 0x0000000087500000| Untracked 
| 118|0x0000000087600000, 0x0000000087700000, 0x0000000087700000|100%| S|CS|TAMS 0x0000000087600000, 0x0000000087600000| Complete 
| 119|0x0000000087700000, 0x0000000087800000, 0x0000000087800000|100%| S|CS|TAMS 0x0000000087700000, 0x0000000087700000| Complete 
| 120|0x0000000087800000, 0x0000000087900000, 0x0000000087900000|100%| S|CS|TAMS 0x0000000087800000, 0x0000000087800000| Complete 
| 121|0x0000000087900000, 0x0000000087a00000, 0x0000000087a00000|100%| S|CS|TAMS 0x0000000087900000, 0x0000000087900000| Complete 
| 122|0x0000000087a00000, 0x0000000087a00000, 0x0000000087b00000|  0%| F|  |TAMS 0x0000000087a00000, 0x0000000087a00000| Untracked 
| 123|0x0000000087b00000, 0x0000000087b00000, 0x0000000087c00000|  0%| F|  |TAMS 0x0000000087b00000, 0x0000000087b00000| Untracked 
| 124|0x0000000087c00000, 0x0000000087c00000, 0x0000000087d00000|  0%| F|  |TAMS 0x0000000087c00000, 0x0000000087c00000| Untracked 
| 125|0x0000000087d00000, 0x0000000087d00000, 0x0000000087e00000|  0%| F|  |TAMS 0x0000000087d00000, 0x0000000087d00000| Untracked 
| 126|0x0000000087e00000, 0x0000000087e00000, 0x0000000087f00000|  0%| F|  |TAMS 0x0000000087e00000, 0x0000000087e00000| Untracked 
| 127|0x0000000087f00000, 0x0000000087f00000, 0x0000000088000000|  0%| F|  |TAMS 0x0000000087f00000, 0x0000000087f00000| Untracked 
| 128|0x0000000088000000, 0x0000000088000000, 0x0000000088100000|  0%| F|  |TAMS 0x0000000088000000, 0x0000000088000000| Untracked 
| 129|0x0000000088100000, 0x0000000088100000, 0x0000000088200000|  0%| F|  |TAMS 0x0000000088100000, 0x0000000088100000| Untracked 
| 130|0x0000000088200000, 0x0000000088200000, 0x0000000088300000|  0%| F|  |TAMS 0x0000000088200000, 0x0000000088200000| Untracked 
| 131|0x0000000088300000, 0x0000000088300000, 0x0000000088400000|  0%| F|  |TAMS 0x0000000088300000, 0x0000000088300000| Untracked 
| 132|0x0000000088400000, 0x0000000088400000, 0x0000000088500000|  0%| F|  |TAMS 0x0000000088400000, 0x0000000088400000| Untracked 
| 133|0x0000000088500000, 0x0000000088500000, 0x0000000088600000|  0%| F|  |TAMS 0x0000000088500000, 0x0000000088500000| Untracked 
| 134|0x0000000088600000, 0x0000000088600000, 0x0000000088700000|  0%| F|  |TAMS 0x0000000088600000, 0x0000000088600000| Untracked 
| 135|0x0000000088700000, 0x0000000088700000, 0x0000000088800000|  0%| F|  |TAMS 0x0000000088700000, 0x0000000088700000| Untracked 
| 136|0x0000000088800000, 0x0000000088800000, 0x0000000088900000|  0%| F|  |TAMS 0x0000000088800000, 0x0000000088800000| Untracked 
| 137|0x0000000088900000, 0x0000000088900000, 0x0000000088a00000|  0%| F|  |TAMS 0x0000000088900000, 0x0000000088900000| Untracked 
| 138|0x0000000088a00000, 0x0000000088a00000, 0x0000000088b00000|  0%| F|  |TAMS 0x0000000088a00000, 0x0000000088a00000| Untracked 
| 139|0x0000000088b00000, 0x0000000088b00000, 0x0000000088c00000|  0%| F|  |TAMS 0x0000000088b00000, 0x0000000088b00000| Untracked 
| 140|0x0000000088c00000, 0x0000000088c00000, 0x0000000088d00000|  0%| F|  |TAMS 0x0000000088c00000, 0x0000000088c00000| Untracked 
| 141|0x0000000088d00000, 0x0000000088d00000, 0x0000000088e00000|  0%| F|  |TAMS 0x0000000088d00000, 0x0000000088d00000| Untracked 
| 142|0x0000000088e00000, 0x0000000088e00000, 0x0000000088f00000|  0%| F|  |TAMS 0x0000000088e00000, 0x0000000088e00000| Untracked 
| 143|0x0000000088f00000, 0x0000000088f00000, 0x0000000089000000|  0%| F|  |TAMS 0x0000000088f00000, 0x0000000088f00000| Untracked 
| 144|0x0000000089000000, 0x0000000089000000, 0x0000000089100000|  0%| F|  |TAMS 0x0000000089000000, 0x0000000089000000| Untracked 
| 145|0x0000000089100000, 0x0000000089100000, 0x0000000089200000|  0%| F|  |TAMS 0x0000000089100000, 0x0000000089100000| Untracked 
| 146|0x0000000089200000, 0x0000000089200000, 0x0000000089300000|  0%| F|  |TAMS 0x0000000089200000, 0x0000000089200000| Untracked 
| 147|0x0000000089300000, 0x0000000089300000, 0x0000000089400000|  0%| F|  |TAMS 0x0000000089300000, 0x0000000089300000| Untracked 
| 148|0x0000000089400000, 0x0000000089400000, 0x0000000089500000|  0%| F|  |TAMS 0x0000000089400000, 0x0000000089400000| Untracked 
| 149|0x0000000089500000, 0x0000000089500000, 0x0000000089600000|  0%| F|  |TAMS 0x0000000089500000, 0x0000000089500000| Untracked 
| 150|0x0000000089600000, 0x0000000089600000, 0x0000000089700000|  0%| F|  |TAMS 0x0000000089600000, 0x0000000089600000| Untracked 
| 151|0x0000000089700000, 0x0000000089700000, 0x0000000089800000|  0%| F|  |TAMS 0x0000000089700000, 0x0000000089700000| Untracked 
| 152|0x0000000089800000, 0x0000000089800000, 0x0000000089900000|  0%| F|  |TAMS 0x0000000089800000, 0x0000000089800000| Untracked 
| 153|0x0000000089900000, 0x0000000089900000, 0x0000000089a00000|  0%| F|  |TAMS 0x0000000089900000, 0x0000000089900000| Untracked 
| 154|0x0000000089a00000, 0x0000000089a00000, 0x0000000089b00000|  0%| F|  |TAMS 0x0000000089a00000, 0x0000000089a00000| Untracked 
| 155|0x0000000089b00000, 0x0000000089b00000, 0x0000000089c00000|  0%| F|  |TAMS 0x0000000089b00000, 0x0000000089b00000| Untracked 
| 156|0x0000000089c00000, 0x0000000089c00000, 0x0000000089d00000|  0%| F|  |TAMS 0x0000000089c00000, 0x0000000089c00000| Untracked 
| 157|0x0000000089d00000, 0x0000000089d00000, 0x0000000089e00000|  0%| F|  |TAMS 0x0000000089d00000, 0x0000000089d00000| Untracked 
| 158|0x0000000089e00000, 0x0000000089e00000, 0x0000000089f00000|  0%| F|  |TAMS 0x0000000089e00000, 0x0000000089e00000| Untracked 
| 159|0x0000000089f00000, 0x0000000089f00000, 0x000000008a000000|  0%| F|  |TAMS 0x0000000089f00000, 0x0000000089f00000| Untracked 
| 160|0x000000008a000000, 0x000000008a000000, 0x000000008a100000|  0%| F|  |TAMS 0x000000008a000000, 0x000000008a000000| Untracked 
| 161|0x000000008a100000, 0x000000008a100000, 0x000000008a200000|  0%| F|  |TAMS 0x000000008a100000, 0x000000008a100000| Untracked 
| 162|0x000000008a200000, 0x000000008a200000, 0x000000008a300000|  0%| F|  |TAMS 0x000000008a200000, 0x000000008a200000| Untracked 
| 163|0x000000008a300000, 0x000000008a300000, 0x000000008a400000|  0%| F|  |TAMS 0x000000008a300000, 0x000000008a300000| Untracked 
| 164|0x000000008a400000, 0x000000008a400000, 0x000000008a500000|  0%| F|  |TAMS 0x000000008a400000, 0x000000008a400000| Untracked 
| 165|0x000000008a500000, 0x000000008a500000, 0x000000008a600000|  0%| F|  |TAMS 0x000000008a500000, 0x000000008a500000| Untracked 
| 166|0x000000008a600000, 0x000000008a600000, 0x000000008a700000|  0%| F|  |TAMS 0x000000008a600000, 0x000000008a600000| Untracked 
| 167|0x000000008a700000, 0x000000008a700000, 0x000000008a800000|  0%| F|  |TAMS 0x000000008a700000, 0x000000008a700000| Untracked 
| 168|0x000000008a800000, 0x000000008a800000, 0x000000008a900000|  0%| F|  |TAMS 0x000000008a800000, 0x000000008a800000| Untracked 
| 169|0x000000008a900000, 0x000000008a900000, 0x000000008aa00000|  0%| F|  |TAMS 0x000000008a900000, 0x000000008a900000| Untracked 
| 170|0x000000008aa00000, 0x000000008aa00000, 0x000000008ab00000|  0%| F|  |TAMS 0x000000008aa00000, 0x000000008aa00000| Untracked 
| 171|0x000000008ab00000, 0x000000008ab00000, 0x000000008ac00000|  0%| F|  |TAMS 0x000000008ab00000, 0x000000008ab00000| Untracked 
| 172|0x000000008ac00000, 0x000000008ac00000, 0x000000008ad00000|  0%| F|  |TAMS 0x000000008ac00000, 0x000000008ac00000| Untracked 
| 173|0x000000008ad00000, 0x000000008ad00000, 0x000000008ae00000|  0%| F|  |TAMS 0x000000008ad00000, 0x000000008ad00000| Untracked 
| 174|0x000000008ae00000, 0x000000008ae00000, 0x000000008af00000|  0%| F|  |TAMS 0x000000008ae00000, 0x000000008ae00000| Untracked 
| 175|0x000000008af00000, 0x000000008af00000, 0x000000008b000000|  0%| F|  |TAMS 0x000000008af00000, 0x000000008af00000| Untracked 
| 176|0x000000008b000000, 0x000000008b000000, 0x000000008b100000|  0%| F|  |TAMS 0x000000008b000000, 0x000000008b000000| Untracked 
| 177|0x000000008b100000, 0x000000008b100000, 0x000000008b200000|  0%| F|  |TAMS 0x000000008b100000, 0x000000008b100000| Untracked 
| 178|0x000000008b200000, 0x000000008b200000, 0x000000008b300000|  0%| F|  |TAMS 0x000000008b200000, 0x000000008b200000| Untracked 
| 179|0x000000008b300000, 0x000000008b300000, 0x000000008b400000|  0%| F|  |TAMS 0x000000008b300000, 0x000000008b300000| Untracked 
| 180|0x000000008b400000, 0x000000008b400000, 0x000000008b500000|  0%| F|  |TAMS 0x000000008b400000, 0x000000008b400000| Untracked 
| 181|0x000000008b500000, 0x000000008b500000, 0x000000008b600000|  0%| F|  |TAMS 0x000000008b500000, 0x000000008b500000| Untracked 
| 182|0x000000008b600000, 0x000000008b600000, 0x000000008b700000|  0%| F|  |TAMS 0x000000008b600000, 0x000000008b600000| Untracked 
| 183|0x000000008b700000, 0x000000008b700000, 0x000000008b800000|  0%| F|  |TAMS 0x000000008b700000, 0x000000008b700000| Untracked 
| 184|0x000000008b800000, 0x000000008b800000, 0x000000008b900000|  0%| F|  |TAMS 0x000000008b800000, 0x000000008b800000| Untracked 

Card table byte_map: [0x0000027ebf810000,0x0000027ebfc10000] _byte_map_base: 0x0000027ebf410000

Marking Bits (Prev, Next): (CMBitMap*) 0x0000027eaaafcef8, (CMBitMap*) 0x0000027eaaafcf30
 Prev Bits: [0x0000027ec0010000, 0x0000027ec2010000)
 Next Bits: [0x0000027ec2010000, 0x0000027ec4010000)

Polling page: 0x0000027eaaba0000

Metaspace:

Usage:
  Non-class:     63.72 MB capacity,    62.81 MB ( 99%) used,   747.69 KB (  1%) free+waste,   182.56 KB ( <1%) overhead. 
      Class:      9.86 MB capacity,     9.25 MB ( 94%) used,   541.27 KB (  5%) free+waste,    84.69 KB ( <1%) overhead. 
       Both:     73.58 MB capacity,    72.06 MB ( 98%) used,     1.26 MB (  2%) free+waste,   267.25 KB ( <1%) overhead. 

Virtual space:
  Non-class space:       64.00 MB reserved,      63.86 MB (>99%) committed 
      Class space:        1.00 GB reserved,       9.95 MB ( <1%) committed 
             Both:        1.06 GB reserved,      73.81 MB (  7%) committed 

Chunk freelists:
   Non-Class:  16.00 KB
       Class:  19.00 KB
        Both:  35.00 KB

MaxMetaspaceSize: 17179869184.00 GB
CompressedClassSpaceSize: 1.00 GB
Initial GC threshold: 20.80 MB
Current GC threshold: 107.81 MB
CDS: off

CodeHeap 'non-profiled nmethods': size=120064Kb used=4204Kb max_used=4204Kb free=115859Kb
 bounds [0x0000027eb78a0000, 0x0000027eb7cc0000, 0x0000027ebede0000]
CodeHeap 'profiled nmethods': size=120000Kb used=15287Kb max_used=15287Kb free=104712Kb
 bounds [0x0000027eb0370000, 0x0000027eb1260000, 0x0000027eb78a0000]
CodeHeap 'non-nmethods': size=5696Kb used=2350Kb max_used=2382Kb free=3345Kb
 bounds [0x0000027eafde0000, 0x0000027eb0050000, 0x0000027eb0370000]
 total_blobs=8127 nmethods=7262 adapters=777
 compilation: enabled
              stopped_count=0, restarted_count=0
 full_count=0

Compilation events (20 events):
Event: 12.428 Thread 0x0000027ec6683800 nmethod 7262 0x0000027eb7cb7310 code [0x0000027eb7cb75e0, 0x0000027eb7cb9530]
Event: 12.428 Thread 0x0000027ec6683800 7282       4       java.util.LinkedHashMap$LinkedValues::iterator (12 bytes)
Event: 12.430 Thread 0x0000027ec6686000 7302       3       org.gradle.internal.event.BroadcastDispatch::empty (9 bytes)
Event: 12.430 Thread 0x0000027ec6686000 nmethod 7302 0x0000027eb1259210 code [0x0000027eb12593e0, 0x0000027eb1259758]
Event: 12.430 Thread 0x0000027ec6686000 7305       3       org.gradle.api.internal.DefaultDomainObjectCollection::doAdd (29 bytes)
Event: 12.431 Thread 0x0000027ec6683800 nmethod 7282 0x0000027eb7cba390 code [0x0000027eb7cba540, 0x0000027eb7cba6f8]
Event: 12.431 Thread 0x0000027ec6683800 7299       4       java.util.Hashtable$Enumerator::hasNext (5 bytes)
Event: 12.431 Thread 0x0000027ec6686000 nmethod 7305 0x0000027eb1259910 code [0x0000027eb1259b00, 0x0000027eb1259f58]
Event: 12.431 Thread 0x0000027ec6686000 7303       3       org.gradle.internal.event.BroadcastDispatch$EmptyDispatch::<init> (7 bytes)
Event: 12.431 Thread 0x0000027ec6686000 nmethod 7303 0x0000027eb125a090 code [0x0000027eb125a260, 0x0000027eb125a538]
Event: 12.431 Thread 0x0000027ec6686000 7304       3       org.gradle.api.internal.file.AbstractOpaqueFileCollection::<init> (6 bytes)
Event: 12.431 Thread 0x0000027ec6686000 nmethod 7304 0x0000027eb125a690 code [0x0000027eb125a840, 0x0000027eb125aa58]
Event: 12.435 Thread 0x0000027ec6683800 nmethod 7299 0x0000027eb7cba810 code [0x0000027eb7cba9a0, 0x0000027eb7cbabd8]
Event: 12.435 Thread 0x0000027ec6683800 7265       4       org.objectweb.asm.MethodWriter::putMethodInfo (1274 bytes)
Event: 12.436 Thread 0x0000027ec6686000 7306       3       org.gradle.internal.reflect.MutableClassDetails::<init> (65 bytes)
Event: 12.437 Thread 0x0000027ec6686000 nmethod 7306 0x0000027eb125ab90 code [0x0000027eb125ae80, 0x0000027eb125bf88]
Event: 12.437 Thread 0x0000027ec6686000 7307       3       org.gradle.internal.instantiation.generator.AbstractClassGenerator::visitFields (50 bytes)
Event: 12.437 Thread 0x0000027ec6686000 nmethod 7307 0x0000027eb125c510 code [0x0000027eb125c740, 0x0000027eb125ce28]
Event: 12.437 Thread 0x0000027ec6686000 7308       3       java.lang.Class::getProtectionDomain (63 bytes)
Event: 12.438 Thread 0x0000027ec6686000 nmethod 7308 0x0000027eb125d090 code [0x0000027eb125d300, 0x0000027eb125db08]

GC Heap History (20 events):
Event: 2.748 GC heap after
{Heap after GC invocations=4 (full 0):
 garbage-first heap   total 131072K, used 16739K [0x0000000080000000, 0x0000000100000000)
  region size 1024K, 7 young (7168K), 7 survivors (7168K)
 Metaspace       used 18628K, capacity 19008K, committed 19328K, reserved 1067008K
  class space    used 2198K, capacity 2342K, committed 2432K, reserved 1048576K
}
Event: 3.048 GC heap before
{Heap before GC invocations=4 (full 0):
 garbage-first heap   total 131072K, used 38243K [0x0000000080000000, 0x0000000100000000)
  region size 1024K, 29 young (29696K), 7 survivors (7168K)
 Metaspace       used 20826K, capacity 21189K, committed 21296K, reserved 1069056K
  class space    used 2526K, capacity 2688K, committed 2688K, reserved 1048576K
}
Event: 3.055 GC heap after
{Heap after GC invocations=5 (full 0):
 garbage-first heap   total 157696K, used 17297K [0x0000000080000000, 0x0000000100000000)
  region size 1024K, 5 young (5120K), 5 survivors (5120K)
 Metaspace       used 20826K, capacity 21189K, committed 21296K, reserved 1069056K
  class space    used 2526K, capacity 2688K, committed 2688K, reserved 1048576K
}
Event: 3.864 GC heap before
{Heap before GC invocations=6 (full 0):
 garbage-first heap   total 157696K, used 75665K [0x0000000080000000, 0x0000000100000000)
  region size 1024K, 63 young (64512K), 5 survivors (5120K)
 Metaspace       used 26869K, capacity 27466K, committed 27520K, reserved 1073152K
  class space    used 3477K, capacity 3703K, committed 3712K, reserved 1048576K
}
Event: 3.875 GC heap after
{Heap after GC invocations=7 (full 0):
 garbage-first heap   total 157696K, used 19585K [0x0000000080000000, 0x0000000100000000)
  region size 1024K, 3 young (3072K), 3 survivors (3072K)
 Metaspace       used 26869K, capacity 27466K, committed 27520K, reserved 1073152K
  class space    used 3477K, capacity 3703K, committed 3712K, reserved 1048576K
}
Event: 4.852 GC heap before
{Heap before GC invocations=7 (full 0):
 garbage-first heap   total 157696K, used 75905K [0x0000000080000000, 0x0000000100000000)
  region size 1024K, 59 young (60416K), 3 survivors (3072K)
 Metaspace       used 35156K, capacity 35934K, committed 36048K, reserved 1081344K
  class space    used 4506K, capacity 4805K, committed 4864K, reserved 1048576K
}
Event: 4.863 GC heap after
{Heap after GC invocations=8 (full 0):
 garbage-first heap   total 157696K, used 23068K [0x0000000080000000, 0x0000000100000000)
  region size 1024K, 7 young (7168K), 7 survivors (7168K)
 Metaspace       used 35156K, capacity 35934K, committed 36048K, reserved 1081344K
  class space    used 4506K, capacity 4805K, committed 4864K, reserved 1048576K
}
Event: 5.991 GC heap before
{Heap before GC invocations=9 (full 0):
 garbage-first heap   total 157696K, used 97820K [0x0000000080000000, 0x0000000100000000)
  region size 1024K, 77 young (78848K), 7 survivors (7168K)
 Metaspace       used 40762K, capacity 41737K, committed 41936K, reserved 1085440K
  class space    used 5141K, capacity 5517K, committed 5632K, reserved 1048576K
}
Event: 6.014 GC heap after
{Heap after GC invocations=10 (full 0):
 garbage-first heap   total 157696K, used 28279K [0x0000000080000000, 0x0000000100000000)
  region size 1024K, 9 young (9216K), 9 survivors (9216K)
 Metaspace       used 40762K, capacity 41737K, committed 41936K, reserved 1085440K
  class space    used 5141K, capacity 5517K, committed 5632K, reserved 1048576K
}
Event: 7.387 GC heap before
{Heap before GC invocations=10 (full 0):
 garbage-first heap   total 157696K, used 110199K [0x0000000080000000, 0x0000000100000000)
  region size 1024K, 89 young (91136K), 9 survivors (9216K)
 Metaspace       used 47713K, capacity 48909K, committed 48976K, reserved 1091584K
  class space    used 6046K, capacity 6494K, committed 6528K, reserved 1048576K
}
Event: 7.410 GC heap after
{Heap after GC invocations=11 (full 0):
 garbage-first heap   total 189440K, used 31949K [0x0000000080000000, 0x0000000100000000)
  region size 1024K, 9 young (9216K), 9 survivors (9216K)
 Metaspace       used 47713K, capacity 48909K, committed 48976K, reserved 1091584K
  class space    used 6046K, capacity 6494K, committed 6528K, reserved 1048576K
}
Event: 9.209 GC heap before
{Heap before GC invocations=11 (full 0):
 garbage-first heap   total 189440K, used 144589K [0x0000000080000000, 0x0000000100000000)
  region size 1024K, 111 young (113664K), 9 survivors (9216K)
 Metaspace       used 57139K, capacity 58501K, committed 58704K, reserved 1099776K
  class space    used 7188K, capacity 7729K, committed 7808K, reserved 1048576K
}
Event: 9.232 GC heap after
{Heap after GC invocations=12 (full 0):
 garbage-first heap   total 189440K, used 52089K [0x0000000080000000, 0x0000000100000000)
  region size 1024K, 14 young (14336K), 14 survivors (14336K)
 Metaspace       used 57139K, capacity 58501K, committed 58704K, reserved 1099776K
  class space    used 7188K, capacity 7729K, committed 7808K, reserved 1048576K
}
Event: 9.481 GC heap before
{Heap before GC invocations=12 (full 0):
 garbage-first heap   total 189440K, used 63353K [0x0000000080000000, 0x0000000100000000)
  region size 1024K, 26 young (26624K), 14 survivors (14336K)
 Metaspace       used 58925K, capacity 60447K, committed 60496K, reserved 1101824K
  class space    used 7438K, capacity 8016K, committed 8064K, reserved 1048576K
}
Event: 9.504 GC heap after
{Heap after GC invocations=13 (full 0):
 garbage-first heap   total 189440K, used 54512K [0x0000000080000000, 0x0000000100000000)
  region size 1024K, 2 young (2048K), 2 survivors (2048K)
 Metaspace       used 58925K, capacity 60447K, committed 60496K, reserved 1101824K
  class space    used 7438K, capacity 8016K, committed 8064K, reserved 1048576K
}
Event: 10.469 GC heap before
{Heap before GC invocations=14 (full 0):
 garbage-first heap   total 189440K, used 113904K [0x0000000080000000, 0x0000000100000000)
  region size 1024K, 61 young (62464K), 2 survivors (2048K)
 Metaspace       used 64205K, capacity 65698K, committed 65984K, reserved 1105920K
  class space    used 8075K, capacity 8649K, committed 8780K, reserved 1048576K
}
Event: 10.480 GC heap after
{Heap after GC invocations=15 (full 0):
 garbage-first heap   total 189440K, used 58550K [0x0000000080000000, 0x0000000100000000)
  region size 1024K, 6 young (6144K), 6 survivors (6144K)
 Metaspace       used 64205K, capacity 65698K, committed 65984K, reserved 1105920K
  class space    used 8075K, capacity 8649K, committed 8780K, reserved 1048576K
}
Event: 11.405 GC heap before
{Heap before GC invocations=16 (full 0):
 garbage-first heap   total 189440K, used 121014K [0x0000000080000000, 0x0000000100000000)
  region size 1024K, 67 young (68608K), 6 survivors (6144K)
 Metaspace       used 67585K, capacity 69214K, committed 69440K, reserved 1110016K
  class space    used 8498K, capacity 9130K, committed 9164K, reserved 1048576K
}
Event: 11.424 GC heap after
{Heap after GC invocations=17 (full 0):
 garbage-first heap   total 189440K, used 62722K [0x0000000080000000, 0x0000000100000000)
  region size 1024K, 5 young (5120K), 5 survivors (5120K)
 Metaspace       used 67585K, capacity 69214K, committed 69440K, reserved 1110016K
  class space    used 8498K, capacity 9130K, committed 9164K, reserved 1048576K
}
Event: 12.442 GC heap before
{Heap before GC invocations=17 (full 0):
 garbage-first heap   total 189440K, used 127234K [0x0000000080000000, 0x0000000100000000)
  region size 1024K, 68 young (69632K), 5 survivors (5120K)
 Metaspace       used 73788K, capacity 75345K, committed 75584K, reserved 1114112K
  class space    used 9467K, capacity 10093K, committed 10188K, reserved 1048576K
}

Deoptimization events (20 events):
Event: 11.232 Thread 0x0000027ec829d800 DEOPT PACKING pc=0x0000027eb7a57ba0 sp=0x00000098910f5660
Event: 11.232 Thread 0x0000027ec829d800 DEOPT UNPACKING pc=0x0000027eafe2a1af sp=0x00000098910f5610 mode 2
Event: 11.401 Thread 0x0000027ec829d800 Uncommon trap: trap_request=0xffffff4d fr.pc=0x0000027eb7a521a4 relative=0x0000000000003304
Event: 11.401 Thread 0x0000027ec829d800 Uncommon trap: reason=unstable_if action=reinterpret pc=0x0000027eb7a521a4 method=org.codehaus.groovy.runtime.metaclass.MetaMethodIndex.isOverridden(Lgroovy/lang/MetaMethod;Lgroovy/lang/MetaMethod;)Z @ 33 c2
Event: 11.401 Thread 0x0000027ec829d800 DEOPT PACKING pc=0x0000027eb7a521a4 sp=0x00000098910f44a0
Event: 11.401 Thread 0x0000027ec829d800 DEOPT UNPACKING pc=0x0000027eafe2a1af sp=0x00000098910f4448 mode 2
Event: 11.439 Thread 0x0000027ec829d800 Uncommon trap: trap_request=0xffffff4d fr.pc=0x0000027eb7c0f86c relative=0x000000000000444c
Event: 11.439 Thread 0x0000027ec829d800 Uncommon trap: reason=unstable_if action=reinterpret pc=0x0000027eb7c0f86c method=org.codehaus.groovy.reflection.CachedMethod.compareToMethod(Ljava/lang/reflect/Method;)I @ 111 c2
Event: 11.439 Thread 0x0000027ec829d800 DEOPT PACKING pc=0x0000027eb7c0f86c sp=0x00000098910f43a0
Event: 11.439 Thread 0x0000027ec829d800 DEOPT UNPACKING pc=0x0000027eafe2a1af sp=0x00000098910f4238 mode 2
Event: 12.243 Thread 0x0000027ec829d800 DEOPT PACKING pc=0x0000027eb0f8e2a7 sp=0x00000098910f8800
Event: 12.244 Thread 0x0000027ec829d800 DEOPT UNPACKING pc=0x0000027eafe2a95e sp=0x00000098910f7cb0 mode 0
Event: 12.319 Thread 0x0000027ec829d800 Uncommon trap: trap_request=0xffffffde fr.pc=0x0000027eb7bb5044 relative=0x0000000000000ea4
Event: 12.319 Thread 0x0000027ec829d800 Uncommon trap: reason=class_check action=maybe_recompile pc=0x0000027eb7bb5044 method=org.gradle.internal.instantiation.generator.AbstractClassGenerator$InjectionAnnotationValidator.validateMethod(Ljava/lang/reflect/Method;Lorg/gradle/internal/reflect/Pro
Event: 12.319 Thread 0x0000027ec829d800 DEOPT PACKING pc=0x0000027eb7bb5044 sp=0x00000098910f86f0
Event: 12.319 Thread 0x0000027ec829d800 DEOPT UNPACKING pc=0x0000027eafe2a1af sp=0x00000098910f86a8 mode 2
Event: 12.329 Thread 0x0000027ec829d800 Uncommon trap: trap_request=0xffffffdc fr.pc=0x0000027eb7cb0550 relative=0x0000000000000290
Event: 12.329 Thread 0x0000027ec829d800 Uncommon trap: reason=class_check action=make_not_entrant pc=0x0000027eb7cb0550 method=java.util.ArrayList.toArray([Ljava/lang/Object;)[Ljava/lang/Object; @ 21 c2
Event: 12.330 Thread 0x0000027ec829d800 DEOPT PACKING pc=0x0000027eb7cb0550 sp=0x00000098910f87f0
Event: 12.330 Thread 0x0000027ec829d800 DEOPT UNPACKING pc=0x0000027eafe2a1af sp=0x00000098910f87c0 mode 2

Classes redefined (0 events):
No events

Internal exceptions (20 events):
Event: 11.517 Thread 0x0000027ec829d800 Exception <a 'java/lang/ClassNotFoundException'{0x000000008b01b800}: com/android/build/gradle/internal/CompileOptions$AgpDecorated_DecoratedBeanInfo> (0x000000008b01b800) thrown at [./src/hotspot/share/classfile/systemDictionary.cpp, line 231]
Event: 11.518 Thread 0x0000027ec829d800 Exception <a 'java/lang/ClassNotFoundException'{0x000000008b039db8}: com/android/build/gradle/internal/CompileOptions$AgpDecoratedBeanInfo> (0x000000008b039db8) thrown at [./src/hotspot/share/classfile/systemDictionary.cpp, line 231]
Event: 11.518 Thread 0x0000027ec829d800 Exception <a 'java/lang/ClassNotFoundException'{0x000000008b0557a8}: com/android/build/gradle/internal/CompileOptionsBeanInfo> (0x000000008b0557a8) thrown at [./src/hotspot/share/classfile/systemDictionary.cpp, line 231]
Event: 11.519 Thread 0x0000027ec829d800 Exception <a 'java/lang/ClassNotFoundException'{0x000000008b071e38}: com/android/build/gradle/internal/CompileOptionsCustomizer> (0x000000008b071e38) thrown at [./src/hotspot/share/classfile/systemDictionary.cpp, line 231]
Event: 11.520 Thread 0x0000027ec829d800 Exception <a 'java/lang/ClassNotFoundException'{0x000000008b09c858}: com/android/build/gradle/internal/CompileOptions$AgpDecoratedCustomizer> (0x000000008b09c858) thrown at [./src/hotspot/share/classfile/systemDictionary.cpp, line 231]
Event: 11.521 Thread 0x0000027ec829d800 Exception <a 'java/lang/ClassNotFoundException'{0x000000008b0ca5c0}: com/android/build/gradle/internal/CompileOptions$AgpDecorated_DecoratedCustomizer> (0x000000008b0ca5c0) thrown at [./src/hotspot/share/classfile/systemDictionary.cpp, line 231]
Event: 11.541 Thread 0x0000027ec829d800 Exception <a 'java/lang/ClassNotFoundException'{0x000000008ae31850}: org/jetbrains/kotlin/gradle/dsl/KotlinJvmOptionsImplBeanInfo> (0x000000008ae31850) thrown at [./src/hotspot/share/classfile/systemDictionary.cpp, line 231]
Event: 11.542 Thread 0x0000027ec829d800 Exception <a 'java/lang/ClassNotFoundException'{0x000000008ae4d5d0}: org/jetbrains/kotlin/gradle/dsl/KotlinJvmOptionsBaseBeanInfo> (0x000000008ae4d5d0) thrown at [./src/hotspot/share/classfile/systemDictionary.cpp, line 231]
Event: 11.543 Thread 0x0000027ec829d800 Exception <a 'java/lang/ClassNotFoundException'{0x000000008ae69558}: org/jetbrains/kotlin/gradle/dsl/KotlinJvmOptionsBaseCustomizer> (0x000000008ae69558) thrown at [./src/hotspot/share/classfile/systemDictionary.cpp, line 231]
Event: 11.544 Thread 0x0000027ec829d800 Exception <a 'java/lang/ClassNotFoundException'{0x000000008ae97378}: org/jetbrains/kotlin/gradle/dsl/KotlinJvmOptionsImplCustomizer> (0x000000008ae97378) thrown at [./src/hotspot/share/classfile/systemDictionary.cpp, line 231]
Event: 11.552 Thread 0x0000027ec829d800 Exception <a 'java/lang/ClassNotFoundException'{0x000000008ad524f8}: org/gradle/api/internal/artifacts/dsl/dependencies/DefaultDependencyHandler_DecoratedBeanInfo> (0x000000008ad524f8) thrown at [./src/hotspot/share/classfile/systemDictionary.cpp, line 231]
Event: 11.553 Thread 0x0000027ec829d800 Exception <a 'java/lang/ClassNotFoundException'{0x000000008ad9da80}: org/gradle/api/internal/artifacts/dsl/dependencies/DefaultDependencyHandlerBeanInfo> (0x000000008ad9da80) thrown at [./src/hotspot/share/classfile/systemDictionary.cpp, line 231]
Event: 11.554 Thread 0x0000027ec829d800 Exception <a 'java/lang/ClassNotFoundException'{0x000000008ade8f70}: org/gradle/api/internal/artifacts/dsl/dependencies/DefaultDependencyHandlerCustomizer> (0x000000008ade8f70) thrown at [./src/hotspot/share/classfile/systemDictionary.cpp, line 231]
Event: 11.558 Thread 0x0000027ec829d800 Exception <a 'java/lang/ClassNotFoundException'{0x000000008ac5e580}: org/gradle/api/internal/artifacts/dsl/dependencies/DefaultDependencyHandler_DecoratedCustomizer> (0x000000008ac5e580) thrown at [./src/hotspot/share/classfile/systemDictionary.cpp, line 231]
Event: 12.391 Thread 0x0000027ec829d800 Exception <a 'java/lang/ClassNotFoundException'{0x0000000087d781c0}: com/android/build/gradle/internal/api/ApkVariantOutputImpl_DecoratedBeanInfo> (0x0000000087d781c0) thrown at [./src/hotspot/share/classfile/systemDictionary.cpp, line 231]
Event: 12.392 Thread 0x0000027ec829d800 Exception <a 'java/lang/ClassNotFoundException'{0x0000000087d93fd8}: com/android/build/gradle/internal/api/ApkVariantOutputImplBeanInfo> (0x0000000087d93fd8) thrown at [./src/hotspot/share/classfile/systemDictionary.cpp, line 231]
Event: 12.393 Thread 0x0000027ec829d800 Exception <a 'java/lang/ClassNotFoundException'{0x0000000087db0498}: com/android/build/gradle/internal/api/BaseVariantOutputImplBeanInfo> (0x0000000087db0498) thrown at [./src/hotspot/share/classfile/systemDictionary.cpp, line 231]
Event: 12.393 Thread 0x0000027ec829d800 Exception <a 'java/lang/ClassNotFoundException'{0x0000000087dcc9c0}: com/android/build/gradle/internal/api/BaseVariantOutputImplCustomizer> (0x0000000087dcc9c0) thrown at [./src/hotspot/share/classfile/systemDictionary.cpp, line 231]
Event: 12.395 Thread 0x0000027ec829d800 Exception <a 'java/lang/ClassNotFoundException'{0x0000000087dfb580}: com/android/build/gradle/internal/api/ApkVariantOutputImplCustomizer> (0x0000000087dfb580) thrown at [./src/hotspot/share/classfile/systemDictionary.cpp, line 231]
Event: 12.398 Thread 0x0000027ec829d800 Exception <a 'java/lang/ClassNotFoundException'{0x0000000087c26ce0}: com/android/build/gradle/internal/api/ApkVariantOutputImpl_DecoratedCustomizer> (0x0000000087c26ce0) thrown at [./src/hotspot/share/classfile/systemDictionary.cpp, line 231]

Events (20 events):
Event: 12.432 loading class org/jetbrains/kotlin/gradle/internal/CompilerPluginUtilsKt done
Event: 12.433 loading class org/jetbrains/kotlin/gradle/internal/CompilerPluginUtilsKt$reorderPluginClasspathDependencies$1
Event: 12.433 loading class org/jetbrains/kotlin/gradle/internal/CompilerPluginUtilsKt$reorderPluginClasspathDependencies$1 done
Event: 12.433 loading class org/jetbrains/kotlin/gradle/plugin/mpp/KotlinCompilationsKt
Event: 12.433 loading class org/jetbrains/kotlin/gradle/plugin/mpp/KotlinCompilationsKt done
Event: 12.434 loading class org/jetbrains/kotlin/gradle/plugin/mpp/AndroidCompilationDetails$kotlinDependenciesHolder$1
Event: 12.434 loading class org/jetbrains/kotlin/gradle/plugin/mpp/AndroidCompilationDetails$kotlinDependenciesHolder$1 done
Event: 12.435 loading class org/jetbrains/kotlin/gradle/plugin/mpp/KotlinDependencyConfigurationsHolder
Event: 12.435 loading class org/jetbrains/kotlin/gradle/plugin/mpp/KotlinDependencyConfigurationsHolder done
Event: 12.439 loading class org/jetbrains/kotlin/gradle/plugin/ProjectLocalConfigurationsKt
Event: 12.439 loading class org/jetbrains/kotlin/gradle/plugin/ProjectLocalConfigurationsKt done
Event: 12.440 loading class org/jetbrains/kotlin/gradle/plugin/mpp/KotlinWithJavaTarget
Event: 12.440 loading class org/jetbrains/kotlin/gradle/plugin/mpp/KotlinWithJavaTarget done
Event: 12.441 loading class org/jetbrains/kotlin/gradle/plugin/KotlinTargetConfiguratorKt$WhenMappings
Event: 12.441 loading class org/jetbrains/kotlin/gradle/plugin/KotlinTargetConfiguratorKt$WhenMappings done
Event: 12.441 loading class org/jetbrains/kotlin/gradle/utils/ParsedGradleVersionKt
Event: 12.441 loading class org/jetbrains/kotlin/gradle/utils/ParsedGradleVersionKt done
Event: 12.442 loading class org/jetbrains/kotlin/gradle/utils/ParsedGradleVersion
Event: 12.442 loading class org/jetbrains/kotlin/gradle/utils/ParsedGradleVersion done
Event: 12.442 Executing VM operation: G1CollectForAllocation


Dynamic libraries:
0x00007ff6697d0000 - 0x00007ff6697da000 	C:\Program Files\Android\Android Studio\jre\bin\java.exe
0x00007ff8d1870000 - 0x00007ff8d1a68000 	C:\WINDOWS\SYSTEM32\ntdll.dll
0x00007ff8d0380000 - 0x00007ff8d043f000 	C:\WINDOWS\System32\KERNEL32.DLL
0x00007ff8cf4c0000 - 0x00007ff8cf792000 	C:\WINDOWS\System32\KERNELBASE.dll
0x00007ff8cf390000 - 0x00007ff8cf490000 	C:\WINDOWS\System32\ucrtbase.dll
0x00007ff8caac0000 - 0x00007ff8caad9000 	C:\Program Files\Android\Android Studio\jre\bin\jli.dll
0x00007ff8caae0000 - 0x00007ff8caaf7000 	C:\Program Files\Android\Android Studio\jre\bin\VCRUNTIME140.dll
0x00007ff8cfc80000 - 0x00007ff8cfe21000 	C:\WINDOWS\System32\USER32.dll
0x00007ff8cf170000 - 0x00007ff8cf192000 	C:\WINDOWS\System32\win32u.dll
0x00007ff8bd7a0000 - 0x00007ff8bda3a000 	C:\WINDOWS\WinSxS\amd64_microsoft.windows.common-controls_6595b64144ccf1df_6.0.19041.1110_none_60b5254171f9507e\COMCTL32.dll
0x00007ff8d0d20000 - 0x00007ff8d0d4b000 	C:\WINDOWS\System32\GDI32.dll
0x00007ff8d1190000 - 0x00007ff8d122e000 	C:\WINDOWS\System32\msvcrt.dll
0x00007ff8cf1f0000 - 0x00007ff8cf2ff000 	C:\WINDOWS\System32\gdi32full.dll
0x00007ff8cf7a0000 - 0x00007ff8cf83d000 	C:\WINDOWS\System32\msvcp_win.dll
0x00007ff8cfc40000 - 0x00007ff8cfc72000 	C:\WINDOWS\System32\IMM32.DLL
0x00007ff8bcfb0000 - 0x00007ff8bd04d000 	C:\Program Files\Android\Android Studio\jre\bin\msvcp140.dll
0x00007ff864610000 - 0x00007ff865112000 	C:\Program Files\Android\Android Studio\jre\bin\server\jvm.dll
0x00007ff8d10e0000 - 0x00007ff8d118e000 	C:\WINDOWS\System32\ADVAPI32.dll
0x00007ff8d0c80000 - 0x00007ff8d0d1c000 	C:\WINDOWS\System32\sechost.dll
0x00007ff8d16a0000 - 0x00007ff8d17c5000 	C:\WINDOWS\System32\RPCRT4.dll
0x00007ff8cfe60000 - 0x00007ff8cfe68000 	C:\WINDOWS\System32\PSAPI.DLL
0x00007ff8c8280000 - 0x00007ff8c8289000 	C:\WINDOWS\SYSTEM32\WSOCK32.dll
0x00007ff8c0190000 - 0x00007ff8c01b7000 	C:\WINDOWS\SYSTEM32\WINMM.dll
0x00007ff8c9eb0000 - 0x00007ff8c9eba000 	C:\WINDOWS\SYSTEM32\VERSION.dll
0x00007ff8d01d0000 - 0x00007ff8d023b000 	C:\WINDOWS\System32\WS2_32.dll
0x00007ff8cce40000 - 0x00007ff8cce52000 	C:\WINDOWS\SYSTEM32\kernel.appcore.dll
0x00007ff8c7290000 - 0x00007ff8c72a1000 	C:\Program Files\Android\Android Studio\jre\bin\verify.dll
0x00007ff8bb090000 - 0x00007ff8bb274000 	C:\WINDOWS\SYSTEM32\DBGHELP.DLL
0x00007ff8bad60000 - 0x00007ff8bad95000 	C:\WINDOWS\SYSTEM32\dbgcore.DLL
0x00007ff8cf300000 - 0x00007ff8cf382000 	C:\WINDOWS\System32\bcryptPrimitives.dll
0x00007ff8b5500000 - 0x00007ff8b5529000 	C:\Program Files\Android\Android Studio\jre\bin\java.dll
0x00007ff8cc770000 - 0x00007ff8cc77b000 	C:\Program Files\Android\Android Studio\jre\bin\jimage.dll
0x00007ff8c6f60000 - 0x00007ff8c6f78000 	C:\Program Files\Android\Android Studio\jre\bin\zip.dll
0x00007ff8d0530000 - 0x00007ff8d0c74000 	C:\WINDOWS\System32\SHELL32.dll
0x00007ff8cd040000 - 0x00007ff8cd7d2000 	C:\WINDOWS\SYSTEM32\windows.storage.dll
0x00007ff8cfe70000 - 0x00007ff8d01c5000 	C:\WINDOWS\System32\combase.dll
0x00007ff8ce8e0000 - 0x00007ff8ce910000 	C:\WINDOWS\SYSTEM32\Wldp.dll
0x00007ff8d0f10000 - 0x00007ff8d0fbd000 	C:\WINDOWS\System32\SHCORE.dll
0x00007ff8d0240000 - 0x00007ff8d0295000 	C:\WINDOWS\System32\shlwapi.dll
0x00007ff8ceea0000 - 0x00007ff8ceebf000 	C:\WINDOWS\SYSTEM32\profapi.dll
0x00007ff8b5cc0000 - 0x00007ff8b5cda000 	C:\Program Files\Android\Android Studio\jre\bin\net.dll
0x00007ff8c8ab0000 - 0x00007ff8c8bbc000 	C:\WINDOWS\SYSTEM32\WINHTTP.dll
0x00007ff8ce640000 - 0x00007ff8ce6aa000 	C:\WINDOWS\system32\mswsock.dll
0x00007ff8b52d0000 - 0x00007ff8b52e4000 	C:\Program Files\Android\Android Studio\jre\bin\nio.dll
0x00007ff8c94b0000 - 0x00007ff8c94d7000 	C:\Users\lenovo\.gradle\native\e1d6ef7f7dcc3fd88c89a11ec53ec762bb8ba0a96d01ffa2cd45eb1d1d8dd5c5\windows-amd64\native-platform.dll
0x00007ff8aad10000 - 0x00007ff8aae54000 	C:\Users\lenovo\.gradle\native\0d407fdbe67a94daf76414ababcb853783967236a71b16ec16e742cd7a986fd3\windows-amd64\native-platform-file-events.dll
0x00007ff8cc750000 - 0x00007ff8cc75a000 	C:\Program Files\Android\Android Studio\jre\bin\management.dll
0x00007ff8c7280000 - 0x00007ff8c728d000 	C:\Program Files\Android\Android Studio\jre\bin\management_ext.dll
0x00007ff8ce840000 - 0x00007ff8ce858000 	C:\WINDOWS\SYSTEM32\CRYPTSP.dll
0x00007ff8cdf60000 - 0x00007ff8cdf94000 	C:\WINDOWS\system32\rsaenh.dll
0x00007ff8cf490000 - 0x00007ff8cf4b7000 	C:\WINDOWS\System32\bcrypt.dll
0x00007ff8cee60000 - 0x00007ff8cee8e000 	C:\WINDOWS\SYSTEM32\USERENV.dll
0x00007ff8ce830000 - 0x00007ff8ce83c000 	C:\WINDOWS\SYSTEM32\CRYPTBASE.dll
0x00007ff8ce330000 - 0x00007ff8ce36b000 	C:\WINDOWS\SYSTEM32\IPHLPAPI.DLL
0x00007ff8d0520000 - 0x00007ff8d0528000 	C:\WINDOWS\System32\NSI.dll
0x00007ff8c9a10000 - 0x00007ff8c9a27000 	C:\WINDOWS\SYSTEM32\dhcpcsvc6.DLL
0x00007ff8c99f0000 - 0x00007ff8c9a0d000 	C:\WINDOWS\SYSTEM32\dhcpcsvc.DLL
0x00007ff8ce370000 - 0x00007ff8ce43a000 	C:\WINDOWS\SYSTEM32\DNSAPI.dll

dbghelp: loaded successfully - version: 4.0.5 - missing functions: none
symbol engine: initialized successfully - sym options: 0x614 - pdb path: .;C:\Program Files\Android\Android Studio\jre\bin;C:\WINDOWS\SYSTEM32;C:\WINDOWS\WinSxS\amd64_microsoft.windows.common-controls_6595b64144ccf1df_6.0.19041.1110_none_60b5254171f9507e;C:\Program Files\Android\Android Studio\jre\bin\server;C:\Users\lenovo\.gradle\native\e1d6ef7f7dcc3fd88c89a11ec53ec762bb8ba0a96d01ffa2cd45eb1d1d8dd5c5\windows-amd64;C:\Users\lenovo\.gradle\native\0d407fdbe67a94daf76414ababcb853783967236a71b16ec16e742cd7a986fd3\windows-amd64

VM Arguments:
jvm_args: --add-opens=java.base/java.util=ALL-UNNAMED --add-opens=java.base/java.lang=ALL-UNNAMED --add-opens=java.base/java.lang.invoke=ALL-UNNAMED --add-opens=java.base/java.util=ALL-UNNAMED --add-opens=java.prefs/java.util.prefs=ALL-UNNAMED --add-opens=java.prefs/java.util.prefs=ALL-UNNAMED --add-opens=java.base/java.nio.charset=ALL-UNNAMED --add-opens=java.base/java.net=ALL-UNNAMED --add-opens=java.base/java.util.concurrent.atomic=ALL-UNNAMED -Xmx2048m -Dfile.encoding=UTF-8 -Duser.country=US -Duser.language=en -Duser.variant 
java_command: org.gradle.launcher.daemon.bootstrap.GradleDaemon 7.4
java_class_path (initial): C:\Users\lenovo\.gradle\wrapper\dists\gradle-7.4-bin\c0gwcg53nkjbqw7r0h0umtfvt\gradle-7.4\lib\gradle-launcher-7.4.jar
Launcher Type: SUN_STANDARD

[Global flags]
     intx CICompilerCount                          = 3                                         {product} {ergonomic}
     uint ConcGCThreads                            = 1                                         {product} {ergonomic}
     uint G1ConcRefinementThreads                  = 4                                         {product} {ergonomic}
   size_t G1HeapRegionSize                         = 1048576                                   {product} {ergonomic}
    uintx GCDrainStackTargetSize                   = 64                                        {product} {ergonomic}
   size_t InitialHeapSize                          = 134217728                                 {product} {ergonomic}
   size_t MarkStackSize                            = 4194304                                   {product} {ergonomic}
   size_t MaxHeapSize                              = 2147483648                                {product} {command line}
   size_t MaxNewSize                               = 1287651328                                {product} {ergonomic}
   size_t MinHeapDeltaBytes                        = 1048576                                   {product} {ergonomic}
    uintx NonNMethodCodeHeapSize                   = 5830732                                {pd product} {ergonomic}
    uintx NonProfiledCodeHeapSize                  = 122913754                              {pd product} {ergonomic}
    uintx ProfiledCodeHeapSize                     = 122913754                              {pd product} {ergonomic}
    uintx ReservedCodeCacheSize                    = 251658240                              {pd product} {ergonomic}
     bool SegmentedCodeCache                       = true                                      {product} {ergonomic}
     bool UseCompressedClassPointers               = true                                 {lp64_product} {ergonomic}
     bool UseCompressedOops                        = true                                 {lp64_product} {ergonomic}
     bool UseG1GC                                  = true                                      {product} {ergonomic}
     bool UseLargePagesIndividualAllocation        = false                                  {pd product} {ergonomic}

Logging:
Log output configuration:
 #0: stdout all=warning uptime,level,tags
 #1: stderr all=off uptime,level,tags

Environment Variables:
PATH=C:\WINDOWS\system32;C:\WINDOWS;C:\WINDOWS\System32\Wbem;C:\WINDOWS\System32\WindowsPowerShell\v1.0\;C:\WINDOWS\System32\OpenSSH\;C:\Program Files (x86)\NVIDIA Corporation\PhysX\Common;C:\Program Files\NVIDIA Corporation\NVIDIA NvDLISR;C:\Program Files\Git\cmd;C:\Users\lenovo\AppData\Local\Microsoft\WindowsApps
USERNAME=user
OS=Windows_NT
PROCESSOR_IDENTIFIER=Intel64 Family 6 Model 58 Stepping 9, GenuineIntel



---------------  S Y S T E M  ---------------

OS: Windows 10 , 64 bit Build 19041 (10.0.19041.2364)
OS uptime: 0 days 1:40 hours

CPU:total 4 (initial active 4) (2 cores per cpu, 2 threads per core) family 6 model 58 stepping 9 microcode 0x21, cmov, cx8, fxsr, mmx, sse, sse2, sse3, ssse3, sse4.1, sse4.2, popcnt, avx, clmul, erms, ht, tsc, tscinvbit, tscinv

Memory: 4k page, system-wide physical 8122M (1820M free)
TotalPageFile size 8248M (AvailPageFile size 7M)
current process WorkingSet (physical memory assigned to process): 401M, peak: 401M
current process commit charge ("private bytes"): 432M, peak: 469M

vm_info: OpenJDK 64-Bit Server VM (11.0.13+0-b1751.21-8125866) for windows-amd64 JRE (11.0.13+0-b1751.21-8125866), built on Feb  2 2022 03:00:22 by "builder" with MS VC++ 14.0 (VS2015)

END.
