#
# There is insufficient memory for the Java Runtime Environment to continue.
# Native memory allocation (mmap) failed to map 114294784 bytes for Failed to commit area from 0x0000000094900000 to 0x000000009b600000 of length 114294784.
# Possible reasons:
#   The system is out of physical RAM or swap space
#   The process is running with CompressedOops enabled, and the Java Heap may be blocking the growth of the native heap
# Possible solutions:
#   Reduce memory load on the system
#   Increase physical memory or swap space
#   Check if swap backing store is full
#   Decrease Java heap size (-Xmx/-Xms)
#   Decrease number of Java threads
#   Decrease Java thread stack sizes (-Xss)
#   Set larger code cache with -XX:ReservedCodeCacheSize=
#   JVM is running with Unscaled Compressed Oops mode in which the Java heap is
#     placed in the first 4GB address space. The Java Heap base address is the
#     maximum limit for the native heap growth. Please use -XX:HeapBaseMinAddress
#     to set the Java Heap base and to place the Java Heap above 4GB virtual address.
# This output file may be truncated or incomplete.
#
#  Out of Memory Error (./src/hotspot/os/windows/os_windows.cpp:3619), pid=9612, tid=7192
#
# JRE version: OpenJDK Runtime Environment (11.0.13) (build 11.0.13+0-b1751.21-8125866)
# Java VM: OpenJDK 64-Bit Server VM (11.0.13+0-b1751.21-8125866, mixed mode, tiered, compressed oops, g1 gc, windows-amd64)
# No core dump will be written. Minidumps are not enabled by default on client versions of Windows
#

---------------  S U M M A R Y ------------

Command Line: --add-opens=java.base/java.util=ALL-UNNAMED --add-opens=java.base/java.lang=ALL-UNNAMED --add-opens=java.base/java.lang.invoke=ALL-UNNAMED --add-opens=java.base/java.util=ALL-UNNAMED --add-opens=java.prefs/java.util.prefs=ALL-UNNAMED --add-opens=java.prefs/java.util.prefs=ALL-UNNAMED --add-opens=java.base/java.nio.charset=ALL-UNNAMED --add-opens=java.base/java.net=ALL-UNNAMED --add-opens=java.base/java.util.concurrent.atomic=ALL-UNNAMED -Xmx2048m -Dfile.encoding=UTF-8 -Duser.country=US -Duser.language=en -Duser.variant org.gradle.launcher.daemon.bootstrap.GradleDaemon 7.4

Host: Intel(R) Core(TM) i3-3240 CPU @ 3.40GHz, 4 cores, 7G,  Windows 10 , 64 bit Build 19041 (10.0.19041.2364)
Time: Wed Jan  4 13:52:26 2023 India Standard Time elapsed time: 35.615053 seconds (0d 0h 0m 35s)

---------------  T H R E A D  ---------------

Current thread (0x0000018446ac7800):  VMThread "VM Thread" [stack: 0x0000007f64200000,0x0000007f64300000] [id=7192]

Stack: [0x0000007f64200000,0x0000007f64300000]
[error occurred during error reporting (printing stack bounds), id 0xc0000005, EXCEPTION_ACCESS_VIOLATION (0xc0000005) at pc=0x000001843026112d]

Native frames: (J=compiled Java code, j=interpreted, Vv=VM code, C=native code)
V  [jvm.dll+0x6100fa]
V  [jvm.dll+0x747090]
V  [jvm.dll+0x7486ad]
V  [jvm.dll+0x748ce5]
V  [jvm.dll+0x748c9b]
V  [jvm.dll+0x60f224]
V  [jvm.dll+0x60f9b8]
C  [ntdll.dll+0xa241f]
C  [ntdll.dll+0x514a4]
C  [ntdll.dll+0xa0f4e]
C  0x000001843026112d

VM_Operation (0x0000007f65ffeab0): G1CollectForAllocation, mode: safepoint, requested by thread 0x00000184499bc800


---------------  P R O C E S S  ---------------

Threads class SMR info:
_java_thread_list=0x0000018448339cd0, length=86, elements={
0x000001842af6b800, 0x0000018446acc800, 0x0000018446ad8800, 0x0000018447472800,
0x0000018446ae8000, 0x0000018446aea800, 0x0000018446af0800, 0x0000018446af8000,
0x0000018446b04800, 0x00000184475a8000, 0x000001844977b800, 0x0000018449778800,
0x000001844ade2000, 0x000001844ae17000, 0x000001844ad34000, 0x00000184494e0800,
0x000001844b099000, 0x000001844aff6000, 0x00000184493a3800, 0x0000018449382000,
0x00000184499bc000, 0x00000184499b9800, 0x00000184499bb000, 0x00000184499bd800,
0x00000184499bc800, 0x00000184499be000, 0x00000184499bf000, 0x00000184499ba000,
0x00000184499c0000, 0x000001844c65c000, 0x000001844c65b800, 0x000001844c659000,
0x000001844c65d000, 0x000001844c658000, 0x000001844c657800, 0x000001844c65e000,
0x000001844c65a800, 0x000001844c65f800, 0x000001844c661000, 0x000001844c660800,
0x000001844c662000, 0x000001844c663000, 0x000001844c65e800, 0x000001844c663800,
0x000001844c664800, 0x000001844c665000, 0x000001844cb66800, 0x000001844cb61000,
0x000001844cb67800, 0x000001844cb65000, 0x000001844cb62800, 0x000001844cb65800,
0x000001844cb61800, 0x000001844cb68000, 0x000001844cb69000, 0x000001844cb63000,
0x000001844cb6a000, 0x000001844cb64000, 0x000001844cb6b800, 0x000001844cb6c000,
0x000001844cb6d000, 0x000001844cb6e000, 0x000001844cb6e800, 0x000001844cb6a800,
0x000001844cb6f800, 0x000001844843e800, 0x000001844843f000, 0x0000018448440000,
0x0000018448440800, 0x000001844843d800, 0x000001844843c800, 0x000001844843b000,
0x0000018448441800, 0x000001844843c000, 0x0000018448443000, 0x0000018448442800,
0x0000018448448000, 0x0000018448447000, 0x0000018448446800, 0x0000018448449800,
0x0000018448445800, 0x0000018448444000, 0x0000018448445000, 0x00000184478db800,
0x000001844b861000, 0x00000184478e1000
}

Java Threads: ( => current thread )
  0x000001842af6b800 JavaThread "main" [_thread_blocked, id=12528, stack(0x0000007f63c00000,0x0000007f63d00000)]
  0x0000018446acc800 JavaThread "Reference Handler" daemon [_thread_blocked, id=10496, stack(0x0000007f64300000,0x0000007f64400000)]
  0x0000018446ad8800 JavaThread "Finalizer" daemon [_thread_blocked, id=6064, stack(0x0000007f64400000,0x0000007f64500000)]
  0x0000018447472800 JavaThread "Signal Dispatcher" daemon [_thread_blocked, id=8948, stack(0x0000007f64500000,0x0000007f64600000)]
  0x0000018446ae8000 JavaThread "Attach Listener" daemon [_thread_blocked, id=912, stack(0x0000007f64600000,0x0000007f64700000)]
  0x0000018446aea800 JavaThread "Service Thread" daemon [_thread_blocked, id=5508, stack(0x0000007f64700000,0x0000007f64800000)]
  0x0000018446af0800 JavaThread "C2 CompilerThread0" daemon [_thread_blocked, id=9436, stack(0x0000007f64800000,0x0000007f64900000)]
  0x0000018446af8000 JavaThread "C1 CompilerThread0" daemon [_thread_blocked, id=11992, stack(0x0000007f64900000,0x0000007f64a00000)]
  0x0000018446b04800 JavaThread "Sweeper thread" daemon [_thread_blocked, id=12476, stack(0x0000007f64a00000,0x0000007f64b00000)]
  0x00000184475a8000 JavaThread "Common-Cleaner" daemon [_thread_blocked, id=9632, stack(0x0000007f64b00000,0x0000007f64c00000)]
  0x000001844977b800 JavaThread "Daemon health stats" [_thread_blocked, id=3504, stack(0x0000007f65000000,0x0000007f65100000)]
  0x0000018449778800 JavaThread "Incoming local TCP Connector on port 59976" [_thread_in_native, id=10160, stack(0x0000007f65100000,0x0000007f65200000)]
  0x000001844ade2000 JavaThread "Daemon periodic checks" [_thread_blocked, id=12932, stack(0x0000007f65200000,0x0000007f65300000)]
  0x000001844ae17000 JavaThread "Daemon" [_thread_blocked, id=3592, stack(0x0000007f65300000,0x0000007f65400000)]
  0x000001844ad34000 JavaThread "Handler for socket connection from /127.0.0.1:59976 to /127.0.0.1:59977" [_thread_in_native, id=12616, stack(0x0000007f65400000,0x0000007f65500000)]
  0x00000184494e0800 JavaThread "Cancel handler" [_thread_blocked, id=12264, stack(0x0000007f65500000,0x0000007f65600000)]
  0x000001844b099000 JavaThread "Daemon worker" [_thread_blocked, id=4280, stack(0x0000007f65600000,0x0000007f65700000)]
  0x000001844aff6000 JavaThread "Asynchronous log dispatcher for DefaultDaemonConnection: socket connection from /127.0.0.1:59976 to /127.0.0.1:59977" [_thread_blocked, id=13296, stack(0x0000007f65700000,0x0000007f65800000)]
  0x00000184493a3800 JavaThread "Stdin handler" [_thread_blocked, id=5572, stack(0x0000007f65800000,0x0000007f65900000)]
  0x0000018449382000 JavaThread "Daemon client event forwarder" [_thread_blocked, id=8980, stack(0x0000007f65900000,0x0000007f65a00000)]
  0x00000184499bc000 JavaThread "Cache worker for journal cache (C:\Users\lenovo\.gradle\caches\journal-1)" [_thread_blocked, id=12080, stack(0x0000007f65b00000,0x0000007f65c00000)]
  0x00000184499b9800 JavaThread "File lock request listener" [_thread_in_native, id=11244, stack(0x0000007f65c00000,0x0000007f65d00000)]
  0x00000184499bb000 JavaThread "Cache worker for file hash cache (C:\Users\lenovo\.gradle\caches\7.4\fileHashes)" [_thread_blocked, id=6872, stack(0x0000007f65d00000,0x0000007f65e00000)]
  0x00000184499bd800 JavaThread "File watcher server" daemon [_thread_blocked, id=3620, stack(0x0000007f65e00000,0x0000007f65f00000)]
  0x00000184499bc800 JavaThread "File watcher consumer" daemon [_thread_blocked, id=11256, stack(0x0000007f65f00000,0x0000007f66000000)]
  0x00000184499be000 JavaThread "Cache worker for checksums cache (D:\AndroidStudioProjects\Figgo_Application_Customer\.gradle\7.4\checksums)" [_thread_blocked, id=1200, stack(0x0000007f66000000,0x0000007f66100000)]
  0x00000184499bf000 JavaThread "Cache worker for cache directory md-rule (C:\Users\lenovo\.gradle\caches\7.4\md-rule)" [_thread_blocked, id=7408, stack(0x0000007f66100000,0x0000007f66200000)]
  0x00000184499ba000 JavaThread "Cache worker for file hash cache (D:\AndroidStudioProjects\Figgo_Application_Customer\.gradle\7.4\fileHashes)" [_thread_blocked, id=11044, stack(0x0000007f66200000,0x0000007f66300000)]
  0x00000184499c0000 JavaThread "Cache worker for cache directory md-supplier (C:\Users\lenovo\.gradle\caches\7.4\md-supplier)" [_thread_blocked, id=3868, stack(0x0000007f66300000,0x0000007f66400000)]
  0x000001844c65c000 JavaThread "Cache worker for execution history cache (C:\Users\lenovo\.gradle\caches\7.4\executionHistory)" [_thread_blocked, id=12368, stack(0x0000007f66400000,0x0000007f66500000)]
  0x000001844c65b800 JavaThread "jar transforms" [_thread_blocked, id=220, stack(0x0000007f66500000,0x0000007f66600000)]
  0x000001844c659000 JavaThread "Cache worker for file content cache (C:\Users\lenovo\.gradle\caches\7.4\fileContent)" [_thread_blocked, id=8820, stack(0x0000007f66600000,0x0000007f66700000)]
  0x000001844c65d000 JavaThread "jar transforms Thread 2" [_thread_blocked, id=2288, stack(0x0000007f66700000,0x0000007f66800000)]
  0x000001844c658000 JavaThread "Cache worker for dependencies-accessors (D:\AndroidStudioProjects\Figgo_Application_Customer\.gradle\7.4\dependencies-accessors)" [_thread_blocked, id=10996, stack(0x0000007f66800000,0x0000007f66900000)]
  0x000001844c657800 JavaThread "jar transforms Thread 3" [_thread_blocked, id=11276, stack(0x0000007f66900000,0x0000007f66a00000)]
  0x000001844c65e000 JavaThread "Cache worker for Build Output Cleanup Cache (D:\AndroidStudioProjects\Figgo_Application_Customer\.gradle\buildOutputCleanup)" [_thread_blocked, id=5480, stack(0x0000007f66a00000,0x0000007f66b00000)]
  0x000001844c65a800 JavaThread "Unconstrained build operations" [_thread_blocked, id=9588, stack(0x0000007f66b00000,0x0000007f66c00000)]
  0x000001844c65f800 JavaThread "Unconstrained build operations Thread 2" [_thread_blocked, id=12888, stack(0x0000007f66c00000,0x0000007f66d00000)]
  0x000001844c661000 JavaThread "Unconstrained build operations Thread 3" [_thread_blocked, id=10960, stack(0x0000007f66d00000,0x0000007f66e00000)]
  0x000001844c660800 JavaThread "Unconstrained build operations Thread 4" [_thread_blocked, id=7496, stack(0x0000007f66e00000,0x0000007f66f00000)]
  0x000001844c662000 JavaThread "Unconstrained build operations Thread 5" [_thread_blocked, id=9972, stack(0x0000007f66f00000,0x0000007f67000000)]
  0x000001844c663000 JavaThread "Unconstrained build operations Thread 6" [_thread_blocked, id=2964, stack(0x0000007f67000000,0x0000007f67100000)]
  0x000001844c65e800 JavaThread "Unconstrained build operations Thread 7" [_thread_blocked, id=4940, stack(0x0000007f67100000,0x0000007f67200000)]
  0x000001844c663800 JavaThread "Unconstrained build operations Thread 8" [_thread_blocked, id=596, stack(0x0000007f67200000,0x0000007f67300000)]
  0x000001844c664800 JavaThread "Unconstrained build operations Thread 9" [_thread_blocked, id=2152, stack(0x0000007f67300000,0x0000007f67400000)]
  0x000001844c665000 JavaThread "Unconstrained build operations Thread 10" [_thread_blocked, id=10036, stack(0x0000007f67400000,0x0000007f67500000)]
  0x000001844cb66800 JavaThread "Unconstrained build operations Thread 11" [_thread_blocked, id=108, stack(0x0000007f67500000,0x0000007f67600000)]
  0x000001844cb61000 JavaThread "Unconstrained build operations Thread 12" [_thread_blocked, id=11660, stack(0x0000007f67600000,0x0000007f67700000)]
  0x000001844cb67800 JavaThread "Unconstrained build operations Thread 13" [_thread_blocked, id=8384, stack(0x0000007f67700000,0x0000007f67800000)]
  0x000001844cb65000 JavaThread "Unconstrained build operations Thread 14" [_thread_blocked, id=11676, stack(0x0000007f67800000,0x0000007f67900000)]
  0x000001844cb62800 JavaThread "Unconstrained build operations Thread 15" [_thread_blocked, id=2304, stack(0x0000007f67900000,0x0000007f67a00000)]
  0x000001844cb65800 JavaThread "Unconstrained build operations Thread 16" [_thread_blocked, id=11472, stack(0x0000007f67a00000,0x0000007f67b00000)]
  0x000001844cb61800 JavaThread "Unconstrained build operations Thread 17" [_thread_blocked, id=13036, stack(0x0000007f67b00000,0x0000007f67c00000)]
  0x000001844cb68000 JavaThread "Unconstrained build operations Thread 18" [_thread_blocked, id=1436, stack(0x0000007f67c00000,0x0000007f67d00000)]
  0x000001844cb69000 JavaThread "Unconstrained build operations Thread 19" [_thread_blocked, id=11416, stack(0x0000007f67d00000,0x0000007f67e00000)]
  0x000001844cb63000 JavaThread "Unconstrained build operations Thread 20" [_thread_blocked, id=7748, stack(0x0000007f67e00000,0x0000007f67f00000)]
  0x000001844cb6a000 JavaThread "Unconstrained build operations Thread 21" [_thread_blocked, id=5960, stack(0x0000007f67f00000,0x0000007f68000000)]
  0x000001844cb64000 JavaThread "Unconstrained build operations Thread 22" [_thread_blocked, id=11572, stack(0x0000007f68000000,0x0000007f68100000)]
  0x000001844cb6b800 JavaThread "Unconstrained build operations Thread 23" [_thread_blocked, id=5716, stack(0x0000007f68100000,0x0000007f68200000)]
  0x000001844cb6c000 JavaThread "Unconstrained build operations Thread 24" [_thread_blocked, id=11384, stack(0x0000007f68200000,0x0000007f68300000)]
  0x000001844cb6d000 JavaThread "Unconstrained build operations Thread 25" [_thread_blocked, id=12904, stack(0x0000007f68300000,0x0000007f68400000)]
  0x000001844cb6e000 JavaThread "Unconstrained build operations Thread 26" [_thread_blocked, id=1636, stack(0x0000007f68400000,0x0000007f68500000)]
  0x000001844cb6e800 JavaThread "Unconstrained build operations Thread 27" [_thread_blocked, id=10808, stack(0x0000007f68500000,0x0000007f68600000)]
  0x000001844cb6a800 JavaThread "Unconstrained build operations Thread 28" [_thread_blocked, id=11308, stack(0x0000007f68600000,0x0000007f68700000)]
  0x000001844cb6f800 JavaThread "Unconstrained build operations Thread 29" [_thread_blocked, id=12564, stack(0x0000007f68700000,0x0000007f68800000)]
  0x000001844843e800 JavaThread "Unconstrained build operations Thread 30" [_thread_blocked, id=12296, stack(0x0000007f68800000,0x0000007f68900000)]
  0x000001844843f000 JavaThread "Unconstrained build operations Thread 31" [_thread_blocked, id=5708, stack(0x0000007f68900000,0x0000007f68a00000)]
  0x0000018448440000 JavaThread "Unconstrained build operations Thread 32" [_thread_blocked, id=12744, stack(0x0000007f68a00000,0x0000007f68b00000)]
  0x0000018448440800 JavaThread "Unconstrained build operations Thread 33" [_thread_blocked, id=6464, stack(0x0000007f68b00000,0x0000007f68c00000)]
  0x000001844843d800 JavaThread "Unconstrained build operations Thread 34" [_thread_blocked, id=2744, stack(0x0000007f68c00000,0x0000007f68d00000)]
  0x000001844843c800 JavaThread "Unconstrained build operations Thread 35" [_thread_blocked, id=12172, stack(0x0000007f68d00000,0x0000007f68e00000)]
  0x000001844843b000 JavaThread "Unconstrained build operations Thread 36" [_thread_blocked, id=2360, stack(0x0000007f68e00000,0x0000007f68f00000)]
  0x0000018448441800 JavaThread "Unconstrained build operations Thread 37" [_thread_blocked, id=7268, stack(0x0000007f68f00000,0x0000007f69000000)]
  0x000001844843c000 JavaThread "Unconstrained build operations Thread 38" [_thread_blocked, id=13208, stack(0x0000007f69000000,0x0000007f69100000)]
  0x0000018448443000 JavaThread "Unconstrained build operations Thread 39" [_thread_blocked, id=6680, stack(0x0000007f69100000,0x0000007f69200000)]
  0x0000018448442800 JavaThread "Unconstrained build operations Thread 40" [_thread_blocked, id=10188, stack(0x0000007f69200000,0x0000007f69300000)]
  0x0000018448448000 JavaThread "jar transforms Thread 4" [_thread_blocked, id=12548, stack(0x0000007f69300000,0x0000007f69400000)]
  0x0000018448447000 JavaThread "Memory manager" [_thread_blocked, id=9464, stack(0x0000007f69400000,0x0000007f69500000)]
  0x0000018448446800 JavaThread "build event listener" [_thread_blocked, id=12700, stack(0x0000007f69500000,0x0000007f69600000)]
  0x0000018448449800 JavaThread "included builds" [_thread_blocked, id=5876, stack(0x0000007f69600000,0x0000007f69700000)]
  0x0000018448445800 JavaThread "Execution worker for ':'" [_thread_blocked, id=13280, stack(0x0000007f69700000,0x0000007f69800000)]
  0x0000018448444000 JavaThread "Execution worker for ':' Thread 2" [_thread_blocked, id=12488, stack(0x0000007f69800000,0x0000007f69900000)]
  0x0000018448445000 JavaThread "Execution worker for ':' Thread 3" [_thread_blocked, id=9408, stack(0x0000007f69900000,0x0000007f69a00000)]
  0x00000184478db800 JavaThread "Cache worker for execution history cache (D:\AndroidStudioProjects\Figgo_Application_Customer\.gradle\7.4\executionHistory)" [_thread_blocked, id=3268, stack(0x0000007f69a00000,0x0000007f69b00000)]
  0x000001844b861000 JavaThread "C2 CompilerThread1" daemon [_thread_blocked, id=10648, stack(0x0000007f64d00000,0x0000007f64e00000)]
  0x00000184478e1000 JavaThread "Cache worker for Java compile cache (C:\Users\lenovo\.gradle\caches\7.4\javaCompile)" [_thread_blocked, id=10844, stack(0x0000007f69b00000,0x0000007f69c00000)]

Other Threads:
=>0x0000018446ac7800 VMThread "VM Thread" [stack: 0x0000007f64200000,0x0000007f64300000] [id=7192]
  0x00000184475bf800 WatcherThread [stack: 0x0000007f64c00000,0x0000007f64d00000] [id=11920]
  0x000001842af84800 GCTaskThread "GC Thread#0" [stack: 0x0000007f63d00000,0x0000007f63e00000] [id=12176]
  0x0000018448005800 GCTaskThread "GC Thread#1" [stack: 0x0000007f64e00000,0x0000007f64f00000] [id=9128]
  0x0000018447dbb000 GCTaskThread "GC Thread#2" [stack: 0x0000007f64f00000,0x0000007f65000000] [id=1800]
  0x0000018449414800 GCTaskThread "GC Thread#3" [stack: 0x0000007f65a00000,0x0000007f65b00000] [id=6828]
  0x000001842afb7800 ConcurrentGCThread "G1 Main Marker" [stack: 0x0000007f63e00000,0x0000007f63f00000] [id=1724]
  0x000001842afb9800 ConcurrentGCThread "G1 Conc#0" [stack: 0x0000007f63f00000,0x0000007f64000000] [id=6724]
  0x000001842b046800 ConcurrentGCThread "G1 Refine#0" [stack: 0x0000007f64000000,0x0000007f64100000] [id=9688]
  0x000001844abb6800 ConcurrentGCThread "G1 Refine#1" [stack: 0x0000007f63900000,0x0000007f63a00000] [id=12236]
  0x000001842b047800 ConcurrentGCThread "G1 Young RemSet Sampling" [stack: 0x0000007f64100000,0x0000007f64200000] [id=9244]

Threads with active compile tasks:
C2 CompilerThread0  35623 15640       4       com.sun.tools.javac.code.Types$SignatureGenerator::assembleSig (525 bytes)
C2 CompilerThread1  35623 15641       4       com.sun.tools.javac.code.Types$5::visitClassType (387 bytes)

VM state:at safepoint (normal execution)

VM Mutex/Monitor currently owned by a thread:  ([mutex/lock_event])
[0x000001842af671a0] Threads_lock - owner thread: 0x0000018446ac7800
[0x000001842af67f20] Heap_lock - owner thread: 0x00000184499bc800

Heap address: 0x0000000080000000, size: 2048 MB, Compressed Oops mode: 32-bit
Narrow klass base: 0x0000000000000000, Narrow klass shift: 3
Compressed class space size: 1073741824 Address: 0x0000000100000000

Heap:
 garbage-first heap   total 448512K, used 148901K [0x0000000080000000, 0x0000000100000000)
  region size 1024K, 1 young (1024K), 1 survivors (1024K)
 Metaspace       used 113566K, capacity 116041K, committed 116356K, reserved 1150976K
  class space    used 14116K, capacity 15057K, committed 15180K, reserved 1048576K
Heap Regions: E=young(eden), S=young(survivor), O=old, HS=humongous(starts), HC=humongous(continues), CS=collection set, F=free, A=archive, TAMS=top-at-mark-start (previous, next)
|   0|0x0000000080000000, 0x0000000080100000, 0x0000000080100000|100%|HS|  |TAMS 0x0000000080100000, 0x0000000080000000| Complete 
|   1|0x0000000080100000, 0x0000000080200000, 0x0000000080200000|100%|HC|  |TAMS 0x0000000080200000, 0x0000000080100000| Complete 
|   2|0x0000000080200000, 0x0000000080300000, 0x0000000080300000|100%|HC|  |TAMS 0x0000000080300000, 0x0000000080200000| Complete 
|   3|0x0000000080300000, 0x0000000080400000, 0x0000000080400000|100%| O|  |TAMS 0x0000000080400000, 0x0000000080300000| Untracked 
|   4|0x0000000080400000, 0x0000000080500000, 0x0000000080500000|100%| O|  |TAMS 0x0000000080500000, 0x0000000080400000| Untracked 
|   5|0x0000000080500000, 0x0000000080600000, 0x0000000080600000|100%| O|  |TAMS 0x0000000080600000, 0x0000000080500000| Untracked 
|   6|0x0000000080600000, 0x0000000080700000, 0x0000000080700000|100%| O|  |TAMS 0x0000000080700000, 0x0000000080600000| Untracked 
|   7|0x0000000080700000, 0x0000000080800000, 0x0000000080800000|100%| O|  |TAMS 0x0000000080800000, 0x0000000080700000| Untracked 
|   8|0x0000000080800000, 0x0000000080900000, 0x0000000080900000|100%| O|  |TAMS 0x0000000080900000, 0x0000000080800000| Untracked 
|   9|0x0000000080900000, 0x0000000080a00000, 0x0000000080a00000|100%| O|  |TAMS 0x0000000080a00000, 0x0000000080900000| Untracked 
|  10|0x0000000080a00000, 0x0000000080b00000, 0x0000000080b00000|100%| O|  |TAMS 0x0000000080b00000, 0x0000000080a00000| Untracked 
|  11|0x0000000080b00000, 0x0000000080c00000, 0x0000000080c00000|100%| O|  |TAMS 0x0000000080c00000, 0x0000000080b00000| Untracked 
|  12|0x0000000080c00000, 0x0000000080d00000, 0x0000000080d00000|100%| O|  |TAMS 0x0000000080d00000, 0x0000000080c00000| Untracked 
|  13|0x0000000080d00000, 0x0000000080e00000, 0x0000000080e00000|100%| O|  |TAMS 0x0000000080e00000, 0x0000000080d00000| Untracked 
|  14|0x0000000080e00000, 0x0000000080f00000, 0x0000000080f00000|100%| O|  |TAMS 0x0000000080f00000, 0x0000000080e00000| Untracked 
|  15|0x0000000080f00000, 0x0000000081000000, 0x0000000081000000|100%| O|  |TAMS 0x0000000081000000, 0x0000000080f00000| Complete 
|  16|0x0000000081000000, 0x0000000081100000, 0x0000000081100000|100%|HS|  |TAMS 0x0000000081100000, 0x0000000081000000| Complete 
|  17|0x0000000081100000, 0x0000000081200000, 0x0000000081200000|100%| O|  |TAMS 0x0000000081200000, 0x0000000081100000| Untracked 
|  18|0x0000000081200000, 0x0000000081300000, 0x0000000081300000|100%| O|  |TAMS 0x0000000081300000, 0x0000000081200000| Untracked 
|  19|0x0000000081300000, 0x0000000081400000, 0x0000000081400000|100%| O|  |TAMS 0x0000000081400000, 0x0000000081300000| Untracked 
|  20|0x0000000081400000, 0x0000000081500000, 0x0000000081500000|100%| O|  |TAMS 0x0000000081500000, 0x0000000081400000| Untracked 
|  21|0x0000000081500000, 0x0000000081600000, 0x0000000081600000|100%| O|  |TAMS 0x0000000081600000, 0x0000000081500000| Untracked 
|  22|0x0000000081600000, 0x0000000081700000, 0x0000000081700000|100%| O|  |TAMS 0x0000000081700000, 0x0000000081600000| Complete 
|  23|0x0000000081700000, 0x0000000081800000, 0x0000000081800000|100%|HS|  |TAMS 0x0000000081800000, 0x0000000081700000| Complete 
|  24|0x0000000081800000, 0x0000000081900000, 0x0000000081900000|100%|HS|  |TAMS 0x0000000081900000, 0x0000000081800000| Complete 
|  25|0x0000000081900000, 0x0000000081a00000, 0x0000000081a00000|100%|HS|  |TAMS 0x0000000081a00000, 0x0000000081900000| Complete 
|  26|0x0000000081a00000, 0x0000000081b00000, 0x0000000081b00000|100%|HC|  |TAMS 0x0000000081b00000, 0x0000000081a00000| Complete 
|  27|0x0000000081b00000, 0x0000000081c00000, 0x0000000081c00000|100%|HC|  |TAMS 0x0000000081c00000, 0x0000000081b00000| Complete 
|  28|0x0000000081c00000, 0x0000000081d00000, 0x0000000081d00000|100%|HC|  |TAMS 0x0000000081d00000, 0x0000000081c00000| Complete 
|  29|0x0000000081d00000, 0x0000000081e00000, 0x0000000081e00000|100%|HS|  |TAMS 0x0000000081e00000, 0x0000000081d00000| Complete 
|  30|0x0000000081e00000, 0x0000000081f00000, 0x0000000081f00000|100%|HC|  |TAMS 0x0000000081f00000, 0x0000000081e00000| Complete 
|  31|0x0000000081f00000, 0x0000000082000000, 0x0000000082000000|100%| O|  |TAMS 0x0000000082000000, 0x0000000081f00000| Untracked 
|  32|0x0000000082000000, 0x0000000082100000, 0x0000000082100000|100%| O|  |TAMS 0x0000000082100000, 0x0000000082000000| Untracked 
|  33|0x0000000082100000, 0x0000000082200000, 0x0000000082200000|100%| O|  |TAMS 0x0000000082200000, 0x0000000082100000| Untracked 
|  34|0x0000000082200000, 0x0000000082300000, 0x0000000082300000|100%| O|  |TAMS 0x0000000082300000, 0x0000000082200000| Untracked 
|  35|0x0000000082300000, 0x0000000082400000, 0x0000000082400000|100%| O|  |TAMS 0x0000000082400000, 0x0000000082300000| Untracked 
|  36|0x0000000082400000, 0x0000000082500000, 0x0000000082500000|100%| O|  |TAMS 0x0000000082500000, 0x0000000082400000| Untracked 
|  37|0x0000000082500000, 0x0000000082600000, 0x0000000082600000|100%| O|  |TAMS 0x0000000082600000, 0x0000000082500000| Complete 
|  38|0x0000000082600000, 0x0000000082700000, 0x0000000082700000|100%| O|  |TAMS 0x0000000082700000, 0x0000000082600000| Untracked 
|  39|0x0000000082700000, 0x0000000082800000, 0x0000000082800000|100%| O|  |TAMS 0x0000000082800000, 0x0000000082700000| Untracked 
|  40|0x0000000082800000, 0x0000000082900000, 0x0000000082900000|100%| O|  |TAMS 0x0000000082900000, 0x0000000082800000| Complete 
|  41|0x0000000082900000, 0x0000000082a00000, 0x0000000082a00000|100%| O|  |TAMS 0x0000000082a00000, 0x0000000082900000| Complete 
|  42|0x0000000082a00000, 0x0000000082b00000, 0x0000000082b00000|100%| O|  |TAMS 0x0000000082b00000, 0x0000000082a00000| Untracked 
|  43|0x0000000082b00000, 0x0000000082c00000, 0x0000000082c00000|100%| O|  |TAMS 0x0000000082c00000, 0x0000000082b00000| Untracked 
|  44|0x0000000082c00000, 0x0000000082d00000, 0x0000000082d00000|100%| O|  |TAMS 0x0000000082d00000, 0x0000000082c00000| Complete 
|  45|0x0000000082d00000, 0x0000000082e00000, 0x0000000082e00000|100%| O|  |TAMS 0x0000000082e00000, 0x0000000082d00000| Untracked 
|  46|0x0000000082e00000, 0x0000000082f00000, 0x0000000082f00000|100%| O|  |TAMS 0x0000000082f00000, 0x0000000082e00000| Untracked 
|  47|0x0000000082f00000, 0x0000000083000000, 0x0000000083000000|100%| O|  |TAMS 0x0000000083000000, 0x0000000082f00000| Untracked 
|  48|0x0000000083000000, 0x0000000083100000, 0x0000000083100000|100%| O|  |TAMS 0x0000000083100000, 0x0000000083000000| Untracked 
|  49|0x0000000083100000, 0x0000000083200000, 0x0000000083200000|100%| O|  |TAMS 0x0000000083200000, 0x0000000083100000| Complete 
|  50|0x0000000083200000, 0x0000000083300000, 0x0000000083300000|100%| O|  |TAMS 0x0000000083300000, 0x0000000083200000| Untracked 
|  51|0x0000000083300000, 0x0000000083400000, 0x0000000083400000|100%| O|  |TAMS 0x0000000083400000, 0x0000000083300000| Untracked 
|  52|0x0000000083400000, 0x0000000083500000, 0x0000000083500000|100%| O|  |TAMS 0x0000000083500000, 0x0000000083400000| Untracked 
|  53|0x0000000083500000, 0x0000000083600000, 0x0000000083600000|100%| O|  |TAMS 0x0000000083600000, 0x0000000083500000| Untracked 
|  54|0x0000000083600000, 0x0000000083700000, 0x0000000083700000|100%| O|  |TAMS 0x0000000083700000, 0x0000000083600000| Complete 
|  55|0x0000000083700000, 0x0000000083800000, 0x0000000083800000|100%| O|  |TAMS 0x0000000083800000, 0x0000000083700000| Untracked 
|  56|0x0000000083800000, 0x0000000083900000, 0x0000000083900000|100%| O|  |TAMS 0x0000000083900000, 0x0000000083800000| Untracked 
|  57|0x0000000083900000, 0x0000000083a00000, 0x0000000083a00000|100%| O|  |TAMS 0x0000000083a00000, 0x0000000083900000| Complete 
|  58|0x0000000083a00000, 0x0000000083b00000, 0x0000000083b00000|100%| O|  |TAMS 0x0000000083b00000, 0x0000000083a00000| Untracked 
|  59|0x0000000083b00000, 0x0000000083c00000, 0x0000000083c00000|100%| O|  |TAMS 0x0000000083c00000, 0x0000000083b00000| Untracked 
|  60|0x0000000083c00000, 0x0000000083d00000, 0x0000000083d00000|100%| O|  |TAMS 0x0000000083d00000, 0x0000000083c00000| Untracked 
|  61|0x0000000083d00000, 0x0000000083e00000, 0x0000000083e00000|100%| O|  |TAMS 0x0000000083e00000, 0x0000000083d00000| Untracked 
|  62|0x0000000083e00000, 0x0000000083f00000, 0x0000000083f00000|100%| O|  |TAMS 0x0000000083f00000, 0x0000000083e00000| Untracked 
|  63|0x0000000083f00000, 0x0000000084000000, 0x0000000084000000|100%| O|  |TAMS 0x0000000084000000, 0x0000000083f00000| Untracked 
|  64|0x0000000084000000, 0x0000000084100000, 0x0000000084100000|100%| O|  |TAMS 0x0000000084100000, 0x0000000084000000| Untracked 
|  65|0x0000000084100000, 0x0000000084200000, 0x0000000084200000|100%| O|  |TAMS 0x0000000084200000, 0x0000000084100000| Untracked 
|  66|0x0000000084200000, 0x0000000084300000, 0x0000000084300000|100%| O|  |TAMS 0x0000000084300000, 0x0000000084200000| Complete 
|  67|0x0000000084300000, 0x0000000084400000, 0x0000000084400000|100%| O|  |TAMS 0x0000000084400000, 0x0000000084300000| Untracked 
|  68|0x0000000084400000, 0x0000000084500000, 0x0000000084500000|100%| O|  |TAMS 0x0000000084500000, 0x0000000084400000| Untracked 
|  69|0x0000000084500000, 0x0000000084600000, 0x0000000084600000|100%| O|  |TAMS 0x0000000084600000, 0x0000000084500000| Untracked 
|  70|0x0000000084600000, 0x0000000084700000, 0x0000000084700000|100%| O|  |TAMS 0x0000000084700000, 0x0000000084600000| Untracked 
|  71|0x0000000084700000, 0x0000000084800000, 0x0000000084800000|100%| O|  |TAMS 0x0000000084800000, 0x0000000084700000| Untracked 
|  72|0x0000000084800000, 0x0000000084900000, 0x0000000084900000|100%| O|  |TAMS 0x0000000084900000, 0x0000000084800000| Untracked 
|  73|0x0000000084900000, 0x0000000084a00000, 0x0000000084a00000|100%| O|  |TAMS 0x0000000084a00000, 0x0000000084900000| Untracked 
|  74|0x0000000084a00000, 0x0000000084b00000, 0x0000000084b00000|100%| O|  |TAMS 0x0000000084b00000, 0x0000000084a00000| Complete 
|  75|0x0000000084b00000, 0x0000000084c00000, 0x0000000084c00000|100%| O|  |TAMS 0x0000000084c00000, 0x0000000084b00000| Untracked 
|  76|0x0000000084c00000, 0x0000000084d00000, 0x0000000084d00000|100%| O|  |TAMS 0x0000000084d00000, 0x0000000084c00000| Complete 
|  77|0x0000000084d00000, 0x0000000084e00000, 0x0000000084e00000|100%| O|  |TAMS 0x0000000084e00000, 0x0000000084d00000| Untracked 
|  78|0x0000000084e00000, 0x0000000084f00000, 0x0000000084f00000|100%| O|  |TAMS 0x0000000084f00000, 0x0000000084e00000| Untracked 
|  79|0x0000000084f00000, 0x0000000085000000, 0x0000000085000000|100%| O|  |TAMS 0x0000000085000000, 0x0000000084f00000| Untracked 
|  80|0x0000000085000000, 0x0000000085100000, 0x0000000085100000|100%| O|  |TAMS 0x0000000085100000, 0x0000000085000000| Untracked 
|  81|0x0000000085100000, 0x0000000085200000, 0x0000000085200000|100%| O|  |TAMS 0x0000000085200000, 0x0000000085100000| Untracked 
|  82|0x0000000085200000, 0x0000000085300000, 0x0000000085300000|100%| O|  |TAMS 0x0000000085300000, 0x0000000085200000| Untracked 
|  83|0x0000000085300000, 0x0000000085400000, 0x0000000085400000|100%| O|  |TAMS 0x0000000085400000, 0x0000000085300000| Complete 
|  84|0x0000000085400000, 0x0000000085500000, 0x0000000085500000|100%| O|  |TAMS 0x0000000085500000, 0x0000000085400000| Untracked 
|  85|0x0000000085500000, 0x0000000085600000, 0x0000000085600000|100%| O|  |TAMS 0x0000000085600000, 0x0000000085500000| Untracked 
|  86|0x0000000085600000, 0x0000000085700000, 0x0000000085700000|100%| O|  |TAMS 0x0000000085700000, 0x0000000085600000| Untracked 
|  87|0x0000000085700000, 0x0000000085800000, 0x0000000085800000|100%| O|  |TAMS 0x0000000085800000, 0x0000000085700000| Complete 
|  88|0x0000000085800000, 0x0000000085900000, 0x0000000085900000|100%| O|  |TAMS 0x0000000085900000, 0x0000000085800000| Untracked 
|  89|0x0000000085900000, 0x0000000085a00000, 0x0000000085a00000|100%| O|  |TAMS 0x0000000085a00000, 0x0000000085900000| Complete 
|  90|0x0000000085a00000, 0x0000000085b00000, 0x0000000085b00000|100%| O|  |TAMS 0x0000000085b00000, 0x0000000085a00000| Untracked 
|  91|0x0000000085b00000, 0x0000000085c00000, 0x0000000085c00000|100%| O|  |TAMS 0x0000000085c00000, 0x0000000085b00000| Untracked 
|  92|0x0000000085c00000, 0x0000000085d00000, 0x0000000085d00000|100%| O|  |TAMS 0x0000000085d00000, 0x0000000085c00000| Untracked 
|  93|0x0000000085d00000, 0x0000000085e00000, 0x0000000085e00000|100%| O|  |TAMS 0x0000000085e00000, 0x0000000085d00000| Complete 
|  94|0x0000000085e00000, 0x0000000085f00000, 0x0000000085f00000|100%|HS|  |TAMS 0x0000000085f00000, 0x0000000085e00000| Complete 
|  95|0x0000000085f00000, 0x0000000086000000, 0x0000000086000000|100%|HC|  |TAMS 0x0000000086000000, 0x0000000085f00000| Complete 
|  96|0x0000000086000000, 0x0000000086100000, 0x0000000086100000|100%| O|  |TAMS 0x0000000086100000, 0x0000000086000000| Untracked 
|  97|0x0000000086100000, 0x0000000086200000, 0x0000000086200000|100%| O|  |TAMS 0x0000000086200000, 0x0000000086100000| Complete 
|  98|0x0000000086200000, 0x0000000086300000, 0x0000000086300000|100%| O|  |TAMS 0x0000000086300000, 0x0000000086200000| Untracked 
|  99|0x0000000086300000, 0x0000000086400000, 0x0000000086400000|100%| O|  |TAMS 0x0000000086400000, 0x0000000086300000| Untracked 
| 100|0x0000000086400000, 0x0000000086500000, 0x0000000086500000|100%| O|  |TAMS 0x0000000086500000, 0x0000000086400000| Untracked 
| 101|0x0000000086500000, 0x0000000086600000, 0x0000000086600000|100%| O|  |TAMS 0x0000000086600000, 0x0000000086500000| Untracked 
| 102|0x0000000086600000, 0x0000000086700000, 0x0000000086700000|100%| O|  |TAMS 0x0000000086700000, 0x0000000086600000| Untracked 
| 103|0x0000000086700000, 0x0000000086800000, 0x0000000086800000|100%| O|  |TAMS 0x0000000086800000, 0x0000000086700000| Untracked 
| 104|0x0000000086800000, 0x0000000086900000, 0x0000000086900000|100%| O|  |TAMS 0x0000000086900000, 0x0000000086800000| Untracked 
| 105|0x0000000086900000, 0x0000000086a00000, 0x0000000086a00000|100%| O|  |TAMS 0x0000000086a00000, 0x0000000086900000| Untracked 
| 106|0x0000000086a00000, 0x0000000086b00000, 0x0000000086b00000|100%| O|  |TAMS 0x0000000086b00000, 0x0000000086a00000| Untracked 
| 107|0x0000000086b00000, 0x0000000086c00000, 0x0000000086c00000|100%| O|  |TAMS 0x0000000086c00000, 0x0000000086b00000| Untracked 
| 108|0x0000000086c00000, 0x0000000086d00000, 0x0000000086d00000|100%| O|  |TAMS 0x0000000086d00000, 0x0000000086c00000| Untracked 
| 109|0x0000000086d00000, 0x0000000086e00000, 0x0000000086e00000|100%| O|  |TAMS 0x0000000086e00000, 0x0000000086d00000| Untracked 
| 110|0x0000000086e00000, 0x0000000086f00000, 0x0000000086f00000|100%| O|  |TAMS 0x0000000086f00000, 0x0000000086e00000| Untracked 
| 111|0x0000000086f00000, 0x0000000087000000, 0x0000000087000000|100%| O|  |TAMS 0x0000000087000000, 0x0000000086f00000| Untracked 
| 112|0x0000000087000000, 0x0000000087100000, 0x0000000087100000|100%| O|  |TAMS 0x0000000087100000, 0x0000000087000000| Untracked 
| 113|0x0000000087100000, 0x0000000087200000, 0x0000000087200000|100%| O|  |TAMS 0x0000000087200000, 0x0000000087100000| Complete 
| 114|0x0000000087200000, 0x0000000087300000, 0x0000000087300000|100%| O|  |TAMS 0x0000000087300000, 0x0000000087200000| Complete 
| 115|0x0000000087300000, 0x0000000087400000, 0x0000000087400000|100%| O|  |TAMS 0x0000000087400000, 0x0000000087300000| Complete 
| 116|0x0000000087400000, 0x00000000874e2000, 0x0000000087500000| 88%| O|  |TAMS 0x0000000087400000, 0x0000000087400000| Untracked 
| 117|0x0000000087500000, 0x0000000087500000, 0x0000000087600000|  0%| F|  |TAMS 0x0000000087500000, 0x0000000087500000| Untracked 
| 118|0x0000000087600000, 0x0000000087600000, 0x0000000087700000|  0%| F|  |TAMS 0x0000000087600000, 0x0000000087600000| Untracked 
| 119|0x0000000087700000, 0x0000000087700000, 0x0000000087800000|  0%| F|  |TAMS 0x0000000087700000, 0x0000000087700000| Untracked 
| 120|0x0000000087800000, 0x0000000087800000, 0x0000000087900000|  0%| F|  |TAMS 0x0000000087800000, 0x0000000087800000| Untracked 
| 121|0x0000000087900000, 0x0000000087900000, 0x0000000087a00000|  0%| F|  |TAMS 0x0000000087900000, 0x0000000087900000| Untracked 
| 122|0x0000000087a00000, 0x0000000087a00000, 0x0000000087b00000|  0%| F|  |TAMS 0x0000000087a00000, 0x0000000087a00000| Untracked 
| 123|0x0000000087b00000, 0x0000000087b00000, 0x0000000087c00000|  0%| F|  |TAMS 0x0000000087b00000, 0x0000000087b00000| Untracked 
| 124|0x0000000087c00000, 0x0000000087c00000, 0x0000000087d00000|  0%| F|  |TAMS 0x0000000087c00000, 0x0000000087c00000| Untracked 
| 125|0x0000000087d00000, 0x0000000087d00000, 0x0000000087e00000|  0%| F|  |TAMS 0x0000000087d00000, 0x0000000087d00000| Untracked 
| 126|0x0000000087e00000, 0x0000000087e00000, 0x0000000087f00000|  0%| F|  |TAMS 0x0000000087e00000, 0x0000000087e00000| Untracked 
| 127|0x0000000087f00000, 0x0000000088000000, 0x0000000088000000|100%| O|  |TAMS 0x0000000088000000, 0x0000000087f00000| Complete 
| 128|0x0000000088000000, 0x0000000088000000, 0x0000000088100000|  0%| F|  |TAMS 0x0000000088000000, 0x0000000088000000| Untracked 
| 129|0x0000000088100000, 0x0000000088100000, 0x0000000088200000|  0%| F|  |TAMS 0x0000000088100000, 0x0000000088100000| Untracked 
| 130|0x0000000088200000, 0x0000000088200000, 0x0000000088300000|  0%| F|  |TAMS 0x0000000088200000, 0x0000000088200000| Untracked 
| 131|0x0000000088300000, 0x0000000088400000, 0x0000000088400000|100%| O|  |TAMS 0x0000000088400000, 0x0000000088300000| Complete 
| 132|0x0000000088400000, 0x0000000088400000, 0x0000000088500000|  0%| F|  |TAMS 0x0000000088400000, 0x0000000088400000| Untracked 
| 133|0x0000000088500000, 0x0000000088500000, 0x0000000088600000|  0%| F|  |TAMS 0x0000000088500000, 0x0000000088500000| Untracked 
| 134|0x0000000088600000, 0x0000000088600000, 0x0000000088700000|  0%| F|  |TAMS 0x0000000088600000, 0x0000000088600000| Untracked 
| 135|0x0000000088700000, 0x0000000088700000, 0x0000000088800000|  0%| F|  |TAMS 0x0000000088700000, 0x0000000088700000| Untracked 
| 136|0x0000000088800000, 0x0000000088800000, 0x0000000088900000|  0%| F|  |TAMS 0x0000000088800000, 0x0000000088800000| Untracked 
| 137|0x0000000088900000, 0x0000000088900000, 0x0000000088a00000|  0%| F|  |TAMS 0x0000000088900000, 0x0000000088900000| Untracked 
| 138|0x0000000088a00000, 0x0000000088a00000, 0x0000000088b00000|  0%| F|  |TAMS 0x0000000088a00000, 0x0000000088a00000| Untracked 
| 139|0x0000000088b00000, 0x0000000088b00000, 0x0000000088c00000|  0%| F|  |TAMS 0x0000000088b00000, 0x0000000088b00000| Untracked 
| 140|0x0000000088c00000, 0x0000000088c00000, 0x0000000088d00000|  0%| F|  |TAMS 0x0000000088c00000, 0x0000000088c00000| Untracked 
| 141|0x0000000088d00000, 0x0000000088d00000, 0x0000000088e00000|  0%| F|  |TAMS 0x0000000088d00000, 0x0000000088d00000| Untracked 
| 142|0x0000000088e00000, 0x0000000088e00000, 0x0000000088f00000|  0%| F|  |TAMS 0x0000000088e00000, 0x0000000088e00000| Untracked 
| 143|0x0000000088f00000, 0x0000000088f00000, 0x0000000089000000|  0%| F|  |TAMS 0x0000000088f00000, 0x0000000088f00000| Untracked 
| 144|0x0000000089000000, 0x0000000089000000, 0x0000000089100000|  0%| F|  |TAMS 0x0000000089000000, 0x0000000089000000| Untracked 
| 145|0x0000000089100000, 0x0000000089100000, 0x0000000089200000|  0%| F|  |TAMS 0x0000000089100000, 0x0000000089100000| Untracked 
| 146|0x0000000089200000, 0x0000000089200000, 0x0000000089300000|  0%| F|  |TAMS 0x0000000089200000, 0x0000000089200000| Untracked 
| 147|0x0000000089300000, 0x0000000089300000, 0x0000000089400000|  0%| F|  |TAMS 0x0000000089300000, 0x0000000089300000| Untracked 
| 148|0x0000000089400000, 0x0000000089400000, 0x0000000089500000|  0%| F|  |TAMS 0x0000000089400000, 0x0000000089400000| Untracked 
| 149|0x0000000089500000, 0x0000000089500000, 0x0000000089600000|  0%| F|  |TAMS 0x0000000089500000, 0x0000000089500000| Untracked 
| 150|0x0000000089600000, 0x0000000089700000, 0x0000000089700000|100%| O|  |TAMS 0x0000000089700000, 0x0000000089600000| Complete 
| 151|0x0000000089700000, 0x0000000089800000, 0x0000000089800000|100%| O|  |TAMS 0x0000000089800000, 0x0000000089700000| Complete 
| 152|0x0000000089800000, 0x0000000089800000, 0x0000000089900000|  0%| F|  |TAMS 0x0000000089800000, 0x0000000089800000| Untracked 
| 153|0x0000000089900000, 0x0000000089900000, 0x0000000089a00000|  0%| F|  |TAMS 0x0000000089900000, 0x0000000089900000| Untracked 
| 154|0x0000000089a00000, 0x0000000089b00000, 0x0000000089b00000|100%| O|  |TAMS 0x0000000089b00000, 0x0000000089a00000| Complete 
| 155|0x0000000089b00000, 0x0000000089c00000, 0x0000000089c00000|100%| O|  |TAMS 0x0000000089c00000, 0x0000000089b00000| Complete 
| 156|0x0000000089c00000, 0x0000000089d00000, 0x0000000089d00000|100%| O|  |TAMS 0x0000000089d00000, 0x0000000089c00000| Untracked 
| 157|0x0000000089d00000, 0x0000000089d00000, 0x0000000089e00000|  0%| F|  |TAMS 0x0000000089d00000, 0x0000000089d00000| Untracked 
| 158|0x0000000089e00000, 0x0000000089e00000, 0x0000000089f00000|  0%| F|  |TAMS 0x0000000089e00000, 0x0000000089e00000| Untracked 
| 159|0x0000000089f00000, 0x0000000089f00000, 0x000000008a000000|  0%| F|  |TAMS 0x0000000089f00000, 0x0000000089f00000| Untracked 
| 160|0x000000008a000000, 0x000000008a000000, 0x000000008a100000|  0%| F|  |TAMS 0x000000008a000000, 0x000000008a000000| Untracked 
| 161|0x000000008a100000, 0x000000008a100000, 0x000000008a200000|  0%| F|  |TAMS 0x000000008a100000, 0x000000008a100000| Untracked 
| 162|0x000000008a200000, 0x000000008a200000, 0x000000008a300000|  0%| F|  |TAMS 0x000000008a200000, 0x000000008a200000| Untracked 
| 163|0x000000008a300000, 0x000000008a300000, 0x000000008a400000|  0%| F|  |TAMS 0x000000008a300000, 0x000000008a300000| Untracked 
| 164|0x000000008a400000, 0x000000008a400000, 0x000000008a500000|  0%| F|  |TAMS 0x000000008a400000, 0x000000008a400000| Untracked 
| 165|0x000000008a500000, 0x000000008a500000, 0x000000008a600000|  0%| F|  |TAMS 0x000000008a500000, 0x000000008a500000| Untracked 
| 166|0x000000008a600000, 0x000000008a600000, 0x000000008a700000|  0%| F|  |TAMS 0x000000008a600000, 0x000000008a600000| Untracked 
| 167|0x000000008a700000, 0x000000008a700000, 0x000000008a800000|  0%| F|  |TAMS 0x000000008a700000, 0x000000008a700000| Untracked 
| 168|0x000000008a800000, 0x000000008a800000, 0x000000008a900000|  0%| F|  |TAMS 0x000000008a800000, 0x000000008a800000| Untracked 
| 169|0x000000008a900000, 0x000000008a900000, 0x000000008aa00000|  0%| F|  |TAMS 0x000000008a900000, 0x000000008a900000| Untracked 
| 170|0x000000008aa00000, 0x000000008ab00000, 0x000000008ab00000|100%| O|  |TAMS 0x000000008ab00000, 0x000000008aa00000| Complete 
| 171|0x000000008ab00000, 0x000000008ac00000, 0x000000008ac00000|100%| O|  |TAMS 0x000000008ac00000, 0x000000008ab00000| Complete 
| 172|0x000000008ac00000, 0x000000008ad00000, 0x000000008ad00000|100%| O|  |TAMS 0x000000008ad00000, 0x000000008ac00000| Complete 
| 173|0x000000008ad00000, 0x000000008ae00000, 0x000000008ae00000|100%| O|  |TAMS 0x000000008ae00000, 0x000000008ad00000| Complete 
| 174|0x000000008ae00000, 0x000000008af00000, 0x000000008af00000|100%| O|  |TAMS 0x000000008af00000, 0x000000008ae00000| Complete 
| 175|0x000000008af00000, 0x000000008af00000, 0x000000008b000000|  0%| F|  |TAMS 0x000000008af00000, 0x000000008af00000| Untracked 
| 176|0x000000008b000000, 0x000000008b000000, 0x000000008b100000|  0%| F|  |TAMS 0x000000008b000000, 0x000000008b000000| Untracked 
| 177|0x000000008b100000, 0x000000008b200000, 0x000000008b200000|100%| O|  |TAMS 0x000000008b200000, 0x000000008b100000| Complete 
| 178|0x000000008b200000, 0x000000008b300000, 0x000000008b300000|100%| O|  |TAMS 0x000000008b300000, 0x000000008b200000| Complete 
| 179|0x000000008b300000, 0x000000008b400000, 0x000000008b400000|100%| O|  |TAMS 0x000000008b400000, 0x000000008b300000| Complete 
| 180|0x000000008b400000, 0x000000008b500000, 0x000000008b500000|100%| O|  |TAMS 0x000000008b500000, 0x000000008b400000| Complete 
| 181|0x000000008b500000, 0x000000008b500000, 0x000000008b600000|  0%| F|  |TAMS 0x000000008b500000, 0x000000008b500000| Untracked 
| 182|0x000000008b600000, 0x000000008b600000, 0x000000008b700000|  0%| F|  |TAMS 0x000000008b600000, 0x000000008b600000| Untracked 
| 183|0x000000008b700000, 0x000000008b700000, 0x000000008b800000|  0%| F|  |TAMS 0x000000008b700000, 0x000000008b700000| Untracked 
| 184|0x000000008b800000, 0x000000008b800000, 0x000000008b900000|  0%| F|  |TAMS 0x000000008b800000, 0x000000008b800000| Untracked 
| 185|0x000000008b900000, 0x000000008b900000, 0x000000008ba00000|  0%| F|  |TAMS 0x000000008b900000, 0x000000008b900000| Untracked 
| 186|0x000000008ba00000, 0x000000008ba00000, 0x000000008bb00000|  0%| F|  |TAMS 0x000000008ba00000, 0x000000008ba00000| Untracked 
| 187|0x000000008bb00000, 0x000000008bb00000, 0x000000008bc00000|  0%| F|  |TAMS 0x000000008bb00000, 0x000000008bb00000| Untracked 
| 188|0x000000008bc00000, 0x000000008bc00000, 0x000000008bd00000|  0%| F|  |TAMS 0x000000008bc00000, 0x000000008bc00000| Untracked 
| 189|0x000000008bd00000, 0x000000008bd00000, 0x000000008be00000|  0%| F|  |TAMS 0x000000008bd00000, 0x000000008bd00000| Untracked 
| 190|0x000000008be00000, 0x000000008be00000, 0x000000008bf00000|  0%| F|  |TAMS 0x000000008be00000, 0x000000008be00000| Untracked 
| 191|0x000000008bf00000, 0x000000008bf00000, 0x000000008c000000|  0%| F|  |TAMS 0x000000008bf00000, 0x000000008bf00000| Untracked 
| 192|0x000000008c000000, 0x000000008c000000, 0x000000008c100000|  0%| F|  |TAMS 0x000000008c000000, 0x000000008c000000| Untracked 
| 193|0x000000008c100000, 0x000000008c100000, 0x000000008c200000|  0%| F|  |TAMS 0x000000008c100000, 0x000000008c100000| Untracked 
| 194|0x000000008c200000, 0x000000008c200000, 0x000000008c300000|  0%| F|  |TAMS 0x000000008c200000, 0x000000008c200000| Untracked 
| 195|0x000000008c300000, 0x000000008c300000, 0x000000008c400000|  0%| F|  |TAMS 0x000000008c300000, 0x000000008c300000| Untracked 
| 196|0x000000008c400000, 0x000000008c400000, 0x000000008c500000|  0%| F|  |TAMS 0x000000008c400000, 0x000000008c400000| Untracked 
| 197|0x000000008c500000, 0x000000008c500000, 0x000000008c600000|  0%| F|  |TAMS 0x000000008c500000, 0x000000008c500000| Untracked 
| 198|0x000000008c600000, 0x000000008c600000, 0x000000008c700000|  0%| F|  |TAMS 0x000000008c600000, 0x000000008c600000| Untracked 
| 199|0x000000008c700000, 0x000000008c700000, 0x000000008c800000|  0%| F|  |TAMS 0x000000008c700000, 0x000000008c700000| Untracked 
| 200|0x000000008c800000, 0x000000008c800000, 0x000000008c900000|  0%| F|  |TAMS 0x000000008c800000, 0x000000008c800000| Untracked 
| 201|0x000000008c900000, 0x000000008c900000, 0x000000008ca00000|  0%| F|  |TAMS 0x000000008c900000, 0x000000008c900000| Untracked 
| 202|0x000000008ca00000, 0x000000008ca00000, 0x000000008cb00000|  0%| F|  |TAMS 0x000000008ca00000, 0x000000008ca00000| Untracked 
| 203|0x000000008cb00000, 0x000000008cc00000, 0x000000008cc00000|100%| O|  |TAMS 0x000000008cc00000, 0x000000008cb00000| Complete 
| 204|0x000000008cc00000, 0x000000008cc00000, 0x000000008cd00000|  0%| F|  |TAMS 0x000000008cc00000, 0x000000008cc00000| Untracked 
| 205|0x000000008cd00000, 0x000000008cd00000, 0x000000008ce00000|  0%| F|  |TAMS 0x000000008cd00000, 0x000000008cd00000| Untracked 
| 206|0x000000008ce00000, 0x000000008ce00000, 0x000000008cf00000|  0%| F|  |TAMS 0x000000008ce00000, 0x000000008ce00000| Untracked 
| 207|0x000000008cf00000, 0x000000008d000000, 0x000000008d000000|100%| O|  |TAMS 0x000000008d000000, 0x000000008cf00000| Complete 
| 208|0x000000008d000000, 0x000000008d100000, 0x000000008d100000|100%| O|  |TAMS 0x000000008d100000, 0x000000008d000000| Complete 
| 209|0x000000008d100000, 0x000000008d100000, 0x000000008d200000|  0%| F|  |TAMS 0x000000008d100000, 0x000000008d100000| Untracked 
| 210|0x000000008d200000, 0x000000008d200000, 0x000000008d300000|  0%| F|  |TAMS 0x000000008d200000, 0x000000008d200000| Untracked 
| 211|0x000000008d300000, 0x000000008d300000, 0x000000008d400000|  0%| F|  |TAMS 0x000000008d300000, 0x000000008d300000| Untracked 
| 212|0x000000008d400000, 0x000000008d500000, 0x000000008d500000|100%| O|  |TAMS 0x000000008d500000, 0x000000008d400000| Complete 
| 213|0x000000008d500000, 0x000000008d600000, 0x000000008d600000|100%| O|  |TAMS 0x000000008d600000, 0x000000008d500000| Complete 
| 214|0x000000008d600000, 0x000000008d700000, 0x000000008d700000|100%| O|  |TAMS 0x000000008d700000, 0x000000008d600000| Complete 
| 215|0x000000008d700000, 0x000000008d800000, 0x000000008d800000|100%| O|  |TAMS 0x000000008d800000, 0x000000008d700000| Complete 
| 216|0x000000008d800000, 0x000000008d800000, 0x000000008d900000|  0%| F|  |TAMS 0x000000008d800000, 0x000000008d800000| Untracked 
| 217|0x000000008d900000, 0x000000008d900000, 0x000000008da00000|  0%| F|  |TAMS 0x000000008d900000, 0x000000008d900000| Untracked 
| 218|0x000000008da00000, 0x000000008da00000, 0x000000008db00000|  0%| F|  |TAMS 0x000000008da00000, 0x000000008da00000| Untracked 
| 219|0x000000008db00000, 0x000000008db00000, 0x000000008dc00000|  0%| F|  |TAMS 0x000000008db00000, 0x000000008db00000| Untracked 
| 220|0x000000008dc00000, 0x000000008dc00000, 0x000000008dd00000|  0%| F|  |TAMS 0x000000008dc00000, 0x000000008dc00000| Untracked 
| 221|0x000000008dd00000, 0x000000008dd00000, 0x000000008de00000|  0%| F|  |TAMS 0x000000008dd00000, 0x000000008dd00000| Untracked 
| 222|0x000000008de00000, 0x000000008de00000, 0x000000008df00000|  0%| F|  |TAMS 0x000000008de00000, 0x000000008de00000| Untracked 
| 223|0x000000008df00000, 0x000000008df00000, 0x000000008e000000|  0%| F|  |TAMS 0x000000008df00000, 0x000000008df00000| Untracked 
| 224|0x000000008e000000, 0x000000008e000000, 0x000000008e100000|  0%| F|  |TAMS 0x000000008e000000, 0x000000008e000000| Untracked 
| 225|0x000000008e100000, 0x000000008e100000, 0x000000008e200000|  0%| F|  |TAMS 0x000000008e100000, 0x000000008e100000| Untracked 
| 226|0x000000008e200000, 0x000000008e200000, 0x000000008e300000|  0%| F|  |TAMS 0x000000008e200000, 0x000000008e200000| Untracked 
| 227|0x000000008e300000, 0x000000008e400000, 0x000000008e400000|100%| O|  |TAMS 0x000000008e400000, 0x000000008e300000| Complete 
| 228|0x000000008e400000, 0x000000008e400000, 0x000000008e500000|  0%| F|  |TAMS 0x000000008e400000, 0x000000008e400000| Untracked 
| 229|0x000000008e500000, 0x000000008e500000, 0x000000008e600000|  0%| F|  |TAMS 0x000000008e500000, 0x000000008e500000| Untracked 
| 230|0x000000008e600000, 0x000000008e600000, 0x000000008e700000|  0%| F|  |TAMS 0x000000008e600000, 0x000000008e600000| Untracked 
| 231|0x000000008e700000, 0x000000008e700000, 0x000000008e800000|  0%| F|  |TAMS 0x000000008e700000, 0x000000008e700000| Untracked 
| 232|0x000000008e800000, 0x000000008e800000, 0x000000008e900000|  0%| F|  |TAMS 0x000000008e800000, 0x000000008e800000| Untracked 
| 233|0x000000008e900000, 0x000000008e900000, 0x000000008ea00000|  0%| F|  |TAMS 0x000000008e900000, 0x000000008e900000| Untracked 
| 234|0x000000008ea00000, 0x000000008ea00000, 0x000000008eb00000|  0%| F|  |TAMS 0x000000008ea00000, 0x000000008ea00000| Untracked 
| 235|0x000000008eb00000, 0x000000008eb00000, 0x000000008ec00000|  0%| F|  |TAMS 0x000000008eb00000, 0x000000008eb00000| Untracked 
| 236|0x000000008ec00000, 0x000000008ec00000, 0x000000008ed00000|  0%| F|  |TAMS 0x000000008ec00000, 0x000000008ec00000| Untracked 
| 237|0x000000008ed00000, 0x000000008ed00000, 0x000000008ee00000|  0%| F|  |TAMS 0x000000008ed00000, 0x000000008ed00000| Untracked 
| 238|0x000000008ee00000, 0x000000008ee00000, 0x000000008ef00000|  0%| F|  |TAMS 0x000000008ee00000, 0x000000008ee00000| Untracked 
| 239|0x000000008ef00000, 0x000000008ef00000, 0x000000008f000000|  0%| F|  |TAMS 0x000000008ef00000, 0x000000008ef00000| Untracked 
| 240|0x000000008f000000, 0x000000008f000000, 0x000000008f100000|  0%| F|  |TAMS 0x000000008f000000, 0x000000008f000000| Untracked 
| 241|0x000000008f100000, 0x000000008f100000, 0x000000008f200000|  0%| F|  |TAMS 0x000000008f100000, 0x000000008f100000| Untracked 
| 242|0x000000008f200000, 0x000000008f200000, 0x000000008f300000|  0%| F|  |TAMS 0x000000008f200000, 0x000000008f200000| Untracked 
| 243|0x000000008f300000, 0x000000008f300000, 0x000000008f400000|  0%| F|  |TAMS 0x000000008f300000, 0x000000008f300000| Untracked 
| 244|0x000000008f400000, 0x000000008f400000, 0x000000008f500000|  0%| F|  |TAMS 0x000000008f400000, 0x000000008f400000| Untracked 
| 245|0x000000008f500000, 0x000000008f500000, 0x000000008f600000|  0%| F|  |TAMS 0x000000008f500000, 0x000000008f500000| Untracked 
| 246|0x000000008f600000, 0x000000008f600000, 0x000000008f700000|  0%| F|  |TAMS 0x000000008f600000, 0x000000008f600000| Untracked 
| 247|0x000000008f700000, 0x000000008f700000, 0x000000008f800000|  0%| F|  |TAMS 0x000000008f700000, 0x000000008f700000| Untracked 
| 248|0x000000008f800000, 0x000000008f800000, 0x000000008f900000|  0%| F|  |TAMS 0x000000008f800000, 0x000000008f800000| Untracked 
| 249|0x000000008f900000, 0x000000008f900000, 0x000000008fa00000|  0%| F|  |TAMS 0x000000008f900000, 0x000000008f900000| Untracked 
| 250|0x000000008fa00000, 0x000000008fa00000, 0x000000008fb00000|  0%| F|  |TAMS 0x000000008fa00000, 0x000000008fa00000| Untracked 
| 251|0x000000008fb00000, 0x000000008fb00000, 0x000000008fc00000|  0%| F|  |TAMS 0x000000008fb00000, 0x000000008fb00000| Untracked 
| 252|0x000000008fc00000, 0x000000008fc00000, 0x000000008fd00000|  0%| F|  |TAMS 0x000000008fc00000, 0x000000008fc00000| Untracked 
| 253|0x000000008fd00000, 0x000000008fd00000, 0x000000008fe00000|  0%| F|  |TAMS 0x000000008fd00000, 0x000000008fd00000| Untracked 
| 254|0x000000008fe00000, 0x000000008fe00000, 0x000000008ff00000|  0%| F|  |TAMS 0x000000008fe00000, 0x000000008fe00000| Untracked 
| 255|0x000000008ff00000, 0x000000008ff00000, 0x0000000090000000|  0%| F|  |TAMS 0x000000008ff00000, 0x000000008ff00000| Untracked 
| 256|0x0000000090000000, 0x0000000090000000, 0x0000000090100000|  0%| F|  |TAMS 0x0000000090000000, 0x0000000090000000| Untracked 
| 257|0x0000000090100000, 0x0000000090100000, 0x0000000090200000|  0%| F|  |TAMS 0x0000000090100000, 0x0000000090100000| Untracked 
| 258|0x0000000090200000, 0x0000000090200000, 0x0000000090300000|  0%| F|  |TAMS 0x0000000090200000, 0x0000000090200000| Untracked 
| 259|0x0000000090300000, 0x0000000090300000, 0x0000000090400000|  0%| F|  |TAMS 0x0000000090300000, 0x0000000090300000| Untracked 
| 260|0x0000000090400000, 0x0000000090400000, 0x0000000090500000|  0%| F|  |TAMS 0x0000000090400000, 0x0000000090400000| Untracked 
| 261|0x0000000090500000, 0x0000000090600000, 0x0000000090600000|100%| O|  |TAMS 0x0000000090600000, 0x0000000090500000| Complete 
| 262|0x0000000090600000, 0x0000000090600000, 0x0000000090700000|  0%| F|  |TAMS 0x0000000090600000, 0x0000000090600000| Untracked 
| 263|0x0000000090700000, 0x0000000090700000, 0x0000000090800000|  0%| F|  |TAMS 0x0000000090700000, 0x0000000090700000| Untracked 
| 264|0x0000000090800000, 0x0000000090800000, 0x0000000090900000|  0%| F|  |TAMS 0x0000000090800000, 0x0000000090800000| Untracked 
| 265|0x0000000090900000, 0x0000000090900000, 0x0000000090a00000|  0%| F|  |TAMS 0x0000000090900000, 0x0000000090900000| Untracked 
| 266|0x0000000090a00000, 0x0000000090a00000, 0x0000000090b00000|  0%| F|  |TAMS 0x0000000090a00000, 0x0000000090a00000| Untracked 
| 267|0x0000000090b00000, 0x0000000090b00000, 0x0000000090c00000|  0%| F|  |TAMS 0x0000000090b00000, 0x0000000090b00000| Untracked 
| 268|0x0000000090c00000, 0x0000000090d00000, 0x0000000090d00000|100%| O|  |TAMS 0x0000000090d00000, 0x0000000090c00000| Complete 
| 269|0x0000000090d00000, 0x0000000090d00000, 0x0000000090e00000|  0%| F|  |TAMS 0x0000000090d00000, 0x0000000090d00000| Untracked 
| 270|0x0000000090e00000, 0x0000000090e00000, 0x0000000090f00000|  0%| F|  |TAMS 0x0000000090e00000, 0x0000000090e00000| Untracked 
| 271|0x0000000090f00000, 0x0000000091000000, 0x0000000091000000|100%| O|  |TAMS 0x0000000091000000, 0x0000000090f00000| Complete 
| 272|0x0000000091000000, 0x0000000091100000, 0x0000000091100000|100%| O|  |TAMS 0x00000000910aa800, 0x0000000091000000| Untracked 
| 273|0x0000000091100000, 0x0000000091100000, 0x0000000091200000|  0%| F|  |TAMS 0x0000000091100000, 0x0000000091100000| Untracked 
| 274|0x0000000091200000, 0x0000000091200000, 0x0000000091300000|  0%| F|  |TAMS 0x0000000091200000, 0x0000000091200000| Untracked 
| 275|0x0000000091300000, 0x0000000091300000, 0x0000000091400000|  0%| F|  |TAMS 0x0000000091300000, 0x0000000091300000| Untracked 
| 276|0x0000000091400000, 0x0000000091400000, 0x0000000091500000|  0%| F|  |TAMS 0x0000000091400000, 0x0000000091400000| Untracked 
| 277|0x0000000091500000, 0x0000000091500000, 0x0000000091600000|  0%| F|  |TAMS 0x0000000091500000, 0x0000000091500000| Untracked 
| 278|0x0000000091600000, 0x0000000091600000, 0x0000000091700000|  0%| F|  |TAMS 0x0000000091600000, 0x0000000091600000| Untracked 
| 279|0x0000000091700000, 0x0000000091700000, 0x0000000091800000|  0%| F|  |TAMS 0x0000000091700000, 0x0000000091700000| Untracked 
| 280|0x0000000091800000, 0x0000000091800000, 0x0000000091900000|  0%| F|  |TAMS 0x0000000091800000, 0x0000000091800000| Untracked 
| 281|0x0000000091900000, 0x0000000091900000, 0x0000000091a00000|  0%| F|  |TAMS 0x0000000091900000, 0x0000000091900000| Untracked 
| 282|0x0000000091a00000, 0x0000000091a00000, 0x0000000091b00000|  0%| F|  |TAMS 0x0000000091a00000, 0x0000000091a00000| Untracked 
| 283|0x0000000091b00000, 0x0000000091b00000, 0x0000000091c00000|  0%| F|  |TAMS 0x0000000091b00000, 0x0000000091b00000| Untracked 
| 284|0x0000000091c00000, 0x0000000091c00000, 0x0000000091d00000|  0%| F|  |TAMS 0x0000000091c00000, 0x0000000091c00000| Untracked 
| 285|0x0000000091d00000, 0x0000000091d00000, 0x0000000091e00000|  0%| F|  |TAMS 0x0000000091d00000, 0x0000000091d00000| Untracked 
| 286|0x0000000091e00000, 0x0000000091e00000, 0x0000000091f00000|  0%| F|  |TAMS 0x0000000091e00000, 0x0000000091e00000| Untracked 
| 287|0x0000000091f00000, 0x0000000091f00000, 0x0000000092000000|  0%| F|  |TAMS 0x0000000091f00000, 0x0000000091f00000| Untracked 
| 288|0x0000000092000000, 0x0000000092000000, 0x0000000092100000|  0%| F|  |TAMS 0x0000000092000000, 0x0000000092000000| Untracked 
| 289|0x0000000092100000, 0x0000000092100000, 0x0000000092200000|  0%| F|  |TAMS 0x0000000092100000, 0x0000000092100000| Untracked 
| 290|0x0000000092200000, 0x0000000092200000, 0x0000000092300000|  0%| F|  |TAMS 0x0000000092200000, 0x0000000092200000| Untracked 
| 291|0x0000000092300000, 0x0000000092300000, 0x0000000092400000|  0%| F|  |TAMS 0x0000000092300000, 0x0000000092300000| Untracked 
| 292|0x0000000092400000, 0x0000000092400000, 0x0000000092500000|  0%| F|  |TAMS 0x0000000092400000, 0x0000000092400000| Untracked 
| 293|0x0000000092500000, 0x0000000092500000, 0x0000000092600000|  0%| F|  |TAMS 0x0000000092500000, 0x0000000092500000| Untracked 
| 294|0x0000000092600000, 0x0000000092600000, 0x0000000092700000|  0%| F|  |TAMS 0x0000000092600000, 0x0000000092600000| Untracked 
| 295|0x0000000092700000, 0x0000000092700000, 0x0000000092800000|  0%| F|  |TAMS 0x0000000092700000, 0x0000000092700000| Untracked 
| 296|0x0000000092800000, 0x0000000092800000, 0x0000000092900000|  0%| F|  |TAMS 0x0000000092800000, 0x0000000092800000| Untracked 
| 297|0x0000000092900000, 0x0000000092900000, 0x0000000092a00000|  0%| F|  |TAMS 0x0000000092900000, 0x0000000092900000| Untracked 
| 298|0x0000000092a00000, 0x0000000092a00000, 0x0000000092b00000|  0%| F|  |TAMS 0x0000000092a00000, 0x0000000092a00000| Untracked 
| 299|0x0000000092b00000, 0x0000000092b00000, 0x0000000092c00000|  0%| F|  |TAMS 0x0000000092b00000, 0x0000000092b00000| Untracked 
| 300|0x0000000092c00000, 0x0000000092c00000, 0x0000000092d00000|  0%| F|  |TAMS 0x0000000092c00000, 0x0000000092c00000| Untracked 
| 301|0x0000000092d00000, 0x0000000092d00000, 0x0000000092e00000|  0%| F|  |TAMS 0x0000000092d00000, 0x0000000092d00000| Untracked 
| 302|0x0000000092e00000, 0x0000000092e00000, 0x0000000092f00000|  0%| F|  |TAMS 0x0000000092e00000, 0x0000000092e00000| Untracked 
| 303|0x0000000092f00000, 0x0000000092f00000, 0x0000000093000000|  0%| F|  |TAMS 0x0000000092f00000, 0x0000000092f00000| Untracked 
| 304|0x0000000093000000, 0x0000000093000000, 0x0000000093100000|  0%| F|  |TAMS 0x0000000093000000, 0x0000000093000000| Untracked 
| 305|0x0000000093100000, 0x0000000093100000, 0x0000000093200000|  0%| F|  |TAMS 0x0000000093100000, 0x0000000093100000| Untracked 
| 306|0x0000000093200000, 0x0000000093200000, 0x0000000093300000|  0%| F|  |TAMS 0x0000000093200000, 0x0000000093200000| Untracked 
| 307|0x0000000093300000, 0x0000000093300000, 0x0000000093400000|  0%| F|  |TAMS 0x0000000093300000, 0x0000000093300000| Untracked 
| 308|0x0000000093400000, 0x0000000093400000, 0x0000000093500000|  0%| F|  |TAMS 0x0000000093400000, 0x0000000093400000| Untracked 
| 309|0x0000000093500000, 0x0000000093500000, 0x0000000093600000|  0%| F|  |TAMS 0x0000000093500000, 0x0000000093500000| Untracked 
| 310|0x0000000093600000, 0x0000000093600000, 0x0000000093700000|  0%| F|  |TAMS 0x0000000093600000, 0x0000000093600000| Untracked 
| 311|0x0000000093700000, 0x0000000093700000, 0x0000000093800000|  0%| F|  |TAMS 0x0000000093700000, 0x0000000093700000| Untracked 
| 312|0x0000000093800000, 0x0000000093887438, 0x0000000093900000| 52%| S|CS|TAMS 0x0000000093800000, 0x0000000093800000| Complete 
| 313|0x0000000093900000, 0x0000000093900000, 0x0000000093a00000|  0%| F|  |TAMS 0x0000000093900000, 0x0000000093900000| Untracked 
| 314|0x0000000093a00000, 0x0000000093a00000, 0x0000000093b00000|  0%| F|  |TAMS 0x0000000093a00000, 0x0000000093a00000| Untracked 
| 315|0x0000000093b00000, 0x0000000093b00000, 0x0000000093c00000|  0%| F|  |TAMS 0x0000000093b00000, 0x0000000093b00000| Untracked 
| 316|0x0000000093c00000, 0x0000000093c00000, 0x0000000093d00000|  0%| F|  |TAMS 0x0000000093c00000, 0x0000000093c00000| Untracked 
| 317|0x0000000093d00000, 0x0000000093d00000, 0x0000000093e00000|  0%| F|  |TAMS 0x0000000093d00000, 0x0000000093d00000| Untracked 
| 318|0x0000000093e00000, 0x0000000093e00000, 0x0000000093f00000|  0%| F|  |TAMS 0x0000000093e00000, 0x0000000093e00000| Untracked 
| 319|0x0000000093f00000, 0x0000000093f00000, 0x0000000094000000|  0%| F|  |TAMS 0x0000000093f00000, 0x0000000093f00000| Untracked 
| 320|0x0000000094000000, 0x0000000094000000, 0x0000000094100000|  0%| F|  |TAMS 0x0000000094000000, 0x0000000094000000| Untracked 
| 321|0x0000000094100000, 0x0000000094100000, 0x0000000094200000|  0%| F|  |TAMS 0x0000000094100000, 0x0000000094100000| Untracked 
| 322|0x0000000094200000, 0x0000000094200000, 0x0000000094300000|  0%| F|  |TAMS 0x0000000094200000, 0x0000000094200000| Untracked 
| 323|0x0000000094300000, 0x0000000094300000, 0x0000000094400000|  0%| F|  |TAMS 0x0000000094300000, 0x0000000094300000| Untracked 
| 324|0x0000000094400000, 0x0000000094400000, 0x0000000094500000|  0%| F|  |TAMS 0x0000000094400000, 0x0000000094400000| Untracked 
| 325|0x0000000094500000, 0x0000000094500000, 0x0000000094600000|  0%| F|  |TAMS 0x0000000094500000, 0x0000000094500000| Untracked 
| 326|0x0000000094600000, 0x0000000094600000, 0x0000000094700000|  0%| F|  |TAMS 0x0000000094600000, 0x0000000094600000| Untracked 
| 327|0x0000000094700000, 0x0000000094700000, 0x0000000094800000|  0%| F|  |TAMS 0x0000000094700000, 0x0000000094700000| Untracked 
| 328|0x0000000094800000, 0x0000000094800000, 0x0000000094900000|  0%| F|  |TAMS 0x0000000094800000, 0x0000000094800000| Untracked 

Card table byte_map: [0x000001843fc90000,0x0000018440090000] _byte_map_base: 0x000001843f890000

Marking Bits (Prev, Next): (CMBitMap*) 0x000001842afaed80, (CMBitMap*) 0x000001842afaed48
 Prev Bits: [0x0000018442490000, 0x0000018444490000)
 Next Bits: [0x0000018440490000, 0x0000018442490000)

Polling page: 0x000001842b050000

Metaspace:

Usage:
  Non-class:     98.62 MB capacity,    97.12 MB ( 98%) used,     1.20 MB (  1%) free+waste,   308.69 KB ( <1%) overhead. 
      Class:     14.70 MB capacity,    13.79 MB ( 94%) used,   807.91 KB (  5%) free+waste,   132.88 KB ( <1%) overhead. 
       Both:    113.32 MB capacity,   110.90 MB ( 98%) used,     1.99 MB (  2%) free+waste,   441.56 KB ( <1%) overhead. 

Virtual space:
  Non-class space:      100.00 MB reserved,      98.80 MB ( 99%) committed 
      Class space:        1.00 GB reserved,      14.82 MB (  1%) committed 
             Both:        1.10 GB reserved,     113.63 MB ( 10%) committed 

Chunk freelists:
   Non-Class:  0 bytes
       Class:  15.00 KB
        Both:  15.00 KB

MaxMetaspaceSize: 17179869184.00 GB
CompressedClassSpaceSize: 1.00 GB
Initial GC threshold: 20.80 MB
Current GC threshold: 188.55 MB
CDS: off

CodeHeap 'non-profiled nmethods': size=120064Kb used=10438Kb max_used=10438Kb free=109625Kb
 bounds [0x0000018437d20000, 0x0000018438760000, 0x000001843f260000]
CodeHeap 'profiled nmethods': size=120000Kb used=35969Kb max_used=35969Kb free=84030Kb
 bounds [0x00000184307f0000, 0x0000018432b20000, 0x0000018437d20000]
CodeHeap 'non-nmethods': size=5696Kb used=2401Kb max_used=2499Kb free=3294Kb
 bounds [0x0000018430260000, 0x00000184304e0000, 0x00000184307f0000]
 total_blobs=16435 nmethods=15510 adapters=836
 compilation: enabled
              stopped_count=0, restarted_count=0
 full_count=0

Compilation events (20 events):
Event: 35.588 Thread 0x000001844b861000 15636       4       com.sun.tools.javac.tree.JCTree$JCIdent::accept (9 bytes)
Event: 35.588 Thread 0x0000018446af8000 nmethod 15631 0x0000018432af5910 code [0x0000018432af62c0, 0x0000018432afc658]
Event: 35.588 Thread 0x0000018446af0800 nmethod 15635 0x0000018438750810 code [0x00000184387509a0, 0x0000018438750a18]
Event: 35.588 Thread 0x0000018446af8000 15633   !   3       com.sun.tools.javac.comp.Attr::visitMethodDef (1168 bytes)
Event: 35.589 Thread 0x000001844b861000 nmethod 15636 0x0000018438750b10 code [0x0000018438750cc0, 0x0000018438750d88]
Event: 35.589 Thread 0x0000018446af0800 15637       4       com.sun.tools.javac.code.Types$5::visitClassType (10 bytes)
Event: 35.590 Thread 0x0000018446af0800 nmethod 15637 0x0000018438750e90 code [0x0000018438751040, 0x0000018438751108]
Event: 35.590 Thread 0x000001844b861000 15639       4       com.sun.tools.javac.jvm.ClassWriter$CWSignatureGenerator::assembleSig (66 bytes)
Event: 35.591 Thread 0x0000018446af0800 15640       4       com.sun.tools.javac.code.Types$SignatureGenerator::assembleSig (525 bytes)
Event: 35.592 Thread 0x000001844b861000 nmethod 15639 0x0000018438751210 code [0x00000184387513c0, 0x00000184387514a8]
Event: 35.592 Thread 0x000001844b861000 15641       4       com.sun.tools.javac.code.Types$5::visitClassType (387 bytes)
Event: 35.604 Thread 0x0000018446af8000 nmethod 15633 0x0000018432afe590 code [0x0000018432aff420, 0x0000018432b09d68]
Event: 35.604 Thread 0x0000018446af8000 15634       3       com.sun.tools.javac.util.List::from (45 bytes)
Event: 35.604 Thread 0x0000018446af8000 nmethod 15634 0x0000018432b0f190 code [0x0000018432b0f3c0, 0x0000018432b0fb18]
Event: 35.604 Thread 0x0000018446af8000 15638       3       com.sun.tools.javac.jvm.Items$LocalItem::store (77 bytes)
Event: 35.605 Thread 0x0000018446af8000 nmethod 15638 0x0000018432b0fd90 code [0x0000018432b0ff80, 0x0000018432b103e8]
Event: 35.605 Thread 0x0000018446af8000 15642       3       com.sun.tools.javac.comp.Check::checkNonCyclic (8 bytes)
Event: 35.605 Thread 0x0000018446af8000 nmethod 15642 0x0000018432b10610 code [0x0000018432b107c0, 0x0000018432b108e8]
Event: 35.605 Thread 0x0000018446af8000 15628       1       com.sun.tools.javac.jvm.UninitializedType::initializedType (5 bytes)
Event: 35.605 Thread 0x0000018446af8000 nmethod 15628 0x0000018438751610 code [0x00000184387517c0, 0x0000018438751878]

GC Heap History (20 events):
Event: 33.082 GC heap after
{Heap after GC invocations=34 (full 0):
 garbage-first heap   total 280576K, used 210912K [0x0000000080000000, 0x0000000100000000)
  region size 1024K, 5 young (5120K), 5 survivors (5120K)
 Metaspace       used 111869K, capacity 114384K, committed 114692K, reserved 1148928K
  class space    used 13988K, capacity 14916K, committed 15052K, reserved 1048576K
}
Event: 33.213 GC heap before
{Heap before GC invocations=34 (full 0):
 garbage-first heap   total 280576K, used 228320K [0x0000000080000000, 0x0000000100000000)
  region size 1024K, 22 young (22528K), 5 survivors (5120K)
 Metaspace       used 111876K, capacity 114384K, committed 114692K, reserved 1148928K
  class space    used 13988K, capacity 14916K, committed 15052K, reserved 1048576K
}
Event: 33.239 GC heap after
{Heap after GC invocations=35 (full 0):
 garbage-first heap   total 280576K, used 221696K [0x0000000080000000, 0x0000000100000000)
  region size 1024K, 3 young (3072K), 3 survivors (3072K)
 Metaspace       used 111876K, capacity 114384K, committed 114692K, reserved 1148928K
  class space    used 13988K, capacity 14916K, committed 15052K, reserved 1048576K
}
Event: 33.409 GC heap before
{Heap before GC invocations=35 (full 0):
 garbage-first heap   total 280576K, used 232960K [0x0000000080000000, 0x0000000100000000)
  region size 1024K, 14 young (14336K), 3 survivors (3072K)
 Metaspace       used 111916K, capacity 114389K, committed 114692K, reserved 1148928K
  class space    used 13988K, capacity 14916K, committed 15052K, reserved 1048576K
}
Event: 33.416 GC heap after
{Heap after GC invocations=36 (full 0):
 garbage-first heap   total 280576K, used 225280K [0x0000000080000000, 0x0000000100000000)
  region size 1024K, 2 young (2048K), 2 survivors (2048K)
 Metaspace       used 111916K, capacity 114389K, committed 114692K, reserved 1148928K
  class space    used 13988K, capacity 14916K, committed 15052K, reserved 1048576K
}
Event: 33.657 GC heap before
{Heap before GC invocations=36 (full 0):
 garbage-first heap   total 280576K, used 236544K [0x0000000080000000, 0x0000000100000000)
  region size 1024K, 13 young (13312K), 2 survivors (2048K)
 Metaspace       used 111944K, capacity 114389K, committed 114692K, reserved 1148928K
  class space    used 13988K, capacity 14916K, committed 15052K, reserved 1048576K
}
Event: 33.665 GC heap after
{Heap after GC invocations=37 (full 0):
 garbage-first heap   total 280576K, used 227624K [0x0000000080000000, 0x0000000100000000)
  region size 1024K, 2 young (2048K), 2 survivors (2048K)
 Metaspace       used 111944K, capacity 114389K, committed 114692K, reserved 1148928K
  class space    used 13988K, capacity 14916K, committed 15052K, reserved 1048576K
}
Event: 33.798 GC heap before
{Heap before GC invocations=37 (full 0):
 garbage-first heap   total 280576K, used 238888K [0x0000000080000000, 0x0000000100000000)
  region size 1024K, 13 young (13312K), 2 survivors (2048K)
 Metaspace       used 111944K, capacity 114389K, committed 114692K, reserved 1148928K
  class space    used 13988K, capacity 14916K, committed 15052K, reserved 1048576K
}
Event: 33.812 GC heap after
{Heap after GC invocations=38 (full 0):
 garbage-first heap   total 280576K, used 238897K [0x0000000080000000, 0x0000000100000000)
  region size 1024K, 2 young (2048K), 2 survivors (2048K)
 Metaspace       used 111944K, capacity 114389K, committed 114692K, reserved 1148928K
  class space    used 13988K, capacity 14916K, committed 15052K, reserved 1048576K
}
Event: 33.867 GC heap before
{Heap before GC invocations=38 (full 0):
 garbage-first heap   total 280576K, used 250161K [0x0000000080000000, 0x0000000100000000)
  region size 1024K, 13 young (13312K), 2 survivors (2048K)
 Metaspace       used 111944K, capacity 114389K, committed 114692K, reserved 1148928K
  class space    used 13988K, capacity 14916K, committed 15052K, reserved 1048576K
}
Event: 33.878 GC heap after
{Heap after GC invocations=39 (full 0):
 garbage-first heap   total 280576K, used 250880K [0x0000000080000000, 0x0000000100000000)
  region size 1024K, 2 young (2048K), 2 survivors (2048K)
 Metaspace       used 111944K, capacity 114389K, committed 114692K, reserved 1148928K
  class space    used 13988K, capacity 14916K, committed 15052K, reserved 1048576K
}
Event: 33.955 GC heap before
{Heap before GC invocations=39 (full 0):
 garbage-first heap   total 280576K, used 262144K [0x0000000080000000, 0x0000000100000000)
  region size 1024K, 13 young (13312K), 2 survivors (2048K)
 Metaspace       used 111944K, capacity 114389K, committed 114692K, reserved 1148928K
  class space    used 13988K, capacity 14916K, committed 15052K, reserved 1048576K
}
Event: 33.973 GC heap after
{Heap after GC invocations=40 (full 0):
 garbage-first heap   total 336896K, used 263168K [0x0000000080000000, 0x0000000100000000)
  region size 1024K, 2 young (2048K), 2 survivors (2048K)
 Metaspace       used 111944K, capacity 114389K, committed 114692K, reserved 1148928K
  class space    used 13988K, capacity 14916K, committed 15052K, reserved 1048576K
}
Event: 34.055 GC heap before
{Heap before GC invocations=40 (full 0):
 garbage-first heap   total 336896K, used 277504K [0x0000000080000000, 0x0000000100000000)
  region size 1024K, 16 young (16384K), 2 survivors (2048K)
 Metaspace       used 111945K, capacity 114389K, committed 114692K, reserved 1148928K
  class space    used 13988K, capacity 14916K, committed 15052K, reserved 1048576K
}
Event: 34.076 GC heap after
{Heap after GC invocations=41 (full 0):
 garbage-first heap   total 336896K, used 276480K [0x0000000080000000, 0x0000000100000000)
  region size 1024K, 2 young (2048K), 2 survivors (2048K)
 Metaspace       used 111945K, capacity 114389K, committed 114692K, reserved 1148928K
  class space    used 13988K, capacity 14916K, committed 15052K, reserved 1048576K
}
Event: 34.210 GC heap before
{Heap before GC invocations=42 (full 0):
 garbage-first heap   total 336896K, used 290816K [0x0000000080000000, 0x0000000100000000)
  region size 1024K, 16 young (16384K), 2 survivors (2048K)
 Metaspace       used 111978K, capacity 114456K, committed 114692K, reserved 1148928K
  class space    used 13989K, capacity 14916K, committed 15052K, reserved 1048576K
}
Event: 34.220 GC heap after
{Heap after GC invocations=43 (full 0):
 garbage-first heap   total 336896K, used 279137K [0x0000000080000000, 0x0000000100000000)
  region size 1024K, 2 young (2048K), 2 survivors (2048K)
 Metaspace       used 111978K, capacity 114456K, committed 114692K, reserved 1148928K
  class space    used 13989K, capacity 14916K, committed 15052K, reserved 1048576K
}
Event: 34.546 GC heap before
{Heap before GC invocations=43 (full 0):
 garbage-first heap   total 336896K, used 292449K [0x0000000080000000, 0x0000000100000000)
  region size 1024K, 16 young (16384K), 2 survivors (2048K)
 Metaspace       used 112925K, capacity 115382K, committed 115588K, reserved 1150976K
  class space    used 14115K, capacity 15056K, committed 15180K, reserved 1048576K
}
Event: 34.552 GC heap after
{Heap after GC invocations=44 (full 0):
 garbage-first heap   total 336896K, used 280395K [0x0000000080000000, 0x0000000100000000)
  region size 1024K, 2 young (2048K), 2 survivors (2048K)
 Metaspace       used 112925K, capacity 115382K, committed 115588K, reserved 1150976K
  class space    used 14115K, capacity 15056K, committed 15180K, reserved 1048576K
}
Event: 35.606 GC heap before
{Heap before GC invocations=45 (full 0):
 garbage-first heap   total 336896K, used 162635K [0x0000000080000000, 0x0000000100000000)
  region size 1024K, 16 young (16384K), 2 survivors (2048K)
 Metaspace       used 113566K, capacity 116041K, committed 116356K, reserved 1150976K
  class space    used 14116K, capacity 15057K, committed 15180K, reserved 1048576K
}

Deoptimization events (20 events):
Event: 34.692 Thread 0x0000018448444000 Uncommon trap: trap_request=0xffffff4d fr.pc=0x000001843869fc0c relative=0x000000000000006c
Event: 34.692 Thread 0x0000018448444000 Uncommon trap: reason=unstable_if action=reinterpret pc=0x000001843869fc0c method=com.sun.tools.javac.code.Symbol.isDeprecated()Z @ 10 c2
Event: 34.692 Thread 0x0000018448444000 DEOPT PACKING pc=0x000001843869fc0c sp=0x0000007f698f86f0
Event: 34.692 Thread 0x0000018448444000 DEOPT UNPACKING pc=0x00000184302aa1af sp=0x0000007f698f8678 mode 2
Event: 34.692 Thread 0x0000018448444000 Uncommon trap: trap_request=0xffffff4d fr.pc=0x00000184386ea5fc relative=0x00000000000000dc
Event: 34.692 Thread 0x0000018448444000 Uncommon trap: reason=unstable_if action=reinterpret pc=0x00000184386ea5fc method=com.sun.tools.javac.comp.Check.checkDeprecated(Lcom/sun/tools/javac/util/JCDiagnostic$DiagnosticPosition;Lcom/sun/tools/javac/code/Symbol;Lcom/sun/tools/javac/code/Symbol;)V
Event: 34.692 Thread 0x0000018448444000 DEOPT PACKING pc=0x00000184386ea5fc sp=0x0000007f698f8710
Event: 34.692 Thread 0x0000018448444000 DEOPT UNPACKING pc=0x00000184302aa1af sp=0x0000007f698f86a0 mode 2
Event: 34.867 Thread 0x00000184499bc800 DEOPT PACKING pc=0x000001843235eec4 sp=0x0000007f65ffec00
Event: 34.867 Thread 0x00000184499bc800 DEOPT UNPACKING pc=0x00000184302aa95e sp=0x0000007f65ffe1a0 mode 0
Event: 34.868 Thread 0x0000018448444000 DEOPT PACKING pc=0x0000018430fdab71 sp=0x0000007f698f9280
Event: 34.868 Thread 0x0000018448444000 DEOPT UNPACKING pc=0x00000184302aa95e sp=0x0000007f698f8778 mode 0
Event: 35.038 Thread 0x0000018448444000 Uncommon trap: trap_request=0xffffff4d fr.pc=0x00000184387054b4 relative=0x0000000000000ed4
Event: 35.038 Thread 0x0000018448444000 Uncommon trap: reason=unstable_if action=reinterpret pc=0x00000184387054b4 method=com.sun.tools.javac.code.Scope$ScopeImpl.dble()V @ 113 c2
Event: 35.038 Thread 0x0000018448444000 DEOPT PACKING pc=0x00000184387054b4 sp=0x0000007f698f8d60
Event: 35.038 Thread 0x0000018448444000 DEOPT UNPACKING pc=0x00000184302aa1af sp=0x0000007f698f8cb8 mode 2
Event: 35.162 Thread 0x00000184499bc800 DEOPT PACKING pc=0x000001843235eec4 sp=0x0000007f65ffec00
Event: 35.162 Thread 0x00000184499bc800 DEOPT UNPACKING pc=0x00000184302aa95e sp=0x0000007f65ffe1a0 mode 0
Event: 35.372 Thread 0x00000184499bc800 DEOPT PACKING pc=0x000001843235eec4 sp=0x0000007f65ffec00
Event: 35.372 Thread 0x00000184499bc800 DEOPT UNPACKING pc=0x00000184302aa95e sp=0x0000007f65ffe1a0 mode 0

Classes redefined (0 events):
No events

Internal exceptions (20 events):
Event: 35.372 Thread 0x0000018448444000 Exception <a 'sun/nio/fs/WindowsException'{0x00000000940e05d8}> (0x00000000940e05d8) thrown at [./src/hotspot/share/prims/jni.cpp, line 616]
Event: 35.381 Thread 0x0000018448444000 Exception <a 'sun/nio/fs/WindowsException'{0x0000000093f0fea8}> (0x0000000093f0fea8) thrown at [./src/hotspot/share/prims/jni.cpp, line 616]
Event: 35.402 Thread 0x0000018448444000 Exception <a 'sun/nio/fs/WindowsException'{0x0000000093f56d88}> (0x0000000093f56d88) thrown at [./src/hotspot/share/prims/jni.cpp, line 616]
Event: 35.411 Thread 0x0000018448444000 Exception <a 'sun/nio/fs/WindowsException'{0x0000000093f7a078}> (0x0000000093f7a078) thrown at [./src/hotspot/share/prims/jni.cpp, line 616]
Event: 35.436 Thread 0x0000018448444000 Exception <a 'sun/nio/fs/WindowsException'{0x0000000093e26430}> (0x0000000093e26430) thrown at [./src/hotspot/share/prims/jni.cpp, line 616]
Event: 35.447 Thread 0x0000018448444000 Exception <a 'sun/nio/fs/WindowsException'{0x0000000093e4c810}> (0x0000000093e4c810) thrown at [./src/hotspot/share/prims/jni.cpp, line 616]
Event: 35.456 Thread 0x0000018448444000 Exception <a 'sun/nio/fs/WindowsException'{0x0000000093e922d0}> (0x0000000093e922d0) thrown at [./src/hotspot/share/prims/jni.cpp, line 616]
Event: 35.466 Thread 0x0000018448444000 Exception <a 'sun/nio/fs/WindowsException'{0x0000000093ecbf60}> (0x0000000093ecbf60) thrown at [./src/hotspot/share/prims/jni.cpp, line 616]
Event: 35.472 Thread 0x0000018448444000 Exception <a 'sun/nio/fs/WindowsException'{0x0000000093efc6a0}> (0x0000000093efc6a0) thrown at [./src/hotspot/share/prims/jni.cpp, line 616]
Event: 35.484 Thread 0x0000018448444000 Exception <a 'sun/nio/fs/WindowsException'{0x0000000093d2b250}> (0x0000000093d2b250) thrown at [./src/hotspot/share/prims/jni.cpp, line 616]
Event: 35.497 Thread 0x0000018448444000 Exception <a 'sun/nio/fs/WindowsException'{0x0000000093d64720}> (0x0000000093d64720) thrown at [./src/hotspot/share/prims/jni.cpp, line 616]
Event: 35.519 Thread 0x0000018448444000 Exception <a 'sun/nio/fs/WindowsException'{0x0000000093dc5100}> (0x0000000093dc5100) thrown at [./src/hotspot/share/prims/jni.cpp, line 616]
Event: 35.530 Thread 0x0000018448444000 Exception <a 'sun/nio/fs/WindowsException'{0x0000000093df7230}> (0x0000000093df7230) thrown at [./src/hotspot/share/prims/jni.cpp, line 616]
Event: 35.540 Thread 0x0000018448444000 Exception <a 'sun/nio/fs/WindowsException'{0x0000000093c3c590}> (0x0000000093c3c590) thrown at [./src/hotspot/share/prims/jni.cpp, line 616]
Event: 35.549 Thread 0x0000018448444000 Exception <a 'sun/nio/fs/WindowsException'{0x0000000093c76800}> (0x0000000093c76800) thrown at [./src/hotspot/share/prims/jni.cpp, line 616]
Event: 35.553 Thread 0x0000018448444000 Exception <a 'sun/nio/fs/WindowsException'{0x0000000093c98c08}> (0x0000000093c98c08) thrown at [./src/hotspot/share/prims/jni.cpp, line 616]
Event: 35.563 Thread 0x0000018448444000 Exception <a 'sun/nio/fs/WindowsException'{0x0000000093cd69a8}> (0x0000000093cd69a8) thrown at [./src/hotspot/share/prims/jni.cpp, line 616]
Event: 35.580 Thread 0x0000018448444000 Exception <a 'sun/nio/fs/WindowsException'{0x0000000093b67898}> (0x0000000093b67898) thrown at [./src/hotspot/share/prims/jni.cpp, line 616]
Event: 35.590 Thread 0x0000018448444000 Exception <a 'sun/nio/fs/WindowsException'{0x0000000093bb9ca0}> (0x0000000093bb9ca0) thrown at [./src/hotspot/share/prims/jni.cpp, line 616]
Event: 35.603 Thread 0x0000018448444000 Exception <a 'sun/nio/fs/WindowsException'{0x0000000093bf48f0}> (0x0000000093bf48f0) thrown at [./src/hotspot/share/prims/jni.cpp, line 616]

Events (20 events):
Event: 34.507 loading class com/sun/tools/javac/comp/DeferredAttr done
Event: 34.509 loading class com/sun/tools/javac/code/DeferredCompletionFailureHandler$FlipSymbolDescription
Event: 34.509 loading class com/sun/tools/javac/code/DeferredCompletionFailureHandler$FlipSymbolDescription done
Event: 34.509 loading class com/sun/tools/javac/code/DeferredCompletionFailureHandler$FlipSymbolDescription
Event: 34.509 loading class com/sun/tools/javac/code/DeferredCompletionFailureHandler$FlipSymbolDescription done
Event: 34.513 loading class com/sun/tools/javac/tree/JCTree
Event: 34.513 loading class com/sun/tools/javac/tree/JCTree done
Event: 34.546 Executing VM operation: G1CollectForAllocation
Event: 34.552 Executing VM operation: G1CollectForAllocation done
Event: 34.852 Executing VM operation: ICBufferFull
Event: 34.852 Executing VM operation: ICBufferFull done
Event: 34.911 Executing VM operation: CGC_Operation
Event: 34.926 Executing VM operation: CGC_Operation done
Event: 35.100 Executing VM operation: CGC_Operation
Event: 35.100 Executing VM operation: CGC_Operation done
Event: 35.310 Executing VM operation: ICBufferFull
Event: 35.310 Executing VM operation: ICBufferFull done
Event: 35.539 Executing VM operation: ICBufferFull
Event: 35.540 Executing VM operation: ICBufferFull done
Event: 35.606 Executing VM operation: G1CollectForAllocation


Dynamic libraries:
0x00007ff6697d0000 - 0x00007ff6697da000 	C:\Program Files\Android\Android Studio\jre\bin\java.exe
0x00007ff8d1870000 - 0x00007ff8d1a68000 	C:\WINDOWS\SYSTEM32\ntdll.dll
0x00007ff8d0380000 - 0x00007ff8d043f000 	C:\WINDOWS\System32\KERNEL32.DLL
0x00007ff8cf4c0000 - 0x00007ff8cf792000 	C:\WINDOWS\System32\KERNELBASE.dll
0x00007ff8cf390000 - 0x00007ff8cf490000 	C:\WINDOWS\System32\ucrtbase.dll
0x00007ff8caac0000 - 0x00007ff8caad9000 	C:\Program Files\Android\Android Studio\jre\bin\jli.dll
0x00007ff8caae0000 - 0x00007ff8caaf7000 	C:\Program Files\Android\Android Studio\jre\bin\VCRUNTIME140.dll
0x00007ff8cfc80000 - 0x00007ff8cfe21000 	C:\WINDOWS\System32\USER32.dll
0x00007ff8cf170000 - 0x00007ff8cf192000 	C:\WINDOWS\System32\win32u.dll
0x00007ff8bd7a0000 - 0x00007ff8bda3a000 	C:\WINDOWS\WinSxS\amd64_microsoft.windows.common-controls_6595b64144ccf1df_6.0.19041.1110_none_60b5254171f9507e\COMCTL32.dll
0x00007ff8d1190000 - 0x00007ff8d122e000 	C:\WINDOWS\System32\msvcrt.dll
0x00007ff8d0d20000 - 0x00007ff8d0d4b000 	C:\WINDOWS\System32\GDI32.dll
0x00007ff8cf1f0000 - 0x00007ff8cf2ff000 	C:\WINDOWS\System32\gdi32full.dll
0x00007ff8cf7a0000 - 0x00007ff8cf83d000 	C:\WINDOWS\System32\msvcp_win.dll
0x00007ff8cfc40000 - 0x00007ff8cfc72000 	C:\WINDOWS\System32\IMM32.DLL
0x00007ff8bcfb0000 - 0x00007ff8bd04d000 	C:\Program Files\Android\Android Studio\jre\bin\msvcp140.dll
0x00007ff864610000 - 0x00007ff865112000 	C:\Program Files\Android\Android Studio\jre\bin\server\jvm.dll
0x00007ff8d10e0000 - 0x00007ff8d118e000 	C:\WINDOWS\System32\ADVAPI32.dll
0x00007ff8d0c80000 - 0x00007ff8d0d1c000 	C:\WINDOWS\System32\sechost.dll
0x00007ff8d16a0000 - 0x00007ff8d17c5000 	C:\WINDOWS\System32\RPCRT4.dll
0x00007ff8cfe60000 - 0x00007ff8cfe68000 	C:\WINDOWS\System32\PSAPI.DLL
0x00007ff8c8280000 - 0x00007ff8c8289000 	C:\WINDOWS\SYSTEM32\WSOCK32.dll
0x00007ff8d01d0000 - 0x00007ff8d023b000 	C:\WINDOWS\System32\WS2_32.dll
0x00007ff8c0190000 - 0x00007ff8c01b7000 	C:\WINDOWS\SYSTEM32\WINMM.dll
0x00007ff8c9eb0000 - 0x00007ff8c9eba000 	C:\WINDOWS\SYSTEM32\VERSION.dll
0x00007ff8cce40000 - 0x00007ff8cce52000 	C:\WINDOWS\SYSTEM32\kernel.appcore.dll
0x00007ff8c7290000 - 0x00007ff8c72a1000 	C:\Program Files\Android\Android Studio\jre\bin\verify.dll
0x00007ff8bb090000 - 0x00007ff8bb274000 	C:\WINDOWS\SYSTEM32\DBGHELP.DLL
0x00007ff8bad60000 - 0x00007ff8bad95000 	C:\WINDOWS\SYSTEM32\dbgcore.DLL
0x00007ff8cf300000 - 0x00007ff8cf382000 	C:\WINDOWS\System32\bcryptPrimitives.dll
0x00007ff8b5500000 - 0x00007ff8b5529000 	C:\Program Files\Android\Android Studio\jre\bin\java.dll
0x00007ff8cc770000 - 0x00007ff8cc77b000 	C:\Program Files\Android\Android Studio\jre\bin\jimage.dll
0x00007ff8c6f60000 - 0x00007ff8c6f78000 	C:\Program Files\Android\Android Studio\jre\bin\zip.dll
0x00007ff8d0530000 - 0x00007ff8d0c74000 	C:\WINDOWS\System32\SHELL32.dll
0x00007ff8cd040000 - 0x00007ff8cd7d2000 	C:\WINDOWS\SYSTEM32\windows.storage.dll
0x00007ff8cfe70000 - 0x00007ff8d01c5000 	C:\WINDOWS\System32\combase.dll
0x00007ff8ce8e0000 - 0x00007ff8ce910000 	C:\WINDOWS\SYSTEM32\Wldp.dll
0x00007ff8d0f10000 - 0x00007ff8d0fbd000 	C:\WINDOWS\System32\SHCORE.dll
0x00007ff8d0240000 - 0x00007ff8d0295000 	C:\WINDOWS\System32\shlwapi.dll
0x00007ff8ceea0000 - 0x00007ff8ceebf000 	C:\WINDOWS\SYSTEM32\profapi.dll
0x00007ff8b5cc0000 - 0x00007ff8b5cda000 	C:\Program Files\Android\Android Studio\jre\bin\net.dll
0x00007ff8c8ab0000 - 0x00007ff8c8bbc000 	C:\WINDOWS\SYSTEM32\WINHTTP.dll
0x00007ff8ce640000 - 0x00007ff8ce6aa000 	C:\WINDOWS\system32\mswsock.dll
0x00007ff8b52d0000 - 0x00007ff8b52e4000 	C:\Program Files\Android\Android Studio\jre\bin\nio.dll
0x00007ff8b4ff0000 - 0x00007ff8b5017000 	C:\Users\lenovo\.gradle\native\e1d6ef7f7dcc3fd88c89a11ec53ec762bb8ba0a96d01ffa2cd45eb1d1d8dd5c5\windows-amd64\native-platform.dll
0x00007ff8a57a0000 - 0x00007ff8a58e4000 	C:\Users\lenovo\.gradle\native\0d407fdbe67a94daf76414ababcb853783967236a71b16ec16e742cd7a986fd3\windows-amd64\native-platform-file-events.dll
0x00007ff8cc750000 - 0x00007ff8cc75a000 	C:\Program Files\Android\Android Studio\jre\bin\management.dll
0x00007ff8c7280000 - 0x00007ff8c728d000 	C:\Program Files\Android\Android Studio\jre\bin\management_ext.dll
0x00007ff8ce840000 - 0x00007ff8ce858000 	C:\WINDOWS\SYSTEM32\CRYPTSP.dll
0x00007ff8cdf60000 - 0x00007ff8cdf94000 	C:\WINDOWS\system32\rsaenh.dll
0x00007ff8cf490000 - 0x00007ff8cf4b7000 	C:\WINDOWS\System32\bcrypt.dll
0x00007ff8cee60000 - 0x00007ff8cee8e000 	C:\WINDOWS\SYSTEM32\USERENV.dll
0x00007ff8ce830000 - 0x00007ff8ce83c000 	C:\WINDOWS\SYSTEM32\CRYPTBASE.dll
0x00007ff8ce330000 - 0x00007ff8ce36b000 	C:\WINDOWS\SYSTEM32\IPHLPAPI.DLL
0x00007ff8d0520000 - 0x00007ff8d0528000 	C:\WINDOWS\System32\NSI.dll
0x00007ff8c9a10000 - 0x00007ff8c9a27000 	C:\WINDOWS\SYSTEM32\dhcpcsvc6.DLL
0x00007ff8c99f0000 - 0x00007ff8c9a0d000 	C:\WINDOWS\SYSTEM32\dhcpcsvc.DLL
0x00007ff8ce370000 - 0x00007ff8ce43a000 	C:\WINDOWS\SYSTEM32\DNSAPI.dll

dbghelp: loaded successfully - version: 4.0.5 - missing functions: none
symbol engine: initialized successfully - sym options: 0x614 - pdb path: .;C:\Program Files\Android\Android Studio\jre\bin;C:\WINDOWS\SYSTEM32;C:\WINDOWS\WinSxS\amd64_microsoft.windows.common-controls_6595b64144ccf1df_6.0.19041.1110_none_60b5254171f9507e;C:\Program Files\Android\Android Studio\jre\bin\server;C:\Users\lenovo\.gradle\native\e1d6ef7f7dcc3fd88c89a11ec53ec762bb8ba0a96d01ffa2cd45eb1d1d8dd5c5\windows-amd64;C:\Users\lenovo\.gradle\native\0d407fdbe67a94daf76414ababcb853783967236a71b16ec16e742cd7a986fd3\windows-amd64

VM Arguments:
jvm_args: --add-opens=java.base/java.util=ALL-UNNAMED --add-opens=java.base/java.lang=ALL-UNNAMED --add-opens=java.base/java.lang.invoke=ALL-UNNAMED --add-opens=java.base/java.util=ALL-UNNAMED --add-opens=java.prefs/java.util.prefs=ALL-UNNAMED --add-opens=java.prefs/java.util.prefs=ALL-UNNAMED --add-opens=java.base/java.nio.charset=ALL-UNNAMED --add-opens=java.base/java.net=ALL-UNNAMED --add-opens=java.base/java.util.concurrent.atomic=ALL-UNNAMED -Xmx2048m -Dfile.encoding=UTF-8 -Duser.country=US -Duser.language=en -Duser.variant 
java_command: org.gradle.launcher.daemon.bootstrap.GradleDaemon 7.4
java_class_path (initial): C:\Users\lenovo\.gradle\wrapper\dists\gradle-7.4-bin\c0gwcg53nkjbqw7r0h0umtfvt\gradle-7.4\lib\gradle-launcher-7.4.jar
Launcher Type: SUN_STANDARD

[Global flags]
     intx CICompilerCount                          = 3                                         {product} {ergonomic}
     uint ConcGCThreads                            = 1                                         {product} {ergonomic}
     uint G1ConcRefinementThreads                  = 4                                         {product} {ergonomic}
   size_t G1HeapRegionSize                         = 1048576                                   {product} {ergonomic}
    uintx GCDrainStackTargetSize                   = 64                                        {product} {ergonomic}
   size_t InitialHeapSize                          = 134217728                                 {product} {ergonomic}
   size_t MarkStackSize                            = 4194304                                   {product} {ergonomic}
   size_t MaxHeapSize                              = 2147483648                                {product} {command line}
   size_t MaxNewSize                               = 1287651328                                {product} {ergonomic}
   size_t MinHeapDeltaBytes                        = 1048576                                   {product} {ergonomic}
    uintx NonNMethodCodeHeapSize                   = 5830732                                {pd product} {ergonomic}
    uintx NonProfiledCodeHeapSize                  = 122913754                              {pd product} {ergonomic}
    uintx ProfiledCodeHeapSize                     = 122913754                              {pd product} {ergonomic}
    uintx ReservedCodeCacheSize                    = 251658240                              {pd product} {ergonomic}
     bool SegmentedCodeCache                       = true                                      {product} {ergonomic}
     bool UseCompressedClassPointers               = true                                 {lp64_product} {ergonomic}
     bool UseCompressedOops                        = true                                 {lp64_product} {ergonomic}
     bool UseG1GC                                  = true                                      {product} {ergonomic}
     bool UseLargePagesIndividualAllocation        = false                                  {pd product} {ergonomic}

Logging:
Log output configuration:
 #0: stdout all=warning uptime,level,tags
 #1: stderr all=off uptime,level,tags

Environment Variables:
PATH=C:\WINDOWS\system32;C:\WINDOWS;C:\WINDOWS\System32\Wbem;C:\WINDOWS\System32\WindowsPowerShell\v1.0\;C:\WINDOWS\System32\OpenSSH\;C:\Program Files (x86)\NVIDIA Corporation\PhysX\Common;C:\Program Files\NVIDIA Corporation\NVIDIA NvDLISR;C:\Program Files\Git\cmd;C:\Users\lenovo\AppData\Local\Microsoft\WindowsApps
USERNAME=user
OS=Windows_NT
PROCESSOR_IDENTIFIER=Intel64 Family 6 Model 58 Stepping 9, GenuineIntel



---------------  S Y S T E M  ---------------

OS: Windows 10 , 64 bit Build 19041 (10.0.19041.2364)
OS uptime: 0 days 4:24 hours

CPU:total 4 (initial active 4) (2 cores per cpu, 2 threads per core) family 6 model 58 stepping 9 microcode 0x21, cmov, cx8, fxsr, mmx, sse, sse2, sse3, ssse3, sse4.1, sse4.2, popcnt, avx, clmul, erms, ht, tsc, tscinvbit, tscinv

Memory: 4k page, system-wide physical 8122M (1020M free)
TotalPageFile size 9954M (AvailPageFile size 84M)
current process WorkingSet (physical memory assigned to process): 624M, peak: 624M
current process commit charge ("private bytes"): 689M, peak: 798M

vm_info: OpenJDK 64-Bit Server VM (11.0.13+0-b1751.21-8125866) for windows-amd64 JRE (11.0.13+0-b1751.21-8125866), built on Feb  2 2022 03:00:22 by "builder" with MS VC++ 14.0 (VS2015)

END.
