#
# There is insufficient memory for the Java Runtime Environment to continue.
# Native memory allocation (mmap) failed to map 275775488 bytes for Failed to commit area from 0x0000000093700000 to 0x00000000a3e00000 of length 275775488.
# Possible reasons:
#   The system is out of physical RAM or swap space
#   The process is running with CompressedOops enabled, and the Java Heap may be blocking the growth of the native heap
# Possible solutions:
#   Reduce memory load on the system
#   Increase physical memory or swap space
#   Check if swap backing store is full
#   Decrease Java heap size (-Xmx/-Xms)
#   Decrease number of Java threads
#   Decrease Java thread stack sizes (-Xss)
#   Set larger code cache with -XX:ReservedCodeCacheSize=
#   JVM is running with Unscaled Compressed Oops mode in which the Java heap is
#     placed in the first 4GB address space. The Java Heap base address is the
#     maximum limit for the native heap growth. Please use -XX:HeapBaseMinAddress
#     to set the Java Heap base and to place the Java Heap above 4GB virtual address.
# This output file may be truncated or incomplete.
#
#  Out of Memory Error (./src/hotspot/os/windows/os_windows.cpp:3619), pid=5224, tid=7252
#
# JRE version: OpenJDK Runtime Environment (11.0.13) (build 11.0.13+0-b1751.21-8125866)
# Java VM: OpenJDK 64-Bit Server VM (11.0.13+0-b1751.21-8125866, mixed mode, tiered, compressed oops, g1 gc, windows-amd64)
# No core dump will be written. Minidumps are not enabled by default on client versions of Windows
#

---------------  S U M M A R Y ------------

Command Line: --add-opens=java.base/java.util=ALL-UNNAMED --add-opens=java.base/java.lang=ALL-UNNAMED --add-opens=java.base/java.lang.invoke=ALL-UNNAMED --add-opens=java.base/java.util=ALL-UNNAMED --add-opens=java.prefs/java.util.prefs=ALL-UNNAMED --add-opens=java.prefs/java.util.prefs=ALL-UNNAMED --add-opens=java.base/java.nio.charset=ALL-UNNAMED --add-opens=java.base/java.net=ALL-UNNAMED --add-opens=java.base/java.util.concurrent.atomic=ALL-UNNAMED -Xmx2048m -Dfile.encoding=UTF-8 -Duser.country=US -Duser.language=en -Duser.variant org.gradle.launcher.daemon.bootstrap.GradleDaemon 7.4

Host: Intel(R) Core(TM) i3-3240 CPU @ 3.40GHz, 4 cores, 7G,  Windows 10 , 64 bit Build 19041 (10.0.19041.2364)
Time: Wed Jan  4 10:17:49 2023 India Standard Time elapsed time: 134.210752 seconds (0d 0h 2m 14s)

---------------  T H R E A D  ---------------

Current thread (0x000001c58f2bb000):  VMThread "VM Thread" [stack: 0x0000005bc8600000,0x0000005bc8700000] [id=7252]

Stack: [0x0000005bc8600000,0x0000005bc8700000]
[error occurred during error reporting (printing stack bounds), id 0xc0000005, EXCEPTION_ACCESS_VIOLATION (0xc0000005) at pc=0x000001c58000112d]

Native frames: (J=compiled Java code, j=interpreted, Vv=VM code, C=native code)
V  [jvm.dll+0x6100fa]
V  [jvm.dll+0x747090]
V  [jvm.dll+0x7486ad]
V  [jvm.dll+0x748ce5]
V  [jvm.dll+0x748c9b]
V  [jvm.dll+0x60f224]
V  [jvm.dll+0x60f9b8]
C  [ntdll.dll+0xa241f]
C  [ntdll.dll+0x514a4]
C  [ntdll.dll+0xa0f4e]
C  0x000001c58000112d

VM_Operation (0x0000005bcddf73d0): G1CollectForAllocation, mode: safepoint, requested by thread 0x000001c595cdd800


---------------  P R O C E S S  ---------------

Threads class SMR info:
_java_thread_list=0x000001c598139b90, length=99, elements={
0x000001c5f373d800, 0x000001c58f2bd800, 0x000001c58f2c1800, 0x000001c58fc52800,
0x000001c58f2dd800, 0x000001c58f2df000, 0x000001c58f2e3000, 0x000001c58f305800,
0x000001c58fc99000, 0x000001c58fd99000, 0x000001c5910d9800, 0x000001c5922ae000,
0x000001c59142f800, 0x000001c592d97800, 0x000001c5916ce000, 0x000001c592724000,
0x000001c59096d800, 0x000001c59096e800, 0x000001c591ed1800, 0x000001c592c24000,
0x000001c592c27000, 0x000001c592c28000, 0x000001c592c29000, 0x000001c592c23000,
0x000001c592c25800, 0x000001c592c25000, 0x000001c592c26800, 0x000001c592c29800,
0x000001c59365a000, 0x000001c593655000, 0x000001c593658800, 0x000001c593657000,
0x000001c593656000, 0x000001c593659800, 0x000001c59365b000, 0x000001c593657800,
0x000001c59365c800, 0x000001c593662800, 0x000001c59365e000, 0x000001c593660000,
0x000001c59365f000, 0x000001c593663000, 0x000001c593660800, 0x000001c593661800,
0x000001c59365d800, 0x000001c593664000, 0x000001c595ba2000, 0x000001c595ba3800,
0x000001c595ba6800, 0x000001c595ba2800, 0x000001c595ba6000, 0x000001c595ba7800,
0x000001c595baa000, 0x000001c595ba8800, 0x000001c595ba5000, 0x000001c595ba9000,
0x000001c595ba4000, 0x000001c595bb0800, 0x000001c595bac800, 0x000001c595bad000,
0x000001c595bae000, 0x000001c595baf800, 0x000001c595baa800, 0x000001c595bab800,
0x000001c595baf000, 0x000001c595041000, 0x000001c59503f800, 0x000001c595040000,
0x000001c595042000, 0x000001c595042800, 0x000001c595043800, 0x000001c595044000,
0x000001c59503e800, 0x000001c595045000, 0x000001c595cde000, 0x000001c595ce2000,
0x000001c595cdf000, 0x000001c595cdf800, 0x000001c595ce3000, 0x000001c595ce0800,
0x000001c595ce1800, 0x000001c595cdd800, 0x000001c595ce8000, 0x000001c595ce4000,
0x000001c595cea800, 0x000001c595ce4800, 0x000001c595ce7000, 0x000001c595ce9800,
0x000001c595ceb000, 0x000001c595ce8800, 0x000001c595cec000, 0x000001c598128000,
0x000001c598124000, 0x000001c598122000, 0x000001c598128800, 0x000001c598127000,
0x000001c598123000, 0x000001c598129800, 0x000001c599b5d800
}

Java Threads: ( => current thread )
  0x000001c5f373d800 JavaThread "main" [_thread_blocked, id=5348, stack(0x0000005bc8000000,0x0000005bc8100000)]
  0x000001c58f2bd800 JavaThread "Reference Handler" daemon [_thread_blocked, id=11028, stack(0x0000005bc8700000,0x0000005bc8800000)]
  0x000001c58f2c1800 JavaThread "Finalizer" daemon [_thread_blocked, id=9376, stack(0x0000005bc8800000,0x0000005bc8900000)]
  0x000001c58fc52800 JavaThread "Signal Dispatcher" daemon [_thread_blocked, id=2904, stack(0x0000005bc8900000,0x0000005bc8a00000)]
  0x000001c58f2dd800 JavaThread "Attach Listener" daemon [_thread_blocked, id=1836, stack(0x0000005bc8a00000,0x0000005bc8b00000)]
  0x000001c58f2df000 JavaThread "Service Thread" daemon [_thread_blocked, id=12160, stack(0x0000005bc8b00000,0x0000005bc8c00000)]
  0x000001c58f2e3000 JavaThread "C2 CompilerThread0" daemon [_thread_blocked, id=4592, stack(0x0000005bc8c00000,0x0000005bc8d00000)]
  0x000001c58f305800 JavaThread "C1 CompilerThread0" daemon [_thread_blocked, id=3996, stack(0x0000005bc8d00000,0x0000005bc8e00000)]
  0x000001c58fc99000 JavaThread "Sweeper thread" daemon [_thread_blocked, id=8440, stack(0x0000005bc8e00000,0x0000005bc8f00000)]
  0x000001c58fd99000 JavaThread "Common-Cleaner" daemon [_thread_blocked, id=4100, stack(0x0000005bc8f00000,0x0000005bc9000000)]
  0x000001c5910d9800 JavaThread "Daemon health stats" [_thread_blocked, id=11468, stack(0x0000005bc9400000,0x0000005bc9500000)]
  0x000001c5922ae000 JavaThread "Incoming local TCP Connector on port 64384" [_thread_in_native, id=6388, stack(0x0000005bc9500000,0x0000005bc9600000)]
  0x000001c59142f800 JavaThread "Daemon periodic checks" [_thread_blocked, id=6356, stack(0x0000005bc9600000,0x0000005bc9700000)]
  0x000001c592d97800 JavaThread "Daemon" [_thread_blocked, id=9504, stack(0x0000005bc9700000,0x0000005bc9800000)]
  0x000001c5916ce000 JavaThread "Handler for socket connection from /127.0.0.1:64384 to /127.0.0.1:64385" [_thread_in_native, id=11860, stack(0x0000005bc9800000,0x0000005bc9900000)]
  0x000001c592724000 JavaThread "Cancel handler" [_thread_blocked, id=6804, stack(0x0000005bc9900000,0x0000005bc9a00000)]
  0x000001c59096d800 JavaThread "Daemon worker" [_thread_blocked, id=7068, stack(0x0000005bc9a00000,0x0000005bc9b00000)]
  0x000001c59096e800 JavaThread "Asynchronous log dispatcher for DefaultDaemonConnection: socket connection from /127.0.0.1:64384 to /127.0.0.1:64385" [_thread_blocked, id=2072, stack(0x0000005bc9b00000,0x0000005bc9c00000)]
  0x000001c591ed1800 JavaThread "Daemon client event forwarder" [_thread_blocked, id=2044, stack(0x0000005bc9d00000,0x0000005bc9e00000)]
  0x000001c592c24000 JavaThread "Cache worker for journal cache (C:\Users\lenovo\.gradle\caches\journal-1)" [_thread_blocked, id=11204, stack(0x0000005bc9f00000,0x0000005bca000000)]
  0x000001c592c27000 JavaThread "File lock request listener" [_thread_in_native, id=5048, stack(0x0000005bca000000,0x0000005bca100000)]
  0x000001c592c28000 JavaThread "Cache worker for file hash cache (C:\Users\lenovo\.gradle\caches\7.4\fileHashes)" [_thread_blocked, id=2688, stack(0x0000005bca100000,0x0000005bca200000)]
  0x000001c592c29000 JavaThread "File watcher server" daemon [_thread_blocked, id=6800, stack(0x0000005bca200000,0x0000005bca300000)]
  0x000001c592c23000 JavaThread "File watcher consumer" daemon [_thread_blocked, id=6764, stack(0x0000005bca300000,0x0000005bca400000)]
  0x000001c592c25800 JavaThread "Cache worker for checksums cache (D:\AndroidStudioProjects\Figgo_Application_Customer\.gradle\7.4\checksums)" [_thread_blocked, id=5344, stack(0x0000005bca400000,0x0000005bca500000)]
  0x000001c592c25000 JavaThread "Cache worker for cache directory md-rule (C:\Users\lenovo\.gradle\caches\7.4\md-rule)" [_thread_blocked, id=6484, stack(0x0000005bca500000,0x0000005bca600000)]
  0x000001c592c26800 JavaThread "Cache worker for file hash cache (D:\AndroidStudioProjects\Figgo_Application_Customer\.gradle\7.4\fileHashes)" [_thread_blocked, id=6108, stack(0x0000005bca600000,0x0000005bca700000)]
  0x000001c592c29800 JavaThread "Cache worker for cache directory md-supplier (C:\Users\lenovo\.gradle\caches\7.4\md-supplier)" [_thread_blocked, id=8708, stack(0x0000005bca700000,0x0000005bca800000)]
  0x000001c59365a000 JavaThread "Cache worker for execution history cache (C:\Users\lenovo\.gradle\caches\7.4\executionHistory)" [_thread_blocked, id=2340, stack(0x0000005bca800000,0x0000005bca900000)]
  0x000001c593655000 JavaThread "jar transforms" [_thread_blocked, id=12036, stack(0x0000005bca900000,0x0000005bcaa00000)]
  0x000001c593658800 JavaThread "Cache worker for file content cache (C:\Users\lenovo\.gradle\caches\7.4\fileContent)" [_thread_blocked, id=3960, stack(0x0000005bcaa00000,0x0000005bcab00000)]
  0x000001c593657000 JavaThread "jar transforms Thread 2" [_thread_blocked, id=10188, stack(0x0000005bcab00000,0x0000005bcac00000)]
  0x000001c593656000 JavaThread "Cache worker for dependencies-accessors (D:\AndroidStudioProjects\Figgo_Application_Customer\.gradle\7.4\dependencies-accessors)" [_thread_blocked, id=9812, stack(0x0000005bcac00000,0x0000005bcad00000)]
  0x000001c593659800 JavaThread "jar transforms Thread 3" [_thread_blocked, id=9436, stack(0x0000005bcad00000,0x0000005bcae00000)]
  0x000001c59365b000 JavaThread "Cache worker for Build Output Cleanup Cache (D:\AndroidStudioProjects\Figgo_Application_Customer\.gradle\buildOutputCleanup)" [_thread_blocked, id=11852, stack(0x0000005bcae00000,0x0000005bcaf00000)]
  0x000001c593657800 JavaThread "Unconstrained build operations" [_thread_blocked, id=5064, stack(0x0000005bcaf00000,0x0000005bcb000000)]
  0x000001c59365c800 JavaThread "Unconstrained build operations Thread 2" [_thread_blocked, id=3992, stack(0x0000005bcb000000,0x0000005bcb100000)]
  0x000001c593662800 JavaThread "Unconstrained build operations Thread 3" [_thread_blocked, id=11780, stack(0x0000005bcb100000,0x0000005bcb200000)]
  0x000001c59365e000 JavaThread "Unconstrained build operations Thread 4" [_thread_blocked, id=12044, stack(0x0000005bcb200000,0x0000005bcb300000)]
  0x000001c593660000 JavaThread "Unconstrained build operations Thread 5" [_thread_blocked, id=9584, stack(0x0000005bcb300000,0x0000005bcb400000)]
  0x000001c59365f000 JavaThread "Unconstrained build operations Thread 6" [_thread_blocked, id=9464, stack(0x0000005bcb400000,0x0000005bcb500000)]
  0x000001c593663000 JavaThread "Unconstrained build operations Thread 7" [_thread_blocked, id=9424, stack(0x0000005bcb500000,0x0000005bcb600000)]
  0x000001c593660800 JavaThread "Unconstrained build operations Thread 8" [_thread_blocked, id=9420, stack(0x0000005bcb600000,0x0000005bcb700000)]
  0x000001c593661800 JavaThread "Unconstrained build operations Thread 9" [_thread_blocked, id=5116, stack(0x0000005bcb700000,0x0000005bcb800000)]
  0x000001c59365d800 JavaThread "Unconstrained build operations Thread 10" [_thread_blocked, id=1524, stack(0x0000005bcb800000,0x0000005bcb900000)]
  0x000001c593664000 JavaThread "Unconstrained build operations Thread 11" [_thread_blocked, id=5108, stack(0x0000005bcb900000,0x0000005bcba00000)]
  0x000001c595ba2000 JavaThread "Unconstrained build operations Thread 12" [_thread_blocked, id=9608, stack(0x0000005bcba00000,0x0000005bcbb00000)]
  0x000001c595ba3800 JavaThread "Unconstrained build operations Thread 13" [_thread_blocked, id=9592, stack(0x0000005bcbb00000,0x0000005bcbc00000)]
  0x000001c595ba6800 JavaThread "Unconstrained build operations Thread 14" [_thread_blocked, id=9600, stack(0x0000005bcbc00000,0x0000005bcbd00000)]
  0x000001c595ba2800 JavaThread "Unconstrained build operations Thread 15" [_thread_blocked, id=11964, stack(0x0000005bcbd00000,0x0000005bcbe00000)]
  0x000001c595ba6000 JavaThread "Unconstrained build operations Thread 16" [_thread_blocked, id=9564, stack(0x0000005bcbe00000,0x0000005bcbf00000)]
  0x000001c595ba7800 JavaThread "Unconstrained build operations Thread 17" [_thread_blocked, id=9604, stack(0x0000005bcbf00000,0x0000005bcc000000)]
  0x000001c595baa000 JavaThread "Unconstrained build operations Thread 18" [_thread_blocked, id=9596, stack(0x0000005bcc000000,0x0000005bcc100000)]
  0x000001c595ba8800 JavaThread "Unconstrained build operations Thread 19" [_thread_blocked, id=9520, stack(0x0000005bcc100000,0x0000005bcc200000)]
  0x000001c595ba5000 JavaThread "Unconstrained build operations Thread 20" [_thread_blocked, id=9552, stack(0x0000005bcc200000,0x0000005bcc300000)]
  0x000001c595ba9000 JavaThread "Unconstrained build operations Thread 21" [_thread_blocked, id=9556, stack(0x0000005bcc300000,0x0000005bcc400000)]
  0x000001c595ba4000 JavaThread "Unconstrained build operations Thread 22" [_thread_blocked, id=9588, stack(0x0000005bcc400000,0x0000005bcc500000)]
  0x000001c595bb0800 JavaThread "Unconstrained build operations Thread 23" [_thread_blocked, id=9452, stack(0x0000005bcc500000,0x0000005bcc600000)]
  0x000001c595bac800 JavaThread "Unconstrained build operations Thread 24" [_thread_blocked, id=4804, stack(0x0000005bcc600000,0x0000005bcc700000)]
  0x000001c595bad000 JavaThread "Unconstrained build operations Thread 25" [_thread_blocked, id=12112, stack(0x0000005bcc700000,0x0000005bcc800000)]
  0x000001c595bae000 JavaThread "Unconstrained build operations Thread 26" [_thread_blocked, id=10740, stack(0x0000005bcc800000,0x0000005bcc900000)]
  0x000001c595baf800 JavaThread "Unconstrained build operations Thread 27" [_thread_blocked, id=1220, stack(0x0000005bcc900000,0x0000005bcca00000)]
  0x000001c595baa800 JavaThread "Unconstrained build operations Thread 28" [_thread_blocked, id=11916, stack(0x0000005bcca00000,0x0000005bccb00000)]
  0x000001c595bab800 JavaThread "Unconstrained build operations Thread 29" [_thread_blocked, id=2752, stack(0x0000005bccb00000,0x0000005bccc00000)]
  0x000001c595baf000 JavaThread "Unconstrained build operations Thread 30" [_thread_blocked, id=11332, stack(0x0000005bccc00000,0x0000005bccd00000)]
  0x000001c595041000 JavaThread "Unconstrained build operations Thread 31" [_thread_blocked, id=11932, stack(0x0000005bccd00000,0x0000005bcce00000)]
  0x000001c59503f800 JavaThread "Unconstrained build operations Thread 32" [_thread_blocked, id=5496, stack(0x0000005bcce00000,0x0000005bccf00000)]
  0x000001c595040000 JavaThread "Unconstrained build operations Thread 33" [_thread_blocked, id=5992, stack(0x0000005bccf00000,0x0000005bcd000000)]
  0x000001c595042000 JavaThread "Unconstrained build operations Thread 34" [_thread_blocked, id=2980, stack(0x0000005bcd000000,0x0000005bcd100000)]
  0x000001c595042800 JavaThread "Unconstrained build operations Thread 35" [_thread_blocked, id=9776, stack(0x0000005bcd100000,0x0000005bcd200000)]
  0x000001c595043800 JavaThread "Unconstrained build operations Thread 36" [_thread_blocked, id=10888, stack(0x0000005bcd200000,0x0000005bcd300000)]
  0x000001c595044000 JavaThread "Unconstrained build operations Thread 37" [_thread_blocked, id=1576, stack(0x0000005bcd300000,0x0000005bcd400000)]
  0x000001c59503e800 JavaThread "Unconstrained build operations Thread 38" [_thread_blocked, id=3284, stack(0x0000005bcd400000,0x0000005bcd500000)]
  0x000001c595045000 JavaThread "Unconstrained build operations Thread 39" [_thread_blocked, id=10020, stack(0x0000005bcd500000,0x0000005bcd600000)]
  0x000001c595cde000 JavaThread "Unconstrained build operations Thread 40" [_thread_blocked, id=10824, stack(0x0000005bcd600000,0x0000005bcd700000)]
  0x000001c595ce2000 JavaThread "jar transforms Thread 4" [_thread_blocked, id=9632, stack(0x0000005bcd700000,0x0000005bcd800000)]
  0x000001c595cdf000 JavaThread "Memory manager" [_thread_blocked, id=1324, stack(0x0000005bcd800000,0x0000005bcd900000)]
  0x000001c595cdf800 JavaThread "build event listener" [_thread_blocked, id=11900, stack(0x0000005bcd900000,0x0000005bcda00000)]
  0x000001c595ce3000 JavaThread "included builds" [_thread_blocked, id=6972, stack(0x0000005bcda00000,0x0000005bcdb00000)]
  0x000001c595ce0800 JavaThread "Execution worker for ':'" [_thread_blocked, id=11872, stack(0x0000005bcdb00000,0x0000005bcdc00000)]
  0x000001c595ce1800 JavaThread "Execution worker for ':' Thread 2" [_thread_blocked, id=348, stack(0x0000005bcdc00000,0x0000005bcdd00000)]
  0x000001c595cdd800 JavaThread "Execution worker for ':' Thread 3" [_thread_blocked, id=7360, stack(0x0000005bcdd00000,0x0000005bcde00000)]
  0x000001c595ce8000 JavaThread "Cache worker for execution history cache (D:\AndroidStudioProjects\Figgo_Application_Customer\.gradle\7.4\executionHistory)" [_thread_blocked, id=8856, stack(0x0000005bcde00000,0x0000005bcdf00000)]
  0x000001c595ce4000 JavaThread "WorkerExecutor Queue" [_thread_blocked, id=3716, stack(0x0000005bcdf00000,0x0000005bce000000)]
  0x000001c595cea800 JavaThread "pool-3-thread-1" [_thread_blocked, id=3000, stack(0x0000005bce000000,0x0000005bce100000)]
  0x000001c595ce4800 JavaThread "stderr" [_thread_in_native, id=5312, stack(0x0000005bce100000,0x0000005bce200000)]
  0x000001c595ce7000 JavaThread "stdout" [_thread_in_native, id=6044, stack(0x0000005bce200000,0x0000005bce300000)]
  0x000001c595ce9800 JavaThread "WorkerExecutor Queue Thread 2" [_thread_blocked, id=12252, stack(0x0000005bce300000,0x0000005bce400000)]
  0x000001c595ceb000 JavaThread "RMI Scheduler(0)" daemon [_thread_blocked, id=11156, stack(0x0000005bc9100000,0x0000005bc9200000)]
  0x000001c595ce8800 JavaThread "RMI GC Daemon" daemon [_thread_blocked, id=11084, stack(0x0000005bce500000,0x0000005bce600000)]
  0x000001c595cec000 JavaThread "RMI TCP Accept-0" daemon [_thread_in_native, id=1968, stack(0x0000005bce600000,0x0000005bce700000)]
  0x000001c598128000 JavaThread "RMI Reaper" [_thread_blocked, id=1256, stack(0x0000005bce700000,0x0000005bce800000)]
  0x000001c598124000 JavaThread "RMI TCP Connection(2)-127.0.0.1" daemon [_thread_in_native, id=9732, stack(0x0000005bc7d00000,0x0000005bc7e00000)]
  0x000001c598122000 JavaThread "Cache worker for Java compile cache (C:\Users\lenovo\.gradle\caches\7.4\javaCompile)" [_thread_blocked, id=9124, stack(0x0000005bc7e00000,0x0000005bc7f00000)]
  0x000001c598128800 JavaThread "Build operations" [_thread_blocked, id=10960, stack(0x0000005bc9c00000,0x0000005bc9d00000)]
  0x000001c598127000 JavaThread "Build operations Thread 2" [_thread_blocked, id=3860, stack(0x0000005bce800000,0x0000005bce900000)]
  0x000001c598123000 JavaThread "Build operations Thread 3" [_thread_blocked, id=12152, stack(0x0000005bceb00000,0x0000005bcec00000)]
  0x000001c598129800 JavaThread "Build operations Thread 4" [_thread_blocked, id=11552, stack(0x0000005bcec00000,0x0000005bced00000)]
  0x000001c599b5d800 JavaThread "C2 CompilerThread1" daemon [_thread_blocked, id=9888, stack(0x0000005bc7f00000,0x0000005bc8000000)]

Other Threads:
=>0x000001c58f2bb000 VMThread "VM Thread" [stack: 0x0000005bc8600000,0x0000005bc8700000] [id=7252]
  0x000001c58fdac000 WatcherThread [stack: 0x0000005bc9000000,0x0000005bc9100000] [id=10564]
  0x000001c5f3752000 GCTaskThread "GC Thread#0" [stack: 0x0000005bc8100000,0x0000005bc8200000] [id=7736]
  0x000001c58fcc8800 GCTaskThread "GC Thread#1" [stack: 0x0000005bc9200000,0x0000005bc9300000] [id=4400]
  0x000001c58fcc7000 GCTaskThread "GC Thread#2" [stack: 0x0000005bc9300000,0x0000005bc9400000] [id=7604]
  0x000001c58fcc6800 GCTaskThread "GC Thread#3" [stack: 0x0000005bc9e00000,0x0000005bc9f00000] [id=4304]
  0x000001c5f3786800 ConcurrentGCThread "G1 Main Marker" [stack: 0x0000005bc8200000,0x0000005bc8300000] [id=4104]
  0x000001c5f3788800 ConcurrentGCThread "G1 Conc#0" [stack: 0x0000005bc8300000,0x0000005bc8400000] [id=10700]
  0x000001c5f3818000 ConcurrentGCThread "G1 Refine#0" [stack: 0x0000005bc8400000,0x0000005bc8500000] [id=9548]
  0x000001c590f52800 ConcurrentGCThread "G1 Refine#1" [stack: 0x0000005bce400000,0x0000005bce500000] [id=9204]
  0x000001c590f51000 ConcurrentGCThread "G1 Refine#2" [stack: 0x0000005bced00000,0x0000005bcee00000] [id=11776]
  0x000001c5f3819000 ConcurrentGCThread "G1 Young RemSet Sampling" [stack: 0x0000005bc8500000,0x0000005bc8600000] [id=11524]

Threads with active compile tasks:
C2 CompilerThread0 134222 16582       4       com.sun.tools.javac.comp.Resolve::findType (512 bytes)
C1 CompilerThread0 134222 16705   !   2       com.sun.tools.javac.comp.Attr::attribTree (171 bytes)
C2 CompilerThread1 134222 16520 %     4       android.databinding.tool.util.SymbolTableUtil::readResources @ 10 (334 bytes)

VM state:at safepoint (normal execution)

VM Mutex/Monitor currently owned by a thread:  ([mutex/lock_event])
[0x000001c5f3737820] Threads_lock - owner thread: 0x000001c58f2bb000
[0x000001c5f3737dc0] Heap_lock - owner thread: 0x000001c595cdd800

Heap address: 0x0000000080000000, size: 2048 MB, Compressed Oops mode: 32-bit
Narrow klass base: 0x0000000000000000, Narrow klass shift: 3
Compressed class space size: 1073741824 Address: 0x0000000100000000

Heap:
 garbage-first heap   total 587776K, used 302154K [0x0000000080000000, 0x0000000100000000)
  region size 1024K, 2 young (2048K), 2 survivors (2048K)
 Metaspace       used 118959K, capacity 121750K, committed 122048K, reserved 1155072K
  class space    used 14814K, capacity 15863K, committed 15948K, reserved 1048576K
Heap Regions: E=young(eden), S=young(survivor), O=old, HS=humongous(starts), HC=humongous(continues), CS=collection set, F=free, A=archive, TAMS=top-at-mark-start (previous, next)
|   0|0x0000000080000000, 0x0000000080100000, 0x0000000080100000|100%|HS|  |TAMS 0x0000000080100000, 0x0000000080100000| Complete 
|   1|0x0000000080100000, 0x0000000080200000, 0x0000000080200000|100%|HC|  |TAMS 0x0000000080200000, 0x0000000080200000| Complete 
|   2|0x0000000080200000, 0x0000000080300000, 0x0000000080300000|100%|HC|  |TAMS 0x0000000080300000, 0x0000000080300000| Complete 
|   3|0x0000000080300000, 0x0000000080400000, 0x0000000080400000|100%| O|  |TAMS 0x0000000080400000, 0x0000000080400000| Untracked 
|   4|0x0000000080400000, 0x0000000080500000, 0x0000000080500000|100%| O|  |TAMS 0x0000000080500000, 0x0000000080500000| Untracked 
|   5|0x0000000080500000, 0x0000000080600000, 0x0000000080600000|100%| O|  |TAMS 0x0000000080600000, 0x0000000080600000| Untracked 
|   6|0x0000000080600000, 0x0000000080700000, 0x0000000080700000|100%| O|  |TAMS 0x0000000080700000, 0x0000000080700000| Untracked 
|   7|0x0000000080700000, 0x0000000080800000, 0x0000000080800000|100%| O|  |TAMS 0x0000000080800000, 0x0000000080800000| Untracked 
|   8|0x0000000080800000, 0x0000000080900000, 0x0000000080900000|100%| O|  |TAMS 0x0000000080900000, 0x0000000080900000| Untracked 
|   9|0x0000000080900000, 0x0000000080a00000, 0x0000000080a00000|100%| O|  |TAMS 0x0000000080a00000, 0x0000000080a00000| Untracked 
|  10|0x0000000080a00000, 0x0000000080b00000, 0x0000000080b00000|100%| O|  |TAMS 0x0000000080b00000, 0x0000000080b00000| Untracked 
|  11|0x0000000080b00000, 0x0000000080c00000, 0x0000000080c00000|100%| O|  |TAMS 0x0000000080c00000, 0x0000000080c00000| Untracked 
|  12|0x0000000080c00000, 0x0000000080d00000, 0x0000000080d00000|100%| O|  |TAMS 0x0000000080d00000, 0x0000000080d00000| Untracked 
|  13|0x0000000080d00000, 0x0000000080e00000, 0x0000000080e00000|100%| O|  |TAMS 0x0000000080e00000, 0x0000000080e00000| Untracked 
|  14|0x0000000080e00000, 0x0000000080f00000, 0x0000000080f00000|100%| O|  |TAMS 0x0000000080f00000, 0x0000000080f00000| Untracked 
|  15|0x0000000080f00000, 0x0000000081000000, 0x0000000081000000|100%| O|  |TAMS 0x0000000081000000, 0x0000000081000000| Untracked 
|  16|0x0000000081000000, 0x0000000081100000, 0x0000000081100000|100%|HS|  |TAMS 0x0000000081100000, 0x0000000081100000| Complete 
|  17|0x0000000081100000, 0x0000000081200000, 0x0000000081200000|100%| O|  |TAMS 0x0000000081200000, 0x0000000081200000| Untracked 
|  18|0x0000000081200000, 0x0000000081300000, 0x0000000081300000|100%| O|  |TAMS 0x0000000081300000, 0x0000000081300000| Untracked 
|  19|0x0000000081300000, 0x0000000081400000, 0x0000000081400000|100%| O|  |TAMS 0x0000000081400000, 0x0000000081400000| Untracked 
|  20|0x0000000081400000, 0x0000000081500000, 0x0000000081500000|100%| O|  |TAMS 0x0000000081500000, 0x0000000081500000| Untracked 
|  21|0x0000000081500000, 0x0000000081600000, 0x0000000081600000|100%| O|  |TAMS 0x0000000081600000, 0x0000000081600000| Untracked 
|  22|0x0000000081600000, 0x0000000081700000, 0x0000000081700000|100%| O|  |TAMS 0x0000000081700000, 0x0000000081700000| Untracked 
|  23|0x0000000081700000, 0x0000000081800000, 0x0000000081800000|100%| O|  |TAMS 0x0000000081800000, 0x0000000081800000| Untracked 
|  24|0x0000000081800000, 0x0000000081900000, 0x0000000081900000|100%|HS|  |TAMS 0x0000000081900000, 0x0000000081900000| Complete 
|  25|0x0000000081900000, 0x0000000081a00000, 0x0000000081a00000|100%|HS|  |TAMS 0x0000000081a00000, 0x0000000081a00000| Complete 
|  26|0x0000000081a00000, 0x0000000081b00000, 0x0000000081b00000|100%|HS|  |TAMS 0x0000000081b00000, 0x0000000081b00000| Complete 
|  27|0x0000000081b00000, 0x0000000081c00000, 0x0000000081c00000|100%|HC|  |TAMS 0x0000000081c00000, 0x0000000081c00000| Complete 
|  28|0x0000000081c00000, 0x0000000081d00000, 0x0000000081d00000|100%|HC|  |TAMS 0x0000000081d00000, 0x0000000081d00000| Complete 
|  29|0x0000000081d00000, 0x0000000081e00000, 0x0000000081e00000|100%|HC|  |TAMS 0x0000000081e00000, 0x0000000081e00000| Complete 
|  30|0x0000000081e00000, 0x0000000081f00000, 0x0000000081f00000|100%|HS|  |TAMS 0x0000000081f00000, 0x0000000081f00000| Complete 
|  31|0x0000000081f00000, 0x0000000082000000, 0x0000000082000000|100%|HC|  |TAMS 0x0000000082000000, 0x0000000082000000| Complete 
|  32|0x0000000082000000, 0x0000000082100000, 0x0000000082100000|100%| O|  |TAMS 0x0000000082100000, 0x0000000082100000| Untracked 
|  33|0x0000000082100000, 0x0000000082200000, 0x0000000082200000|100%| O|  |TAMS 0x0000000082200000, 0x0000000082200000| Untracked 
|  34|0x0000000082200000, 0x0000000082300000, 0x0000000082300000|100%| O|  |TAMS 0x0000000082300000, 0x0000000082300000| Untracked 
|  35|0x0000000082300000, 0x0000000082400000, 0x0000000082400000|100%| O|  |TAMS 0x0000000082400000, 0x0000000082400000| Untracked 
|  36|0x0000000082400000, 0x0000000082500000, 0x0000000082500000|100%| O|  |TAMS 0x0000000082500000, 0x0000000082500000| Untracked 
|  37|0x0000000082500000, 0x0000000082600000, 0x0000000082600000|100%| O|  |TAMS 0x0000000082600000, 0x0000000082600000| Untracked 
|  38|0x0000000082600000, 0x0000000082700000, 0x0000000082700000|100%| O|  |TAMS 0x0000000082700000, 0x0000000082700000| Untracked 
|  39|0x0000000082700000, 0x0000000082800000, 0x0000000082800000|100%| O|  |TAMS 0x0000000082800000, 0x0000000082800000| Untracked 
|  40|0x0000000082800000, 0x0000000082900000, 0x0000000082900000|100%| O|  |TAMS 0x0000000082900000, 0x0000000082900000| Untracked 
|  41|0x0000000082900000, 0x0000000082a00000, 0x0000000082a00000|100%| O|  |TAMS 0x0000000082a00000, 0x0000000082a00000| Untracked 
|  42|0x0000000082a00000, 0x0000000082b00000, 0x0000000082b00000|100%| O|  |TAMS 0x0000000082b00000, 0x0000000082b00000| Untracked 
|  43|0x0000000082b00000, 0x0000000082c00000, 0x0000000082c00000|100%| O|  |TAMS 0x0000000082c00000, 0x0000000082c00000| Untracked 
|  44|0x0000000082c00000, 0x0000000082d00000, 0x0000000082d00000|100%| O|  |TAMS 0x0000000082d00000, 0x0000000082d00000| Untracked 
|  45|0x0000000082d00000, 0x0000000082e00000, 0x0000000082e00000|100%| O|  |TAMS 0x0000000082e00000, 0x0000000082e00000| Untracked 
|  46|0x0000000082e00000, 0x0000000082f00000, 0x0000000082f00000|100%| O|  |TAMS 0x0000000082f00000, 0x0000000082f00000| Untracked 
|  47|0x0000000082f00000, 0x0000000083000000, 0x0000000083000000|100%| O|  |TAMS 0x0000000083000000, 0x0000000083000000| Untracked 
|  48|0x0000000083000000, 0x0000000083100000, 0x0000000083100000|100%| O|  |TAMS 0x0000000083100000, 0x0000000083100000| Untracked 
|  49|0x0000000083100000, 0x0000000083200000, 0x0000000083200000|100%| O|  |TAMS 0x0000000083200000, 0x0000000083200000| Untracked 
|  50|0x0000000083200000, 0x0000000083300000, 0x0000000083300000|100%| O|  |TAMS 0x0000000083300000, 0x0000000083300000| Untracked 
|  51|0x0000000083300000, 0x0000000083400000, 0x0000000083400000|100%| O|  |TAMS 0x0000000083400000, 0x0000000083400000| Untracked 
|  52|0x0000000083400000, 0x0000000083500000, 0x0000000083500000|100%| O|  |TAMS 0x0000000083500000, 0x0000000083500000| Untracked 
|  53|0x0000000083500000, 0x0000000083600000, 0x0000000083600000|100%| O|  |TAMS 0x0000000083600000, 0x0000000083600000| Untracked 
|  54|0x0000000083600000, 0x0000000083700000, 0x0000000083700000|100%| O|  |TAMS 0x0000000083700000, 0x0000000083700000| Untracked 
|  55|0x0000000083700000, 0x0000000083800000, 0x0000000083800000|100%| O|  |TAMS 0x0000000083800000, 0x0000000083800000| Untracked 
|  56|0x0000000083800000, 0x0000000083900000, 0x0000000083900000|100%| O|  |TAMS 0x0000000083900000, 0x0000000083900000| Untracked 
|  57|0x0000000083900000, 0x0000000083a00000, 0x0000000083a00000|100%| O|  |TAMS 0x0000000083a00000, 0x0000000083a00000| Untracked 
|  58|0x0000000083a00000, 0x0000000083b00000, 0x0000000083b00000|100%| O|  |TAMS 0x0000000083b00000, 0x0000000083b00000| Untracked 
|  59|0x0000000083b00000, 0x0000000083c00000, 0x0000000083c00000|100%| O|  |TAMS 0x0000000083c00000, 0x0000000083c00000| Untracked 
|  60|0x0000000083c00000, 0x0000000083d00000, 0x0000000083d00000|100%| O|  |TAMS 0x0000000083d00000, 0x0000000083d00000| Untracked 
|  61|0x0000000083d00000, 0x0000000083e00000, 0x0000000083e00000|100%| O|  |TAMS 0x0000000083e00000, 0x0000000083e00000| Untracked 
|  62|0x0000000083e00000, 0x0000000083f00000, 0x0000000083f00000|100%| O|  |TAMS 0x0000000083f00000, 0x0000000083f00000| Untracked 
|  63|0x0000000083f00000, 0x0000000084000000, 0x0000000084000000|100%| O|  |TAMS 0x0000000084000000, 0x0000000084000000| Untracked 
|  64|0x0000000084000000, 0x0000000084100000, 0x0000000084100000|100%| O|  |TAMS 0x0000000084100000, 0x0000000084100000| Untracked 
|  65|0x0000000084100000, 0x0000000084200000, 0x0000000084200000|100%| O|  |TAMS 0x0000000084200000, 0x0000000084200000| Untracked 
|  66|0x0000000084200000, 0x0000000084300000, 0x0000000084300000|100%| O|  |TAMS 0x0000000084300000, 0x0000000084300000| Untracked 
|  67|0x0000000084300000, 0x0000000084400000, 0x0000000084400000|100%| O|  |TAMS 0x0000000084400000, 0x0000000084400000| Untracked 
|  68|0x0000000084400000, 0x0000000084500000, 0x0000000084500000|100%| O|  |TAMS 0x0000000084500000, 0x0000000084500000| Untracked 
|  69|0x0000000084500000, 0x0000000084600000, 0x0000000084600000|100%| O|  |TAMS 0x0000000084600000, 0x0000000084600000| Untracked 
|  70|0x0000000084600000, 0x0000000084700000, 0x0000000084700000|100%| O|  |TAMS 0x0000000084700000, 0x0000000084700000| Untracked 
|  71|0x0000000084700000, 0x0000000084800000, 0x0000000084800000|100%| O|  |TAMS 0x0000000084800000, 0x0000000084800000| Untracked 
|  72|0x0000000084800000, 0x0000000084900000, 0x0000000084900000|100%| O|  |TAMS 0x0000000084900000, 0x0000000084900000| Untracked 
|  73|0x0000000084900000, 0x0000000084a00000, 0x0000000084a00000|100%| O|  |TAMS 0x0000000084a00000, 0x0000000084a00000| Untracked 
|  74|0x0000000084a00000, 0x0000000084b00000, 0x0000000084b00000|100%| O|  |TAMS 0x0000000084b00000, 0x0000000084b00000| Untracked 
|  75|0x0000000084b00000, 0x0000000084c00000, 0x0000000084c00000|100%| O|  |TAMS 0x0000000084c00000, 0x0000000084c00000| Untracked 
|  76|0x0000000084c00000, 0x0000000084d00000, 0x0000000084d00000|100%| O|  |TAMS 0x0000000084d00000, 0x0000000084d00000| Untracked 
|  77|0x0000000084d00000, 0x0000000084e00000, 0x0000000084e00000|100%| O|  |TAMS 0x0000000084e00000, 0x0000000084e00000| Untracked 
|  78|0x0000000084e00000, 0x0000000084f00000, 0x0000000084f00000|100%| O|  |TAMS 0x0000000084f00000, 0x0000000084f00000| Untracked 
|  79|0x0000000084f00000, 0x0000000085000000, 0x0000000085000000|100%| O|  |TAMS 0x0000000085000000, 0x0000000085000000| Untracked 
|  80|0x0000000085000000, 0x0000000085100000, 0x0000000085100000|100%| O|  |TAMS 0x0000000085100000, 0x0000000085100000| Untracked 
|  81|0x0000000085100000, 0x0000000085200000, 0x0000000085200000|100%| O|  |TAMS 0x0000000085200000, 0x0000000085200000| Untracked 
|  82|0x0000000085200000, 0x0000000085300000, 0x0000000085300000|100%| O|  |TAMS 0x0000000085300000, 0x0000000085300000| Untracked 
|  83|0x0000000085300000, 0x0000000085400000, 0x0000000085400000|100%| O|  |TAMS 0x0000000085400000, 0x0000000085400000| Untracked 
|  84|0x0000000085400000, 0x0000000085500000, 0x0000000085500000|100%| O|  |TAMS 0x0000000085500000, 0x0000000085500000| Untracked 
|  85|0x0000000085500000, 0x0000000085600000, 0x0000000085600000|100%| O|  |TAMS 0x0000000085600000, 0x0000000085600000| Untracked 
|  86|0x0000000085600000, 0x0000000085700000, 0x0000000085700000|100%| O|  |TAMS 0x0000000085700000, 0x0000000085700000| Untracked 
|  87|0x0000000085700000, 0x0000000085800000, 0x0000000085800000|100%| O|  |TAMS 0x0000000085800000, 0x0000000085800000| Untracked 
|  88|0x0000000085800000, 0x0000000085900000, 0x0000000085900000|100%| O|  |TAMS 0x0000000085900000, 0x0000000085900000| Untracked 
|  89|0x0000000085900000, 0x0000000085a00000, 0x0000000085a00000|100%| O|  |TAMS 0x0000000085a00000, 0x0000000085a00000| Untracked 
|  90|0x0000000085a00000, 0x0000000085b00000, 0x0000000085b00000|100%| O|  |TAMS 0x0000000085b00000, 0x0000000085b00000| Untracked 
|  91|0x0000000085b00000, 0x0000000085c00000, 0x0000000085c00000|100%| O|  |TAMS 0x0000000085c00000, 0x0000000085c00000| Untracked 
|  92|0x0000000085c00000, 0x0000000085d00000, 0x0000000085d00000|100%| O|  |TAMS 0x0000000085d00000, 0x0000000085d00000| Untracked 
|  93|0x0000000085d00000, 0x0000000085e00000, 0x0000000085e00000|100%| O|  |TAMS 0x0000000085e00000, 0x0000000085e00000| Untracked 
|  94|0x0000000085e00000, 0x0000000085f00000, 0x0000000085f00000|100%| O|  |TAMS 0x0000000085f00000, 0x0000000085f00000| Untracked 
|  95|0x0000000085f00000, 0x0000000086000000, 0x0000000086000000|100%| O|  |TAMS 0x0000000086000000, 0x0000000086000000| Untracked 
|  96|0x0000000086000000, 0x0000000086100000, 0x0000000086100000|100%| O|  |TAMS 0x0000000086100000, 0x0000000086100000| Untracked 
|  97|0x0000000086100000, 0x0000000086200000, 0x0000000086200000|100%| O|  |TAMS 0x0000000086200000, 0x0000000086200000| Untracked 
|  98|0x0000000086200000, 0x0000000086300000, 0x0000000086300000|100%| O|  |TAMS 0x0000000086300000, 0x0000000086300000| Untracked 
|  99|0x0000000086300000, 0x0000000086400000, 0x0000000086400000|100%| O|  |TAMS 0x0000000086400000, 0x0000000086400000| Untracked 
| 100|0x0000000086400000, 0x0000000086500000, 0x0000000086500000|100%| O|  |TAMS 0x0000000086500000, 0x0000000086500000| Untracked 
| 101|0x0000000086500000, 0x0000000086600000, 0x0000000086600000|100%| O|  |TAMS 0x0000000086600000, 0x0000000086600000| Untracked 
| 102|0x0000000086600000, 0x0000000086700000, 0x0000000086700000|100%| O|  |TAMS 0x0000000086700000, 0x0000000086700000| Untracked 
| 103|0x0000000086700000, 0x0000000086800000, 0x0000000086800000|100%| O|  |TAMS 0x0000000086800000, 0x0000000086800000| Untracked 
| 104|0x0000000086800000, 0x0000000086900000, 0x0000000086900000|100%| O|  |TAMS 0x0000000086900000, 0x0000000086900000| Untracked 
| 105|0x0000000086900000, 0x0000000086a00000, 0x0000000086a00000|100%| O|  |TAMS 0x0000000086a00000, 0x0000000086a00000| Untracked 
| 106|0x0000000086a00000, 0x0000000086b00000, 0x0000000086b00000|100%| O|  |TAMS 0x0000000086b00000, 0x0000000086b00000| Untracked 
| 107|0x0000000086b00000, 0x0000000086c00000, 0x0000000086c00000|100%| O|  |TAMS 0x0000000086c00000, 0x0000000086c00000| Untracked 
| 108|0x0000000086c00000, 0x0000000086d00000, 0x0000000086d00000|100%| O|  |TAMS 0x0000000086d00000, 0x0000000086d00000| Untracked 
| 109|0x0000000086d00000, 0x0000000086e00000, 0x0000000086e00000|100%| O|  |TAMS 0x0000000086e00000, 0x0000000086e00000| Untracked 
| 110|0x0000000086e00000, 0x0000000086f00000, 0x0000000086f00000|100%| O|  |TAMS 0x0000000086f00000, 0x0000000086f00000| Untracked 
| 111|0x0000000086f00000, 0x0000000087000000, 0x0000000087000000|100%| O|  |TAMS 0x0000000087000000, 0x0000000087000000| Untracked 
| 112|0x0000000087000000, 0x0000000087100000, 0x0000000087100000|100%| O|  |TAMS 0x0000000087100000, 0x0000000087100000| Untracked 
| 113|0x0000000087100000, 0x0000000087200000, 0x0000000087200000|100%| O|  |TAMS 0x0000000087200000, 0x0000000087200000| Untracked 
| 114|0x0000000087200000, 0x0000000087300000, 0x0000000087300000|100%| O|  |TAMS 0x0000000087300000, 0x0000000087300000| Untracked 
| 115|0x0000000087300000, 0x0000000087400000, 0x0000000087400000|100%| O|  |TAMS 0x0000000087400000, 0x0000000087400000| Untracked 
| 116|0x0000000087400000, 0x0000000087500000, 0x0000000087500000|100%| O|  |TAMS 0x0000000087500000, 0x0000000087500000| Untracked 
| 117|0x0000000087500000, 0x0000000087600000, 0x0000000087600000|100%|HS|  |TAMS 0x0000000087600000, 0x0000000087600000| Complete 
| 118|0x0000000087600000, 0x0000000087700000, 0x0000000087700000|100%|HC|  |TAMS 0x0000000087700000, 0x0000000087700000| Complete 
| 119|0x0000000087700000, 0x0000000087800000, 0x0000000087800000|100%| O|  |TAMS 0x0000000087800000, 0x0000000087800000| Untracked 
| 120|0x0000000087800000, 0x0000000087900000, 0x0000000087900000|100%| O|  |TAMS 0x0000000087900000, 0x0000000087900000| Untracked 
| 121|0x0000000087900000, 0x0000000087a00000, 0x0000000087a00000|100%| O|  |TAMS 0x0000000087a00000, 0x0000000087a00000| Untracked 
| 122|0x0000000087a00000, 0x0000000087b00000, 0x0000000087b00000|100%| O|  |TAMS 0x0000000087b00000, 0x0000000087b00000| Untracked 
| 123|0x0000000087b00000, 0x0000000087c00000, 0x0000000087c00000|100%| O|  |TAMS 0x0000000087c00000, 0x0000000087c00000| Untracked 
| 124|0x0000000087c00000, 0x0000000087d00000, 0x0000000087d00000|100%| O|  |TAMS 0x0000000087d00000, 0x0000000087d00000| Untracked 
| 125|0x0000000087d00000, 0x0000000087e00000, 0x0000000087e00000|100%| O|  |TAMS 0x0000000087e00000, 0x0000000087e00000| Untracked 
| 126|0x0000000087e00000, 0x0000000087f00000, 0x0000000087f00000|100%| O|  |TAMS 0x0000000087f00000, 0x0000000087f00000| Untracked 
| 127|0x0000000087f00000, 0x0000000088000000, 0x0000000088000000|100%| O|  |TAMS 0x0000000088000000, 0x0000000088000000| Untracked 
| 128|0x0000000088000000, 0x0000000088100000, 0x0000000088100000|100%| O|  |TAMS 0x0000000088100000, 0x0000000088100000| Untracked 
| 129|0x0000000088100000, 0x0000000088200000, 0x0000000088200000|100%| O|  |TAMS 0x0000000088200000, 0x0000000088200000| Untracked 
| 130|0x0000000088200000, 0x0000000088300000, 0x0000000088300000|100%| O|  |TAMS 0x0000000088300000, 0x0000000088300000| Untracked 
| 131|0x0000000088300000, 0x0000000088400000, 0x0000000088400000|100%| O|  |TAMS 0x0000000088400000, 0x0000000088400000| Untracked 
| 132|0x0000000088400000, 0x0000000088500000, 0x0000000088500000|100%| O|  |TAMS 0x0000000088500000, 0x0000000088500000| Untracked 
| 133|0x0000000088500000, 0x0000000088600000, 0x0000000088600000|100%| O|  |TAMS 0x0000000088600000, 0x0000000088600000| Untracked 
| 134|0x0000000088600000, 0x0000000088700000, 0x0000000088700000|100%| O|  |TAMS 0x0000000088700000, 0x0000000088700000| Untracked 
| 135|0x0000000088700000, 0x0000000088800000, 0x0000000088800000|100%| O|  |TAMS 0x0000000088800000, 0x0000000088800000| Untracked 
| 136|0x0000000088800000, 0x0000000088900000, 0x0000000088900000|100%| O|  |TAMS 0x0000000088900000, 0x0000000088900000| Untracked 
| 137|0x0000000088900000, 0x0000000088a00000, 0x0000000088a00000|100%| O|  |TAMS 0x0000000088a00000, 0x0000000088a00000| Untracked 
| 138|0x0000000088a00000, 0x0000000088b00000, 0x0000000088b00000|100%| O|  |TAMS 0x0000000088b00000, 0x0000000088b00000| Untracked 
| 139|0x0000000088b00000, 0x0000000088c00000, 0x0000000088c00000|100%| O|  |TAMS 0x0000000088c00000, 0x0000000088c00000| Untracked 
| 140|0x0000000088c00000, 0x0000000088d00000, 0x0000000088d00000|100%| O|  |TAMS 0x0000000088d00000, 0x0000000088d00000| Untracked 
| 141|0x0000000088d00000, 0x0000000088e00000, 0x0000000088e00000|100%| O|  |TAMS 0x0000000088e00000, 0x0000000088e00000| Untracked 
| 142|0x0000000088e00000, 0x0000000088f00000, 0x0000000088f00000|100%| O|  |TAMS 0x0000000088f00000, 0x0000000088f00000| Untracked 
| 143|0x0000000088f00000, 0x0000000089000000, 0x0000000089000000|100%| O|  |TAMS 0x0000000089000000, 0x0000000089000000| Untracked 
| 144|0x0000000089000000, 0x0000000089100000, 0x0000000089100000|100%| O|  |TAMS 0x0000000089100000, 0x0000000089100000| Untracked 
| 145|0x0000000089100000, 0x0000000089200000, 0x0000000089200000|100%| O|  |TAMS 0x0000000089200000, 0x0000000089200000| Untracked 
| 146|0x0000000089200000, 0x0000000089300000, 0x0000000089300000|100%| O|  |TAMS 0x0000000089300000, 0x0000000089300000| Untracked 
| 147|0x0000000089300000, 0x0000000089400000, 0x0000000089400000|100%| O|  |TAMS 0x0000000089400000, 0x0000000089400000| Untracked 
| 148|0x0000000089400000, 0x0000000089500000, 0x0000000089500000|100%| O|  |TAMS 0x0000000089500000, 0x0000000089500000| Untracked 
| 149|0x0000000089500000, 0x0000000089600000, 0x0000000089600000|100%| O|  |TAMS 0x0000000089600000, 0x0000000089600000| Untracked 
| 150|0x0000000089600000, 0x0000000089700000, 0x0000000089700000|100%| O|  |TAMS 0x0000000089700000, 0x0000000089700000| Untracked 
| 151|0x0000000089700000, 0x0000000089800000, 0x0000000089800000|100%| O|  |TAMS 0x0000000089800000, 0x0000000089800000| Untracked 
| 152|0x0000000089800000, 0x0000000089900000, 0x0000000089900000|100%| O|  |TAMS 0x0000000089900000, 0x0000000089900000| Untracked 
| 153|0x0000000089900000, 0x0000000089a00000, 0x0000000089a00000|100%| O|  |TAMS 0x0000000089a00000, 0x0000000089a00000| Untracked 
| 154|0x0000000089a00000, 0x0000000089b00000, 0x0000000089b00000|100%| O|  |TAMS 0x0000000089b00000, 0x0000000089b00000| Untracked 
| 155|0x0000000089b00000, 0x0000000089c00000, 0x0000000089c00000|100%| O|  |TAMS 0x0000000089c00000, 0x0000000089c00000| Untracked 
| 156|0x0000000089c00000, 0x0000000089d00000, 0x0000000089d00000|100%| O|  |TAMS 0x0000000089d00000, 0x0000000089d00000| Untracked 
| 157|0x0000000089d00000, 0x0000000089e00000, 0x0000000089e00000|100%| O|  |TAMS 0x0000000089e00000, 0x0000000089e00000| Untracked 
| 158|0x0000000089e00000, 0x0000000089f00000, 0x0000000089f00000|100%| O|  |TAMS 0x0000000089f00000, 0x0000000089f00000| Untracked 
| 159|0x0000000089f00000, 0x000000008a000000, 0x000000008a000000|100%| O|  |TAMS 0x000000008a000000, 0x000000008a000000| Untracked 
| 160|0x000000008a000000, 0x000000008a100000, 0x000000008a100000|100%| O|  |TAMS 0x000000008a100000, 0x000000008a100000| Untracked 
| 161|0x000000008a100000, 0x000000008a200000, 0x000000008a200000|100%| O|  |TAMS 0x000000008a200000, 0x000000008a200000| Untracked 
| 162|0x000000008a200000, 0x000000008a300000, 0x000000008a300000|100%| O|  |TAMS 0x000000008a300000, 0x000000008a300000| Untracked 
| 163|0x000000008a300000, 0x000000008a400000, 0x000000008a400000|100%| O|  |TAMS 0x000000008a400000, 0x000000008a400000| Untracked 
| 164|0x000000008a400000, 0x000000008a500000, 0x000000008a500000|100%| O|  |TAMS 0x000000008a500000, 0x000000008a500000| Untracked 
| 165|0x000000008a500000, 0x000000008a600000, 0x000000008a600000|100%| O|  |TAMS 0x000000008a600000, 0x000000008a600000| Untracked 
| 166|0x000000008a600000, 0x000000008a700000, 0x000000008a700000|100%| O|  |TAMS 0x000000008a700000, 0x000000008a700000| Untracked 
| 167|0x000000008a700000, 0x000000008a800000, 0x000000008a800000|100%| O|  |TAMS 0x000000008a800000, 0x000000008a800000| Untracked 
| 168|0x000000008a800000, 0x000000008a900000, 0x000000008a900000|100%| O|  |TAMS 0x000000008a900000, 0x000000008a900000| Untracked 
| 169|0x000000008a900000, 0x000000008aa00000, 0x000000008aa00000|100%| O|  |TAMS 0x000000008aa00000, 0x000000008aa00000| Untracked 
| 170|0x000000008aa00000, 0x000000008ab00000, 0x000000008ab00000|100%| O|  |TAMS 0x000000008ab00000, 0x000000008ab00000| Untracked 
| 171|0x000000008ab00000, 0x000000008ac00000, 0x000000008ac00000|100%| O|  |TAMS 0x000000008ac00000, 0x000000008ac00000| Untracked 
| 172|0x000000008ac00000, 0x000000008ad00000, 0x000000008ad00000|100%| O|  |TAMS 0x000000008ad00000, 0x000000008ad00000| Untracked 
| 173|0x000000008ad00000, 0x000000008ae00000, 0x000000008ae00000|100%| O|  |TAMS 0x000000008ae00000, 0x000000008ae00000| Untracked 
| 174|0x000000008ae00000, 0x000000008af00000, 0x000000008af00000|100%| O|  |TAMS 0x000000008af00000, 0x000000008af00000| Untracked 
| 175|0x000000008af00000, 0x000000008b000000, 0x000000008b000000|100%| O|  |TAMS 0x000000008b000000, 0x000000008b000000| Untracked 
| 176|0x000000008b000000, 0x000000008b100000, 0x000000008b100000|100%| O|  |TAMS 0x000000008b100000, 0x000000008b100000| Untracked 
| 177|0x000000008b100000, 0x000000008b200000, 0x000000008b200000|100%| O|  |TAMS 0x000000008b200000, 0x000000008b200000| Untracked 
| 178|0x000000008b200000, 0x000000008b300000, 0x000000008b300000|100%| O|  |TAMS 0x000000008b300000, 0x000000008b300000| Untracked 
| 179|0x000000008b300000, 0x000000008b400000, 0x000000008b400000|100%| O|  |TAMS 0x000000008b400000, 0x000000008b400000| Untracked 
| 180|0x000000008b400000, 0x000000008b500000, 0x000000008b500000|100%| O|  |TAMS 0x000000008b500000, 0x000000008b500000| Untracked 
| 181|0x000000008b500000, 0x000000008b600000, 0x000000008b600000|100%| O|  |TAMS 0x000000008b600000, 0x000000008b600000| Untracked 
| 182|0x000000008b600000, 0x000000008b700000, 0x000000008b700000|100%| O|  |TAMS 0x000000008b700000, 0x000000008b700000| Untracked 
| 183|0x000000008b700000, 0x000000008b800000, 0x000000008b800000|100%| O|  |TAMS 0x000000008b800000, 0x000000008b800000| Untracked 
| 184|0x000000008b800000, 0x000000008b900000, 0x000000008b900000|100%| O|  |TAMS 0x000000008b900000, 0x000000008b900000| Untracked 
| 185|0x000000008b900000, 0x000000008ba00000, 0x000000008ba00000|100%| O|  |TAMS 0x000000008ba00000, 0x000000008ba00000| Untracked 
| 186|0x000000008ba00000, 0x000000008bb00000, 0x000000008bb00000|100%| O|  |TAMS 0x000000008bb00000, 0x000000008bb00000| Untracked 
| 187|0x000000008bb00000, 0x000000008bc00000, 0x000000008bc00000|100%| O|  |TAMS 0x000000008bc00000, 0x000000008bc00000| Untracked 
| 188|0x000000008bc00000, 0x000000008bd00000, 0x000000008bd00000|100%| O|  |TAMS 0x000000008bd00000, 0x000000008bd00000| Untracked 
| 189|0x000000008bd00000, 0x000000008be00000, 0x000000008be00000|100%| O|  |TAMS 0x000000008be00000, 0x000000008be00000| Untracked 
| 190|0x000000008be00000, 0x000000008bf00000, 0x000000008bf00000|100%| O|  |TAMS 0x000000008bf00000, 0x000000008bf00000| Untracked 
| 191|0x000000008bf00000, 0x000000008c000000, 0x000000008c000000|100%| O|  |TAMS 0x000000008c000000, 0x000000008c000000| Untracked 
| 192|0x000000008c000000, 0x000000008c100000, 0x000000008c100000|100%| O|  |TAMS 0x000000008c100000, 0x000000008c100000| Untracked 
| 193|0x000000008c100000, 0x000000008c200000, 0x000000008c200000|100%| O|  |TAMS 0x000000008c200000, 0x000000008c200000| Untracked 
| 194|0x000000008c200000, 0x000000008c300000, 0x000000008c300000|100%| O|  |TAMS 0x000000008c300000, 0x000000008c300000| Untracked 
| 195|0x000000008c300000, 0x000000008c400000, 0x000000008c400000|100%| O|  |TAMS 0x000000008c400000, 0x000000008c400000| Untracked 
| 196|0x000000008c400000, 0x000000008c500000, 0x000000008c500000|100%| O|  |TAMS 0x000000008c500000, 0x000000008c500000| Untracked 
| 197|0x000000008c500000, 0x000000008c600000, 0x000000008c600000|100%| O|  |TAMS 0x000000008c600000, 0x000000008c600000| Untracked 
| 198|0x000000008c600000, 0x000000008c700000, 0x000000008c700000|100%| O|  |TAMS 0x000000008c680000, 0x000000008c700000| Untracked 
| 199|0x000000008c700000, 0x000000008c800000, 0x000000008c800000|100%| O|  |TAMS 0x000000008c700000, 0x000000008c800000| Untracked 
| 200|0x000000008c800000, 0x000000008c900000, 0x000000008c900000|100%| O|  |TAMS 0x000000008c800000, 0x000000008c900000| Untracked 
| 201|0x000000008c900000, 0x000000008ca00000, 0x000000008ca00000|100%| O|  |TAMS 0x000000008c900000, 0x000000008ca00000| Untracked 
| 202|0x000000008ca00000, 0x000000008cb00000, 0x000000008cb00000|100%| O|  |TAMS 0x000000008ca00000, 0x000000008cb00000| Untracked 
| 203|0x000000008cb00000, 0x000000008cc00000, 0x000000008cc00000|100%| O|  |TAMS 0x000000008cb00000, 0x000000008cc00000| Untracked 
| 204|0x000000008cc00000, 0x000000008cd00000, 0x000000008cd00000|100%| O|  |TAMS 0x000000008cc00000, 0x000000008cd00000| Untracked 
| 205|0x000000008cd00000, 0x000000008ce00000, 0x000000008ce00000|100%| O|  |TAMS 0x000000008cd00000, 0x000000008ce00000| Untracked 
| 206|0x000000008ce00000, 0x000000008cf00000, 0x000000008cf00000|100%| O|  |TAMS 0x000000008ce00000, 0x000000008cf00000| Untracked 
| 207|0x000000008cf00000, 0x000000008d000000, 0x000000008d000000|100%| O|  |TAMS 0x000000008cf00000, 0x000000008d000000| Untracked 
| 208|0x000000008d000000, 0x000000008d100000, 0x000000008d100000|100%| O|  |TAMS 0x000000008d000000, 0x000000008d100000| Untracked 
| 209|0x000000008d100000, 0x000000008d200000, 0x000000008d200000|100%| O|  |TAMS 0x000000008d100000, 0x000000008d200000| Untracked 
| 210|0x000000008d200000, 0x000000008d300000, 0x000000008d300000|100%| O|  |TAMS 0x000000008d200000, 0x000000008d300000| Untracked 
| 211|0x000000008d300000, 0x000000008d400000, 0x000000008d400000|100%| O|  |TAMS 0x000000008d300000, 0x000000008d400000| Untracked 
| 212|0x000000008d400000, 0x000000008d500000, 0x000000008d500000|100%| O|  |TAMS 0x000000008d400000, 0x000000008d500000| Untracked 
| 213|0x000000008d500000, 0x000000008d600000, 0x000000008d600000|100%| O|  |TAMS 0x000000008d500000, 0x000000008d600000| Untracked 
| 214|0x000000008d600000, 0x000000008d700000, 0x000000008d700000|100%| O|  |TAMS 0x000000008d600000, 0x000000008d700000| Untracked 
| 215|0x000000008d700000, 0x000000008d800000, 0x000000008d800000|100%| O|  |TAMS 0x000000008d700000, 0x000000008d800000| Untracked 
| 216|0x000000008d800000, 0x000000008d900000, 0x000000008d900000|100%| O|  |TAMS 0x000000008d800000, 0x000000008d900000| Untracked 
| 217|0x000000008d900000, 0x000000008da00000, 0x000000008da00000|100%| O|  |TAMS 0x000000008d900000, 0x000000008da00000| Untracked 
| 218|0x000000008da00000, 0x000000008db00000, 0x000000008db00000|100%| O|  |TAMS 0x000000008da00000, 0x000000008db00000| Untracked 
| 219|0x000000008db00000, 0x000000008dc00000, 0x000000008dc00000|100%| O|  |TAMS 0x000000008db00000, 0x000000008dc00000| Untracked 
| 220|0x000000008dc00000, 0x000000008dd00000, 0x000000008dd00000|100%| O|  |TAMS 0x000000008dc00000, 0x000000008dd00000| Untracked 
| 221|0x000000008dd00000, 0x000000008de00000, 0x000000008de00000|100%| O|  |TAMS 0x000000008dd00000, 0x000000008de00000| Untracked 
| 222|0x000000008de00000, 0x000000008df00000, 0x000000008df00000|100%| O|  |TAMS 0x000000008de00000, 0x000000008df00000| Untracked 
| 223|0x000000008df00000, 0x000000008e000000, 0x000000008e000000|100%| O|  |TAMS 0x000000008df00000, 0x000000008e000000| Untracked 
| 224|0x000000008e000000, 0x000000008e100000, 0x000000008e100000|100%| O|  |TAMS 0x000000008e000000, 0x000000008e100000| Untracked 
| 225|0x000000008e100000, 0x000000008e200000, 0x000000008e200000|100%| O|  |TAMS 0x000000008e100000, 0x000000008e200000| Untracked 
| 226|0x000000008e200000, 0x000000008e300000, 0x000000008e300000|100%| O|  |TAMS 0x000000008e200000, 0x000000008e300000| Untracked 
| 227|0x000000008e300000, 0x000000008e400000, 0x000000008e400000|100%| O|  |TAMS 0x000000008e300000, 0x000000008e400000| Untracked 
| 228|0x000000008e400000, 0x000000008e500000, 0x000000008e500000|100%| O|  |TAMS 0x000000008e400000, 0x000000008e500000| Untracked 
| 229|0x000000008e500000, 0x000000008e600000, 0x000000008e600000|100%| O|  |TAMS 0x000000008e500000, 0x000000008e600000| Untracked 
| 230|0x000000008e600000, 0x000000008e700000, 0x000000008e700000|100%| O|  |TAMS 0x000000008e600000, 0x000000008e700000| Untracked 
| 231|0x000000008e700000, 0x000000008e800000, 0x000000008e800000|100%| O|  |TAMS 0x000000008e700000, 0x000000008e800000| Untracked 
| 232|0x000000008e800000, 0x000000008e900000, 0x000000008e900000|100%| O|  |TAMS 0x000000008e800000, 0x000000008e900000| Untracked 
| 233|0x000000008e900000, 0x000000008ea00000, 0x000000008ea00000|100%| O|  |TAMS 0x000000008e900000, 0x000000008ea00000| Untracked 
| 234|0x000000008ea00000, 0x000000008eb00000, 0x000000008eb00000|100%| O|  |TAMS 0x000000008ea00000, 0x000000008eb00000| Untracked 
| 235|0x000000008eb00000, 0x000000008ec00000, 0x000000008ec00000|100%| O|  |TAMS 0x000000008eb00000, 0x000000008ec00000| Untracked 
| 236|0x000000008ec00000, 0x000000008ed00000, 0x000000008ed00000|100%| O|  |TAMS 0x000000008ec00000, 0x000000008ed00000| Untracked 
| 237|0x000000008ed00000, 0x000000008ee00000, 0x000000008ee00000|100%| O|  |TAMS 0x000000008ed00000, 0x000000008ee00000| Untracked 
| 238|0x000000008ee00000, 0x000000008ef00000, 0x000000008ef00000|100%| O|  |TAMS 0x000000008ee00000, 0x000000008ef00000| Untracked 
| 239|0x000000008ef00000, 0x000000008f000000, 0x000000008f000000|100%| O|  |TAMS 0x000000008ef00000, 0x000000008f000000| Untracked 
| 240|0x000000008f000000, 0x000000008f100000, 0x000000008f100000|100%| O|  |TAMS 0x000000008f000000, 0x000000008f100000| Untracked 
| 241|0x000000008f100000, 0x000000008f200000, 0x000000008f200000|100%| O|  |TAMS 0x000000008f100000, 0x000000008f200000| Untracked 
| 242|0x000000008f200000, 0x000000008f300000, 0x000000008f300000|100%| O|  |TAMS 0x000000008f200000, 0x000000008f300000| Untracked 
| 243|0x000000008f300000, 0x000000008f400000, 0x000000008f400000|100%| O|  |TAMS 0x000000008f300000, 0x000000008f400000| Untracked 
| 244|0x000000008f400000, 0x000000008f500000, 0x000000008f500000|100%| O|  |TAMS 0x000000008f400000, 0x000000008f500000| Untracked 
| 245|0x000000008f500000, 0x000000008f600000, 0x000000008f600000|100%| O|  |TAMS 0x000000008f500000, 0x000000008f600000| Untracked 
| 246|0x000000008f600000, 0x000000008f700000, 0x000000008f700000|100%| O|  |TAMS 0x000000008f600000, 0x000000008f700000| Untracked 
| 247|0x000000008f700000, 0x000000008f800000, 0x000000008f800000|100%| O|  |TAMS 0x000000008f700000, 0x000000008f800000| Untracked 
| 248|0x000000008f800000, 0x000000008f900000, 0x000000008f900000|100%| O|  |TAMS 0x000000008f800000, 0x000000008f900000| Untracked 
| 249|0x000000008f900000, 0x000000008fa00000, 0x000000008fa00000|100%| O|  |TAMS 0x000000008f900000, 0x000000008fa00000| Untracked 
| 250|0x000000008fa00000, 0x000000008fb00000, 0x000000008fb00000|100%| O|  |TAMS 0x000000008fa00000, 0x000000008fb00000| Untracked 
| 251|0x000000008fb00000, 0x000000008fc00000, 0x000000008fc00000|100%| O|  |TAMS 0x000000008fb00000, 0x000000008fc00000| Untracked 
| 252|0x000000008fc00000, 0x000000008fd00000, 0x000000008fd00000|100%| O|  |TAMS 0x000000008fc00000, 0x000000008fd00000| Untracked 
| 253|0x000000008fd00000, 0x000000008fe00000, 0x000000008fe00000|100%| O|  |TAMS 0x000000008fd00000, 0x000000008fe00000| Untracked 
| 254|0x000000008fe00000, 0x000000008ff00000, 0x000000008ff00000|100%| O|  |TAMS 0x000000008fe00000, 0x000000008ff00000| Untracked 
| 255|0x000000008ff00000, 0x0000000090000000, 0x0000000090000000|100%| S|CS|TAMS 0x000000008ff00000, 0x000000008ff00000| Complete 
| 256|0x0000000090000000, 0x0000000090000000, 0x0000000090100000|  0%| F|  |TAMS 0x0000000090000000, 0x0000000090000000| Untracked 
| 257|0x0000000090100000, 0x0000000090100000, 0x0000000090200000|  0%| F|  |TAMS 0x0000000090100000, 0x0000000090100000| Untracked 
| 258|0x0000000090200000, 0x0000000090200000, 0x0000000090300000|  0%| F|  |TAMS 0x0000000090200000, 0x0000000090200000| Untracked 
| 259|0x0000000090300000, 0x0000000090300000, 0x0000000090400000|  0%| F|  |TAMS 0x0000000090300000, 0x0000000090300000| Untracked 
| 260|0x0000000090400000, 0x0000000090400000, 0x0000000090500000|  0%| F|  |TAMS 0x0000000090400000, 0x0000000090400000| Untracked 
| 261|0x0000000090500000, 0x0000000090500000, 0x0000000090600000|  0%| F|  |TAMS 0x0000000090500000, 0x0000000090500000| Untracked 
| 262|0x0000000090600000, 0x0000000090600000, 0x0000000090700000|  0%| F|  |TAMS 0x0000000090600000, 0x0000000090600000| Untracked 
| 263|0x0000000090700000, 0x0000000090700000, 0x0000000090800000|  0%| F|  |TAMS 0x0000000090700000, 0x0000000090700000| Untracked 
| 264|0x0000000090800000, 0x0000000090800000, 0x0000000090900000|  0%| F|  |TAMS 0x0000000090800000, 0x0000000090800000| Untracked 
| 265|0x0000000090900000, 0x0000000090900000, 0x0000000090a00000|  0%| F|  |TAMS 0x0000000090900000, 0x0000000090900000| Untracked 
| 266|0x0000000090a00000, 0x0000000090a00000, 0x0000000090b00000|  0%| F|  |TAMS 0x0000000090a00000, 0x0000000090a00000| Untracked 
| 267|0x0000000090b00000, 0x0000000090c00000, 0x0000000090c00000|100%| O|  |TAMS 0x0000000090b00000, 0x0000000090c00000| Untracked 
| 268|0x0000000090c00000, 0x0000000090d00000, 0x0000000090d00000|100%| O|  |TAMS 0x0000000090c00000, 0x0000000090d00000| Untracked 
| 269|0x0000000090d00000, 0x0000000090e00000, 0x0000000090e00000|100%| O|  |TAMS 0x0000000090d00000, 0x0000000090e00000| Untracked 
| 270|0x0000000090e00000, 0x0000000090f00000, 0x0000000090f00000|100%| O|  |TAMS 0x0000000090e00000, 0x0000000090f00000| Untracked 
| 271|0x0000000090f00000, 0x0000000091000000, 0x0000000091000000|100%| O|  |TAMS 0x0000000090f00000, 0x0000000091000000| Untracked 
| 272|0x0000000091000000, 0x0000000091100000, 0x0000000091100000|100%| O|  |TAMS 0x0000000091000000, 0x0000000091100000| Untracked 
| 273|0x0000000091100000, 0x0000000091200000, 0x0000000091200000|100%| O|  |TAMS 0x0000000091100000, 0x0000000091200000| Untracked 
| 274|0x0000000091200000, 0x0000000091300000, 0x0000000091300000|100%| O|  |TAMS 0x0000000091200000, 0x0000000091300000| Untracked 
| 275|0x0000000091300000, 0x0000000091400000, 0x0000000091400000|100%| O|  |TAMS 0x0000000091300000, 0x0000000091400000| Untracked 
| 276|0x0000000091400000, 0x0000000091500000, 0x0000000091500000|100%| O|  |TAMS 0x0000000091400000, 0x0000000091500000| Untracked 
| 277|0x0000000091500000, 0x0000000091600000, 0x0000000091600000|100%| O|  |TAMS 0x0000000091500000, 0x0000000091600000| Untracked 
| 278|0x0000000091600000, 0x0000000091700000, 0x0000000091700000|100%| O|  |TAMS 0x0000000091600000, 0x0000000091700000| Untracked 
| 279|0x0000000091700000, 0x0000000091800000, 0x0000000091800000|100%| O|  |TAMS 0x0000000091700000, 0x0000000091800000| Untracked 
| 280|0x0000000091800000, 0x0000000091900000, 0x0000000091900000|100%| O|  |TAMS 0x0000000091800000, 0x0000000091900000| Untracked 
| 281|0x0000000091900000, 0x0000000091a00000, 0x0000000091a00000|100%| O|  |TAMS 0x0000000091900000, 0x0000000091a00000| Untracked 
| 282|0x0000000091a00000, 0x0000000091b00000, 0x0000000091b00000|100%| O|  |TAMS 0x0000000091a00000, 0x0000000091b00000| Untracked 
| 283|0x0000000091b00000, 0x0000000091c00000, 0x0000000091c00000|100%| O|  |TAMS 0x0000000091b00000, 0x0000000091c00000| Untracked 
| 284|0x0000000091c00000, 0x0000000091c00000, 0x0000000091d00000|  0%| F|  |TAMS 0x0000000091c00000, 0x0000000091c00000| Untracked 
| 285|0x0000000091d00000, 0x0000000091e00000, 0x0000000091e00000|100%| O|  |TAMS 0x0000000091d00000, 0x0000000091e00000| Untracked 
| 286|0x0000000091e00000, 0x0000000091f00000, 0x0000000091f00000|100%| O|  |TAMS 0x0000000091e00000, 0x0000000091f00000| Untracked 
| 287|0x0000000091f00000, 0x0000000092000000, 0x0000000092000000|100%| O|  |TAMS 0x0000000091f00000, 0x0000000092000000| Untracked 
| 288|0x0000000092000000, 0x0000000092100000, 0x0000000092100000|100%| O|  |TAMS 0x0000000092000000, 0x0000000092100000| Untracked 
| 289|0x0000000092100000, 0x0000000092200000, 0x0000000092200000|100%| O|  |TAMS 0x0000000092100000, 0x0000000092200000| Untracked 
| 290|0x0000000092200000, 0x0000000092300000, 0x0000000092300000|100%| O|  |TAMS 0x0000000092200000, 0x0000000092300000| Untracked 
| 291|0x0000000092300000, 0x0000000092400000, 0x0000000092400000|100%| O|  |TAMS 0x0000000092300000, 0x0000000092400000| Untracked 
| 292|0x0000000092400000, 0x0000000092500000, 0x0000000092500000|100%| O|  |TAMS 0x0000000092400000, 0x0000000092500000| Untracked 
| 293|0x0000000092500000, 0x0000000092600000, 0x0000000092600000|100%| O|  |TAMS 0x0000000092500000, 0x0000000092600000| Untracked 
| 294|0x0000000092600000, 0x0000000092700000, 0x0000000092700000|100%| O|  |TAMS 0x0000000092600000, 0x0000000092700000| Untracked 
| 295|0x0000000092700000, 0x0000000092800000, 0x0000000092800000|100%| O|  |TAMS 0x0000000092700000, 0x0000000092800000| Untracked 
| 296|0x0000000092800000, 0x0000000092800000, 0x0000000092900000|  0%| F|  |TAMS 0x0000000092800000, 0x0000000092800000| Untracked 
| 297|0x0000000092900000, 0x0000000092a00000, 0x0000000092a00000|100%| O|  |TAMS 0x0000000092900000, 0x0000000092a00000| Untracked 
| 298|0x0000000092a00000, 0x0000000092b00000, 0x0000000092b00000|100%| O|  |TAMS 0x0000000092a00000, 0x0000000092b00000| Untracked 
| 299|0x0000000092b00000, 0x0000000092c00000, 0x0000000092c00000|100%| O|  |TAMS 0x0000000092b00000, 0x0000000092c00000| Untracked 
| 300|0x0000000092c00000, 0x0000000092d00000, 0x0000000092d00000|100%| O|  |TAMS 0x0000000092c00000, 0x0000000092d00000| Untracked 
| 301|0x0000000092d00000, 0x0000000092e00000, 0x0000000092e00000|100%| O|  |TAMS 0x0000000092d00000, 0x0000000092e00000| Untracked 
| 302|0x0000000092e00000, 0x0000000092f00000, 0x0000000092f00000|100%| O|  |TAMS 0x0000000092e00000, 0x0000000092f00000| Untracked 
| 303|0x0000000092f00000, 0x0000000093000000, 0x0000000093000000|100%| O|  |TAMS 0x0000000092f00000, 0x0000000093000000| Untracked 
| 304|0x0000000093000000, 0x0000000093100000, 0x0000000093100000|100%| O|  |TAMS 0x0000000093000000, 0x0000000093100000| Untracked 
| 305|0x0000000093100000, 0x0000000093200000, 0x0000000093200000|100%| O|  |TAMS 0x0000000093100000, 0x0000000093200000| Untracked 
| 306|0x0000000093200000, 0x0000000093200000, 0x0000000093300000|  0%| F|  |TAMS 0x0000000093200000, 0x0000000093200000| Untracked 
| 307|0x0000000093300000, 0x0000000093400000, 0x0000000093400000|100%| O|  |TAMS 0x0000000093300000, 0x0000000093400000| Untracked 
| 308|0x0000000093400000, 0x0000000093400000, 0x0000000093500000|  0%| F|  |TAMS 0x0000000093400000, 0x0000000093400000| Untracked 
| 309|0x0000000093500000, 0x0000000093600000, 0x0000000093600000|100%| O|  |TAMS 0x0000000093500000, 0x0000000093600000| Untracked 
| 310|0x0000000093600000, 0x00000000936128c0, 0x0000000093700000|  7%| S|CS|TAMS 0x0000000093600000, 0x0000000093600000| Complete 

Card table byte_map: [0x000001c5f94b0000,0x000001c5f98b0000] _byte_map_base: 0x000001c5f90b0000

Marking Bits (Prev, Next): (CMBitMap*) 0x000001c5f377d880, (CMBitMap*) 0x000001c5f377d848
 Prev Bits: [0x000001c5fbcb0000, 0x000001c5fdcb0000)
 Next Bits: [0x000001c5f9cb0000, 0x000001c5fbcb0000)

Polling page: 0x000001c5f35c0000

Metaspace:

Usage:
  Non-class:    103.41 MB capacity,   101.70 MB ( 98%) used,     1.37 MB (  1%) free+waste,   339.50 KB ( <1%) overhead. 
      Class:     15.49 MB capacity,    14.47 MB ( 93%) used,   900.09 KB (  6%) free+waste,   148.38 KB ( <1%) overhead. 
       Both:    118.90 MB capacity,   116.17 MB ( 98%) used,     2.25 MB (  2%) free+waste,   487.88 KB ( <1%) overhead. 

Virtual space:
  Non-class space:      104.00 MB reserved,     103.61 MB (>99%) committed 
      Class space:        1.00 GB reserved,      15.57 MB (  2%) committed 
             Both:        1.10 GB reserved,     119.19 MB ( 11%) committed 

Chunk freelists:
   Non-Class:  21.00 KB
       Class:  9.00 KB
        Both:  30.00 KB

MaxMetaspaceSize: 17179869184.00 GB
CompressedClassSpaceSize: 1.00 GB
Initial GC threshold: 20.80 MB
Current GC threshold: 197.81 MB
CDS: off

CodeHeap 'non-profiled nmethods': size=120064Kb used=10401Kb max_used=11277Kb free=109663Kb
 bounds [0x000001c587ac0000, 0x000001c5885d0000, 0x000001c58f000000]
CodeHeap 'profiled nmethods': size=120000Kb used=35576Kb max_used=37635Kb free=84423Kb
 bounds [0x000001c580590000, 0x000001c582a60000, 0x000001c587ac0000]
CodeHeap 'non-nmethods': size=5696Kb used=2470Kb max_used=2485Kb free=3225Kb
 bounds [0x000001c580000000, 0x000001c580290000, 0x000001c580590000]
 total_blobs=16674 nmethods=15698 adapters=886
 compilation: enabled
              stopped_count=0, restarted_count=0
 full_count=0

Compilation events (20 events):
Event: 134.169 Thread 0x000001c58f305800 nmethod 16691 0x000001c5808ac110 code [0x000001c5808ac300, 0x000001c5808ac5a8]
Event: 134.170 Thread 0x000001c58f305800 16692       2       com.sun.tools.javac.code.Types::returnTypeSubstitutable (41 bytes)
Event: 134.171 Thread 0x000001c58f305800 nmethod 16692 0x000001c580699090 code [0x000001c5806992c0, 0x000001c580699698]
Event: 134.171 Thread 0x000001c58f305800 16693       2       com.sun.tools.javac.code.Types::resultSubtype (42 bytes)
Event: 134.172 Thread 0x000001c58f305800 nmethod 16693 0x000001c5807af910 code [0x000001c5807afb20, 0x000001c5807afe48]
Event: 134.172 Thread 0x000001c58f305800 16694       2       com.sun.tools.javac.code.Type$StructuralTypeMapping::visitClassType (67 bytes)
Event: 134.172 Thread 0x000001c58f305800 nmethod 16694 0x000001c580590490 code [0x000001c5805906a0, 0x000001c580590b28]
Event: 134.172 Thread 0x000001c58f305800 16695       2       com.sun.tools.javac.code.Types$Subst::visitClassType (10 bytes)
Event: 134.172 Thread 0x000001c58f305800 nmethod 16695 0x000001c580a97d10 code [0x000001c580a97ec0, 0x000001c580a98008]
Event: 134.193 Thread 0x000001c58f305800 16696       2       com.sun.tools.javac.code.Lint::isEnabled (9 bytes)
Event: 134.193 Thread 0x000001c58f305800 nmethod 16696 0x000001c580679c10 code [0x000001c580679dc0, 0x000001c580679ee8]
Event: 134.193 Thread 0x000001c58f305800 16697       2       com.sun.tools.javac.code.Kinds$KindSelector::subset (20 bytes)
Event: 134.193 Thread 0x000001c58f305800 nmethod 16697 0x000001c5806ad010 code [0x000001c5806ad1c0, 0x000001c5806ad2d8]
Event: 134.193 Thread 0x000001c58f305800 16698       2       com.sun.tools.javac.comp.Check::checkType (168 bytes)
Event: 134.195 Thread 0x000001c58f305800 nmethod 16698 0x000001c580988a90 code [0x000001c580988e20, 0x000001c58098a1b8]
Event: 134.195 Thread 0x000001c58f305800 16699       2       com.sun.tools.javac.comp.Attr::check (219 bytes)
Event: 134.197 Thread 0x000001c58f305800 nmethod 16699 0x000001c5808fb910 code [0x000001c5808fbc20, 0x000001c5808fc9b8]
Event: 134.197 Thread 0x000001c58f305800 16701       2       com.sun.tools.javac.jvm.ClassReader::setParameters (348 bytes)
Event: 134.200 Thread 0x000001c58f305800 nmethod 16701 0x000001c5806a1e90 code [0x000001c5806a21e0, 0x000001c5806a32a8]
Event: 134.200 Thread 0x000001c58f305800 16705   !   2       com.sun.tools.javac.comp.Attr::attribTree (171 bytes)

GC Heap History (20 events):
Event: 133.046 GC heap after
{Heap after GC invocations=35 (full 0):
 garbage-first heap   total 273408K, used 226304K [0x0000000080000000, 0x0000000100000000)
  region size 1024K, 3 young (3072K), 3 survivors (3072K)
 Metaspace       used 118230K, capacity 121029K, committed 121280K, reserved 1155072K
  class space    used 14755K, capacity 15816K, committed 15948K, reserved 1048576K
}
Event: 133.111 GC heap before
{Heap before GC invocations=35 (full 0):
 garbage-first heap   total 273408K, used 236544K [0x0000000080000000, 0x0000000100000000)
  region size 1024K, 13 young (13312K), 3 survivors (3072K)
 Metaspace       used 118230K, capacity 121029K, committed 121280K, reserved 1155072K
  class space    used 14755K, capacity 15816K, committed 15948K, reserved 1048576K
}
Event: 133.129 GC heap after
{Heap after GC invocations=36 (full 0):
 garbage-first heap   total 273408K, used 237568K [0x0000000080000000, 0x0000000100000000)
  region size 1024K, 2 young (2048K), 2 survivors (2048K)
 Metaspace       used 118230K, capacity 121029K, committed 121280K, reserved 1155072K
  class space    used 14755K, capacity 15816K, committed 15948K, reserved 1048576K
}
Event: 133.250 GC heap before
{Heap before GC invocations=36 (full 0):
 garbage-first heap   total 273408K, used 248832K [0x0000000080000000, 0x0000000100000000)
  region size 1024K, 13 young (13312K), 2 survivors (2048K)
 Metaspace       used 118239K, capacity 121093K, committed 121280K, reserved 1155072K
  class space    used 14755K, capacity 15816K, committed 15948K, reserved 1048576K
}
Event: 133.261 GC heap after
{Heap after GC invocations=37 (full 0):
 garbage-first heap   total 273408K, used 245760K [0x0000000080000000, 0x0000000100000000)
  region size 1024K, 2 young (2048K), 2 survivors (2048K)
 Metaspace       used 118239K, capacity 121093K, committed 121280K, reserved 1155072K
  class space    used 14755K, capacity 15816K, committed 15948K, reserved 1048576K
}
Event: 133.531 GC heap before
{Heap before GC invocations=37 (full 0):
 garbage-first heap   total 273408K, used 257024K [0x0000000080000000, 0x0000000100000000)
  region size 1024K, 13 young (13312K), 2 survivors (2048K)
 Metaspace       used 118305K, capacity 121159K, committed 121536K, reserved 1155072K
  class space    used 14755K, capacity 15816K, committed 15948K, reserved 1048576K
}
Event: 133.539 GC heap after
{Heap after GC invocations=38 (full 0):
 garbage-first heap   total 273408K, used 247851K [0x0000000080000000, 0x0000000100000000)
  region size 1024K, 2 young (2048K), 2 survivors (2048K)
 Metaspace       used 118305K, capacity 121159K, committed 121536K, reserved 1155072K
  class space    used 14755K, capacity 15816K, committed 15948K, reserved 1048576K
}
Event: 133.697 GC heap before
{Heap before GC invocations=38 (full 0):
 garbage-first heap   total 273408K, used 259115K [0x0000000080000000, 0x0000000100000000)
  region size 1024K, 13 young (13312K), 2 survivors (2048K)
 Metaspace       used 118334K, capacity 121162K, committed 121536K, reserved 1155072K
  class space    used 14755K, capacity 15816K, committed 15948K, reserved 1048576K
}
Event: 133.708 GC heap after
{Heap after GC invocations=39 (full 0):
 garbage-first heap   total 273408K, used 251064K [0x0000000080000000, 0x0000000100000000)
  region size 1024K, 2 young (2048K), 2 survivors (2048K)
 Metaspace       used 118334K, capacity 121162K, committed 121536K, reserved 1155072K
  class space    used 14755K, capacity 15816K, committed 15948K, reserved 1048576K
}
Event: 133.774 GC heap before
{Heap before GC invocations=39 (full 0):
 garbage-first heap   total 273408K, used 262328K [0x0000000080000000, 0x0000000100000000)
  region size 1024K, 13 young (13312K), 2 survivors (2048K)
 Metaspace       used 118334K, capacity 121162K, committed 121536K, reserved 1155072K
  class space    used 14755K, capacity 15816K, committed 15948K, reserved 1048576K
}
Event: 133.786 GC heap after
{Heap after GC invocations=40 (full 0):
 garbage-first heap   total 276480K, used 262441K [0x0000000080000000, 0x0000000100000000)
  region size 1024K, 2 young (2048K), 2 survivors (2048K)
 Metaspace       used 118334K, capacity 121162K, committed 121536K, reserved 1155072K
  class space    used 14755K, capacity 15816K, committed 15948K, reserved 1048576K
}
Event: 133.821 GC heap before
{Heap before GC invocations=40 (full 0):
 garbage-first heap   total 276480K, used 273705K [0x0000000080000000, 0x0000000100000000)
  region size 1024K, 13 young (13312K), 2 survivors (2048K)
 Metaspace       used 118334K, capacity 121162K, committed 121536K, reserved 1155072K
  class space    used 14755K, capacity 15816K, committed 15948K, reserved 1048576K
}
Event: 133.833 GC heap after
{Heap after GC invocations=41 (full 0):
 garbage-first heap   total 287744K, used 274311K [0x0000000080000000, 0x0000000100000000)
  region size 1024K, 2 young (2048K), 2 survivors (2048K)
 Metaspace       used 118334K, capacity 121162K, committed 121536K, reserved 1155072K
  class space    used 14755K, capacity 15816K, committed 15948K, reserved 1048576K
}
Event: 133.856 GC heap before
{Heap before GC invocations=41 (full 0):
 garbage-first heap   total 287744K, used 286599K [0x0000000080000000, 0x0000000100000000)
  region size 1024K, 14 young (14336K), 2 survivors (2048K)
 Metaspace       used 118334K, capacity 121162K, committed 121536K, reserved 1155072K
  class space    used 14755K, capacity 15816K, committed 15948K, reserved 1048576K
}
Event: 133.875 GC heap after
{Heap after GC invocations=42 (full 0):
 garbage-first heap   total 302080K, used 287744K [0x0000000080000000, 0x0000000100000000)
  region size 1024K, 2 young (2048K), 2 survivors (2048K)
 Metaspace       used 118334K, capacity 121162K, committed 121536K, reserved 1155072K
  class space    used 14755K, capacity 15816K, committed 15948K, reserved 1048576K
}
Event: 133.903 GC heap before
{Heap before GC invocations=42 (full 0):
 garbage-first heap   total 302080K, used 300032K [0x0000000080000000, 0x0000000100000000)
  region size 1024K, 14 young (14336K), 2 survivors (2048K)
 Metaspace       used 118339K, capacity 121162K, committed 121536K, reserved 1155072K
  class space    used 14755K, capacity 15816K, committed 15948K, reserved 1048576K
}
Event: 133.921 GC heap after
{Heap after GC invocations=43 (full 0):
 garbage-first heap   total 313344K, used 299008K [0x0000000080000000, 0x0000000100000000)
  region size 1024K, 2 young (2048K), 2 survivors (2048K)
 Metaspace       used 118339K, capacity 121162K, committed 121536K, reserved 1155072K
  class space    used 14755K, capacity 15816K, committed 15948K, reserved 1048576K
}
Event: 133.998 GC heap before
{Heap before GC invocations=44 (full 0):
 garbage-first heap   total 313344K, used 312320K [0x0000000080000000, 0x0000000100000000)
  region size 1024K, 15 young (15360K), 2 survivors (2048K)
 Metaspace       used 118368K, capacity 121164K, committed 121536K, reserved 1155072K
  class space    used 14756K, capacity 15816K, committed 15948K, reserved 1048576K
}
Event: 134.008 GC heap after
{Heap after GC invocations=45 (full 0):
 garbage-first heap   total 317440K, used 301052K [0x0000000080000000, 0x0000000100000000)
  region size 1024K, 2 young (2048K), 2 survivors (2048K)
 Metaspace       used 118368K, capacity 121164K, committed 121536K, reserved 1155072K
  class space    used 14756K, capacity 15816K, committed 15948K, reserved 1048576K
}
Event: 134.201 GC heap before
{Heap before GC invocations=45 (full 0):
 garbage-first heap   total 317440K, used 313340K [0x0000000080000000, 0x0000000100000000)
  region size 1024K, 15 young (15360K), 2 survivors (2048K)
 Metaspace       used 118959K, capacity 121750K, committed 122048K, reserved 1155072K
  class space    used 14814K, capacity 15863K, committed 15948K, reserved 1048576K
}

Deoptimization events (20 events):
Event: 134.174 Thread 0x000001c595cdd800 Uncommon trap: trap_request=0xffffff4d fr.pc=0x000001c5883f30f4 relative=0x0000000000000234
Event: 134.174 Thread 0x000001c595cdd800 Uncommon trap: reason=unstable_if action=reinterpret pc=0x000001c5883f30f4 method=com.sun.tools.javac.util.IntHashTable.putAtIndex(Ljava/lang/Object;II)I @ 18 c2
Event: 134.174 Thread 0x000001c595cdd800 DEOPT PACKING pc=0x000001c5883f30f4 sp=0x0000005bcddf98d0
Event: 134.174 Thread 0x000001c595cdd800 DEOPT UNPACKING pc=0x000001c58004a1af sp=0x0000005bcddf9888 mode 2
Event: 134.178 Thread 0x000001c595cdd800 Uncommon trap: trap_request=0xffffff4d fr.pc=0x000001c588525ef4 relative=0x00000000000000d4
Event: 134.178 Thread 0x000001c595cdd800 Uncommon trap: reason=unstable_if action=reinterpret pc=0x000001c588525ef4 method=com.sun.tools.javac.jvm.Code.typecode(Lcom/sun/tools/javac/code/Type;)I @ 11 c2
Event: 134.178 Thread 0x000001c595cdd800 DEOPT PACKING pc=0x000001c588525ef4 sp=0x0000005bcddf9760
Event: 134.178 Thread 0x000001c595cdd800 DEOPT UNPACKING pc=0x000001c58004a1af sp=0x0000005bcddf9700 mode 2
Event: 134.194 Thread 0x000001c595cdd800 Uncommon trap: trap_request=0xffffffde fr.pc=0x000001c58859bf00 relative=0x00000000000003c0
Event: 134.194 Thread 0x000001c595cdd800 Uncommon trap: reason=class_check action=maybe_recompile pc=0x000001c58859bf00 method=com.sun.tools.javac.comp.Attr.attribTree(Lcom/sun/tools/javac/tree/JCTree;Lcom/sun/tools/javac/comp/Env;Lcom/sun/tools/javac/comp/Attr$ResultInfo;)Lcom/sun/tools/javac/c
Event: 134.194 Thread 0x000001c595cdd800 DEOPT PACKING pc=0x000001c58859bf00 sp=0x0000005bcddf90e0
Event: 134.194 Thread 0x000001c595cdd800 DEOPT UNPACKING pc=0x000001c58004a1af sp=0x0000005bcddf90a0 mode 2
Event: 134.194 Thread 0x000001c595cdd800 Uncommon trap: trap_request=0xffffffde fr.pc=0x000001c58859bf00 relative=0x00000000000003c0
Event: 134.194 Thread 0x000001c595cdd800 Uncommon trap: reason=class_check action=maybe_recompile pc=0x000001c58859bf00 method=com.sun.tools.javac.comp.Attr.attribTree(Lcom/sun/tools/javac/tree/JCTree;Lcom/sun/tools/javac/comp/Env;Lcom/sun/tools/javac/comp/Attr$ResultInfo;)Lcom/sun/tools/javac/c
Event: 134.194 Thread 0x000001c595cdd800 DEOPT PACKING pc=0x000001c58859bf00 sp=0x0000005bcddf90e0
Event: 134.194 Thread 0x000001c595cdd800 DEOPT UNPACKING pc=0x000001c58004a1af sp=0x0000005bcddf90a0 mode 2
Event: 134.198 Thread 0x000001c595cdd800 Uncommon trap: trap_request=0xffffff4d fr.pc=0x000001c5885c0494 relative=0x00000000000000d4
Event: 134.198 Thread 0x000001c595cdd800 Uncommon trap: reason=unstable_if action=reinterpret pc=0x000001c5885c0494 method=com.sun.tools.javac.tree.TreeInfo.skipParens(Lcom/sun/tools/javac/tree/JCTree;)Lcom/sun/tools/javac/tree/JCTree; @ 7 c2
Event: 134.198 Thread 0x000001c595cdd800 DEOPT PACKING pc=0x000001c5885c0494 sp=0x0000005bcddf91a0
Event: 134.198 Thread 0x000001c595cdd800 DEOPT UNPACKING pc=0x000001c58004a1af sp=0x0000005bcddf90e0 mode 2

Classes redefined (0 events):
No events

Internal exceptions (20 events):
Event: 134.057 Thread 0x000001c595cdd800 Exception <a 'sun/nio/fs/WindowsException'{0x00000000905a1540}> (0x00000000905a1540) thrown at [./src/hotspot/share/prims/jni.cpp, line 616]
Event: 134.058 Thread 0x000001c595cdd800 Exception <a 'sun/nio/fs/WindowsException'{0x00000000905a3a10}> (0x00000000905a3a10) thrown at [./src/hotspot/share/prims/jni.cpp, line 616]
Event: 134.058 Thread 0x000001c595cdd800 Exception <a 'sun/nio/fs/WindowsException'{0x00000000905a3b70}> (0x00000000905a3b70) thrown at [./src/hotspot/share/prims/jni.cpp, line 616]
Event: 134.070 Thread 0x000001c595cdd800 Exception <a 'sun/nio/fs/WindowsException'{0x00000000904024c8}> (0x00000000904024c8) thrown at [./src/hotspot/share/prims/jni.cpp, line 616]
Event: 134.070 Thread 0x000001c595cdd800 Exception <a 'sun/nio/fs/WindowsException'{0x0000000090402630}> (0x0000000090402630) thrown at [./src/hotspot/share/prims/jni.cpp, line 616]
Event: 134.071 Thread 0x000001c595cdd800 Exception <a 'sun/nio/fs/WindowsException'{0x00000000904050b8}> (0x00000000904050b8) thrown at [./src/hotspot/share/prims/jni.cpp, line 616]
Event: 134.071 Thread 0x000001c595cdd800 Exception <a 'sun/nio/fs/WindowsException'{0x0000000090405230}> (0x0000000090405230) thrown at [./src/hotspot/share/prims/jni.cpp, line 616]
Event: 134.102 Thread 0x000001c595cdd800 Exception <a 'sun/nio/fs/WindowsException'{0x00000000904c3b10}> (0x00000000904c3b10) thrown at [./src/hotspot/share/prims/jni.cpp, line 616]
Event: 134.102 Thread 0x000001c595cdd800 Exception <a 'sun/nio/fs/WindowsException'{0x00000000904c3c78}> (0x00000000904c3c78) thrown at [./src/hotspot/share/prims/jni.cpp, line 616]
Event: 134.102 Thread 0x000001c595cdd800 Exception <a 'sun/nio/fs/WindowsException'{0x00000000904c6700}> (0x00000000904c6700) thrown at [./src/hotspot/share/prims/jni.cpp, line 616]
Event: 134.102 Thread 0x000001c595cdd800 Exception <a 'sun/nio/fs/WindowsException'{0x00000000904c6878}> (0x00000000904c6878) thrown at [./src/hotspot/share/prims/jni.cpp, line 616]
Event: 134.106 Thread 0x000001c595cdd800 Exception <a 'sun/nio/fs/WindowsException'{0x00000000904f9108}> (0x00000000904f9108) thrown at [./src/hotspot/share/prims/jni.cpp, line 616]
Event: 134.106 Thread 0x000001c595cdd800 Exception <a 'sun/nio/fs/WindowsException'{0x00000000904f9288}> (0x00000000904f9288) thrown at [./src/hotspot/share/prims/jni.cpp, line 616]
Event: 134.108 Thread 0x000001c595cdd800 Exception <a 'sun/nio/fs/WindowsException'{0x00000000904fbd80}> (0x00000000904fbd80) thrown at [./src/hotspot/share/prims/jni.cpp, line 616]
Event: 134.108 Thread 0x000001c595cdd800 Exception <a 'sun/nio/fs/WindowsException'{0x00000000904fbf18}> (0x00000000904fbf18) thrown at [./src/hotspot/share/prims/jni.cpp, line 616]
Event: 134.186 Thread 0x000001c595cdd800 Exception <a 'sun/nio/fs/WindowsException'{0x00000000900accf8}> (0x00000000900accf8) thrown at [./src/hotspot/share/prims/jni.cpp, line 616]
Event: 134.196 Thread 0x000001c595cdd800 Exception <a 'sun/nio/fs/WindowsException'{0x00000000900e6240}> (0x00000000900e6240) thrown at [./src/hotspot/share/prims/jni.cpp, line 616]
Event: 134.196 Thread 0x000001c595cdd800 Exception <a 'sun/nio/fs/WindowsException'{0x00000000900e63a0}> (0x00000000900e63a0) thrown at [./src/hotspot/share/prims/jni.cpp, line 616]
Event: 134.196 Thread 0x000001c595cdd800 Exception <a 'sun/nio/fs/WindowsException'{0x00000000900e9348}> (0x00000000900e9348) thrown at [./src/hotspot/share/prims/jni.cpp, line 616]
Event: 134.196 Thread 0x000001c595cdd800 Exception <a 'sun/nio/fs/WindowsException'{0x00000000900e94b8}> (0x00000000900e94b8) thrown at [./src/hotspot/share/prims/jni.cpp, line 616]

Events (20 events):
Event: 134.148 loading class org/gradle/internal/compiler/java/listeners/constants/ConstantsVisitorContext done
Event: 134.148 loading class org/gradle/internal/compiler/java/listeners/constants/ConstantDependentsConsumer
Event: 134.148 loading class org/gradle/internal/compiler/java/listeners/constants/ConstantDependentsConsumer done
Event: 134.179 loading class com/sun/tools/javac/code/Symbol
Event: 134.179 loading class com/sun/tools/javac/code/Symbol done
Event: 134.179 loading class com/sun/tools/javac/code/Symbol
Event: 134.179 loading class com/sun/tools/javac/code/Symbol done
Event: 134.179 loading class com/sun/tools/javac/util/Filter
Event: 134.179 loading class com/sun/tools/javac/util/Filter done
Event: 134.180 Executing VM operation: Deoptimize
Event: 134.182 Executing VM operation: Deoptimize done
Event: 134.191 loading class org/gradle/util/internal/RelativePathUtil
Event: 134.191 loading class org/gradle/util/internal/RelativePathUtil done
Event: 134.193 loading class com/sun/tools/javac/util/Filter
Event: 134.193 loading class com/sun/tools/javac/util/Filter done
Event: 134.194 loading class com/sun/tools/javac/code/Symbol
Event: 134.194 loading class com/sun/tools/javac/code/Symbol done
Event: 134.194 loading class com/sun/tools/javac/util/Filter
Event: 134.194 loading class com/sun/tools/javac/util/Filter done
Event: 134.201 Executing VM operation: G1CollectForAllocation


Dynamic libraries:
0x00007ff6697d0000 - 0x00007ff6697da000 	C:\Program Files\Android\Android Studio\jre\bin\java.exe
0x00007ff8d1870000 - 0x00007ff8d1a68000 	C:\WINDOWS\SYSTEM32\ntdll.dll
0x00007ff8d0380000 - 0x00007ff8d043f000 	C:\WINDOWS\System32\KERNEL32.DLL
0x00007ff8cf4c0000 - 0x00007ff8cf792000 	C:\WINDOWS\System32\KERNELBASE.dll
0x00007ff8cf390000 - 0x00007ff8cf490000 	C:\WINDOWS\System32\ucrtbase.dll
0x00007ff8caae0000 - 0x00007ff8caaf7000 	C:\Program Files\Android\Android Studio\jre\bin\VCRUNTIME140.dll
0x00007ff8caac0000 - 0x00007ff8caad9000 	C:\Program Files\Android\Android Studio\jre\bin\jli.dll
0x00007ff8cfc80000 - 0x00007ff8cfe21000 	C:\WINDOWS\System32\USER32.dll
0x00007ff8bd7a0000 - 0x00007ff8bda3a000 	C:\WINDOWS\WinSxS\amd64_microsoft.windows.common-controls_6595b64144ccf1df_6.0.19041.1110_none_60b5254171f9507e\COMCTL32.dll
0x00007ff8d1190000 - 0x00007ff8d122e000 	C:\WINDOWS\System32\msvcrt.dll
0x00007ff8d0d20000 - 0x00007ff8d0d4b000 	C:\WINDOWS\System32\GDI32.dll
0x00007ff8cf1f0000 - 0x00007ff8cf2ff000 	C:\WINDOWS\System32\gdi32full.dll
0x00007ff8cf7a0000 - 0x00007ff8cf83d000 	C:\WINDOWS\System32\msvcp_win.dll
0x00007ff8cf170000 - 0x00007ff8cf192000 	C:\WINDOWS\System32\win32u.dll
0x00007ff8cfc40000 - 0x00007ff8cfc72000 	C:\WINDOWS\System32\IMM32.DLL
0x00007ff8bcfb0000 - 0x00007ff8bd04d000 	C:\Program Files\Android\Android Studio\jre\bin\msvcp140.dll
0x00007ff864610000 - 0x00007ff865112000 	C:\Program Files\Android\Android Studio\jre\bin\server\jvm.dll
0x00007ff8d10e0000 - 0x00007ff8d118e000 	C:\WINDOWS\System32\ADVAPI32.dll
0x00007ff8d0c80000 - 0x00007ff8d0d1c000 	C:\WINDOWS\System32\sechost.dll
0x00007ff8d16a0000 - 0x00007ff8d17c5000 	C:\WINDOWS\System32\RPCRT4.dll
0x00007ff8cfe60000 - 0x00007ff8cfe68000 	C:\WINDOWS\System32\PSAPI.DLL
0x00007ff8c8280000 - 0x00007ff8c8289000 	C:\WINDOWS\SYSTEM32\WSOCK32.dll
0x00007ff8c0190000 - 0x00007ff8c01b7000 	C:\WINDOWS\SYSTEM32\WINMM.dll
0x00007ff8c9eb0000 - 0x00007ff8c9eba000 	C:\WINDOWS\SYSTEM32\VERSION.dll
0x00007ff8d01d0000 - 0x00007ff8d023b000 	C:\WINDOWS\System32\WS2_32.dll
0x00007ff8cce40000 - 0x00007ff8cce52000 	C:\WINDOWS\SYSTEM32\kernel.appcore.dll
0x00007ff8c7290000 - 0x00007ff8c72a1000 	C:\Program Files\Android\Android Studio\jre\bin\verify.dll
0x00007ff8bb090000 - 0x00007ff8bb274000 	C:\WINDOWS\SYSTEM32\DBGHELP.DLL
0x00007ff8bad60000 - 0x00007ff8bad95000 	C:\WINDOWS\SYSTEM32\dbgcore.DLL
0x00007ff8cf300000 - 0x00007ff8cf382000 	C:\WINDOWS\System32\bcryptPrimitives.dll
0x00007ff8b5500000 - 0x00007ff8b5529000 	C:\Program Files\Android\Android Studio\jre\bin\java.dll
0x00007ff8cc770000 - 0x00007ff8cc77b000 	C:\Program Files\Android\Android Studio\jre\bin\jimage.dll
0x00007ff8c6f60000 - 0x00007ff8c6f78000 	C:\Program Files\Android\Android Studio\jre\bin\zip.dll
0x00007ff8d0530000 - 0x00007ff8d0c74000 	C:\WINDOWS\System32\SHELL32.dll
0x00007ff8cd040000 - 0x00007ff8cd7d2000 	C:\WINDOWS\SYSTEM32\windows.storage.dll
0x00007ff8cfe70000 - 0x00007ff8d01c5000 	C:\WINDOWS\System32\combase.dll
0x00007ff8ce8e0000 - 0x00007ff8ce910000 	C:\WINDOWS\SYSTEM32\Wldp.dll
0x00007ff8d0f10000 - 0x00007ff8d0fbd000 	C:\WINDOWS\System32\SHCORE.dll
0x00007ff8d0240000 - 0x00007ff8d0295000 	C:\WINDOWS\System32\shlwapi.dll
0x00007ff8ceea0000 - 0x00007ff8ceebf000 	C:\WINDOWS\SYSTEM32\profapi.dll
0x00007ff8b5cc0000 - 0x00007ff8b5cda000 	C:\Program Files\Android\Android Studio\jre\bin\net.dll
0x00007ff8c8ab0000 - 0x00007ff8c8bbc000 	C:\WINDOWS\SYSTEM32\WINHTTP.dll
0x00007ff8ce640000 - 0x00007ff8ce6aa000 	C:\WINDOWS\system32\mswsock.dll
0x00007ff8b52d0000 - 0x00007ff8b52e4000 	C:\Program Files\Android\Android Studio\jre\bin\nio.dll
0x00007ff8cab00000 - 0x00007ff8cab27000 	C:\Users\lenovo\.gradle\native\e1d6ef7f7dcc3fd88c89a11ec53ec762bb8ba0a96d01ffa2cd45eb1d1d8dd5c5\windows-amd64\native-platform.dll
0x00007ff8aadc0000 - 0x00007ff8aaf04000 	C:\Users\lenovo\.gradle\native\0d407fdbe67a94daf76414ababcb853783967236a71b16ec16e742cd7a986fd3\windows-amd64\native-platform-file-events.dll
0x00007ff8cc750000 - 0x00007ff8cc75a000 	C:\Program Files\Android\Android Studio\jre\bin\management.dll
0x00007ff8c7280000 - 0x00007ff8c728d000 	C:\Program Files\Android\Android Studio\jre\bin\management_ext.dll
0x00007ff8ce840000 - 0x00007ff8ce858000 	C:\WINDOWS\SYSTEM32\CRYPTSP.dll
0x00007ff8cdf60000 - 0x00007ff8cdf94000 	C:\WINDOWS\system32\rsaenh.dll
0x00007ff8cf490000 - 0x00007ff8cf4b7000 	C:\WINDOWS\System32\bcrypt.dll
0x00007ff8cee60000 - 0x00007ff8cee8e000 	C:\WINDOWS\SYSTEM32\USERENV.dll
0x00007ff8ce830000 - 0x00007ff8ce83c000 	C:\WINDOWS\SYSTEM32\CRYPTBASE.dll
0x00007ff8ce330000 - 0x00007ff8ce36b000 	C:\WINDOWS\SYSTEM32\IPHLPAPI.DLL
0x00007ff8d0520000 - 0x00007ff8d0528000 	C:\WINDOWS\System32\NSI.dll
0x00007ff8c9a10000 - 0x00007ff8c9a27000 	C:\WINDOWS\SYSTEM32\dhcpcsvc6.DLL
0x00007ff8c99f0000 - 0x00007ff8c9a0d000 	C:\WINDOWS\SYSTEM32\dhcpcsvc.DLL
0x00007ff8ce370000 - 0x00007ff8ce43a000 	C:\WINDOWS\SYSTEM32\DNSAPI.dll
0x00007ff8c8290000 - 0x00007ff8c82ae000 	C:\Users\lenovo\AppData\Local\Temp\native-platform14597175087917880290dir\native-platform.dll
0x00007ff8cc760000 - 0x00007ff8cc768000 	C:\Program Files\Android\Android Studio\jre\bin\rmi.dll

dbghelp: loaded successfully - version: 4.0.5 - missing functions: none
symbol engine: initialized successfully - sym options: 0x614 - pdb path: .;C:\Program Files\Android\Android Studio\jre\bin;C:\WINDOWS\SYSTEM32;C:\WINDOWS\WinSxS\amd64_microsoft.windows.common-controls_6595b64144ccf1df_6.0.19041.1110_none_60b5254171f9507e;C:\Program Files\Android\Android Studio\jre\bin\server;C:\Users\lenovo\.gradle\native\e1d6ef7f7dcc3fd88c89a11ec53ec762bb8ba0a96d01ffa2cd45eb1d1d8dd5c5\windows-amd64;C:\Users\lenovo\.gradle\native\0d407fdbe67a94daf76414ababcb853783967236a71b16ec16e742cd7a986fd3\windows-amd64;C:\Users\lenovo\AppData\Local\Temp\native-platform14597175087917880290dir

VM Arguments:
jvm_args: --add-opens=java.base/java.util=ALL-UNNAMED --add-opens=java.base/java.lang=ALL-UNNAMED --add-opens=java.base/java.lang.invoke=ALL-UNNAMED --add-opens=java.base/java.util=ALL-UNNAMED --add-opens=java.prefs/java.util.prefs=ALL-UNNAMED --add-opens=java.prefs/java.util.prefs=ALL-UNNAMED --add-opens=java.base/java.nio.charset=ALL-UNNAMED --add-opens=java.base/java.net=ALL-UNNAMED --add-opens=java.base/java.util.concurrent.atomic=ALL-UNNAMED -Xmx2048m -Dfile.encoding=UTF-8 -Duser.country=US -Duser.language=en -Duser.variant 
java_command: org.gradle.launcher.daemon.bootstrap.GradleDaemon 7.4
java_class_path (initial): C:\Users\lenovo\.gradle\wrapper\dists\gradle-7.4-bin\c0gwcg53nkjbqw7r0h0umtfvt\gradle-7.4\lib\gradle-launcher-7.4.jar
Launcher Type: SUN_STANDARD

[Global flags]
     intx CICompilerCount                          = 3                                         {product} {ergonomic}
     uint ConcGCThreads                            = 1                                         {product} {ergonomic}
     uint G1ConcRefinementThreads                  = 4                                         {product} {ergonomic}
   size_t G1HeapRegionSize                         = 1048576                                   {product} {ergonomic}
    uintx GCDrainStackTargetSize                   = 64                                        {product} {ergonomic}
   size_t InitialHeapSize                          = 134217728                                 {product} {ergonomic}
   size_t MarkStackSize                            = 4194304                                   {product} {ergonomic}
   size_t MaxHeapSize                              = 2147483648                                {product} {command line}
   size_t MaxNewSize                               = 1287651328                                {product} {ergonomic}
   size_t MinHeapDeltaBytes                        = 1048576                                   {product} {ergonomic}
    uintx NonNMethodCodeHeapSize                   = 5830732                                {pd product} {ergonomic}
    uintx NonProfiledCodeHeapSize                  = 122913754                              {pd product} {ergonomic}
    uintx ProfiledCodeHeapSize                     = 122913754                              {pd product} {ergonomic}
    uintx ReservedCodeCacheSize                    = 251658240                              {pd product} {ergonomic}
     bool SegmentedCodeCache                       = true                                      {product} {ergonomic}
     bool UseCompressedClassPointers               = true                                 {lp64_product} {ergonomic}
     bool UseCompressedOops                        = true                                 {lp64_product} {ergonomic}
     bool UseG1GC                                  = true                                      {product} {ergonomic}
     bool UseLargePagesIndividualAllocation        = false                                  {pd product} {ergonomic}

Logging:
Log output configuration:
 #0: stdout all=warning uptime,level,tags
 #1: stderr all=off uptime,level,tags

Environment Variables:
PATH=C:\WINDOWS\system32;C:\WINDOWS;C:\WINDOWS\System32\Wbem;C:\WINDOWS\System32\WindowsPowerShell\v1.0\;C:\WINDOWS\System32\OpenSSH\;C:\Program Files (x86)\NVIDIA Corporation\PhysX\Common;C:\Program Files\NVIDIA Corporation\NVIDIA NvDLISR;C:\Program Files\Git\cmd;C:\Users\lenovo\AppData\Local\Microsoft\WindowsApps
USERNAME=user
OS=Windows_NT
PROCESSOR_IDENTIFIER=Intel64 Family 6 Model 58 Stepping 9, GenuineIntel



---------------  S Y S T E M  ---------------

OS: Windows 10 , 64 bit Build 19041 (10.0.19041.2364)
OS uptime: 0 days 0:49 hours

CPU:total 4 (initial active 4) (2 cores per cpu, 2 threads per core) family 6 model 58 stepping 9 microcode 0x21, cmov, cx8, fxsr, mmx, sse, sse2, sse3, ssse3, sse4.1, sse4.2, popcnt, avx, clmul, erms, ht, tsc, tscinvbit, tscinv

Memory: 4k page, system-wide physical 8122M (1742M free)
TotalPageFile size 8248M (AvailPageFile size 259M)
current process WorkingSet (physical memory assigned to process): 630M, peak: 631M
current process commit charge ("private bytes"): 663M, peak: 926M

vm_info: OpenJDK 64-Bit Server VM (11.0.13+0-b1751.21-8125866) for windows-amd64 JRE (11.0.13+0-b1751.21-8125866), built on Feb  2 2022 03:00:22 by "builder" with MS VC++ 14.0 (VS2015)

END.
