#
# There is insufficient memory for the Java Runtime Environment to continue.
# Native memory allocation (malloc) failed to allocate 1949456 bytes for Chunk::new
# Possible reasons:
#   The system is out of physical RAM or swap space
#   The process is running with CompressedOops enabled, and the Java Heap may be blocking the growth of the native heap
# Possible solutions:
#   Reduce memory load on the system
#   Increase physical memory or swap space
#   Check if swap backing store is full
#   Decrease Java heap size (-Xmx/-Xms)
#   Decrease number of Java threads
#   Decrease Java thread stack sizes (-Xss)
#   Set larger code cache with -XX:ReservedCodeCacheSize=
#   JVM is running with Unscaled Compressed Oops mode in which the Java heap is
#     placed in the first 4GB address space. The Java Heap base address is the
#     maximum limit for the native heap growth. Please use -XX:HeapBaseMinAddress
#     to set the Java Heap base and to place the Java Heap above 4GB virtual address.
# This output file may be truncated or incomplete.
#
#  Out of Memory Error (./src/hotspot/share/memory/arena.cpp:197), pid=11684, tid=5592
#
# JRE version: OpenJDK Runtime Environment (11.0.13) (build 11.0.13+0-b1751.21-8125866)
# Java VM: OpenJDK 64-Bit Server VM (11.0.13+0-b1751.21-8125866, mixed mode, tiered, compressed oops, g1 gc, windows-amd64)
# No core dump will be written. Minidumps are not enabled by default on client versions of Windows
#

---------------  S U M M A R Y ------------

Command Line: --add-opens=java.base/java.util=ALL-UNNAMED --add-opens=java.base/java.lang=ALL-UNNAMED --add-opens=java.base/java.lang.invoke=ALL-UNNAMED --add-opens=java.base/java.util=ALL-UNNAMED --add-opens=java.prefs/java.util.prefs=ALL-UNNAMED --add-opens=java.prefs/java.util.prefs=ALL-UNNAMED --add-opens=java.base/java.nio.charset=ALL-UNNAMED --add-opens=java.base/java.net=ALL-UNNAMED --add-opens=java.base/java.util.concurrent.atomic=ALL-UNNAMED -Xmx2048m -Dfile.encoding=UTF-8 -Duser.country=US -Duser.language=en -Duser.variant org.gradle.launcher.daemon.bootstrap.GradleDaemon 7.4

Host: Intel(R) Core(TM) i3-3240 CPU @ 3.40GHz, 4 cores, 7G,  Windows 10 , 64 bit Build 19041 (10.0.19041.2364)
Time: Wed Jan  4 11:09:17 2023 India Standard Time elapsed time: 17.993518 seconds (0d 0h 0m 17s)

---------------  T H R E A D  ---------------

Current thread (0x000001c1452a2000):  JavaThread "C2 CompilerThread0" daemon [_thread_in_native, id=5592, stack(0x0000009b78e00000,0x0000009b78f00000)]


Current CompileTask:
C2:  17993 7205       4       java.net.URLClassLoader$1::run (5 bytes)

Stack: [0x0000009b78e00000,0x0000009b78f00000]
Native frames: (J=compiled Java code, j=interpreted, Vv=VM code, C=native code)
V  [jvm.dll+0x6100fa]
V  [jvm.dll+0x747090]
V  [jvm.dll+0x7486ad]
V  [jvm.dll+0x748d83]
V  [jvm.dll+0x24ab48]
V  [jvm.dll+0xc04dc]
V  [jvm.dll+0xc0a0c]
V  [jvm.dll+0x35eb5b]
V  [jvm.dll+0x32b833]
V  [jvm.dll+0x32ad2a]
V  [jvm.dll+0x2032b2]
V  [jvm.dll+0x202437]
V  [jvm.dll+0x188e01]
V  [jvm.dll+0x21106b]
V  [jvm.dll+0x20f8c1]
V  [jvm.dll+0x70de0f]
V  [jvm.dll+0x706a75]
V  [jvm.dll+0x60ed66]
C  [ucrtbase.dll+0x21bb2]
C  [KERNEL32.DLL+0x17614]
C  [ntdll.dll+0x526a1]


---------------  P R O C E S S  ---------------

Threads class SMR info:
_java_thread_list=0x000001c14b8a4f40, length=79, elements={
0x000001c12971b000, 0x000001c145280000, 0x000001c145281800, 0x000001c145297800,
0x000001c145298800, 0x000001c14529a800, 0x000001c1452a2000, 0x000001c1452b0800,
0x000001c1452ba000, 0x000001c145d59000, 0x000001c147a57000, 0x000001c1480f8800,
0x000001c147f66000, 0x000001c147e6a000, 0x000001c146f19800, 0x000001c147411800,
0x000001c1472de000, 0x000001c147f7d800, 0x000001c146840000, 0x000001c1477ae800,
0x000001c147ecd800, 0x000001c147ed3800, 0x000001c147ed4000, 0x000001c147ed1800,
0x000001c147ed2800, 0x000001c147ece800, 0x000001c147ecf000, 0x000001c147ed0000,
0x000001c147ed1000, 0x000001c149b21000, 0x000001c149b1d000, 0x000001c149b1e000,
0x000001c149b1f800, 0x000001c149b22000, 0x000001c149b1e800, 0x000001c149b23800,
0x000001c149b25000, 0x000001c149b26000, 0x000001c149b24800, 0x000001c149b20800,
0x000001c149b27800, 0x000001c149b27000, 0x000001c149b28800, 0x000001c149b29800,
0x000001c149b2a000, 0x000001c148864000, 0x000001c148861800, 0x000001c148865000,
0x000001c148862800, 0x000001c148866000, 0x000001c148866800, 0x000001c148867800,
0x000001c148868800, 0x000001c148869000, 0x000001c148863800, 0x000001c14886d000,
0x000001c14886c800, 0x000001c14886e000, 0x000001c14886a000, 0x000001c14886a800,
0x000001c14886b800, 0x000001c14886f000, 0x000001c14886f800, 0x000001c148870800,
0x000001c1462b7000, 0x000001c1462b2800, 0x000001c1462b5000, 0x000001c1462b3800,
0x000001c1462b2000, 0x000001c1462b1000, 0x000001c1462b9000, 0x000001c1462b7800,
0x000001c1462b6000, 0x000001c1462b8800, 0x000001c1462b4800, 0x000001c1462bf000,
0x000001c1462bf800, 0x000001c1462ba000, 0x000001c148e52800
}

Java Threads: ( => current thread )
  0x000001c12971b000 JavaThread "main" [_thread_blocked, id=11768, stack(0x0000009b78200000,0x0000009b78300000)]
  0x000001c145280000 JavaThread "Reference Handler" daemon [_thread_blocked, id=2952, stack(0x0000009b78900000,0x0000009b78a00000)]
  0x000001c145281800 JavaThread "Finalizer" daemon [_thread_blocked, id=7796, stack(0x0000009b78a00000,0x0000009b78b00000)]
  0x000001c145297800 JavaThread "Signal Dispatcher" daemon [_thread_blocked, id=11176, stack(0x0000009b78b00000,0x0000009b78c00000)]
  0x000001c145298800 JavaThread "Attach Listener" daemon [_thread_blocked, id=1120, stack(0x0000009b78c00000,0x0000009b78d00000)]
  0x000001c14529a800 JavaThread "Service Thread" daemon [_thread_blocked, id=4428, stack(0x0000009b78d00000,0x0000009b78e00000)]
=>0x000001c1452a2000 JavaThread "C2 CompilerThread0" daemon [_thread_in_native, id=5592, stack(0x0000009b78e00000,0x0000009b78f00000)]
  0x000001c1452b0800 JavaThread "C1 CompilerThread0" daemon [_thread_blocked, id=9276, stack(0x0000009b78f00000,0x0000009b79000000)]
  0x000001c1452ba000 JavaThread "Sweeper thread" daemon [_thread_blocked, id=5352, stack(0x0000009b79000000,0x0000009b79100000)]
  0x000001c145d59000 JavaThread "Common-Cleaner" daemon [_thread_blocked, id=5112, stack(0x0000009b79100000,0x0000009b79200000)]
  0x000001c147a57000 JavaThread "Daemon health stats" [_thread_blocked, id=6984, stack(0x0000009b79600000,0x0000009b79700000)]
  0x000001c1480f8800 JavaThread "Incoming local TCP Connector on port 64818" [_thread_in_native, id=2728, stack(0x0000009b79700000,0x0000009b79800000)]
  0x000001c147f66000 JavaThread "Daemon periodic checks" [_thread_blocked, id=996, stack(0x0000009b79800000,0x0000009b79900000)]
  0x000001c147e6a000 JavaThread "Daemon" [_thread_blocked, id=612, stack(0x0000009b79900000,0x0000009b79a00000)]
  0x000001c146f19800 JavaThread "Handler for socket connection from /127.0.0.1:64818 to /127.0.0.1:64819" [_thread_in_native, id=2476, stack(0x0000009b79a00000,0x0000009b79b00000)]
  0x000001c147411800 JavaThread "Cancel handler" [_thread_blocked, id=408, stack(0x0000009b79b00000,0x0000009b79c00000)]
  0x000001c1472de000 JavaThread "Daemon worker" [_thread_in_vm, id=10828, stack(0x0000009b79c00000,0x0000009b79d00000)]
  0x000001c147f7d800 JavaThread "Asynchronous log dispatcher for DefaultDaemonConnection: socket connection from /127.0.0.1:64818 to /127.0.0.1:64819" [_thread_blocked, id=9912, stack(0x0000009b79d00000,0x0000009b79e00000)]
  0x000001c146840000 JavaThread "Stdin handler" [_thread_blocked, id=12108, stack(0x0000009b79e00000,0x0000009b79f00000)]
  0x000001c1477ae800 JavaThread "Daemon client event forwarder" [_thread_blocked, id=12032, stack(0x0000009b79f00000,0x0000009b7a000000)]
  0x000001c147ecd800 JavaThread "Cache worker for journal cache (C:\Users\lenovo\.gradle\caches\journal-1)" [_thread_blocked, id=9644, stack(0x0000009b7a100000,0x0000009b7a200000)]
  0x000001c147ed3800 JavaThread "File lock request listener" [_thread_in_native, id=12008, stack(0x0000009b7a200000,0x0000009b7a300000)]
  0x000001c147ed4000 JavaThread "Cache worker for file hash cache (C:\Users\lenovo\.gradle\caches\7.4\fileHashes)" [_thread_blocked, id=376, stack(0x0000009b7a300000,0x0000009b7a400000)]
  0x000001c147ed1800 JavaThread "File watcher server" daemon [_thread_in_native, id=7728, stack(0x0000009b7a400000,0x0000009b7a500000)]
  0x000001c147ed2800 JavaThread "File watcher consumer" daemon [_thread_blocked, id=11872, stack(0x0000009b7a500000,0x0000009b7a600000)]
  0x000001c147ece800 JavaThread "Cache worker for checksums cache (D:\AndroidStudioProjects\Figgo_Application_Customer\.gradle\7.4\checksums)" [_thread_blocked, id=11396, stack(0x0000009b7a600000,0x0000009b7a700000)]
  0x000001c147ecf000 JavaThread "Cache worker for cache directory md-rule (C:\Users\lenovo\.gradle\caches\7.4\md-rule)" [_thread_blocked, id=11088, stack(0x0000009b7a700000,0x0000009b7a800000)]
  0x000001c147ed0000 JavaThread "Cache worker for file hash cache (D:\AndroidStudioProjects\Figgo_Application_Customer\.gradle\7.4\fileHashes)" [_thread_blocked, id=11320, stack(0x0000009b7a800000,0x0000009b7a900000)]
  0x000001c147ed1000 JavaThread "Cache worker for cache directory md-supplier (C:\Users\lenovo\.gradle\caches\7.4\md-supplier)" [_thread_blocked, id=5992, stack(0x0000009b7a900000,0x0000009b7aa00000)]
  0x000001c149b21000 JavaThread "Cache worker for execution history cache (C:\Users\lenovo\.gradle\caches\7.4\executionHistory)" [_thread_blocked, id=11276, stack(0x0000009b7aa00000,0x0000009b7ab00000)]
  0x000001c149b1d000 JavaThread "jar transforms" [_thread_blocked, id=11260, stack(0x0000009b7ab00000,0x0000009b7ac00000)]
  0x000001c149b1e000 JavaThread "Cache worker for file content cache (C:\Users\lenovo\.gradle\caches\7.4\fileContent)" [_thread_blocked, id=3412, stack(0x0000009b7ac00000,0x0000009b7ad00000)]
  0x000001c149b1f800 JavaThread "jar transforms Thread 2" [_thread_blocked, id=10200, stack(0x0000009b7ad00000,0x0000009b7ae00000)]
  0x000001c149b22000 JavaThread "Cache worker for dependencies-accessors (D:\AndroidStudioProjects\Figgo_Application_Customer\.gradle\7.4\dependencies-accessors)" [_thread_blocked, id=11908, stack(0x0000009b7ae00000,0x0000009b7af00000)]
  0x000001c149b1e800 JavaThread "jar transforms Thread 3" [_thread_blocked, id=2384, stack(0x0000009b7af00000,0x0000009b7b000000)]
  0x000001c149b23800 JavaThread "Cache worker for Build Output Cleanup Cache (D:\AndroidStudioProjects\Figgo_Application_Customer\.gradle\buildOutputCleanup)" [_thread_blocked, id=5496, stack(0x0000009b7b000000,0x0000009b7b100000)]
  0x000001c149b25000 JavaThread "Unconstrained build operations" [_thread_blocked, id=7188, stack(0x0000009b7b100000,0x0000009b7b200000)]
  0x000001c149b26000 JavaThread "Unconstrained build operations Thread 2" [_thread_blocked, id=8860, stack(0x0000009b7b200000,0x0000009b7b300000)]
  0x000001c149b24800 JavaThread "Unconstrained build operations Thread 3" [_thread_blocked, id=12236, stack(0x0000009b7b300000,0x0000009b7b400000)]
  0x000001c149b20800 JavaThread "Unconstrained build operations Thread 4" [_thread_blocked, id=9660, stack(0x0000009b7b400000,0x0000009b7b500000)]
  0x000001c149b27800 JavaThread "Unconstrained build operations Thread 5" [_thread_blocked, id=2684, stack(0x0000009b7b500000,0x0000009b7b600000)]
  0x000001c149b27000 JavaThread "Unconstrained build operations Thread 6" [_thread_blocked, id=1256, stack(0x0000009b7b600000,0x0000009b7b700000)]
  0x000001c149b28800 JavaThread "Unconstrained build operations Thread 7" [_thread_blocked, id=10288, stack(0x0000009b7b700000,0x0000009b7b800000)]
  0x000001c149b29800 JavaThread "Unconstrained build operations Thread 8" [_thread_blocked, id=7412, stack(0x0000009b7b800000,0x0000009b7b900000)]
  0x000001c149b2a000 JavaThread "Unconstrained build operations Thread 9" [_thread_blocked, id=5384, stack(0x0000009b7b900000,0x0000009b7ba00000)]
  0x000001c148864000 JavaThread "Unconstrained build operations Thread 10" [_thread_blocked, id=4616, stack(0x0000009b7ba00000,0x0000009b7bb00000)]
  0x000001c148861800 JavaThread "Unconstrained build operations Thread 11" [_thread_blocked, id=11876, stack(0x0000009b7bb00000,0x0000009b7bc00000)]
  0x000001c148865000 JavaThread "Unconstrained build operations Thread 12" [_thread_blocked, id=10016, stack(0x0000009b7bc00000,0x0000009b7bd00000)]
  0x000001c148862800 JavaThread "Unconstrained build operations Thread 13" [_thread_blocked, id=9172, stack(0x0000009b7bd00000,0x0000009b7be00000)]
  0x000001c148866000 JavaThread "Unconstrained build operations Thread 14" [_thread_blocked, id=2008, stack(0x0000009b7be00000,0x0000009b7bf00000)]
  0x000001c148866800 JavaThread "Unconstrained build operations Thread 15" [_thread_blocked, id=5512, stack(0x0000009b7bf00000,0x0000009b7c000000)]
  0x000001c148867800 JavaThread "Unconstrained build operations Thread 16" [_thread_blocked, id=11660, stack(0x0000009b7c000000,0x0000009b7c100000)]
  0x000001c148868800 JavaThread "Unconstrained build operations Thread 17" [_thread_blocked, id=9488, stack(0x0000009b7c100000,0x0000009b7c200000)]
  0x000001c148869000 JavaThread "Unconstrained build operations Thread 18" [_thread_blocked, id=2312, stack(0x0000009b7c200000,0x0000009b7c300000)]
  0x000001c148863800 JavaThread "Unconstrained build operations Thread 19" [_thread_blocked, id=11828, stack(0x0000009b7c300000,0x0000009b7c400000)]
  0x000001c14886d000 JavaThread "Unconstrained build operations Thread 20" [_thread_blocked, id=5952, stack(0x0000009b7c400000,0x0000009b7c500000)]
  0x000001c14886c800 JavaThread "Unconstrained build operations Thread 21" [_thread_blocked, id=3992, stack(0x0000009b7c500000,0x0000009b7c600000)]
  0x000001c14886e000 JavaThread "Unconstrained build operations Thread 22" [_thread_blocked, id=9536, stack(0x0000009b7c600000,0x0000009b7c700000)]
  0x000001c14886a000 JavaThread "Unconstrained build operations Thread 23" [_thread_blocked, id=3300, stack(0x0000009b7c700000,0x0000009b7c800000)]
  0x000001c14886a800 JavaThread "Unconstrained build operations Thread 24" [_thread_blocked, id=4468, stack(0x0000009b7c800000,0x0000009b7c900000)]
  0x000001c14886b800 JavaThread "Unconstrained build operations Thread 25" [_thread_blocked, id=8840, stack(0x0000009b7c900000,0x0000009b7ca00000)]
  0x000001c14886f000 JavaThread "Unconstrained build operations Thread 26" [_thread_blocked, id=3876, stack(0x0000009b7ca00000,0x0000009b7cb00000)]
  0x000001c14886f800 JavaThread "Unconstrained build operations Thread 27" [_thread_blocked, id=11020, stack(0x0000009b7cb00000,0x0000009b7cc00000)]
  0x000001c148870800 JavaThread "Unconstrained build operations Thread 28" [_thread_blocked, id=6840, stack(0x0000009b7cc00000,0x0000009b7cd00000)]
  0x000001c1462b7000 JavaThread "Unconstrained build operations Thread 29" [_thread_blocked, id=520, stack(0x0000009b7cd00000,0x0000009b7ce00000)]
  0x000001c1462b2800 JavaThread "Unconstrained build operations Thread 30" [_thread_blocked, id=7164, stack(0x0000009b7ce00000,0x0000009b7cf00000)]
  0x000001c1462b5000 JavaThread "Unconstrained build operations Thread 31" [_thread_blocked, id=244, stack(0x0000009b7cf00000,0x0000009b7d000000)]
  0x000001c1462b3800 JavaThread "Unconstrained build operations Thread 32" [_thread_blocked, id=6720, stack(0x0000009b7d000000,0x0000009b7d100000)]
  0x000001c1462b2000 JavaThread "Unconstrained build operations Thread 33" [_thread_blocked, id=3656, stack(0x0000009b7d100000,0x0000009b7d200000)]
  0x000001c1462b1000 JavaThread "Unconstrained build operations Thread 34" [_thread_blocked, id=4400, stack(0x0000009b7d200000,0x0000009b7d300000)]
  0x000001c1462b9000 JavaThread "Unconstrained build operations Thread 35" [_thread_blocked, id=1660, stack(0x0000009b7d300000,0x0000009b7d400000)]
  0x000001c1462b7800 JavaThread "Unconstrained build operations Thread 36" [_thread_blocked, id=12188, stack(0x0000009b7d400000,0x0000009b7d500000)]
  0x000001c1462b6000 JavaThread "Unconstrained build operations Thread 37" [_thread_blocked, id=5064, stack(0x0000009b7d500000,0x0000009b7d600000)]
  0x000001c1462b8800 JavaThread "Unconstrained build operations Thread 38" [_thread_blocked, id=11480, stack(0x0000009b7d600000,0x0000009b7d700000)]
  0x000001c1462b4800 JavaThread "Unconstrained build operations Thread 39" [_thread_blocked, id=10876, stack(0x0000009b7d700000,0x0000009b7d800000)]
  0x000001c1462bf000 JavaThread "Unconstrained build operations Thread 40" [_thread_blocked, id=9576, stack(0x0000009b7d800000,0x0000009b7d900000)]
  0x000001c1462bf800 JavaThread "jar transforms Thread 4" [_thread_blocked, id=6204, stack(0x0000009b7d900000,0x0000009b7da00000)]
  0x000001c1462ba000 JavaThread "Memory manager" [_thread_blocked, id=1392, stack(0x0000009b7da00000,0x0000009b7db00000)]
  0x000001c148e52800 JavaThread "C2 CompilerThread1" daemon [_thread_in_native, id=10840, stack(0x0000009b79300000,0x0000009b79400000)]

Other Threads:
  0x000001c14527c000 VMThread "VM Thread" [stack: 0x0000009b78800000,0x0000009b78900000] [id=10580]
  0x000001c145d5a000 WatcherThread [stack: 0x0000009b79200000,0x0000009b79300000] [id=1196]
  0x000001c129733800 GCTaskThread "GC Thread#0" [stack: 0x0000009b78300000,0x0000009b78400000] [id=9472]
  0x000001c1466fc000 GCTaskThread "GC Thread#1" [stack: 0x0000009b79400000,0x0000009b79500000] [id=12224]
  0x000001c146047800 GCTaskThread "GC Thread#2" [stack: 0x0000009b79500000,0x0000009b79600000] [id=2136]
  0x000001c147e02000 GCTaskThread "GC Thread#3" [stack: 0x0000009b7a000000,0x0000009b7a100000] [id=3740]
  0x000001c129765800 ConcurrentGCThread "G1 Main Marker" [stack: 0x0000009b78400000,0x0000009b78500000] [id=12044]
  0x000001c129767000 ConcurrentGCThread "G1 Conc#0" [stack: 0x0000009b78500000,0x0000009b78600000] [id=4404]
  0x000001c1297fa800 ConcurrentGCThread "G1 Refine#0" [stack: 0x0000009b78600000,0x0000009b78700000] [id=9696]
  0x000001c1297fb800 ConcurrentGCThread "G1 Young RemSet Sampling" [stack: 0x0000009b78700000,0x0000009b78800000] [id=5812]

Threads with active compile tasks:
C2 CompilerThread0  18015 7205       4       java.net.URLClassLoader$1::run (5 bytes)
C2 CompilerThread1  18015 7285 %     4       org.gradle.internal.instantiation.generator.AbstractClassGenerator::inspectType @ 250 (560 bytes)

VM state:not at safepoint (normal execution)

VM Mutex/Monitor currently owned by a thread: None

Heap address: 0x0000000080000000, size: 2048 MB, Compressed Oops mode: 32-bit
Narrow klass base: 0x0000000000000000, Narrow klass shift: 3
Compressed class space size: 1073741824 Address: 0x0000000100000000

Heap:
 garbage-first heap   total 189440K, used 108488K [0x0000000080000000, 0x0000000100000000)
  region size 1024K, 48 young (49152K), 6 survivors (6144K)
 Metaspace       used 73920K, capacity 75621K, committed 75812K, reserved 1116160K
  class space    used 9467K, capacity 10097K, committed 10112K, reserved 1048576K
Heap Regions: E=young(eden), S=young(survivor), O=old, HS=humongous(starts), HC=humongous(continues), CS=collection set, F=free, A=archive, TAMS=top-at-mark-start (previous, next)
|   0|0x0000000080000000, 0x0000000080100000, 0x0000000080100000|100%|HS|  |TAMS 0x0000000080100000, 0x0000000080000000| Complete 
|   1|0x0000000080100000, 0x0000000080200000, 0x0000000080200000|100%|HC|  |TAMS 0x0000000080200000, 0x0000000080100000| Complete 
|   2|0x0000000080200000, 0x0000000080300000, 0x0000000080300000|100%|HC|  |TAMS 0x0000000080300000, 0x0000000080200000| Complete 
|   3|0x0000000080300000, 0x0000000080400000, 0x0000000080400000|100%| O|  |TAMS 0x0000000080400000, 0x0000000080300000| Untracked 
|   4|0x0000000080400000, 0x0000000080500000, 0x0000000080500000|100%| O|  |TAMS 0x0000000080500000, 0x0000000080400000| Untracked 
|   5|0x0000000080500000, 0x0000000080600000, 0x0000000080600000|100%| O|  |TAMS 0x0000000080600000, 0x0000000080500000| Untracked 
|   6|0x0000000080600000, 0x0000000080700000, 0x0000000080700000|100%| O|  |TAMS 0x0000000080700000, 0x0000000080600000| Untracked 
|   7|0x0000000080700000, 0x0000000080800000, 0x0000000080800000|100%| O|  |TAMS 0x0000000080800000, 0x0000000080700000| Untracked 
|   8|0x0000000080800000, 0x0000000080900000, 0x0000000080900000|100%| O|  |TAMS 0x0000000080900000, 0x0000000080800000| Untracked 
|   9|0x0000000080900000, 0x0000000080a00000, 0x0000000080a00000|100%| O|  |TAMS 0x0000000080a00000, 0x0000000080900000| Untracked 
|  10|0x0000000080a00000, 0x0000000080b00000, 0x0000000080b00000|100%| O|  |TAMS 0x0000000080b00000, 0x0000000080a00000| Untracked 
|  11|0x0000000080b00000, 0x0000000080c00000, 0x0000000080c00000|100%| O|  |TAMS 0x0000000080c00000, 0x0000000080b00000| Untracked 
|  12|0x0000000080c00000, 0x0000000080d00000, 0x0000000080d00000|100%| O|  |TAMS 0x0000000080d00000, 0x0000000080c00000| Untracked 
|  13|0x0000000080d00000, 0x0000000080e00000, 0x0000000080e00000|100%| O|  |TAMS 0x0000000080e00000, 0x0000000080d00000| Untracked 
|  14|0x0000000080e00000, 0x0000000080f00000, 0x0000000080f00000|100%| O|  |TAMS 0x0000000080f00000, 0x0000000080e00000| Untracked 
|  15|0x0000000080f00000, 0x0000000081000000, 0x0000000081000000|100%| O|  |TAMS 0x0000000081000000, 0x0000000080f00000| Untracked 
|  16|0x0000000081000000, 0x0000000081100000, 0x0000000081100000|100%| O|  |TAMS 0x0000000081100000, 0x0000000081000000| Untracked 
|  17|0x0000000081100000, 0x0000000081200000, 0x0000000081200000|100%| O|  |TAMS 0x0000000081200000, 0x0000000081100000| Untracked 
|  18|0x0000000081200000, 0x0000000081300000, 0x0000000081300000|100%| O|  |TAMS 0x0000000081300000, 0x0000000081200000| Untracked 
|  19|0x0000000081300000, 0x0000000081400000, 0x0000000081400000|100%| O|  |TAMS 0x0000000081400000, 0x0000000081300000| Untracked 
|  20|0x0000000081400000, 0x0000000081500000, 0x0000000081500000|100%| O|  |TAMS 0x0000000081500000, 0x0000000081400000| Untracked 
|  21|0x0000000081500000, 0x0000000081600000, 0x0000000081600000|100%| O|  |TAMS 0x0000000081600000, 0x0000000081500000| Untracked 
|  22|0x0000000081600000, 0x0000000081700000, 0x0000000081700000|100%| O|  |TAMS 0x0000000081700000, 0x0000000081600000| Untracked 
|  23|0x0000000081700000, 0x0000000081800000, 0x0000000081800000|100%| O|  |TAMS 0x0000000081800000, 0x0000000081700000| Untracked 
|  24|0x0000000081800000, 0x0000000081900000, 0x0000000081900000|100%| O|  |TAMS 0x0000000081900000, 0x0000000081800000| Untracked 
|  25|0x0000000081900000, 0x0000000081a00000, 0x0000000081a00000|100%| O|  |TAMS 0x0000000081a00000, 0x0000000081900000| Untracked 
|  26|0x0000000081a00000, 0x0000000081b00000, 0x0000000081b00000|100%| O|  |TAMS 0x0000000081b00000, 0x0000000081a00000| Untracked 
|  27|0x0000000081b00000, 0x0000000081c00000, 0x0000000081c00000|100%| O|  |TAMS 0x0000000081bca000, 0x0000000081b00000| Untracked 
|  28|0x0000000081c00000, 0x0000000081d00000, 0x0000000081d00000|100%|HS|  |TAMS 0x0000000081c00000, 0x0000000081c00000| Complete 
|  29|0x0000000081d00000, 0x0000000081e00000, 0x0000000081e00000|100%|HS|  |TAMS 0x0000000081d00000, 0x0000000081d00000| Complete 
|  30|0x0000000081e00000, 0x0000000081f00000, 0x0000000081f00000|100%|HS|  |TAMS 0x0000000081e00000, 0x0000000081e00000| Complete 
|  31|0x0000000081f00000, 0x0000000082000000, 0x0000000082000000|100%|HS|  |TAMS 0x0000000081f00000, 0x0000000081f00000| Complete 
|  32|0x0000000082000000, 0x0000000082100000, 0x0000000082100000|100%|HC|  |TAMS 0x0000000082000000, 0x0000000082000000| Complete 
|  33|0x0000000082100000, 0x0000000082200000, 0x0000000082200000|100%|HC|  |TAMS 0x0000000082100000, 0x0000000082100000| Complete 
|  34|0x0000000082200000, 0x0000000082300000, 0x0000000082300000|100%|HC|  |TAMS 0x0000000082200000, 0x0000000082200000| Complete 
|  35|0x0000000082300000, 0x0000000082400000, 0x0000000082400000|100%|HS|  |TAMS 0x0000000082300000, 0x0000000082300000| Complete 
|  36|0x0000000082400000, 0x0000000082500000, 0x0000000082500000|100%|HC|  |TAMS 0x0000000082400000, 0x0000000082400000| Complete 
|  37|0x0000000082500000, 0x0000000082600000, 0x0000000082600000|100%| O|  |TAMS 0x0000000082500000, 0x0000000082500000| Untracked 
|  38|0x0000000082600000, 0x0000000082700000, 0x0000000082700000|100%| O|  |TAMS 0x0000000082600000, 0x0000000082600000| Untracked 
|  39|0x0000000082700000, 0x0000000082800000, 0x0000000082800000|100%| O|  |TAMS 0x0000000082700000, 0x0000000082700000| Untracked 
|  40|0x0000000082800000, 0x0000000082900000, 0x0000000082900000|100%| O|  |TAMS 0x0000000082800000, 0x0000000082800000| Untracked 
|  41|0x0000000082900000, 0x0000000082a00000, 0x0000000082a00000|100%| O|  |TAMS 0x0000000082900000, 0x0000000082900000| Untracked 
|  42|0x0000000082a00000, 0x0000000082b00000, 0x0000000082b00000|100%| O|  |TAMS 0x0000000082a00000, 0x0000000082a00000| Untracked 
|  43|0x0000000082b00000, 0x0000000082c00000, 0x0000000082c00000|100%| O|  |TAMS 0x0000000082b00000, 0x0000000082b00000| Untracked 
|  44|0x0000000082c00000, 0x0000000082d00000, 0x0000000082d00000|100%| O|  |TAMS 0x0000000082c00000, 0x0000000082c00000| Untracked 
|  45|0x0000000082d00000, 0x0000000082e00000, 0x0000000082e00000|100%| O|  |TAMS 0x0000000082d00000, 0x0000000082d00000| Untracked 
|  46|0x0000000082e00000, 0x0000000082f00000, 0x0000000082f00000|100%| O|  |TAMS 0x0000000082e00000, 0x0000000082e00000| Untracked 
|  47|0x0000000082f00000, 0x0000000083000000, 0x0000000083000000|100%| O|  |TAMS 0x0000000082f00000, 0x0000000082f00000| Untracked 
|  48|0x0000000083000000, 0x0000000083100000, 0x0000000083100000|100%| O|  |TAMS 0x0000000083000000, 0x0000000083000000| Untracked 
|  49|0x0000000083100000, 0x0000000083200000, 0x0000000083200000|100%| O|  |TAMS 0x0000000083100000, 0x0000000083100000| Untracked 
|  50|0x0000000083200000, 0x0000000083300000, 0x0000000083300000|100%| O|  |TAMS 0x0000000083200000, 0x0000000083200000| Untracked 
|  51|0x0000000083300000, 0x0000000083400000, 0x0000000083400000|100%| O|  |TAMS 0x0000000083300000, 0x0000000083300000| Untracked 
|  52|0x0000000083400000, 0x0000000083500000, 0x0000000083500000|100%| O|  |TAMS 0x0000000083400000, 0x0000000083400000| Untracked 
|  53|0x0000000083500000, 0x0000000083600000, 0x0000000083600000|100%| O|  |TAMS 0x0000000083500000, 0x0000000083500000| Untracked 
|  54|0x0000000083600000, 0x0000000083700000, 0x0000000083700000|100%| O|  |TAMS 0x0000000083600000, 0x0000000083600000| Untracked 
|  55|0x0000000083700000, 0x0000000083800000, 0x0000000083800000|100%| O|  |TAMS 0x0000000083700000, 0x0000000083700000| Untracked 
|  56|0x0000000083800000, 0x0000000083900000, 0x0000000083900000|100%| O|  |TAMS 0x0000000083800000, 0x0000000083800000| Untracked 
|  57|0x0000000083900000, 0x0000000083a00000, 0x0000000083a00000|100%| O|  |TAMS 0x0000000083900000, 0x0000000083900000| Untracked 
|  58|0x0000000083a00000, 0x0000000083afc600, 0x0000000083b00000| 98%| O|  |TAMS 0x0000000083a00000, 0x0000000083a00000| Untracked 
|  59|0x0000000083b00000, 0x0000000083b00000, 0x0000000083c00000|  0%| F|  |TAMS 0x0000000083b00000, 0x0000000083b00000| Untracked 
|  60|0x0000000083c00000, 0x0000000083c00000, 0x0000000083d00000|  0%| F|  |TAMS 0x0000000083c00000, 0x0000000083c00000| Untracked 
|  61|0x0000000083d00000, 0x0000000083d00000, 0x0000000083e00000|  0%| F|  |TAMS 0x0000000083d00000, 0x0000000083d00000| Untracked 
|  62|0x0000000083e00000, 0x0000000083e00000, 0x0000000083f00000|  0%| F|  |TAMS 0x0000000083e00000, 0x0000000083e00000| Untracked 
|  63|0x0000000083f00000, 0x0000000083f00000, 0x0000000084000000|  0%| F|  |TAMS 0x0000000083f00000, 0x0000000083f00000| Untracked 
|  64|0x0000000084000000, 0x0000000084000000, 0x0000000084100000|  0%| F|  |TAMS 0x0000000084000000, 0x0000000084000000| Untracked 
|  65|0x0000000084100000, 0x0000000084100000, 0x0000000084200000|  0%| F|  |TAMS 0x0000000084100000, 0x0000000084100000| Untracked 
|  66|0x0000000084200000, 0x0000000084200000, 0x0000000084300000|  0%| F|  |TAMS 0x0000000084200000, 0x0000000084200000| Untracked 
|  67|0x0000000084300000, 0x0000000084300000, 0x0000000084400000|  0%| F|  |TAMS 0x0000000084300000, 0x0000000084300000| Untracked 
|  68|0x0000000084400000, 0x0000000084400000, 0x0000000084500000|  0%| F|  |TAMS 0x0000000084400000, 0x0000000084400000| Untracked 
|  69|0x0000000084500000, 0x0000000084500000, 0x0000000084600000|  0%| F|  |TAMS 0x0000000084500000, 0x0000000084500000| Untracked 
|  70|0x0000000084600000, 0x0000000084600000, 0x0000000084700000|  0%| F|  |TAMS 0x0000000084600000, 0x0000000084600000| Untracked 
|  71|0x0000000084700000, 0x0000000084700000, 0x0000000084800000|  0%| F|  |TAMS 0x0000000084700000, 0x0000000084700000| Untracked 
|  72|0x0000000084800000, 0x0000000084800000, 0x0000000084900000|  0%| F|  |TAMS 0x0000000084800000, 0x0000000084800000| Untracked 
|  73|0x0000000084900000, 0x0000000084900000, 0x0000000084a00000|  0%| F|  |TAMS 0x0000000084900000, 0x0000000084900000| Untracked 
|  74|0x0000000084a00000, 0x0000000084a00000, 0x0000000084b00000|  0%| F|  |TAMS 0x0000000084a00000, 0x0000000084a00000| Untracked 
|  75|0x0000000084b00000, 0x0000000084b00000, 0x0000000084c00000|  0%| F|  |TAMS 0x0000000084b00000, 0x0000000084b00000| Untracked 
|  76|0x0000000084c00000, 0x0000000084c00000, 0x0000000084d00000|  0%| F|  |TAMS 0x0000000084c00000, 0x0000000084c00000| Untracked 
|  77|0x0000000084d00000, 0x0000000084d00000, 0x0000000084e00000|  0%| F|  |TAMS 0x0000000084d00000, 0x0000000084d00000| Untracked 
|  78|0x0000000084e00000, 0x0000000084e00000, 0x0000000084f00000|  0%| F|  |TAMS 0x0000000084e00000, 0x0000000084e00000| Untracked 
|  79|0x0000000084f00000, 0x0000000084f00000, 0x0000000085000000|  0%| F|  |TAMS 0x0000000084f00000, 0x0000000084f00000| Untracked 
|  80|0x0000000085000000, 0x0000000085000000, 0x0000000085100000|  0%| F|  |TAMS 0x0000000085000000, 0x0000000085000000| Untracked 
|  81|0x0000000085100000, 0x0000000085100000, 0x0000000085200000|  0%| F|  |TAMS 0x0000000085100000, 0x0000000085100000| Untracked 
|  82|0x0000000085200000, 0x0000000085200000, 0x0000000085300000|  0%| F|  |TAMS 0x0000000085200000, 0x0000000085200000| Untracked 
|  83|0x0000000085300000, 0x0000000085300000, 0x0000000085400000|  0%| F|  |TAMS 0x0000000085300000, 0x0000000085300000| Untracked 
|  84|0x0000000085400000, 0x0000000085400000, 0x0000000085500000|  0%| F|  |TAMS 0x0000000085400000, 0x0000000085400000| Untracked 
|  85|0x0000000085500000, 0x0000000085500000, 0x0000000085600000|  0%| F|  |TAMS 0x0000000085500000, 0x0000000085500000| Untracked 
|  86|0x0000000085600000, 0x0000000085600000, 0x0000000085700000|  0%| F|  |TAMS 0x0000000085600000, 0x0000000085600000| Untracked 
|  87|0x0000000085700000, 0x0000000085700000, 0x0000000085800000|  0%| F|  |TAMS 0x0000000085700000, 0x0000000085700000| Untracked 
|  88|0x0000000085800000, 0x0000000085800000, 0x0000000085900000|  0%| F|  |TAMS 0x0000000085800000, 0x0000000085800000| Untracked 
|  89|0x0000000085900000, 0x0000000085900000, 0x0000000085a00000|  0%| F|  |TAMS 0x0000000085900000, 0x0000000085900000| Untracked 
|  90|0x0000000085a00000, 0x0000000085a00000, 0x0000000085b00000|  0%| F|  |TAMS 0x0000000085a00000, 0x0000000085a00000| Untracked 
|  91|0x0000000085b00000, 0x0000000085b00000, 0x0000000085c00000|  0%| F|  |TAMS 0x0000000085b00000, 0x0000000085b00000| Untracked 
|  92|0x0000000085c00000, 0x0000000085c00000, 0x0000000085d00000|  0%| F|  |TAMS 0x0000000085c00000, 0x0000000085c00000| Untracked 
|  93|0x0000000085d00000, 0x0000000085d00000, 0x0000000085e00000|  0%| F|  |TAMS 0x0000000085d00000, 0x0000000085d00000| Untracked 
|  94|0x0000000085e00000, 0x0000000085e00000, 0x0000000085f00000|  0%| F|  |TAMS 0x0000000085e00000, 0x0000000085e00000| Untracked 
|  95|0x0000000085f00000, 0x0000000085f00000, 0x0000000086000000|  0%| F|  |TAMS 0x0000000085f00000, 0x0000000085f00000| Untracked 
|  96|0x0000000086000000, 0x0000000086000000, 0x0000000086100000|  0%| F|  |TAMS 0x0000000086000000, 0x0000000086000000| Untracked 
|  97|0x0000000086100000, 0x0000000086100000, 0x0000000086200000|  0%| F|  |TAMS 0x0000000086100000, 0x0000000086100000| Untracked 
|  98|0x0000000086200000, 0x0000000086200000, 0x0000000086300000|  0%| F|  |TAMS 0x0000000086200000, 0x0000000086200000| Untracked 
|  99|0x0000000086300000, 0x0000000086300000, 0x0000000086400000|  0%| F|  |TAMS 0x0000000086300000, 0x0000000086300000| Untracked 
| 100|0x0000000086400000, 0x0000000086400000, 0x0000000086500000|  0%| F|  |TAMS 0x0000000086400000, 0x0000000086400000| Untracked 
| 101|0x0000000086500000, 0x0000000086500000, 0x0000000086600000|  0%| F|  |TAMS 0x0000000086500000, 0x0000000086500000| Untracked 
| 102|0x0000000086600000, 0x0000000086600000, 0x0000000086700000|  0%| F|  |TAMS 0x0000000086600000, 0x0000000086600000| Untracked 
| 103|0x0000000086700000, 0x00000000867f5b20, 0x0000000086800000| 95%| S|CS|TAMS 0x0000000086700000, 0x0000000086700000| Complete 
| 104|0x0000000086800000, 0x0000000086900000, 0x0000000086900000|100%| S|CS|TAMS 0x0000000086800000, 0x0000000086800000| Complete 
| 105|0x0000000086900000, 0x0000000086a00000, 0x0000000086a00000|100%| S|CS|TAMS 0x0000000086900000, 0x0000000086900000| Complete 
| 106|0x0000000086a00000, 0x0000000086b00000, 0x0000000086b00000|100%| S|CS|TAMS 0x0000000086a00000, 0x0000000086a00000| Complete 
| 107|0x0000000086b00000, 0x0000000086c00000, 0x0000000086c00000|100%| S|CS|TAMS 0x0000000086b00000, 0x0000000086b00000| Complete 
| 108|0x0000000086c00000, 0x0000000086d00000, 0x0000000086d00000|100%| S|CS|TAMS 0x0000000086c00000, 0x0000000086c00000| Complete 
| 109|0x0000000086d00000, 0x0000000086d00000, 0x0000000086e00000|  0%| F|  |TAMS 0x0000000086d00000, 0x0000000086d00000| Untracked 
| 110|0x0000000086e00000, 0x0000000086e00000, 0x0000000086f00000|  0%| F|  |TAMS 0x0000000086e00000, 0x0000000086e00000| Untracked 
| 111|0x0000000086f00000, 0x0000000086f00000, 0x0000000087000000|  0%| F|  |TAMS 0x0000000086f00000, 0x0000000086f00000| Untracked 
| 112|0x0000000087000000, 0x0000000087000000, 0x0000000087100000|  0%| F|  |TAMS 0x0000000087000000, 0x0000000087000000| Untracked 
| 113|0x0000000087100000, 0x0000000087100000, 0x0000000087200000|  0%| F|  |TAMS 0x0000000087100000, 0x0000000087100000| Untracked 
| 114|0x0000000087200000, 0x0000000087200000, 0x0000000087300000|  0%| F|  |TAMS 0x0000000087200000, 0x0000000087200000| Untracked 
| 115|0x0000000087300000, 0x0000000087300000, 0x0000000087400000|  0%| F|  |TAMS 0x0000000087300000, 0x0000000087300000| Untracked 
| 116|0x0000000087400000, 0x0000000087400000, 0x0000000087500000|  0%| F|  |TAMS 0x0000000087400000, 0x0000000087400000| Untracked 
| 117|0x0000000087500000, 0x0000000087500000, 0x0000000087600000|  0%| F|  |TAMS 0x0000000087500000, 0x0000000087500000| Untracked 
| 118|0x0000000087600000, 0x0000000087600000, 0x0000000087700000|  0%| F|  |TAMS 0x0000000087600000, 0x0000000087600000| Untracked 
| 119|0x0000000087700000, 0x0000000087700000, 0x0000000087800000|  0%| F|  |TAMS 0x0000000087700000, 0x0000000087700000| Untracked 
| 120|0x0000000087800000, 0x0000000087800000, 0x0000000087900000|  0%| F|  |TAMS 0x0000000087800000, 0x0000000087800000| Untracked 
| 121|0x0000000087900000, 0x0000000087900000, 0x0000000087a00000|  0%| F|  |TAMS 0x0000000087900000, 0x0000000087900000| Untracked 
| 122|0x0000000087a00000, 0x0000000087a00000, 0x0000000087b00000|  0%| F|  |TAMS 0x0000000087a00000, 0x0000000087a00000| Untracked 
| 123|0x0000000087b00000, 0x0000000087b00000, 0x0000000087c00000|  0%| F|  |TAMS 0x0000000087b00000, 0x0000000087b00000| Untracked 
| 124|0x0000000087c00000, 0x0000000087c00000, 0x0000000087d00000|  0%| F|  |TAMS 0x0000000087c00000, 0x0000000087c00000| Untracked 
| 125|0x0000000087d00000, 0x0000000087d00000, 0x0000000087e00000|  0%| F|  |TAMS 0x0000000087d00000, 0x0000000087d00000| Untracked 
| 126|0x0000000087e00000, 0x0000000087e00000, 0x0000000087f00000|  0%| F|  |TAMS 0x0000000087e00000, 0x0000000087e00000| Untracked 
| 127|0x0000000087f00000, 0x0000000087f00000, 0x0000000088000000|  0%| F|  |TAMS 0x0000000087f00000, 0x0000000087f00000| Untracked 
| 128|0x0000000088000000, 0x0000000088000000, 0x0000000088100000|  0%| F|  |TAMS 0x0000000088000000, 0x0000000088000000| Untracked 
| 129|0x0000000088100000, 0x0000000088100000, 0x0000000088200000|  0%| F|  |TAMS 0x0000000088100000, 0x0000000088100000| Untracked 
| 130|0x0000000088200000, 0x0000000088200000, 0x0000000088300000|  0%| F|  |TAMS 0x0000000088200000, 0x0000000088200000| Untracked 
| 131|0x0000000088300000, 0x0000000088300000, 0x0000000088400000|  0%| F|  |TAMS 0x0000000088300000, 0x0000000088300000| Untracked 
| 132|0x0000000088400000, 0x0000000088400000, 0x0000000088500000|  0%| F|  |TAMS 0x0000000088400000, 0x0000000088400000| Untracked 
| 133|0x0000000088500000, 0x0000000088500000, 0x0000000088600000|  0%| F|  |TAMS 0x0000000088500000, 0x0000000088500000| Untracked 
| 134|0x0000000088600000, 0x0000000088600000, 0x0000000088700000|  0%| F|  |TAMS 0x0000000088600000, 0x0000000088600000| Untracked 
| 135|0x0000000088700000, 0x0000000088700000, 0x0000000088800000|  0%| F|  |TAMS 0x0000000088700000, 0x0000000088700000| Untracked 
| 136|0x0000000088800000, 0x0000000088800000, 0x0000000088900000|  0%| F|  |TAMS 0x0000000088800000, 0x0000000088800000| Untracked 
| 137|0x0000000088900000, 0x0000000088900000, 0x0000000088a00000|  0%| F|  |TAMS 0x0000000088900000, 0x0000000088900000| Untracked 
| 138|0x0000000088a00000, 0x0000000088a00000, 0x0000000088b00000|  0%| F|  |TAMS 0x0000000088a00000, 0x0000000088a00000| Untracked 
| 139|0x0000000088b00000, 0x0000000088b00000, 0x0000000088c00000|  0%| F|  |TAMS 0x0000000088b00000, 0x0000000088b00000| Untracked 
| 140|0x0000000088c00000, 0x0000000088c00000, 0x0000000088d00000|  0%| F|  |TAMS 0x0000000088c00000, 0x0000000088c00000| Untracked 
| 141|0x0000000088d00000, 0x0000000088d00000, 0x0000000088e00000|  0%| F|  |TAMS 0x0000000088d00000, 0x0000000088d00000| Untracked 
| 142|0x0000000088e00000, 0x0000000088e00800, 0x0000000088f00000|  0%| E|  |TAMS 0x0000000088e00000, 0x0000000088e00000| Complete 
| 143|0x0000000088f00000, 0x0000000089000000, 0x0000000089000000|100%| E|CS|TAMS 0x0000000088f00000, 0x0000000088f00000| Complete 
| 144|0x0000000089000000, 0x0000000089100000, 0x0000000089100000|100%| E|CS|TAMS 0x0000000089000000, 0x0000000089000000| Complete 
| 145|0x0000000089100000, 0x0000000089200000, 0x0000000089200000|100%| E|CS|TAMS 0x0000000089100000, 0x0000000089100000| Complete 
| 146|0x0000000089200000, 0x0000000089300000, 0x0000000089300000|100%| E|CS|TAMS 0x0000000089200000, 0x0000000089200000| Complete 
| 147|0x0000000089300000, 0x0000000089400000, 0x0000000089400000|100%| E|CS|TAMS 0x0000000089300000, 0x0000000089300000| Complete 
| 148|0x0000000089400000, 0x0000000089500000, 0x0000000089500000|100%| E|CS|TAMS 0x0000000089400000, 0x0000000089400000| Complete 
| 149|0x0000000089500000, 0x0000000089600000, 0x0000000089600000|100%| E|CS|TAMS 0x0000000089500000, 0x0000000089500000| Complete 
| 150|0x0000000089600000, 0x0000000089700000, 0x0000000089700000|100%| E|CS|TAMS 0x0000000089600000, 0x0000000089600000| Complete 
| 151|0x0000000089700000, 0x0000000089800000, 0x0000000089800000|100%| E|CS|TAMS 0x0000000089700000, 0x0000000089700000| Complete 
| 152|0x0000000089800000, 0x0000000089900000, 0x0000000089900000|100%| E|CS|TAMS 0x0000000089800000, 0x0000000089800000| Complete 
| 153|0x0000000089900000, 0x0000000089a00000, 0x0000000089a00000|100%| E|CS|TAMS 0x0000000089900000, 0x0000000089900000| Complete 
| 154|0x0000000089a00000, 0x0000000089b00000, 0x0000000089b00000|100%| E|CS|TAMS 0x0000000089a00000, 0x0000000089a00000| Complete 
| 155|0x0000000089b00000, 0x0000000089c00000, 0x0000000089c00000|100%| E|CS|TAMS 0x0000000089b00000, 0x0000000089b00000| Complete 
| 156|0x0000000089c00000, 0x0000000089d00000, 0x0000000089d00000|100%| E|CS|TAMS 0x0000000089c00000, 0x0000000089c00000| Complete 
| 157|0x0000000089d00000, 0x0000000089e00000, 0x0000000089e00000|100%| E|CS|TAMS 0x0000000089d00000, 0x0000000089d00000| Complete 
| 158|0x0000000089e00000, 0x0000000089f00000, 0x0000000089f00000|100%| E|CS|TAMS 0x0000000089e00000, 0x0000000089e00000| Complete 
| 159|0x0000000089f00000, 0x000000008a000000, 0x000000008a000000|100%| E|CS|TAMS 0x0000000089f00000, 0x0000000089f00000| Complete 
| 160|0x000000008a000000, 0x000000008a100000, 0x000000008a100000|100%| E|CS|TAMS 0x000000008a000000, 0x000000008a000000| Complete 
| 161|0x000000008a100000, 0x000000008a200000, 0x000000008a200000|100%| E|CS|TAMS 0x000000008a100000, 0x000000008a100000| Complete 
| 162|0x000000008a200000, 0x000000008a300000, 0x000000008a300000|100%| E|CS|TAMS 0x000000008a200000, 0x000000008a200000| Complete 
| 163|0x000000008a300000, 0x000000008a400000, 0x000000008a400000|100%| E|CS|TAMS 0x000000008a300000, 0x000000008a300000| Complete 
| 164|0x000000008a400000, 0x000000008a500000, 0x000000008a500000|100%| E|CS|TAMS 0x000000008a400000, 0x000000008a400000| Complete 
| 165|0x000000008a500000, 0x000000008a600000, 0x000000008a600000|100%| E|CS|TAMS 0x000000008a500000, 0x000000008a500000| Complete 
| 166|0x000000008a600000, 0x000000008a700000, 0x000000008a700000|100%| E|CS|TAMS 0x000000008a600000, 0x000000008a600000| Complete 
| 167|0x000000008a700000, 0x000000008a800000, 0x000000008a800000|100%| E|CS|TAMS 0x000000008a700000, 0x000000008a700000| Complete 
| 168|0x000000008a800000, 0x000000008a900000, 0x000000008a900000|100%| E|CS|TAMS 0x000000008a800000, 0x000000008a800000| Complete 
| 169|0x000000008a900000, 0x000000008aa00000, 0x000000008aa00000|100%| E|CS|TAMS 0x000000008a900000, 0x000000008a900000| Complete 
| 170|0x000000008aa00000, 0x000000008ab00000, 0x000000008ab00000|100%| E|CS|TAMS 0x000000008aa00000, 0x000000008aa00000| Complete 
| 171|0x000000008ab00000, 0x000000008ac00000, 0x000000008ac00000|100%| E|CS|TAMS 0x000000008ab00000, 0x000000008ab00000| Complete 
| 172|0x000000008ac00000, 0x000000008ad00000, 0x000000008ad00000|100%| E|CS|TAMS 0x000000008ac00000, 0x000000008ac00000| Complete 
| 173|0x000000008ad00000, 0x000000008ae00000, 0x000000008ae00000|100%| E|CS|TAMS 0x000000008ad00000, 0x000000008ad00000| Complete 
| 174|0x000000008ae00000, 0x000000008af00000, 0x000000008af00000|100%| E|CS|TAMS 0x000000008ae00000, 0x000000008ae00000| Complete 
| 175|0x000000008af00000, 0x000000008b000000, 0x000000008b000000|100%| E|CS|TAMS 0x000000008af00000, 0x000000008af00000| Complete 
| 176|0x000000008b000000, 0x000000008b100000, 0x000000008b100000|100%| E|CS|TAMS 0x000000008b000000, 0x000000008b000000| Complete 
| 177|0x000000008b100000, 0x000000008b200000, 0x000000008b200000|100%| E|CS|TAMS 0x000000008b100000, 0x000000008b100000| Complete 
| 178|0x000000008b200000, 0x000000008b300000, 0x000000008b300000|100%| E|CS|TAMS 0x000000008b200000, 0x000000008b200000| Complete 
| 179|0x000000008b300000, 0x000000008b400000, 0x000000008b400000|100%| E|CS|TAMS 0x000000008b300000, 0x000000008b300000| Complete 
| 180|0x000000008b400000, 0x000000008b500000, 0x000000008b500000|100%| E|CS|TAMS 0x000000008b400000, 0x000000008b400000| Complete 
| 181|0x000000008b500000, 0x000000008b600000, 0x000000008b600000|100%| E|CS|TAMS 0x000000008b500000, 0x000000008b500000| Complete 
| 182|0x000000008b600000, 0x000000008b700000, 0x000000008b700000|100%| E|CS|TAMS 0x000000008b600000, 0x000000008b600000| Complete 
| 183|0x000000008b700000, 0x000000008b800000, 0x000000008b800000|100%| E|CS|TAMS 0x000000008b700000, 0x000000008b700000| Complete 
| 184|0x000000008b800000, 0x000000008b900000, 0x000000008b900000|100%| E|CS|TAMS 0x000000008b800000, 0x000000008b800000| Complete 

Card table byte_map: [0x000001c13e490000,0x000001c13e890000] _byte_map_base: 0x000001c13e090000

Marking Bits (Prev, Next): (CMBitMap*) 0x000001c12975bb38, (CMBitMap*) 0x000001c12975bb70
 Prev Bits: [0x000001c13ec90000, 0x000001c140c90000)
 Next Bits: [0x000001c140c90000, 0x000001c142c90000)

Polling page: 0x000001c129800000

Metaspace:

Usage:
  Non-class:     63.99 MB capacity,    62.99 MB ( 98%) used,   839.61 KB (  1%) free+waste,   183.63 KB ( <1%) overhead. 
      Class:      9.89 MB capacity,     9.25 MB ( 94%) used,   567.88 KB (  6%) free+waste,    85.00 KB ( <1%) overhead. 
       Both:     73.88 MB capacity,    72.24 MB ( 98%) used,     1.37 MB (  2%) free+waste,   268.63 KB ( <1%) overhead. 

Virtual space:
  Non-class space:       66.00 MB reserved,      64.16 MB ( 97%) committed 
      Class space:        1.00 GB reserved,      10.00 MB ( <1%) committed 
             Both:        1.06 GB reserved,      74.16 MB (  7%) committed 

Chunk freelists:
   Non-Class:  48.00 KB
       Class:  15.00 KB
        Both:  63.00 KB

MaxMetaspaceSize: 17179869184.00 GB
CompressedClassSpaceSize: 1.00 GB
Initial GC threshold: 20.80 MB
Current GC threshold: 81.52 MB
CDS: off

CodeHeap 'non-profiled nmethods': size=120064Kb used=4436Kb max_used=4436Kb free=115628Kb
 bounds [0x000001c136530000, 0x000001c136990000, 0x000001c13da70000]
CodeHeap 'profiled nmethods': size=120000Kb used=15725Kb max_used=15725Kb free=104275Kb
 bounds [0x000001c12f000000, 0x000001c12ff60000, 0x000001c136530000]
CodeHeap 'non-nmethods': size=5696Kb used=2350Kb max_used=2399Kb free=3345Kb
 bounds [0x000001c12ea70000, 0x000001c12ece0000, 0x000001c12f000000]
 total_blobs=8126 nmethods=7261 adapters=777
 compilation: enabled
              stopped_count=0, restarted_count=0
 full_count=0

Compilation events (20 events):
Event: 17.892 Thread 0x000001c1452b0800 7276       3       org.gradle.api.internal.tasks.properties.DefaultTypeMetadataStore$DefaultPropertyMetadata::isAnnotationPresent (11 bytes)
Event: 17.892 Thread 0x000001c1452b0800 nmethod 7276 0x000001c12ff4e290 code [0x000001c12ff4e460, 0x000001c12ff4e6c8]
Event: 17.895 Thread 0x000001c1452b0800 7278       1       org.gradle.internal.reflect.annotations.impl.DefaultPropertyAnnotationMetadata::getPropertyName (5 bytes)
Event: 17.895 Thread 0x000001c1452b0800 nmethod 7278 0x000001c136981490 code [0x000001c136981640, 0x000001c1369816f8]
Event: 17.898 Thread 0x000001c1452b0800 7280       3       org.gradle.internal.instantiation.generator.AbstractClassGenerator$AbstractInjectedPropertyHandler::applyTo (19 bytes)
Event: 17.899 Thread 0x000001c1452b0800 nmethod 7280 0x000001c12ff4e810 code [0x000001c12ff4e9e0, 0x000001c12ff4ec88]
Event: 17.903 Thread 0x000001c1452b0800 7281       3       org.gradle.internal.instantiation.generator.AsmBackedClassGenerator$ClassBuilderImpl::putServiceRegistryOnStack (65 bytes)
Event: 17.904 Thread 0x000001c1452b0800 nmethod 7281 0x000001c12ff4ee10 code [0x000001c12ff4f040, 0x000001c12ff4f678]
Event: 17.906 Thread 0x000001c1452b0800 7282       3       org.gradle.internal.snapshot.impl.StringValueSnapshot::hashCode (5 bytes)
Event: 17.907 Thread 0x000001c1452b0800 nmethod 7282 0x000001c12ff4f890 code [0x000001c12ff4fa60, 0x000001c12ff4fc88]
Event: 17.913 Thread 0x000001c1452b0800 7283       1       org.gradle.internal.action.DefaultConfigurableRules::getConfigurableRules (5 bytes)
Event: 17.913 Thread 0x000001c1452b0800 nmethod 7283 0x000001c136981790 code [0x000001c136981940, 0x000001c1369819f8]
Event: 17.929 Thread 0x000001c1452b0800 7284       3       org.gradle.internal.instantiation.generator.AbstractClassGenerator$ExtensibleTypePropertyHandler::applyTo (228 bytes)
Event: 17.931 Thread 0x000001c1452b0800 nmethod 7284 0x000001c12ff4fd90 code [0x000001c12ff50180, 0x000001c12ff51e38]
Event: 17.962 Thread 0x000001c1452b0800 7286       3       com.google.common.collect.ImmutableCollection::toArray (8 bytes)
Event: 17.962 Thread 0x000001c1452b0800 nmethod 7286 0x000001c12ff52690 code [0x000001c12ff52840, 0x000001c12ff52968]
Event: 17.963 Thread 0x000001c1452b0800 7287       3       org.codehaus.groovy.reflection.ClassInfo::createCachedClass (514 bytes)
Event: 17.966 Thread 0x000001c1452b0800 nmethod 7287 0x000001c12ff52a10 code [0x000001c12ff52f40, 0x000001c12ff557f8]
Event: 17.984 Thread 0x000001c148e52800 nmethod 7266 0x000001c136981a90 code [0x000001c136981d80, 0x000001c136983d60]
Event: 17.984 Thread 0x000001c148e52800 7285 %     4       org.gradle.internal.instantiation.generator.AbstractClassGenerator::inspectType @ 250 (560 bytes)

GC Heap History (20 events):
Event: 3.777 GC heap before
{Heap before GC invocations=3 (full 0):
 garbage-first heap   total 131072K, used 56046K [0x0000000080000000, 0x0000000100000000)
  region size 1024K, 46 young (47104K), 4 survivors (4096K)
 Metaspace       used 17686K, capacity 18071K, committed 18432K, reserved 1064960K
  class space    used 2056K, capacity 2177K, committed 2304K, reserved 1048576K
}
Event: 3.784 GC heap after
{Heap after GC invocations=4 (full 0):
 garbage-first heap   total 131072K, used 16370K [0x0000000080000000, 0x0000000100000000)
  region size 1024K, 6 young (6144K), 6 survivors (6144K)
 Metaspace       used 17686K, capacity 18071K, committed 18432K, reserved 1064960K
  class space    used 2056K, capacity 2177K, committed 2304K, reserved 1048576K
}
Event: 4.095 GC heap before
{Heap before GC invocations=4 (full 0):
 garbage-first heap   total 131072K, used 44018K [0x0000000080000000, 0x0000000100000000)
  region size 1024K, 34 young (34816K), 6 survivors (6144K)
 Metaspace       used 20836K, capacity 21193K, committed 21296K, reserved 1069056K
  class space    used 2524K, capacity 2688K, committed 2688K, reserved 1048576K
}
Event: 4.103 GC heap after
{Heap after GC invocations=5 (full 0):
 garbage-first heap   total 131072K, used 17767K [0x0000000080000000, 0x0000000100000000)
  region size 1024K, 2 young (2048K), 2 survivors (2048K)
 Metaspace       used 20836K, capacity 21193K, committed 21296K, reserved 1069056K
  class space    used 2524K, capacity 2688K, committed 2688K, reserved 1048576K
}
Event: 4.910 GC heap before
{Heap before GC invocations=6 (full 0):
 garbage-first heap   total 131072K, used 66919K [0x0000000080000000, 0x0000000100000000)
  region size 1024K, 50 young (51200K), 2 survivors (2048K)
 Metaspace       used 26098K, capacity 26708K, committed 27008K, reserved 1073152K
  class space    used 3383K, capacity 3598K, committed 3712K, reserved 1048576K
}
Event: 4.920 GC heap after
{Heap after GC invocations=7 (full 0):
 garbage-first heap   total 131072K, used 19487K [0x0000000080000000, 0x0000000100000000)
  region size 1024K, 3 young (3072K), 3 survivors (3072K)
 Metaspace       used 26098K, capacity 26708K, committed 27008K, reserved 1073152K
  class space    used 3383K, capacity 3598K, committed 3712K, reserved 1048576K
}
Event: 6.971 GC heap before
{Heap before GC invocations=8 (full 0):
 garbage-first heap   total 131072K, used 89119K [0x0000000080000000, 0x0000000100000000)
  region size 1024K, 72 young (73728K), 3 survivors (3072K)
 Metaspace       used 36393K, capacity 37249K, committed 37504K, reserved 1081344K
  class space    used 4641K, capacity 4943K, committed 4992K, reserved 1048576K
}
Event: 6.981 GC heap after
{Heap after GC invocations=9 (full 0):
 garbage-first heap   total 131072K, used 24362K [0x0000000080000000, 0x0000000100000000)
  region size 1024K, 8 young (8192K), 8 survivors (8192K)
 Metaspace       used 36393K, capacity 37249K, committed 37504K, reserved 1081344K
  class space    used 4641K, capacity 4943K, committed 4992K, reserved 1048576K
}
Event: 9.082 GC heap before
{Heap before GC invocations=9 (full 0):
 garbage-first heap   total 131072K, used 93994K [0x0000000080000000, 0x0000000100000000)
  region size 1024K, 74 young (75776K), 8 survivors (8192K)
 Metaspace       used 41119K, capacity 42108K, committed 42240K, reserved 1085440K
  class space    used 5194K, capacity 5553K, committed 5632K, reserved 1048576K
}
Event: 9.102 GC heap after
{Heap after GC invocations=10 (full 0):
 garbage-first heap   total 157696K, used 29038K [0x0000000080000000, 0x0000000100000000)
  region size 1024K, 10 young (10240K), 10 survivors (10240K)
 Metaspace       used 41119K, capacity 42108K, committed 42240K, reserved 1085440K
  class space    used 5194K, capacity 5553K, committed 5632K, reserved 1048576K
}
Event: 9.725 GC heap before
{Heap before GC invocations=10 (full 0):
 garbage-first heap   total 157696K, used 53614K [0x0000000080000000, 0x0000000100000000)
  region size 1024K, 34 young (34816K), 10 survivors (10240K)
 Metaspace       used 43947K, capacity 44978K, committed 45016K, reserved 1089536K
  class space    used 5505K, capacity 5885K, committed 5888K, reserved 1048576K
}
Event: 9.739 GC heap after
{Heap after GC invocations=11 (full 0):
 garbage-first heap   total 157696K, used 29371K [0x0000000080000000, 0x0000000100000000)
  region size 1024K, 6 young (6144K), 6 survivors (6144K)
 Metaspace       used 43947K, capacity 44978K, committed 45016K, reserved 1089536K
  class space    used 5505K, capacity 5885K, committed 5888K, reserved 1048576K
}
Event: 11.311 GC heap before
{Heap before GC invocations=12 (full 0):
 garbage-first heap   total 157696K, used 110267K [0x0000000080000000, 0x0000000100000000)
  region size 1024K, 85 young (87040K), 6 survivors (6144K)
 Metaspace       used 48547K, capacity 49676K, committed 49828K, reserved 1093632K
  class space    used 6112K, capacity 6530K, committed 6656K, reserved 1048576K
}
Event: 11.333 GC heap after
{Heap after GC invocations=13 (full 0):
 garbage-first heap   total 157696K, used 34908K [0x0000000080000000, 0x0000000100000000)
  region size 1024K, 7 young (7168K), 7 survivors (7168K)
 Metaspace       used 48547K, capacity 49676K, committed 49828K, reserved 1093632K
  class space    used 6112K, capacity 6530K, committed 6656K, reserved 1048576K
}
Event: 13.382 GC heap before
{Heap before GC invocations=14 (full 0):
 garbage-first heap   total 157696K, used 126044K [0x0000000080000000, 0x0000000100000000)
  region size 1024K, 87 young (89088K), 7 survivors (7168K)
 Metaspace       used 58615K, capacity 60082K, committed 60324K, reserved 1101824K
  class space    used 7388K, capacity 7934K, committed 7936K, reserved 1048576K
}
Event: 13.402 GC heap after
{Heap after GC invocations=15 (full 0):
 garbage-first heap   total 157696K, used 53689K [0x0000000080000000, 0x0000000100000000)
  region size 1024K, 11 young (11264K), 11 survivors (11264K)
 Metaspace       used 58615K, capacity 60082K, committed 60324K, reserved 1101824K
  class space    used 7388K, capacity 7934K, committed 7936K, reserved 1048576K
}
Event: 15.316 GC heap before
{Heap before GC invocations=15 (full 0):
 garbage-first heap   total 157696K, used 123321K [0x0000000080000000, 0x0000000100000000)
  region size 1024K, 79 young (80896K), 11 survivors (11264K)
 Metaspace       used 64847K, capacity 66392K, committed 66596K, reserved 1107968K
  class space    used 8128K, capacity 8745K, committed 8832K, reserved 1048576K
}
Event: 15.335 GC heap after
{Heap after GC invocations=16 (full 0):
 garbage-first heap   total 189440K, used 61195K [0x0000000080000000, 0x0000000100000000)
  region size 1024K, 7 young (7168K), 7 survivors (7168K)
 Metaspace       used 64847K, capacity 66392K, committed 66596K, reserved 1107968K
  class space    used 8128K, capacity 8745K, committed 8832K, reserved 1048576K
}
Event: 16.915 GC heap before
{Heap before GC invocations=16 (full 0):
 garbage-first heap   total 189440K, used 139019K [0x0000000080000000, 0x0000000100000000)
  region size 1024K, 83 young (84992K), 7 survivors (7168K)
 Metaspace       used 69154K, capacity 70704K, committed 70948K, reserved 1112064K
  class space    used 8665K, capacity 9301K, committed 9344K, reserved 1048576K
}
Event: 16.931 GC heap after
{Heap after GC invocations=17 (full 0):
 garbage-first heap   total 189440K, used 66504K [0x0000000080000000, 0x0000000100000000)
  region size 1024K, 6 young (6144K), 6 survivors (6144K)
 Metaspace       used 69154K, capacity 70704K, committed 70948K, reserved 1112064K
  class space    used 8665K, capacity 9301K, committed 9344K, reserved 1048576K
}

Deoptimization events (20 events):
Event: 17.284 Thread 0x000001c1472de000 DEOPT PACKING pc=0x000001c13695bda8 sp=0x0000009b79cf8f20
Event: 17.284 Thread 0x000001c1472de000 DEOPT UNPACKING pc=0x000001c12eaba1af sp=0x0000009b79cf8ec0 mode 2
Event: 17.284 Thread 0x000001c1472de000 Uncommon trap: trap_request=0xffffffd6 fr.pc=0x000001c13695bda8 relative=0x0000000000000348
Event: 17.284 Thread 0x000001c1472de000 Uncommon trap: reason=array_check action=maybe_recompile pc=0x000001c13695bda8 method=java.util.AbstractCollection.toArray([Ljava/lang/Object;)[Ljava/lang/Object; @ 116 c2
Event: 17.284 Thread 0x000001c1472de000 DEOPT PACKING pc=0x000001c13695bda8 sp=0x0000009b79cf8f20
Event: 17.284 Thread 0x000001c1472de000 DEOPT UNPACKING pc=0x000001c12eaba1af sp=0x0000009b79cf8ec0 mode 2
Event: 17.284 Thread 0x000001c1472de000 Uncommon trap: trap_request=0xffffffd6 fr.pc=0x000001c13695bda8 relative=0x0000000000000348
Event: 17.284 Thread 0x000001c1472de000 Uncommon trap: reason=array_check action=maybe_recompile pc=0x000001c13695bda8 method=java.util.AbstractCollection.toArray([Ljava/lang/Object;)[Ljava/lang/Object; @ 116 c2
Event: 17.284 Thread 0x000001c1472de000 DEOPT PACKING pc=0x000001c13695bda8 sp=0x0000009b79cf9100
Event: 17.284 Thread 0x000001c1472de000 DEOPT UNPACKING pc=0x000001c12eaba1af sp=0x0000009b79cf90a0 mode 2
Event: 17.284 Thread 0x000001c1472de000 Uncommon trap: trap_request=0xffffffd6 fr.pc=0x000001c13695bda8 relative=0x0000000000000348
Event: 17.284 Thread 0x000001c1472de000 Uncommon trap: reason=array_check action=maybe_recompile pc=0x000001c13695bda8 method=java.util.AbstractCollection.toArray([Ljava/lang/Object;)[Ljava/lang/Object; @ 116 c2
Event: 17.284 Thread 0x000001c1472de000 DEOPT PACKING pc=0x000001c13695bda8 sp=0x0000009b79cf9100
Event: 17.284 Thread 0x000001c1472de000 DEOPT UNPACKING pc=0x000001c12eaba1af sp=0x0000009b79cf90a0 mode 2
Event: 17.727 Thread 0x000001c1472de000 DEOPT PACKING pc=0x000001c12fc939a7 sp=0x0000009b79cf8dc0
Event: 17.727 Thread 0x000001c1472de000 DEOPT UNPACKING pc=0x000001c12eaba95e sp=0x0000009b79cf8270 mode 0
Event: 17.855 Thread 0x000001c1472de000 Uncommon trap: trap_request=0xffffffde fr.pc=0x000001c136875170 relative=0x0000000000000ed0
Event: 17.855 Thread 0x000001c1472de000 Uncommon trap: reason=class_check action=maybe_recompile pc=0x000001c136875170 method=org.gradle.internal.instantiation.generator.AbstractClassGenerator$InjectionAnnotationValidator.validateMethod(Ljava/lang/reflect/Method;Lorg/gradle/internal/reflect/Pro
Event: 17.855 Thread 0x000001c1472de000 DEOPT PACKING pc=0x000001c136875170 sp=0x0000009b79cf8cb0
Event: 17.855 Thread 0x000001c1472de000 DEOPT UNPACKING pc=0x000001c12eaba1af sp=0x0000009b79cf8c68 mode 2

Classes redefined (0 events):
No events

Internal exceptions (20 events):
Event: 16.636 Thread 0x000001c1472de000 Exception <a 'java/lang/ClassNotFoundException'{0x0000000087933b40}: com/android/build/gradle/internal/CompileOptions$AgpDecorated_DecoratedBeanInfo> (0x0000000087933b40) thrown at [./src/hotspot/share/classfile/systemDictionary.cpp, line 231]
Event: 16.637 Thread 0x000001c1472de000 Exception <a 'java/lang/ClassNotFoundException'{0x0000000087950b78}: com/android/build/gradle/internal/CompileOptions$AgpDecoratedBeanInfo> (0x0000000087950b78) thrown at [./src/hotspot/share/classfile/systemDictionary.cpp, line 231]
Event: 16.637 Thread 0x000001c1472de000 Exception <a 'java/lang/ClassNotFoundException'{0x000000008796afe8}: com/android/build/gradle/internal/CompileOptionsBeanInfo> (0x000000008796afe8) thrown at [./src/hotspot/share/classfile/systemDictionary.cpp, line 231]
Event: 16.638 Thread 0x000001c1472de000 Exception <a 'java/lang/ClassNotFoundException'{0x0000000087986338}: com/android/build/gradle/internal/CompileOptionsCustomizer> (0x0000000087986338) thrown at [./src/hotspot/share/classfile/systemDictionary.cpp, line 231]
Event: 16.639 Thread 0x000001c1472de000 Exception <a 'java/lang/ClassNotFoundException'{0x00000000879af578}: com/android/build/gradle/internal/CompileOptions$AgpDecoratedCustomizer> (0x00000000879af578) thrown at [./src/hotspot/share/classfile/systemDictionary.cpp, line 231]
Event: 16.642 Thread 0x000001c1472de000 Exception <a 'java/lang/ClassNotFoundException'{0x00000000879dbd60}: com/android/build/gradle/internal/CompileOptions$AgpDecorated_DecoratedCustomizer> (0x00000000879dbd60) thrown at [./src/hotspot/share/classfile/systemDictionary.cpp, line 231]
Event: 16.696 Thread 0x000001c1472de000 Exception <a 'java/lang/ClassNotFoundException'{0x000000008773de10}: org/jetbrains/kotlin/gradle/dsl/KotlinJvmOptionsImplBeanInfo> (0x000000008773de10) thrown at [./src/hotspot/share/classfile/systemDictionary.cpp, line 231]
Event: 16.700 Thread 0x000001c1472de000 Exception <a 'java/lang/ClassNotFoundException'{0x0000000087758610}: org/jetbrains/kotlin/gradle/dsl/KotlinJvmOptionsBaseBeanInfo> (0x0000000087758610) thrown at [./src/hotspot/share/classfile/systemDictionary.cpp, line 231]
Event: 16.701 Thread 0x000001c1472de000 Exception <a 'java/lang/ClassNotFoundException'{0x0000000087773018}: org/jetbrains/kotlin/gradle/dsl/KotlinJvmOptionsBaseCustomizer> (0x0000000087773018) thrown at [./src/hotspot/share/classfile/systemDictionary.cpp, line 231]
Event: 16.702 Thread 0x000001c1472de000 Exception <a 'java/lang/ClassNotFoundException'{0x000000008779f8a8}: org/jetbrains/kotlin/gradle/dsl/KotlinJvmOptionsImplCustomizer> (0x000000008779f8a8) thrown at [./src/hotspot/share/classfile/systemDictionary.cpp, line 231]
Event: 16.716 Thread 0x000001c1472de000 Exception <a 'java/lang/ClassNotFoundException'{0x0000000087655bc0}: org/gradle/api/internal/artifacts/dsl/dependencies/DefaultDependencyHandler_DecoratedBeanInfo> (0x0000000087655bc0) thrown at [./src/hotspot/share/classfile/systemDictionary.cpp, line 231]
Event: 16.717 Thread 0x000001c1472de000 Exception <a 'java/lang/ClassNotFoundException'{0x000000008769ddc0}: org/gradle/api/internal/artifacts/dsl/dependencies/DefaultDependencyHandlerBeanInfo> (0x000000008769ddc0) thrown at [./src/hotspot/share/classfile/systemDictionary.cpp, line 231]
Event: 16.720 Thread 0x000001c1472de000 Exception <a 'java/lang/ClassNotFoundException'{0x00000000876e5e90}: org/gradle/api/internal/artifacts/dsl/dependencies/DefaultDependencyHandlerCustomizer> (0x00000000876e5e90) thrown at [./src/hotspot/share/classfile/systemDictionary.cpp, line 231]
Event: 16.729 Thread 0x000001c1472de000 Exception <a 'java/lang/ClassNotFoundException'{0x0000000087558078}: org/gradle/api/internal/artifacts/dsl/dependencies/DefaultDependencyHandler_DecoratedCustomizer> (0x0000000087558078) thrown at [./src/hotspot/share/classfile/systemDictionary.cpp, line 231]
Event: 17.969 Thread 0x000001c1472de000 Exception <a 'java/lang/ClassNotFoundException'{0x0000000089276c00}: com/android/build/gradle/internal/api/ApkVariantOutputImpl_DecoratedBeanInfo> (0x0000000089276c00) thrown at [./src/hotspot/share/classfile/systemDictionary.cpp, line 231]
Event: 17.970 Thread 0x000001c1472de000 Exception <a 'java/lang/ClassNotFoundException'{0x00000000892916b0}: com/android/build/gradle/internal/api/ApkVariantOutputImplBeanInfo> (0x00000000892916b0) thrown at [./src/hotspot/share/classfile/systemDictionary.cpp, line 231]
Event: 17.971 Thread 0x000001c1472de000 Exception <a 'java/lang/ClassNotFoundException'{0x00000000892ac7d0}: com/android/build/gradle/internal/api/BaseVariantOutputImplBeanInfo> (0x00000000892ac7d0) thrown at [./src/hotspot/share/classfile/systemDictionary.cpp, line 231]
Event: 17.972 Thread 0x000001c1472de000 Exception <a 'java/lang/ClassNotFoundException'{0x00000000892c7958}: com/android/build/gradle/internal/api/BaseVariantOutputImplCustomizer> (0x00000000892c7958) thrown at [./src/hotspot/share/classfile/systemDictionary.cpp, line 231]
Event: 17.977 Thread 0x000001c1472de000 Exception <a 'java/lang/ClassNotFoundException'{0x00000000892f5178}: com/android/build/gradle/internal/api/ApkVariantOutputImplCustomizer> (0x00000000892f5178) thrown at [./src/hotspot/share/classfile/systemDictionary.cpp, line 231]
Event: 17.978 Thread 0x000001c1472de000 Exception <a 'java/lang/ClassNotFoundException'{0x000000008911f4f0}: com/android/build/gradle/internal/api/ApkVariantOutputImpl_DecoratedCustomizer> (0x000000008911f4f0) thrown at [./src/hotspot/share/classfile/systemDictionary.cpp, line 231]

Events (20 events):
Event: 17.984 loading class org/jetbrains/kotlin/gradle/plugin/mpp/DefaultCompilationDetails
Event: 17.984 loading class org/jetbrains/kotlin/gradle/plugin/mpp/DefaultCompilationDetails done
Event: 17.986 loading class org/jetbrains/kotlin/gradle/plugin/mpp/KotlinJvmAndroidCompilationFactory$create$details$1
Event: 17.986 loading class org/jetbrains/kotlin/gradle/plugin/mpp/KotlinJvmAndroidCompilationFactory$create$details$1 done
Event: 17.987 loading class org/jetbrains/kotlin/gradle/plugin/mpp/AndroidCompilationDetails$1
Event: 17.987 loading class org/jetbrains/kotlin/gradle/plugin/mpp/AndroidCompilationDetails$1 done
Event: 17.987 loading class org/jetbrains/kotlin/gradle/plugin/mpp/DefaultCompilationDetails$kotlinOptions$2
Event: 17.987 loading class org/jetbrains/kotlin/gradle/plugin/mpp/DefaultCompilationDetails$kotlinOptions$2 done
Event: 17.988 loading class org/jetbrains/kotlin/gradle/plugin/mpp/pm20/util/GradleKpmDependencyFilesHolderKt
Event: 17.988 loading class org/jetbrains/kotlin/gradle/plugin/mpp/pm20/util/GradleKpmDependencyFilesHolderKt done
Event: 17.989 loading class org/jetbrains/kotlin/gradle/plugin/mpp/pm20/util/SimpleDependencyFilesHolder
Event: 17.989 loading class org/jetbrains/kotlin/gradle/plugin/mpp/pm20/util/SimpleDependencyFilesHolder done
Event: 17.989 loading class org/jetbrains/kotlin/gradle/plugin/mpp/pm20/util/GradleKpmDependencyFilesHolder
Event: 17.989 loading class org/jetbrains/kotlin/gradle/plugin/mpp/pm20/util/GradleKpmDependencyFilesHolder done
Event: 17.989 loading class org/jetbrains/kotlin/gradle/plugin/mpp/pm20/util/GradleKpmDependencyFilesHolderKt$newDependencyFilesHolder$1
Event: 17.989 loading class org/jetbrains/kotlin/gradle/plugin/mpp/pm20/util/GradleKpmDependencyFilesHolderKt$newDependencyFilesHolder$1 done
Event: 17.990 loading class org/jetbrains/kotlin/gradle/utils/ProviderApiUtilsKt
Event: 17.990 loading class org/jetbrains/kotlin/gradle/utils/ProviderApiUtilsKt done
Event: 17.991 loading class org/jetbrains/kotlin/gradle/utils/ProviderApiUtilsKt$sam$java_util_concurrent_Callable$0
Event: 17.991 loading class org/jetbrains/kotlin/gradle/utils/ProviderApiUtilsKt$sam$java_util_concurrent_Callable$0 done


Dynamic libraries:
0x00007ff6697d0000 - 0x00007ff6697da000 	C:\Program Files\Android\Android Studio\jre\bin\java.exe
0x00007ff8d1870000 - 0x00007ff8d1a68000 	C:\WINDOWS\SYSTEM32\ntdll.dll
0x00007ff8d0380000 - 0x00007ff8d043f000 	C:\WINDOWS\System32\KERNEL32.DLL
0x00007ff8cf4c0000 - 0x00007ff8cf792000 	C:\WINDOWS\System32\KERNELBASE.dll
0x00007ff8cf390000 - 0x00007ff8cf490000 	C:\WINDOWS\System32\ucrtbase.dll
0x00007ff8caae0000 - 0x00007ff8caaf7000 	C:\Program Files\Android\Android Studio\jre\bin\VCRUNTIME140.dll
0x00007ff8caac0000 - 0x00007ff8caad9000 	C:\Program Files\Android\Android Studio\jre\bin\jli.dll
0x00007ff8cfc80000 - 0x00007ff8cfe21000 	C:\WINDOWS\System32\USER32.dll
0x00007ff8bd7a0000 - 0x00007ff8bda3a000 	C:\WINDOWS\WinSxS\amd64_microsoft.windows.common-controls_6595b64144ccf1df_6.0.19041.1110_none_60b5254171f9507e\COMCTL32.dll
0x00007ff8cf170000 - 0x00007ff8cf192000 	C:\WINDOWS\System32\win32u.dll
0x00007ff8d1190000 - 0x00007ff8d122e000 	C:\WINDOWS\System32\msvcrt.dll
0x00007ff8d0d20000 - 0x00007ff8d0d4b000 	C:\WINDOWS\System32\GDI32.dll
0x00007ff8cf1f0000 - 0x00007ff8cf2ff000 	C:\WINDOWS\System32\gdi32full.dll
0x00007ff8cf7a0000 - 0x00007ff8cf83d000 	C:\WINDOWS\System32\msvcp_win.dll
0x00007ff8cfc40000 - 0x00007ff8cfc72000 	C:\WINDOWS\System32\IMM32.DLL
0x00007ff8bcfb0000 - 0x00007ff8bd04d000 	C:\Program Files\Android\Android Studio\jre\bin\msvcp140.dll
0x00007ff864610000 - 0x00007ff865112000 	C:\Program Files\Android\Android Studio\jre\bin\server\jvm.dll
0x00007ff8d10e0000 - 0x00007ff8d118e000 	C:\WINDOWS\System32\ADVAPI32.dll
0x00007ff8d0c80000 - 0x00007ff8d0d1c000 	C:\WINDOWS\System32\sechost.dll
0x00007ff8d16a0000 - 0x00007ff8d17c5000 	C:\WINDOWS\System32\RPCRT4.dll
0x00007ff8cfe60000 - 0x00007ff8cfe68000 	C:\WINDOWS\System32\PSAPI.DLL
0x00007ff8c8280000 - 0x00007ff8c8289000 	C:\WINDOWS\SYSTEM32\WSOCK32.dll
0x00007ff8c0190000 - 0x00007ff8c01b7000 	C:\WINDOWS\SYSTEM32\WINMM.dll
0x00007ff8d01d0000 - 0x00007ff8d023b000 	C:\WINDOWS\System32\WS2_32.dll
0x00007ff8c9eb0000 - 0x00007ff8c9eba000 	C:\WINDOWS\SYSTEM32\VERSION.dll
0x00007ff8cce40000 - 0x00007ff8cce52000 	C:\WINDOWS\SYSTEM32\kernel.appcore.dll
0x00007ff8c7290000 - 0x00007ff8c72a1000 	C:\Program Files\Android\Android Studio\jre\bin\verify.dll
0x00007ff8bb090000 - 0x00007ff8bb274000 	C:\WINDOWS\SYSTEM32\DBGHELP.DLL
0x00007ff8bad60000 - 0x00007ff8bad95000 	C:\WINDOWS\SYSTEM32\dbgcore.DLL
0x00007ff8cf300000 - 0x00007ff8cf382000 	C:\WINDOWS\System32\bcryptPrimitives.dll
0x00007ff8b5500000 - 0x00007ff8b5529000 	C:\Program Files\Android\Android Studio\jre\bin\java.dll
0x00007ff8cc770000 - 0x00007ff8cc77b000 	C:\Program Files\Android\Android Studio\jre\bin\jimage.dll
0x00007ff8c6f60000 - 0x00007ff8c6f78000 	C:\Program Files\Android\Android Studio\jre\bin\zip.dll
0x00007ff8d0530000 - 0x00007ff8d0c74000 	C:\WINDOWS\System32\SHELL32.dll
0x00007ff8cd040000 - 0x00007ff8cd7d2000 	C:\WINDOWS\SYSTEM32\windows.storage.dll
0x00007ff8cfe70000 - 0x00007ff8d01c5000 	C:\WINDOWS\System32\combase.dll
0x00007ff8ce8e0000 - 0x00007ff8ce910000 	C:\WINDOWS\SYSTEM32\Wldp.dll
0x00007ff8d0f10000 - 0x00007ff8d0fbd000 	C:\WINDOWS\System32\SHCORE.dll
0x00007ff8d0240000 - 0x00007ff8d0295000 	C:\WINDOWS\System32\shlwapi.dll
0x00007ff8ceea0000 - 0x00007ff8ceebf000 	C:\WINDOWS\SYSTEM32\profapi.dll
0x00007ff8b5cc0000 - 0x00007ff8b5cda000 	C:\Program Files\Android\Android Studio\jre\bin\net.dll
0x00007ff8c8ab0000 - 0x00007ff8c8bbc000 	C:\WINDOWS\SYSTEM32\WINHTTP.dll
0x00007ff8ce640000 - 0x00007ff8ce6aa000 	C:\WINDOWS\system32\mswsock.dll
0x00007ff8b52d0000 - 0x00007ff8b52e4000 	C:\Program Files\Android\Android Studio\jre\bin\nio.dll
0x00007ff8c94b0000 - 0x00007ff8c94d7000 	C:\Users\lenovo\.gradle\native\e1d6ef7f7dcc3fd88c89a11ec53ec762bb8ba0a96d01ffa2cd45eb1d1d8dd5c5\windows-amd64\native-platform.dll
0x00007ff8aad10000 - 0x00007ff8aae54000 	C:\Users\lenovo\.gradle\native\0d407fdbe67a94daf76414ababcb853783967236a71b16ec16e742cd7a986fd3\windows-amd64\native-platform-file-events.dll
0x00007ff8cc750000 - 0x00007ff8cc75a000 	C:\Program Files\Android\Android Studio\jre\bin\management.dll
0x00007ff8c7280000 - 0x00007ff8c728d000 	C:\Program Files\Android\Android Studio\jre\bin\management_ext.dll
0x00007ff8ce840000 - 0x00007ff8ce858000 	C:\WINDOWS\SYSTEM32\CRYPTSP.dll
0x00007ff8cdf60000 - 0x00007ff8cdf94000 	C:\WINDOWS\system32\rsaenh.dll
0x00007ff8cf490000 - 0x00007ff8cf4b7000 	C:\WINDOWS\System32\bcrypt.dll
0x00007ff8cee60000 - 0x00007ff8cee8e000 	C:\WINDOWS\SYSTEM32\USERENV.dll
0x00007ff8ce830000 - 0x00007ff8ce83c000 	C:\WINDOWS\SYSTEM32\CRYPTBASE.dll
0x00007ff8ce330000 - 0x00007ff8ce36b000 	C:\WINDOWS\SYSTEM32\IPHLPAPI.DLL
0x00007ff8d0520000 - 0x00007ff8d0528000 	C:\WINDOWS\System32\NSI.dll
0x00007ff8c9a10000 - 0x00007ff8c9a27000 	C:\WINDOWS\SYSTEM32\dhcpcsvc6.DLL
0x00007ff8c99f0000 - 0x00007ff8c9a0d000 	C:\WINDOWS\SYSTEM32\dhcpcsvc.DLL
0x00007ff8ce370000 - 0x00007ff8ce43a000 	C:\WINDOWS\SYSTEM32\DNSAPI.dll

dbghelp: loaded successfully - version: 4.0.5 - missing functions: none
symbol engine: initialized successfully - sym options: 0x614 - pdb path: .;C:\Program Files\Android\Android Studio\jre\bin;C:\WINDOWS\SYSTEM32;C:\WINDOWS\WinSxS\amd64_microsoft.windows.common-controls_6595b64144ccf1df_6.0.19041.1110_none_60b5254171f9507e;C:\Program Files\Android\Android Studio\jre\bin\server;C:\Users\lenovo\.gradle\native\e1d6ef7f7dcc3fd88c89a11ec53ec762bb8ba0a96d01ffa2cd45eb1d1d8dd5c5\windows-amd64;C:\Users\lenovo\.gradle\native\0d407fdbe67a94daf76414ababcb853783967236a71b16ec16e742cd7a986fd3\windows-amd64

VM Arguments:
jvm_args: --add-opens=java.base/java.util=ALL-UNNAMED --add-opens=java.base/java.lang=ALL-UNNAMED --add-opens=java.base/java.lang.invoke=ALL-UNNAMED --add-opens=java.base/java.util=ALL-UNNAMED --add-opens=java.prefs/java.util.prefs=ALL-UNNAMED --add-opens=java.prefs/java.util.prefs=ALL-UNNAMED --add-opens=java.base/java.nio.charset=ALL-UNNAMED --add-opens=java.base/java.net=ALL-UNNAMED --add-opens=java.base/java.util.concurrent.atomic=ALL-UNNAMED -Xmx2048m -Dfile.encoding=UTF-8 -Duser.country=US -Duser.language=en -Duser.variant 
java_command: org.gradle.launcher.daemon.bootstrap.GradleDaemon 7.4
java_class_path (initial): C:\Users\lenovo\.gradle\wrapper\dists\gradle-7.4-bin\c0gwcg53nkjbqw7r0h0umtfvt\gradle-7.4\lib\gradle-launcher-7.4.jar
Launcher Type: SUN_STANDARD

[Global flags]
     intx CICompilerCount                          = 3                                         {product} {ergonomic}
     uint ConcGCThreads                            = 1                                         {product} {ergonomic}
     uint G1ConcRefinementThreads                  = 4                                         {product} {ergonomic}
   size_t G1HeapRegionSize                         = 1048576                                   {product} {ergonomic}
    uintx GCDrainStackTargetSize                   = 64                                        {product} {ergonomic}
   size_t InitialHeapSize                          = 134217728                                 {product} {ergonomic}
   size_t MarkStackSize                            = 4194304                                   {product} {ergonomic}
   size_t MaxHeapSize                              = 2147483648                                {product} {command line}
   size_t MaxNewSize                               = 1287651328                                {product} {ergonomic}
   size_t MinHeapDeltaBytes                        = 1048576                                   {product} {ergonomic}
    uintx NonNMethodCodeHeapSize                   = 5830732                                {pd product} {ergonomic}
    uintx NonProfiledCodeHeapSize                  = 122913754                              {pd product} {ergonomic}
    uintx ProfiledCodeHeapSize                     = 122913754                              {pd product} {ergonomic}
    uintx ReservedCodeCacheSize                    = 251658240                              {pd product} {ergonomic}
     bool SegmentedCodeCache                       = true                                      {product} {ergonomic}
     bool UseCompressedClassPointers               = true                                 {lp64_product} {ergonomic}
     bool UseCompressedOops                        = true                                 {lp64_product} {ergonomic}
     bool UseG1GC                                  = true                                      {product} {ergonomic}
     bool UseLargePagesIndividualAllocation        = false                                  {pd product} {ergonomic}

Logging:
Log output configuration:
 #0: stdout all=warning uptime,level,tags
 #1: stderr all=off uptime,level,tags

Environment Variables:
PATH=C:\WINDOWS\system32;C:\WINDOWS;C:\WINDOWS\System32\Wbem;C:\WINDOWS\System32\WindowsPowerShell\v1.0\;C:\WINDOWS\System32\OpenSSH\;C:\Program Files (x86)\NVIDIA Corporation\PhysX\Common;C:\Program Files\NVIDIA Corporation\NVIDIA NvDLISR;C:\Program Files\Git\cmd;C:\Users\lenovo\AppData\Local\Microsoft\WindowsApps
USERNAME=user
OS=Windows_NT
PROCESSOR_IDENTIFIER=Intel64 Family 6 Model 58 Stepping 9, GenuineIntel



---------------  S Y S T E M  ---------------

OS: Windows 10 , 64 bit Build 19041 (10.0.19041.2364)
OS uptime: 0 days 1:41 hours

CPU:total 4 (initial active 4) (2 cores per cpu, 2 threads per core) family 6 model 58 stepping 9 microcode 0x21, cmov, cx8, fxsr, mmx, sse, sse2, sse3, ssse3, sse4.1, sse4.2, popcnt, avx, clmul, erms, ht, tsc, tscinvbit, tscinv

Memory: 4k page, system-wide physical 8122M (1820M free)
TotalPageFile size 8248M (AvailPageFile size 5M)
current process WorkingSet (physical memory assigned to process): 401M, peak: 401M
current process commit charge ("private bytes"): 432M, peak: 433M

vm_info: OpenJDK 64-Bit Server VM (11.0.13+0-b1751.21-8125866) for windows-amd64 JRE (11.0.13+0-b1751.21-8125866), built on Feb  2 2022 03:00:22 by "builder" with MS VC++ 14.0 (VS2015)

END.
